TX PACKETS:

*OK
*RECV[(06)]
*RECV[(06)]
*RECV[(06)]
*RECV[(06)]
*RECV[(06)]
*RECV[(06)]
*RECV[(06)]
*RECV[(06)]
*RECV[(06)]
*RECV[(06)]
*RECV[(06)]
*RECV[(06)]
*RECV[(06)]
*RECV[(06)]
*RECV[(06)]
*RECV[(06)]
*RECV[(06)]
*RECV[(06)]
*RECV[(06)]
*RECV[(06)]
*RECV[(06)]
*RECV[(06)]
*RECV[(06)]
*RECV[(06)]
*RECV[(06)]
*RECV[(06)]
*RECV[(06)]
*RECV[(06)]
*RECV[(06)]
*RECV[(06)]
*RECV[(06)]
*RECV[(06)]
*RECV[(06)]
*RECV[(06)]
*RECV[(06)]
*RECV[(06)]
*RECV[(06)]
*RECV[(06)]
*RECV[(06)]
*RECV[(06)]
*RECV[(06)]
*RECV[(06)]
*RECV[(06)]
*RECV[(06)]
*RECV[(06)]
*RECV[(06)]
*RECV[(06)]
*RECV[(06)]
*RECV[(06)]
*RECV[(06)]
*RECV[(06)]
*RECV[(06)]
*RECV[(06)]
*RECV[(06)]
*RECV[(06)]
*RECV[(06)]
*RECV[(06)]
*RECV[(06)]
*RECV[(06)]
*RECV[(06)]
*RECV[(06)]
*RECV[(06)]
*RECV[(06)]
*RECV[(06)]
*RECV[(06)]
*RECV[(06)]
*RECV[(06)]
*RECV[(06)]
*RECV[(06)]
*RECV[(06)]
*RECV[(06)]
*RECV[(06)]
*RECV[(06)]
*RECV[(06)]
*RECV[(06)]
*RECV[(06)]
*RECV[(06)]
*RECV[(06)]
*RECV[(06)]
*RECV[(06)]
*RECV[(06)]
*RECV[(06)]
*RECV[(06)]
*RECV[(06)]
*RECV[(06)]
*RECV[(06)]
*RECV[(06)]
*RECV[(06)]
*RECV[(06)]
*RECV[(06)]
*RECV[(06)]
*RECV[(06)]
*RECV[(06)]
*RECV[(06)]
*RECV[(06)]
*RECV[(06)]
*RECV[(06)]
*RECV[(06)]
*RECV[(06)]
*RECV[(06)]
*RECV[(06)]
*RECV[(06)]
*RECV[(06)]
*RECV[(06)]
*RECV[(06)]
*RECV[(06)]
*RECV[(06)]
*RECV[(06)]
*RECV[(06)]
*RECV[(06)]
*RECV[(06)]
*RECV[(06)]
*RECV[(06)]
*RECV[(06)]
*RECV[(06)]
*RECV[(06)]
*RECV[(06)]
*RECV[(06)]
*RECV[(06)]
*RECV[(06)]
*RECV[(06)]
*RECV[(06)]
*RECV[(06)]
*RECV[(06)]
*RECV[(06)]
*RECV[(06)]
*RECV[(06)]
*RECV[(06)]
*RECV[(06)]
*RECV[(06)]
*RECV[(06)]
*RECV[(06)]
*RECV[(06)]
*RECV[(06)]
*RECV[(06)]
*RECV[(06)]
*RECV[(06)]
*RECV[(06)]
*RECV[(06)]
*RECV[(06)]
*RECV[(06)]
*RECV[(06)]
*RECV[(06)]
*RECV[(06)]
*RECV[(06)]
*RECV[(06)]
*RECV[(06)]
*RECV[(06)]
*RECV[(06)]
*RECV[(06)]
*RECV[(06)]
*RECV[(06)]
*RECV[(06)]
*RECV[(06)]
*RECV[(06)]
*RECV[(06)]
*RECV[(06)]
*RECV[(06)]
*RECV[(06)]
*RECV[(06)]
*RECV[(06)]
*RECV[(06)]
*RECV[(06)]
*RECV[(06)]
*RECV[(06)]
*RECV[(06)]
*RECV[(06)]
*RECV[(06)]
*RECV[(06)]
*RECV[(06)]
*RECV[(06)]
*RECV[(06)]
*RECV[(06)]
*RECV[(06)]
*RECV[(06)]
*RECV[(06)]
*RECV[(06)]
*RECV[(06)]
*RECV[(06)]
*RECV[(06)]
*RECV[(06)]
*RECV[(06)]
*RECV[(06)]
*RECV[(06)]
*RECV[(06)]
*RECV[(06)]
*RECV[(06)]
*RECV[(06)]
*RECV[(06)]
*RECV[(06)]
*RECV[(06)]
*RECV[(06)]
*RECV[(06)]
*RECV[(06)]
*RECV[(06)]

*****VOLUME UP
*RECV[(06)]
*RECV[(06)]
*RECV[(06)]
*RECV[(06)]
*RECV[(06)]
*RECV[(06)]
*RECV[(06)]
*RECV[(06)]
*RECV[(06)]
*RECV[(06)]
*RECV[(06)]
*RECV[(06)]
*RECV[(06)]
*RECV[(06)]
*RECV[(06)]
*RECV[(06)]
*RECV[(06)]
*RECV[(06)]
*RECV[(06)]
*RECV[(06)]
*RECV[(06)]
*RECV[(06)]
*RECV[(06)]
*RECV[(06)]

*****VOLUME DOWN
*RECV[(06)]
*RECV[(06)]
*RECV[(06)]
*RECV[(06)]
*RECV[(06)]
*RECV[(06)]
*RECV[(06)]
*RECV[(06)]
*RECV[(06)]
*RECV[(06)]
*RECV[(06)]
*RECV[(06)]
*RECV[(06)]
*RECV[(06)]
*RECV[(06)]
*RECV[(06)]
*RECV[(06)]
*RECV[(06)]
*RECV[(06)]
*RECV[(06)]
*RECV[(06)]
*RECV[(06)]
*RECV[(06)]
*RECV[(06)]
*RECV[(06)]
*RECV[(06)]
*RECV[(06)]
*RECV[(06)]

*****OK FINISH
*RECV[(06)]
*RECV[(06)]
*RECV[(06)]
*RECV[(06)]
*RECV[(06)]
*RECV[(06)]
*RECV[(06)]
*RECV[(06)]
*RECV[(06)]
*RECV[(06)]
*RECV[(06)]
*RECV[(06)]
*RECV[(06)]
*RECV[(06)]

*****DISCONNECTED
(nada)

*****RECONNECTED
*RECV[(10)(02)(07)(D4)(01)(00)(F3)_(01)(10)(10)(10)(03)|]
*RECV[(10)(02)(07)(D4)(01)(00)(F3)_(01)(10)(10)(10)(03)|]
*RECV[(10)(02)(07)(D4)(01)(00)(F3)_(01)(10)(10)(10)(03)|]
*RECV[(10)(02)(07)(D4)(01)(00)(F3)_(01)(10)(10)(10)(03)|]
*RECV[(10)(02)(07)(D4)(01)(00)(F3)_(01)(10)(10)(10)(03)|]
*RECV[(10)(02)(07)(D4)(01)(00)(F3)_(01)(10)(10)(10)(03)|]
*RECV[(10)(02)(07)(D4)(01)(00)(F3)_(01)(10)(10)(10)(03)|]
*RECV[(10)(02)(07)(D4)(01)(00)(F3)_(01)(10)(10)(10)(03)|]
*RECV[(10)(02)(07)(D4)(01)(00)(F3)_(01)(10)(10)(10)(03)|]
*RECV[(10)(02)(07)(D4)(01)(00)(F3)_(01)(10)(10)(10)(03)|]
*RECV[(10)(02)(07)(D4)(01)(00)(F3)_(01)(10)(10)(10)(03)|]
*RECV[(10)(02)(07)(D4)(01)(00)(F3)_(01)(10)(10)(10)(03)|]
*RECV[(10)(02)(07)(D4)(01)(00)(F3)_(01)(10)(10)(10)(03)|]
*RECV[(10)(02)(07)(D4)(01)(00)(F3)_(01)(10)(10)(10)(03)|]
*RECV[(10)(02)(07)(D4)(01)(00)(F3)_(01)(10)(10)(10)(03)|]
*RECV[(10)(02)(07)(D4)(01)(00)(F3)_(01)(10)(10)(10)(03)|]
*RECV[(06)]
*RECV[(06)]
*RECV[(06)]
*RECV[(06)]
*RECV[(06)]
*RECV[(06)]
*****DISCONNECTED

*****OFF
(nada)

*****RECONNECTING
*RECV[(10)(02)(06)(10)(02)(07)(D4)(01)(00)(F3)_(01)(10)(10)(10)(03)|]
*RECV[(10)(02)(07)(D4)(01)(00)(F3)_(01)(10)(10)(10)(03)|]
*RECV[(10)(02)(07)(D4)(01)(00)(F3)_(01)(10)(10)(10)(03)|]
*RECV[(10)(02)(07)(D4)(01)(00)(F3)_(01)(10)(10)(10)(03)|]
*RECV[(10)(02)(07)(D4)(01)(00)(F3)_(01)(10)(10)(10)(03)|]
*RECV[(10)(02)(07)(D4)(01)(00)(F3)_(01)(10)(10)(10)(03)|]
*RECV[(10)(02)(07)(D4)(01)(00)(F3)_(01)(10)(10)(10)(03)|]
*RECV[(10)(02)(07)(D4)(01)(00)(F3)_(01)(10)(10)(10)(03)|]
*RECV[(10)(02)(07)(D4)(01)(00)(F3)_(01)(10)(10)(10)(03)|]
*RECV[(10)(02)(07)(D4)(01)(00)(F3)_(01)(10)(10)(10)(03)|]
*RECV[(10)(02)(07)(D4)(01)(00)(F3)_(01)(10)(10)(10)(03)|]
*RECV[(10)(02)(07)(D4)(01)(00)(F3)_(01)(10)(10)(10)(03)|]
*RECV[(10)(02)(07)(D4)(01)(00)(F3)_(01)(10)(10)(10)(03)|]
*RECV[(10)(02)(07)(D4)(01)(00)(F3)_(01)(10)(10)(10)(03)|]
*RECV[(10)(02)(07)(D4)(01)(00)(F3)_(01)(10)(10)(10)(03)|]
*RECV[(10)(02)(07)(D4)(01)(00)(F3)_(01)(10)(10)(10)(03)|]
*RECV[(06)]
*RECV[(06)]
*RECV[(06)]
*RECV[(06)]

*****POWER ON
*RECV[(06)]
*RECV[(06)]
*RECV[(06)]
*RECV[(06)]
*RECV[(06)]
*RECV[(06)]
*RECV[(06)]
*RECV[(06)]
*RECV[(06)]
*RECV[(06)]
*RECV[(06)]
*RECV[(06)]
*RECV[(06)]

*****POWER OFF
*RECV[(06)]
*RECV[(06)]
*RECV[(06)]
*RECV[(06)]
*RECV[(06)]
*RECV[(06)]
*RECV[(06)]
*RECV[(06)]
*RECV[(06)]
*RECV[(06)]
*RECV[(06)]
*RECV[(06)]
*RECV[(06)]
