=~=~=~=~=~=~=~=~=~=~=~= PuTTY log 2016.02.07 17:27:20 =~=~=~=~=~=~=~=~=~=~=~=
*RECV[(06)]
*ú*OK
*RECV[(06)]
*RECV[(06)]
*RECV[(06)]
*RECV[(06)]
*RECV[(06)]
*RECV[(06)]
*RECV[(06)]
*RECV[(06)]
*RECV[(06)]
*RECV[(06)]
*RECV[(06)]
*RECV[(06)]
*RECV[(06)]
*RECV[(06)]
*RECV[(06)]
*RECV[(06)]
*RECV[(06)]
*RECV[(06)]
*RECV[(06)]
*RECV[(06)]
*RECV[(06)]
*RECV[(06)]
*RECV[(06)]
*RECV[(06)]
*RECV[(06)]
*RECV[(06)]
*RECV[(06)]
*RECV[(06)]
*RECV[(06)]
*RECV[(06)]
*RECV[(06)]
*RECV[(06)]
*RECV[(06)]
*RECV[(06)]
*RECV[(06)]
*RECV[(06)]
*RECV[(06)]
*RECV[(06)]
*RECV[(06)]
*RECV[(06)]
*RECV[(06)]
*RECV[(06)]
*RECV[(06)]
*RECV[(06)]
*RECV[(06)]
*RECV[(06)]
*RECV[(06)]
*RECV[(06)]
*RECV[(06)]
*RECV[(06)]
*RECV[(06)]
*RECV[(06)]
*RECV[(06)]
*RECV[(06)]
*RECV[(06)]
*RECV[(06)]
*RECV[(06)]
*RECV[(06)]
*RECV[(06)]
*RECV[(06)]
*RECV[(06)]
*RECV[(06)]
*RECV[(06)]
*RECV[(06)]
*RECV[(06)]
*RECV[(06)]
*RECV[(06)]
*RECV[(06)]
*RECV[(06)]
*RECV[(06)]
*RECV[(06)]
*RECV[(06)]
*RECV[(06)]
*RECV[(06)]
*RECV[(06)]
*RECV[(06)]
*RECV[(06)]
*RECV[(06)]
*RECV[(06)]
*RECV[(06)]
*RECV[(06)]
*RECV[(06)]
*RECV[(06)]
*RECV[(06)]
*RECV[(06)]
*RECV[(06)]
*RECV[(06)]
*RECV[(06)]
*RECV[(06)]
*RECV[(06)]
*RECV[(06)]
*RECV[(06)]
*RECV[(06)]
*RECV[(06)]
*RECV[(06)]
*RECV[(06)]
*RECV[(06)]
*RECV[(06)]
*RECV[(06)]
*RECV[(06)]
*RECV[(06)]
*RECV[(06)]
*RECV[(06)]
*RECV[(06)]
*RECV[(06)]
*RECV[(06)]
*RECV[(06)]
*RECV[(06)]
*RECV[(06)]
*RECV[(06)]
*RECV[(06)]
*RECV[(06)]
*RECV[(06)]
*RECV[(06)]
*RECV[(06)]
*RECV[(06)]
*RECV[(06)]
*RECV[(06)]
*RECV[(06)]
*RECV[(06)]
*RECV[(06)]
*RECV[(06)]
*RECV[(06)]
*RECV[(06)]
*RECV[(06)]
*RECV[(06)]
*RECV[(06)]
*RECV[(06)]
*RECV[(06)]
*RECV[(06)]
*RECV[(06)]
*RECV[(06)]
*RECV[(06)]
*RECV[(06)]
*RECV[(06)]
*RECV[(06)]
*RECV[(06)]
*RECV[(06)]
*RECV[(06)]
*RECV[(06)]
*RECV[(06)]
*RECV[(06)]
*RECV[(06)]
*RECV[(06)]
*RECV[(06)]
*RECV[(06)]
*RECV[(06)]
*RECV[(06)]
*RECV[(06)]
*RECV[(06)]
*RECV[(06)]
*RECV[(06)]
*RECV[(06)]
*RECV[(06)]
*RECV[(06)]
*RECV[(06)]
*RECV[(06)]
*RECV[(06)]
*RECV[(06)]
*RECV[(06)]
*RECV[(06)]
*RECV[(06)]
*RECV[(06)]
*RECV[(06)]
*RECV[(06)]
*RECV[(06)]
*RECV[(06)]
*RECV[(06)]
*RECV[(06)]
*RECV[(06)]
*RECV[(06)]
*RECV[(06)]
*RECV[(06)]
*RECV[(06)]
*RECV[(06)]
*RECV[(06)]
*RECV[(06)]
*RECV[(06)]
*RECV[(06)]
*RECV[(06)]
*RECV[(06)]
*RECV[(06)]
*RECV[(06)]
*RECV[(06)]
*RECV[(06)]
*RECV[(06)]
*RECV[(06)]
*RECV[(06)]
*RECV[(06)]
*RECV[(06)]
*RECV[(06)]
*RECV[(06)]
*RECV[(06)]
*RECV[(06)]
*RECV[(06)]
*****s*RECV[(06)]
*****u*****b*****o***** *****v*****o*****l*RECV[(06)]
*****u*****m*****e*****n*RECV[(06)]
*RECV[(06)]
*RECV[(06)]
*RECV[(06)]
*RECV[(06)]
*RECV[(06)]
*RECV[(06)]
*RECV[(06)]
*RECV[(06)]
*RECV[(06)]
*RECV[(06)]
*RECV[(06)]
*RECV[(06)]
*RECV[(06)]
*RECV[(06)]
*RECV[(06)]
*RECV[(06)]
*RECV[(06)]
*RECV[(06)]
*RECV[(06)]
*RECV[(06)]
*RECV[(06)]
*****b*****a*****j*****o*RECV[(06)]
***** *****v*****o*****l*RECV[(06)]
*****u*****m*****e*****n*RECV[(06)]
*RECV[(06)]
*RECV[(06)]
*RECV[(06)]
*RECV[(06)]
*RECV[(06)]
*RECV[(06)]
*RECV[(06)]
*RECV[(06)]
*RECV[(06)]
*RECV[(06)]
*RECV[(06)]
*RECV[(06)]
*RECV[(06)]
*RECV[(06)]
*RECV[(06)]
*RECV[(06)]
*RECV[(06)]
*RECV[(06)]
*RECV[(06)]
*RECV[(06)]
*RECV[(06)]
*RECV[(06)]
*RECV[(06)]
*RECV[(06)]
*RECV[(06)]
*RECV[(06)]
*RECV[(06)]
*****k*RECV[(06)]
**********o*****k*RECV[(06)]
***** *****t*****e*****r*****n*RECV[(06)]
*****m*****i*****n*****o*RECV[(06)]
******RECV[(06)]
*RECV[(06)]
*RECV[(06)]
*RECV[(06)]
*RECV[(06)]
*RECV[(06)]
*RECV[(06)]
*RECV[(06)]
*RECV[(06)]
*RECV[(06)]
*RECV[(06)]
*****v*****o*****y***** *****a***** *****d*****e*****s*****o*****n*RECV[(06)]
*****e*****c*****t*****a*****r**********Accord8th_REGISTRO_R*****X1.log********************a*****h*****o*****r*****a***** *****v*****o*****y***** *****a***** *****r*****e*****c*****o*****n*****e*****c*****t*****a*****r**********Accord8th_REGISTRO_R*****X1.log*RECV[(10)(02)(07)(D4)]
*RECV[(01)(00)(F3)_]
*RECV[(01)(10)(10)(10)]
*RECV[(03)|]
*RECV[(10)(02)(07)(D4)]
*RECV[(01)(00)(F3)_]
*RECV[(01)(10)(10)(10)]
*RECV[(03)|]
*RECV[(10)(02)(07)(D4)]
*RECV[(01)(00)(F3)_]
*RECV[(01)(10)(10)(10)]
*RECV[(03)|]
*RECV[(10)(02)(07)(D4)]
*RECV[(01)(00)(F3)_]
*RECV[(01)(10)(10)(10)]
*RECV[(03)|]
*RECV[(10)(02)(07)(D4)]
*RECV[(01)(00)(F3)_]
*RECV[(01)(10)(10)(10)]
*RECV[(03)|]
*RECV[(10)(02)(07)(D4)]
*RECV[(01)(00)(F3)_]
*RECV[(01)(10)(10)(10)]
*RECV[(03)|]
*RECV[(10)(02)(07)(D4)]
*RECV[(01)(00)(F3)_]
*RECV[(01)(10)(10)(10)]
*RECV[(03)|]
*RECV[(10)(02)(07)(D4)]
*RECV[(01)(00)(F3)_]
*RECV[(01)(10)(10)(10)]
*RECV[(03)|]
*RECV[(10)(02)(07)(D4)]
*RECV[(01)(00)(F3)_]
*RECV[(01)(10)(10)(10)]
*RECV[(03)|]
*RECV[(10)(02)(07)(D4)]
*RECV[(01)(00)(F3)_]
*RECV[(01)(10)(10)(10)]
*RECV[(03)|]
*RECV[(10)(02)(07)(D4)]
*RECV[(01)(00)(F3)_]
*RECV[(01)(10)(10)(10)]
*RECV[(03)|]
*RECV[(10)(02)(07)(D4)]
*RECV[(01)(00)(F3)_]
*RECV[(01)(10)(10)(10)]
*RECV[(03)|]
*RECV[(10)(02)(07)(D4)]
*RECV[(01)(00)(F3)_]
*RECV[(01)(10)(10)(10)]
*RECV[(03)|]
*RECV[(10)(02)(07)(D4)]
*RECV[(01)(00)(F3)_]
*RECV[(01)(10)(10)(10)]
*RECV[(03)|]
*RECV[(10)(02)(07)(D4)]
*RECV[(01)(00)(F3)_]
*RECV[(01)(10)(10)(10)]
*RECV[(03)|]
*RECV[(10)(02)(07)(D4)]
*RECV[(01)(00)(F3)_]
*RECV[(01)(10)(10)(10)]
*RECV[(03)|]
*RECV[(06)]
*RECV[(06)]
*RECV[(06)]
*RECV[(06)]
*RECV[(06)]
*RECV[(06)]
*****d*****e*****s*****c*****o*****jn*****e*****c*****t*****o***** *****d*****e***** *****n*****u*****e*****v*****o******RECV[(06)]
*****Accord8th_REGISTRO_R*****X1.log***************d*****e*****s*****c*****o*****n*****e*****c*****t*****a*****d*****o***************a*****h*****o*****r*****a***** *****v*****o*****y***** *****a***** *****r*****e*****c*****o*****n*****e*****c*****t*****a*****r********************Accord8th_REGISTRO_R*****X1.log*RECV[(10)(02)]
*RECV[(06)(10)(02)(07)]
*RECV[(D4)(01)(00)(F3)]
*RECV[_(01)(10)(10)]
*RECV[(10)(03)|]
*RECV[(10)(02)(07)(D4)]
*RECV[(01)(00)(F3)_]
*RECV[(01)(10)(10)(10)]
*RECV[(03)|]
*RECV[(10)(02)(07)(D4)]
*RECV[(01)(00)(F3)_]
*RECV[(01)(10)(10)(10)]
*RECV[(03)|]
*RECV[(10)(02)(07)(D4)]
*RECV[(01)(00)(F3)_]
*RECV[(01)(10)(10)(10)]
*RECV[(03)|]
*RECV[(10)(02)(07)(D4)]
*RECV[(01)(00)(F3)_]
*RECV[(01)(10)(10)(10)]
*RECV[(03)|]
*RECV[(10)(02)(07)(D4)]
*RECV[(01)(00)(F3)_]
*RECV[(01)(10)(10)(10)]
*RECV[(03)|]
*RECV[(10)(02)(07)(D4)]
*RECV[(01)(00)(F3)_]
*RECV[(01)(10)(10)(10)]
*RECV[(03)|]
*RECV[(10)(02)(07)(D4)]
*RECV[(01)(00)(F3)_]
*RECV[(01)(10)(10)(10)]
*RECV[(03)|]
*RECV[(10)(02)(07)(D4)]
*RECV[(01)(00)(F3)_]
*RECV[(01)(10)(10)(10)]
*RECV[(03)|]
*RECV[(10)(02)(07)(D4)]
*RECV[(01)(00)(F3)_]
*RECV[(01)(10)(10)(10)]
*RECV[(03)|]
*RECV[(10)(02)(07)(D4)]
*RECV[(01)(00)(F3)_]
*RECV[(01)(10)(10)(10)]
*RECV[(03)|]
*RECV[(10)(02)(07)(D4)]
*RECV[(01)(00)(F3)_]
*RECV[(01)(10)(10)(10)]
*RECV[(03)|]
*RECV[(10)(02)(07)(D4)]
*RECV[(01)(00)(F3)_]
*RECV[(01)(10)(10)(10)]
*RECV[(03)|]
*RECV[(10)(02)(07)(D4)]
*RECV[(01)(00)(F3)_]
*RECV[(01)(10)(10)(10)]
*RECV[(03)|]
*RECV[(10)(02)(07)(D4)]
*RECV[(01)(00)(F3)_]
*RECV[(01)(10)(10)(10)]
*RECV[(03)|]
*RECV[(10)(02)(07)(D4)]
*RECV[(01)(00)(F3)_]
*RECV[(01)(10)(10)(10)]
*RECV[(03)|]
*RECV[(06)]
*RECV[(06)]
*RECV[(06)]
*RECV[(06)]
*****e*****n*****c*****i*****e*****n*****d*****o******RECV[(06)]
*RECV[(06)]
*RECV[(06)]
*RECV[(06)]
*RECV[(06)]
*RECV[(06)]
*RECV[(06)]
*RECV[(06)]
*RECV[(06)]
*RECV[(06)]
*RECV[(06)]
*RECV[(06)]
*RECV[(06)]
*****a*****p*RECV[(06)]
*****a*RECV[(06)]
*****g*****a*RECV[(06)]
*RECV[(06)]
*****o*RECV[(06)]
*RECV[(06)]
******RECV[(06)]
*RECV[(06)]
*RECV[(06)]
*RECV[(06)]
*RECV[(06)]
*RECV[(06)]
*RECV[(06)]
