
[19:10:38.75] Started
[19:10:40.26] OK:(15)0(01)(00)(00)"(11)(01)(01)(FF)(91)`@(03)MAXIMAFM
[19:10:40.30] OK:(15)0(01)(00)(00)"(11)(01)(01)(FF)(91)`@(03)MAXIMAFM
[19:10:40.31] OK:(17)4(20)(20)BASS(20)(20)(20)(20)(20)(20)(20)C(00)(00)(00)(02)(11)(00)(00)(00)
[19:10:40.36] OK:(09)2(00)(00)(00)(02)(00)(00)(00)(BE)
[19:10:42.70] OK:(15)0(01)(00)(00)(01)(11)(01)(00)(FF)(FF)(FF)(00)(00)(00)(00)(00)(00)(00)(00)(00)
[19:10:42.73] OK:(17)4(20)(20)BASS(20)(20)(20)(20)(20)(20)(20)C(00)(00)(00)(00)(13)(00)(00)(00)
[19:10:42.75] OK:(17)4(20)(20)BASS(20)(20)(20)(20)(20)(20)(20)C(00)(00)(00)(00)(13)(00)(00)(00)
[19:10:43.66] OK:(15)0(01)(00)(00)(01)(11)(01)(00)(FF)(FF)(FF)(00)(00)(00)(00)(00)(00)(00)(00)(00)
[19:10:43.69] OK:(15)0(01)(00)(00)(01)(11)(01)(00)(FF)(FF)(FF)(00)(00)(00)(00)(00)(00)(00)(00)(00)
[19:10:43.70] OK:(17)4(20)(20)BASS(20)(20)(20)(20)(20)(20)+1(00)(00)(00)(00)(13)(00)(00)(00)
[19:10:43.83] OK:(15)0(01)(00)(00)(01)(11)(01)(00)(FF)(FF)(FF)(00)(00)(00)(00)(00)(00)(00)(00)(00)
[19:10:43.86] OK:(15)0(01)(00)(00)(01)(11)(01)(00)(FF)(FF)(FF)(00)(00)(00)(00)(00)(00)(00)(00)(00)
[19:10:43.86] OK:(17)4(20)(20)BASS(20)(20)(20)(20)(20)(20)+2(00)(00)(00)(00)(13)(00)(00)(00)
[19:10:43.94] OK:(15)0(01)(00)(00)(01)(11)(01)(00)(FF)(FF)(FF)(00)(00)(00)(00)(00)(00)(00)(00)(00)
[19:10:43.95] OK:(15)0(01)(00)(00)(01)(11)(01)(00)(FF)(FF)(FF)(00)(00)(00)(00)(00)(00)(00)(00)(00)
[19:10:43.97] OK:(17)4(20)(20)BASS(20)(20)(20)(20)(20)(20)+3(00)(00)(00)(00)(13)(00)(00)(00)
[19:10:44.6] OK:(15)0(01)(00)(00)(01)(11)(01)(00)(FF)(FF)(FF)(00)(00)(00)(00)(00)(00)(00)(00)(00)
[19:10:44.8] OK:(15)0(01)(00)(00)(01)(11)(01)(00)(FF)(FF)(FF)(00)(00)(00)(00)(00)(00)(00)(00)(00)
[19:10:44.9] OK:(17)4(20)(20)BASS(20)(20)(20)(20)(20)(20)+4(00)(00)(00)(00)(13)(00)(00)(00)
[19:10:44.17] OK:(15)0(01)(00)(00)(01)(11)(01)(00)(FF)(FF)(FF)(00)(00)(00)(00)(00)(00)(00)(00)(00)
[19:10:44.19] OK:(15)0(01)(00)(00)(01)(11)(01)(00)(FF)(FF)(FF)(00)(00)(00)(00)(00)(00)(00)(00)(00)
[19:10:44.22] OK:(17)4(20)(20)BASS(20)(20)(20)(20)(20)(20)+5(00)(00)(00)(00)(13)(00)(00)(00)
[19:10:44.26] OK:(15)0(01)(00)(00)(01)(11)(01)(00)(FF)(FF)(FF)(00)(00)(00)(00)(00)(00)(00)(00)(00)
[19:10:44.28] OK:(15)0(01)(00)(00)(01)(11)(01)(00)(FF)(FF)(FF)(00)(00)(00)(00)(00)(00)(00)(00)(00)
[19:10:44.30] OK:(17)4(20)(20)BASS(20)(20)(20)(20)(20)(20)+6(00)(00)(00)(00)(12)(00)(00)(00)
[19:10:44.33] OK:(15)0(01)(00)(00)(01)(11)(01)(00)(FF)(FF)(FF)(00)(00)(00)(00)(00)(00)(00)(00)(00)
[19:10:44.36] OK:(17)4(20)(20)BASS(20)(20)(20)(20)(20)(20)+6(00)(00)(00)(00)(12)(00)(00)(00)
[19:10:44.42] OK:(15)0(01)(00)(00)(01)(11)(01)(00)(FF)(FF)(FF)(00)(00)(00)(00)(00)(00)(00)(00)(00)
[19:10:44.44] OK:(15)0(01)(00)(00)(01)(11)(01)(00)(FF)(FF)(FF)(00)(00)(00)(00)(00)(00)(00)(00)(00)
[19:10:44.47] OK:(17)4(20)(20)BASS(20)(20)(20)(20)(20)(20)+6(00)(00)(00)(00)(12)(00)(00)(00)
[19:10:44.48] OK:(15)0(01)(00)(00)(01)(11)(01)(00)(FF)(FF)(FF)(00)(00)(00)(00)(00)(00)(00)(00)(00)
[19:10:44.50] OK:(17)4(20)(20)BASS(20)(20)(20)(20)(20)(20)+6(00)(00)(00)(00)(12)(00)(00)(00)
[19:10:44.88] OK:(15)0(01)(00)(00)(01)(11)(01)(00)(FF)(FF)(FF)(00)(00)(00)(00)(00)(00)(00)(00)(00)
[19:10:44.91] OK:(15)0(01)(00)(00)(01)(11)(01)(00)(FF)(FF)(FF)(00)(00)(00)(00)(00)(00)(00)(00)(00)
[19:10:44.91] OK:(17)4(20)(20)BASS(20)(20)(20)(20)(20)(20)+5(00)(00)(00)(00)(13)(00)(00)(00)
[19:10:44.94] OK:(15)0(01)(00)(00)(01)(11)(01)(00)(FF)(FF)(FF)(00)(00)(00)(00)(00)(00)(00)(00)(00)
[19:10:44.95] OK:(17)4(20)(20)BASS(20)(20)(20)(20)(20)(20)+4(00)(00)(00)(00)(13)(00)(00)(00)
[19:10:45.0] OK:(15)0(01)(00)(00)(01)(11)(01)(00)(FF)(FF)(FF)(00)(00)(00)(00)(00)(00)(00)(00)(00)
[19:10:45.3] OK:(15)0(01)(00)(00)(01)(11)(01)(00)(FF)(FF)(FF)(00)(00)(00)(00)(00)(00)(00)(00)(00)
[19:10:45.3] OK:(17)4(20)(20)BASS(20)(20)(20)(20)(20)(20)+3(00)(00)(00)(00)(13)(00)(00)(00)
[19:10:45.6] OK:(15)0(01)(00)(00)(01)(11)(01)(00)(FF)(FF)(FF)(00)(00)(00)(00)(00)(00)(00)(00)(00)
[19:10:45.9] OK:(17)4(20)(20)BASS(20)(20)(20)(20)(20)(20)+2(00)(00)(00)(00)(13)(00)(00)(00)
[19:10:45.11] OK:(15)0(01)(00)(00)(01)(11)(01)(00)(FF)(FF)(FF)(00)(00)(00)(00)(00)(00)(00)(00)(00)
[19:10:45.17] OK:(17)4(20)(20)BASS(20)(20)(20)(20)(20)(20)+1(00)(00)(00)(00)(13)(00)(00)(00)
[19:10:45.19] OK:(15)0(01)(00)(00)(01)(11)(01)(00)(FF)(FF)(FF)(00)(00)(00)(00)(00)(00)(00)(00)(00)
[19:10:45.20] OK:(17)4(20)(20)BASS(20)(20)(20)(20)(20)(20)(20)C(00)(00)(00)(00)(13)(00)(00)(00)
[19:10:45.23] OK:(15)0(01)(00)(00)(01)(11)(01)(00)(FF)(FF)(FF)(00)(00)(00)(00)(00)(00)(00)(00)(00)
[19:10:45.25] OK:(17)4(20)(20)BASS(20)(20)(20)(20)(20)(20)(20)C(00)(00)(00)(00)(13)(00)(00)(00)
[19:10:45.28] OK:(15)0(01)(00)(00)(01)(11)(01)(00)(FF)(FF)(FF)(00)(00)(00)(00)(00)(00)(00)(00)(00)
[19:10:45.30] OK:(15)0(01)(00)(00)(01)(11)(01)(00)(FF)(FF)(FF)(00)(00)(00)(00)(00)(00)(00)(00)(00)
[19:10:45.31] OK:(17)4(20)(20)BASS(20)(20)(20)(20)(20)(20)(20)C(00)(00)(00)(00)(13)(00)(00)(00)
[19:10:45.33] OK:(15)0(01)(00)(00)(01)(11)(01)(00)(FF)(FF)(FF)(00)(00)(00)(00)(00)(00)(00)(00)(00)
[19:10:45.34] OK:(17)4(20)(20)BASS(20)(20)(20)(20)(20)(20)(20)C(00)(00)(00)(00)(13)(00)(00)(00)
[19:10:45.36] OK:(15)0(01)(00)(00)(01)(11)(01)(00)(FF)(FF)(FF)(00)(00)(00)(00)(00)(00)(00)(00)(00)
[19:10:45.36] OK:(17)4(20)(20)BASS(20)(20)(20)(20)(20)(20)(20)C(00)(00)(00)(00)(13)(00)(00)(00)
[19:10:45.36] OK:(15)0(01)(00)(00)(01)(11)(01)(00)(FF)(FF)(FF)(00)(00)(00)(00)(00)(00)(00)(00)(00)
[19:10:45.38] OK:(17)4(20)(20)BASS(20)(20)(20)(20)(20)(20)(20)C(00)(00)(00)(00)(13)(00)(00)(00)
[19:10:45.39] OK:(15)0(01)(00)(00)(01)(11)(01)(00)(FF)(FF)(FF)(00)(00)(00)(00)(00)(00)(00)(00)(00)
[19:10:45.39] OK:(17)4(20)(20)BASS(20)(20)(20)(20)(20)(20)(20)C(00)(00)(00)(00)(13)(00)(00)(00)
[19:10:45.42] OK:(15)0(01)(00)(00)(01)(11)(01)(00)(FF)(FF)(FF)(00)(00)(00)(00)(00)(00)(00)(00)(00)
[19:10:45.44] OK:(15)0(01)(00)(00)(01)(11)(01)(00)(FF)(FF)(FF)(00)(00)(00)(00)(00)(00)(00)(00)(00)
[19:10:45.45] OK:(17)4(20)(20)BASS(20)(20)(20)(20)(20)(20)(20)C(00)(00)(00)(00)(13)(00)(00)(00)
[19:10:45.47] OK:(15)0(01)(00)(00)(01)(11)(01)(00)(FF)(FF)(FF)(00)(00)(00)(00)(00)(00)(00)(00)(00)
[19:10:45.48] OK:(17)4(20)(20)BASS(20)(20)(20)(20)(20)(20)(20)C(00)(00)(00)(00)(13)(00)(00)(00)
[19:10:45.50] OK:(15)0(01)(00)(00)(01)(11)(01)(00)(FF)(FF)(FF)(00)(00)(00)(00)(00)(00)(00)(00)(00)
[19:10:45.51] OK:(17)4(20)(20)BASS(20)(20)(20)(20)(20)(20)(20)C(00)(00)(00)(00)(13)(00)(00)(00)
[19:10:45.55] OK:(15)0(01)(00)(00)(01)(11)(01)(00)(FF)(FF)(FF)(00)(00)(00)(00)(00)(00)(00)(00)(00)
[19:10:45.55] OK:(17)4(20)(20)BASS(20)(20)(20)(20)(20)(20)(20)C(00)(00)(00)(00)(13)(00)(00)(00)
[19:10:45.58] OK:(15)0(01)(00)(00)(01)(11)(01)(00)(FF)(FF)(FF)(00)(00)(00)(00)(00)(00)(00)(00)(00)
[19:10:45.59] OK:(15)0(01)(00)(00)(01)(11)(01)(00)(FF)(FF)(FF)(00)(00)(00)(00)(00)(00)(00)(00)(00)
[19:10:45.61] OK:(17)4(20)(20)BASS(20)(20)(20)(20)(20)(20)(20)C(00)(00)(00)(00)(13)(00)(00)(00)
[19:10:46.16] OK:(15)0(01)(00)(00)(01)(11)(01)(00)(FF)(FF)(FF)(00)(00)(00)(00)(00)(00)(00)(00)(00)
[19:10:46.19] OK:(15)0(01)(00)(00)(01)(11)(01)(00)(FF)(FF)(FF)(00)(00)(00)(00)(00)(00)(00)(00)(00)
[19:10:46.20] OK:(17)4(20)(20)BASS(20)(20)(20)(20)(20)(20)-1(00)(00)(00)(00)(13)(00)(00)(00)
[19:10:46.23] OK:(15)0(01)(00)(00)(01)(11)(01)(00)(FF)(FF)(FF)(00)(00)(00)(00)(00)(00)(00)(00)(00)
[19:10:46.23] OK:(17)4(20)(20)BASS(20)(20)(20)(20)(20)(20)-2(00)(00)(00)(00)(13)(00)(00)(00)
[19:10:46.26] OK:(15)0(01)(00)(00)(01)(11)(01)(00)(FF)(FF)(FF)(00)(00)(00)(00)(00)(00)(00)(00)(00)
[19:10:46.28] OK:(17)4(20)(20)BASS(20)(20)(20)(20)(20)(20)-3(00)(00)(00)(00)(13)(00)(00)(00)
[19:10:46.30] OK:(15)0(01)(00)(00)(01)(11)(01)(00)(FF)(FF)(FF)(00)(00)(00)(00)(00)(00)(00)(00)(00)
[19:10:46.31] OK:(17)4(20)(20)BASS(20)(20)(20)(20)(20)(20)-4(00)(00)(00)(00)(13)(00)(00)(00)
[19:10:46.33] OK:(15)0(01)(00)(00)(01)(11)(01)(00)(FF)(FF)(FF)(00)(00)(00)(00)(00)(00)(00)(00)(00)
[19:10:46.34] OK:(17)4(20)(20)BASS(20)(20)(20)(20)(20)(20)-4(00)(00)(00)(00)(13)(00)(00)(00)
[19:10:46.38] OK:(17)4(20)(20)BASS(20)(20)(20)(20)(20)(20)-5(00)(00)(00)(00)(13)(00)(00)(00)
[19:10:46.38] OK:(17)4(20)(20)BASS(20)(20)(20)(20)(20)(20)-5(00)(00)(00)(00)(13)(00)(00)(00)
[19:10:46.41] OK:(17)4(20)(20)BASS(20)(20)(20)(20)(20)(20)-6(00)(00)(00)(00)(11)(00)(00)(00)
[19:10:46.42] OK:(15)0(01)(00)(00)(01)(11)(01)(00)(FF)(FF)(FF)(00)(00)(00)(00)(00)(00)(00)(00)(00)
[19:10:46.45] OK:(17)4(20)(20)BASS(20)(20)(20)(20)(20)(20)-6(00)(00)(00)(00)(11)(00)(00)(00)
[19:10:46.47] OK:(15)0(01)(00)(00)(01)(11)(01)(00)(FF)(FF)(FF)(00)(00)(00)(00)(00)(00)(00)(00)(00)
[19:10:46.47] OK:(17)4(20)(20)BASS(20)(20)(20)(20)(20)(20)-6(00)(00)(00)(00)(11)(00)(00)(00)
[19:10:46.50] OK:(15)0(01)(00)(00)(01)(11)(01)(00)(FF)(FF)(FF)(00)(00)(00)(00)(00)(00)(00)(00)(00)
[19:10:46.51] OK:(17)4(20)(20)BASS(20)(20)(20)(20)(20)(20)-6(00)(00)(00)(00)(11)(00)(00)(00)
[19:10:46.55] OK:(15)0(01)(00)(00)(01)(11)(01)(00)(FF)(FF)(FF)(00)(00)(00)(00)(00)(00)(00)(00)(00)
[19:10:46.55] OK:(17)4(20)(20)BASS(20)(20)(20)(20)(20)(20)-6(00)(00)(00)(00)(11)(00)(00)(00)
[19:10:46.58] OK:(15)0(01)(00)(00)(01)(11)(01)(00)(FF)(FF)(FF)(00)(00)(00)(00)(00)(00)(00)(00)(00)
[19:10:46.59] OK:(17)4(20)(20)BASS(20)(20)(20)(20)(20)(20)-6(00)(00)(00)(00)(11)(00)(00)(00)
[19:10:46.64] OK:(15)0(01)(00)(00)(01)(11)(01)(00)(FF)(FF)(FF)(00)(00)(00)(00)(00)(00)(00)(00)(00)
[19:10:46.67] OK:(15)0(01)(00)(00)(01)(11)(01)(00)(FF)(FF)(FF)(00)(00)(00)(00)(00)(00)(00)(00)(00)
[19:10:46.69] OK:(17)4(20)(20)BASS(20)(20)(20)(20)(20)(20)-6(00)(00)(00)(00)(11)(00)(00)(00)
[19:10:46.84] OK:(15)0(01)(00)(00)(01)(11)(01)(00)(FF)(FF)(FF)(00)(00)(00)(00)(00)(00)(00)(00)(00)
[19:10:46.89] OK:(15)0(01)(00)(00)(01)(11)(01)(00)(FF)(FF)(FF)(00)(00)(00)(00)(00)(00)(00)(00)(00)
[19:10:46.89] OK:(17)4(20)(20)BASS(20)(20)(20)(20)(20)(20)-5(00)(00)(00)(00)(13)(00)(00)(00)
[19:10:46.95] OK:(15)0(01)(00)(00)(01)(11)(01)(00)(FF)(FF)(FF)(00)(00)(00)(00)(00)(00)(00)(00)(00)
[19:10:46.97] OK:(15)0(01)(00)(00)(01)(11)(01)(00)(FF)(FF)(FF)(00)(00)(00)(00)(00)(00)(00)(00)(00)
[19:10:47.0] OK:(17)4(20)(20)BASS(20)(20)(20)(20)(20)(20)-4(00)(00)(00)(00)(13)(00)(00)(00)
[19:10:47.1] OK:(15)0(01)(00)(00)(01)(11)(01)(00)(FF)(FF)(FF)(00)(00)(00)(00)(00)(00)(00)(00)(00)
[19:10:47.3] OK:(17)4(20)(20)BASS(20)(20)(20)(20)(20)(20)-3(00)(00)(00)(00)(13)(00)(00)(00)
[19:10:47.5] OK:(15)0(01)(00)(00)(01)(11)(01)(00)(FF)(FF)(FF)(00)(00)(00)(00)(00)(00)(00)(00)(00)
[19:10:47.8] OK:(17)4(20)(20)BASS(20)(20)(20)(20)(20)(20)-2(00)(00)(00)(00)(13)(00)(00)(00)
[19:10:47.8] OK:(15)0(01)(00)(00)(01)(11)(01)(00)(FF)(FF)(FF)(00)(00)(00)(00)(00)(00)(00)(00)(00)
[19:10:47.11] OK:(17)4(20)(20)BASS(20)(20)(20)(20)(20)(20)-1(00)(00)(00)(00)(13)(00)(00)(00)
[19:10:47.17] OK:(15)0(01)(00)(00)(01)(11)(01)(00)(FF)(FF)(FF)(00)(00)(00)(00)(00)(00)(00)(00)(00)
[19:10:47.19] OK:(15)0(01)(00)(00)(01)(11)(01)(00)(FF)(FF)(FF)(00)(00)(00)(00)(00)(00)(00)(00)(00)
[19:10:47.20] OK:(17)4(20)(20)BASS(20)(20)(20)(20)(20)(20)(20)C(00)(00)(00)(00)(13)(00)(00)(00)
[19:10:47.23] OK:(15)0(01)(00)(00)(01)(11)(01)(00)(FF)(FF)(FF)(00)(00)(00)(00)(00)(00)(00)(00)(00)
[19:10:47.23] OK:(17)4(20)(20)BASS(20)(20)(20)(20)(20)(20)(20)C(00)(00)(00)(00)(13)(00)(00)(00)
[19:10:47.26] OK:(15)0(01)(00)(00)(01)(11)(01)(00)(FF)(FF)(FF)(00)(00)(00)(00)(00)(00)(00)(00)(00)
[19:10:47.28] OK:(17)4(20)(20)BASS(20)(20)(20)(20)(20)(20)(20)C(00)(00)(00)(00)(13)(00)(00)(00)
[19:10:47.97] OK:(15)0(01)(00)(00)(01)(11)(01)(00)(FF)(FF)(FF)(00)(00)(00)(00)(00)(00)(00)(00)(00)
[19:10:48.0] OK:(15)0(01)(00)(00)(01)(11)(01)(00)(FF)(FF)(FF)(00)(00)(00)(00)(00)(00)(00)(00)(00)
[19:10:48.3] OK:(17)4(20)(20)BASS(20)(20)(20)(20)(20)(20)+1(00)(00)(00)(00)(13)(00)(00)(00)
[19:10:48.34] OK:(15)0(01)(00)(00)(01)(11)(01)(00)(FF)(FF)(FF)(00)(00)(00)(00)(00)(00)(00)(00)(00)
[19:10:48.38] OK:(15)0(01)(00)(00)(01)(11)(01)(00)(FF)(FF)(FF)(00)(00)(00)(00)(00)(00)(00)(00)(00)
[19:10:48.42] OK:(17)4(20)(20)BASS(20)(20)(20)(20)(20)(20)(20)C(00)(00)(00)(00)(13)(00)(00)(00)
[19:10:48.48] OK:(15)0(01)(00)(00)(01)(11)(01)(00)(FF)(FF)(FF)(00)(00)(00)(00)(00)(00)(00)(00)(00)
[19:10:48.51] OK:(15)0(01)(00)(00)(01)(11)(01)(00)(FF)(FF)(FF)(00)(00)(00)(00)(00)(00)(00)(00)(00)
[19:10:48.55] OK:(17)4(20)(20)BASS(20)(20)(20)(20)(20)(20)(20)C(00)(00)(00)(00)(13)(00)(00)(00)
[19:10:48.59] OK:(15)0(01)(00)(00)(01)(11)(01)(00)(FF)(FF)(FF)(00)(00)(00)(00)(00)(00)(00)(00)(00)
[19:10:48.62] OK:(15)0(01)(00)(00)(01)(11)(01)(00)(FF)(FF)(FF)(00)(00)(00)(00)(00)(00)(00)(00)(00)
[19:10:48.64] OK:(17)4(20)(20)BASS(20)(20)(20)(20)(20)(20)(20)C(00)(00)(00)(00)(13)(00)(00)(00)
[19:10:48.69] OK:(15)0(01)(00)(00)(01)(11)(01)(00)(FF)(FF)(FF)(00)(00)(00)(00)(00)(00)(00)(00)(00)
[19:10:48.72] OK:(15)0(01)(00)(00)(01)(11)(01)(00)(FF)(FF)(FF)(00)(00)(00)(00)(00)(00)(00)(00)(00)
[19:10:48.75] OK:(17)4(20)(20)BASS(20)(20)(20)(20)(20)(20)(20)C(00)(00)(00)(00)(13)(00)(00)(00)
[19:10:48.78] OK:(15)0(01)(00)(00)(01)(11)(01)(00)(FF)(FF)(FF)(00)(00)(00)(00)(00)(00)(00)(00)(00)
[19:10:48.81] OK:(15)0(01)(00)(00)(01)(11)(01)(00)(FF)(FF)(FF)(00)(00)(00)(00)(00)(00)(00)(00)(00)
[19:10:48.83] OK:(17)4(20)(20)BASS(20)(20)(20)(20)(20)(20)(20)C(00)(00)(00)(00)(13)(00)(00)(00)
[19:10:48.86] OK:(15)0(01)(00)(00)(01)(11)(01)(00)(FF)(FF)(FF)(00)(00)(00)(00)(00)(00)(00)(00)(00)
[19:10:48.86] OK:(17)4(20)(20)BASS(20)(20)(20)(20)(20)(20)(20)C(00)(00)(00)(00)(13)(00)(00)(00)
[19:10:48.89] OK:(15)0(01)(00)(00)(01)(11)(01)(00)(FF)(FF)(FF)(00)(00)(00)(00)(00)(00)(00)(00)(00)
[19:10:48.91] OK:(17)4(20)(20)BASS(20)(20)(20)(20)(20)(20)-1(00)(00)(00)(00)(13)(00)(00)(00)
[19:10:48.95] OK:(15)0(01)(00)(00)(01)(11)(01)(00)(FF)(FF)(FF)(00)(00)(00)(00)(00)(00)(00)(00)(00)
[19:10:48.98] OK:(15)0(01)(00)(00)(01)(11)(01)(00)(FF)(FF)(FF)(00)(00)(00)(00)(00)(00)(00)(00)(00)
[19:10:49.0] OK:(17)4(20)(20)BASS(20)(20)(20)(20)(20)(20)-2(00)(00)(00)(00)(13)(00)(00)(00)
[19:10:49.6] OK:(15)0(01)(00)(00)(01)(11)(01)(00)(FF)(FF)(FF)(00)(00)(00)(00)(00)(00)(00)(00)(00)
[19:10:49.9] OK:(15)0(01)(00)(00)(01)(11)(01)(00)(FF)(FF)(FF)(00)(00)(00)(00)(00)(00)(00)(00)(00)
[19:10:49.11] OK:(17)4(20)(20)BASS(20)(20)(20)(20)(20)(20)-3(00)(00)(00)(00)(13)(00)(00)(00)
[19:10:49.20] OK:(15)0(01)(00)(00)(01)(11)(01)(00)(FF)(FF)(FF)(00)(00)(00)(00)(00)(00)(00)(00)(00)
[19:10:49.23] OK:(15)0(01)(00)(00)(01)(11)(01)(00)(FF)(FF)(FF)(00)(00)(00)(00)(00)(00)(00)(00)(00)
[19:10:49.23] OK:(17)4(20)(20)BASS(20)(20)(20)(20)(20)(20)-4(00)(00)(00)(00)(13)(00)(00)(00)
[19:10:49.33] OK:(15)0(01)(00)(00)(01)(11)(01)(00)(FF)(FF)(FF)(00)(00)(00)(00)(00)(00)(00)(00)(00)
[19:10:49.34] OK:(15)0(01)(00)(00)(01)(11)(01)(00)(FF)(FF)(FF)(00)(00)(00)(00)(00)(00)(00)(00)(00)
[19:10:49.38] OK:(17)4(20)(20)BASS(20)(20)(20)(20)(20)(20)-5(00)(00)(00)(00)(13)(00)(00)(00)
[19:10:49.44] OK:(15)0(01)(00)(00)(01)(11)(01)(00)(FF)(FF)(FF)(00)(00)(00)(00)(00)(00)(00)(00)(00)
[19:10:49.47] OK:(15)0(01)(00)(00)(01)(11)(01)(00)(FF)(FF)(FF)(00)(00)(00)(00)(00)(00)(00)(00)(00)
[19:10:49.47] OK:(17)4(20)(20)BASS(20)(20)(20)(20)(20)(20)-6(00)(00)(00)(00)(11)(00)(00)(00)
[19:10:49.81] OK:(15)0(01)(00)(00)(01)(11)(01)(00)(FF)(FF)(FF)(00)(00)(00)(00)(00)(00)(00)(00)(00)
[19:10:49.84] OK:(15)0(01)(00)(00)(01)(11)(01)(00)(FF)(FF)(FF)(00)(00)(00)(00)(00)(00)(00)(00)(00)
[19:10:49.88] OK:(17)4(20)(20)BASS(20)(20)(20)(20)(20)(20)-5(00)(00)(00)(00)(13)(00)(00)(00)
[19:10:49.89] OK:(15)0(01)(00)(00)(01)(11)(01)(00)(FF)(FF)(FF)(00)(00)(00)(00)(00)(00)(00)(00)(00)
[19:10:49.92] OK:(17)4(20)(20)BASS(20)(20)(20)(20)(20)(20)-4(00)(00)(00)(00)(13)(00)(00)(00)
[19:10:49.94] OK:(15)0(01)(00)(00)(01)(11)(01)(00)(FF)(FF)(FF)(00)(00)(00)(00)(00)(00)(00)(00)(00)
[19:10:49.94] OK:(17)4(20)(20)BASS(20)(20)(20)(20)(20)(20)-3(00)(00)(00)(00)(13)(00)(00)(00)
[19:10:49.97] OK:(15)0(01)(00)(00)(01)(11)(01)(00)(FF)(FF)(FF)(00)(00)(00)(00)(00)(00)(00)(00)(00)
[19:10:49.98] OK:(17)4(20)(20)BASS(20)(20)(20)(20)(20)(20)-2(00)(00)(00)(00)(13)(00)(00)(00)
[19:10:50.3] OK:(15)0(01)(00)(00)(01)(11)(01)(00)(FF)(FF)(FF)(00)(00)(00)(00)(00)(00)(00)(00)(00)
[19:10:50.6] OK:(15)0(01)(00)(00)(01)(11)(01)(00)(FF)(FF)(FF)(00)(00)(00)(00)(00)(00)(00)(00)(00)
[19:10:50.8] OK:(17)4(20)(20)BASS(20)(20)(20)(20)(20)(20)-1(00)(00)(00)(00)(13)(00)(00)(00)
[19:10:50.12] OK:(15)0(01)(00)(00)(01)(11)(01)(00)(FF)(FF)(FF)(00)(00)(00)(00)(00)(00)(00)(00)(00)
[19:10:50.14] OK:(17)4(20)(20)BASS(20)(20)(20)(20)(20)(20)(20)C(00)(00)(00)(00)(13)(00)(00)(00)
[19:10:50.19] OK:(15)0(01)(00)(00)(01)(11)(01)(00)(FF)(FF)(FF)(00)(00)(00)(00)(00)(00)(00)(00)(00)
[19:10:50.20] OK:(15)0(01)(00)(00)(01)(11)(01)(00)(FF)(FF)(FF)(00)(00)(00)(00)(00)(00)(00)(00)(00)
[19:10:50.23] OK:(17)4(20)(20)BASS(20)(20)(20)(20)(20)(20)(20)C(00)(00)(00)(00)(13)(00)(00)(00)
[19:10:50.26] OK:(15)0(01)(00)(00)(01)(11)(01)(00)(FF)(FF)(FF)(00)(00)(00)(00)(00)(00)(00)(00)(00)
[19:10:50.28] OK:(17)4(20)(20)BASS(20)(20)(20)(20)(20)(20)(20)C(00)(00)(00)(00)(13)(00)(00)(00)
[19:10:50.31] OK:(15)0(01)(00)(00)(01)(11)(01)(00)(FF)(FF)(FF)(00)(00)(00)(00)(00)(00)(00)(00)(00)
[19:10:50.33] OK:(17)4(20)(20)BASS(20)(20)(20)(20)(20)(20)(20)C(00)(00)(00)(00)(13)(00)(00)(00)
[19:10:50.36] OK:(15)0(01)(00)(00)(01)(11)(01)(00)(FF)(FF)(FF)(00)(00)(00)(00)(00)(00)(00)(00)(00)
[19:10:50.38] OK:(17)4(20)(20)BASS(20)(20)(20)(20)(20)(20)(20)C(00)(00)(00)(00)(13)(00)(00)(00)
[19:10:50.41] OK:(15)0(01)(00)(00)(01)(11)(01)(00)(FF)(FF)(FF)(00)(00)(00)(00)(00)(00)(00)(00)(00)
[19:10:50.42] OK:(15)0(01)(00)(00)(01)(11)(01)(00)(FF)(FF)(FF)(00)(00)(00)(00)(00)(00)(00)(00)(00)
[19:10:50.45] OK:(17)4(20)(20)BASS(20)(20)(20)(20)(20)(20)(20)C(00)(00)(00)(00)(13)(00)(00)(00)
[19:10:50.48] OK:(15)0(01)(00)(00)(01)(11)(01)(00)(FF)(FF)(FF)(00)(00)(00)(00)(00)(00)(00)(00)(00)
[19:10:50.51] OK:(15)0(01)(00)(00)(01)(11)(01)(00)(FF)(FF)(FF)(00)(00)(00)(00)(00)(00)(00)(00)(00)
[19:10:50.55] OK:(17)4(20)(20)BASS(20)(20)(20)(20)(20)(20)(20)C(00)(00)(00)(00)(13)(00)(00)(00)
[19:10:50.64] OK:(15)0(01)(00)(00)(01)(11)(01)(00)(FF)(FF)(FF)(00)(00)(00)(00)(00)(00)(00)(00)(00)
[19:10:50.67] OK:(15)0(01)(00)(00)(01)(11)(01)(00)(FF)(FF)(FF)(00)(00)(00)(00)(00)(00)(00)(00)(00)
[19:10:50.69] OK:(17)4(20)(20)BASS(20)(20)(20)(20)(20)(20)+1(00)(00)(00)(00)(13)(00)(00)(00)
[19:10:50.75] OK:(15)0(01)(00)(00)(01)(11)(01)(00)(FF)(FF)(FF)(00)(00)(00)(00)(00)(00)(00)(00)(00)
[19:10:50.76] OK:(15)0(01)(00)(00)(01)(11)(01)(00)(FF)(FF)(FF)(00)(00)(00)(00)(00)(00)(00)(00)(00)
[19:10:50.80] OK:(17)4(20)(20)BASS(20)(20)(20)(20)(20)(20)+2(00)(00)(00)(00)(13)(00)(00)(00)
[19:10:50.83] OK:(15)0(01)(00)(00)(01)(11)(01)(00)(FF)(FF)(FF)(00)(00)(00)(00)(00)(00)(00)(00)(00)
[19:10:50.86] OK:(15)0(01)(00)(00)(01)(11)(01)(00)(FF)(FF)(FF)(00)(00)(00)(00)(00)(00)(00)(00)(00)
[19:10:50.88] OK:(17)4(20)(20)BASS(20)(20)(20)(20)(20)(20)+3(00)(00)(00)(00)(13)(00)(00)(00)
[19:10:50.92] OK:(15)0(01)(00)(00)(01)(11)(01)(00)(FF)(FF)(FF)(00)(00)(00)(00)(00)(00)(00)(00)(00)
[19:10:50.95] OK:(15)0(01)(00)(00)(01)(11)(01)(00)(FF)(FF)(FF)(00)(00)(00)(00)(00)(00)(00)(00)(00)
[19:10:50.97] OK:(17)4(20)(20)BASS(20)(20)(20)(20)(20)(20)+4(00)(00)(00)(00)(13)(00)(00)(00)
[19:10:51.1] OK:(15)0(01)(00)(00)(01)(11)(01)(00)(FF)(FF)(FF)(00)(00)(00)(00)(00)(00)(00)(00)(00)
[19:10:51.3] OK:(15)0(01)(00)(00)(01)(11)(01)(00)(FF)(FF)(FF)(00)(00)(00)(00)(00)(00)(00)(00)(00)
[19:10:51.6] OK:(17)4(20)(20)BASS(20)(20)(20)(20)(20)(20)+5(00)(00)(00)(00)(13)(00)(00)(00)
[19:10:51.11] OK:(15)0(01)(00)(00)(01)(11)(01)(00)(FF)(FF)(FF)(00)(00)(00)(00)(00)(00)(00)(00)(00)
[19:10:51.14] OK:(15)0(01)(00)(00)(01)(11)(01)(00)(FF)(FF)(FF)(00)(00)(00)(00)(00)(00)(00)(00)(00)
[19:10:51.14] OK:(17)4(20)(20)BASS(20)(20)(20)(20)(20)(20)+6(00)(00)(00)(00)(12)(00)(00)(00)
[19:10:51.20] OK:(15)0(01)(00)(00)(01)(11)(01)(00)(FF)(FF)(FF)(00)(00)(00)(00)(00)(00)(00)(00)(00)
[19:10:51.22] OK:(15)0(01)(00)(00)(01)(11)(01)(00)(FF)(FF)(FF)(00)(00)(00)(00)(00)(00)(00)(00)(00)
[19:10:51.25] OK:(17)4(20)(20)BASS(20)(20)(20)(20)(20)(20)+6(00)(00)(00)(00)(12)(00)(00)(00)
[19:10:51.26] OK:(15)0(01)(00)(00)(01)(11)(01)(00)(FF)(FF)(FF)(00)(00)(00)(00)(00)(00)(00)(00)(00)
[19:10:51.30] OK:(17)4(20)(20)BASS(20)(20)(20)(20)(20)(20)+6(00)(00)(00)(00)(12)(00)(00)(00)
[19:10:51.33] OK:(15)0(01)(00)(00)(01)(11)(01)(00)(FF)(FF)(FF)(00)(00)(00)(00)(00)(00)(00)(00)(00)
[19:10:51.34] OK:(15)0(01)(00)(00)(01)(11)(01)(00)(FF)(FF)(FF)(00)(00)(00)(00)(00)(00)(00)(00)(00)
[19:10:51.38] OK:(17)4(20)(20)BASS(20)(20)(20)(20)(20)(20)+6(00)(00)(00)(00)(12)(00)(00)(00)
[19:10:51.41] OK:(15)0(01)(00)(00)(01)(11)(01)(00)(FF)(FF)(FF)(00)(00)(00)(00)(00)(00)(00)(00)(00)
[19:10:51.44] OK:(17)4(20)(20)BASS(20)(20)(20)(20)(20)(20)+6(00)(00)(00)(00)(12)(00)(00)(00)
[19:10:51.47] OK:(15)0(01)(00)(00)(01)(11)(01)(00)(FF)(FF)(FF)(00)(00)(00)(00)(00)(00)(00)(00)(00)
[19:10:51.48] OK:(17)4(20)(20)BASS(20)(20)(20)(20)(20)(20)+6(00)(00)(00)(00)(12)(00)(00)(00)
[19:10:51.61] OK:(15)0(01)(00)(00)(01)(11)(01)(00)(FF)(FF)(FF)(00)(00)(00)(00)(00)(00)(00)(00)(00)
[19:10:51.64] OK:(15)0(01)(00)(00)(01)(11)(01)(00)(FF)(FF)(FF)(00)(00)(00)(00)(00)(00)(00)(00)(00)
[19:10:51.66] OK:(17)4(20)(20)BASS(20)(20)(20)(20)(20)(20)+5(00)(00)(00)(00)(13)(00)(00)(00)
[19:10:51.69] OK:(15)0(01)(00)(00)(01)(11)(01)(00)(FF)(FF)(FF)(00)(00)(00)(00)(00)(00)(00)(00)(00)
[19:10:51.70] OK:(17)4(20)(20)BASS(20)(20)(20)(20)(20)(20)+4(00)(00)(00)(00)(13)(00)(00)(00)
[19:10:51.73] OK:(15)0(01)(00)(00)(01)(11)(01)(00)(FF)(FF)(FF)(00)(00)(00)(00)(00)(00)(00)(00)(00)
[19:10:51.75] OK:(17)4(20)(20)BASS(20)(20)(20)(20)(20)(20)+3(00)(00)(00)(00)(13)(00)(00)(00)
[19:10:51.76] OK:(15)0(01)(00)(00)(01)(11)(01)(00)(FF)(FF)(FF)(00)(00)(00)(00)(00)(00)(00)(00)(00)
[19:10:51.78] OK:(17)4(20)(20)BASS(20)(20)(20)(20)(20)(20)+2(00)(00)(00)(00)(13)(00)(00)(00)
[19:10:51.81] OK:(15)0(01)(00)(00)(01)(11)(01)(00)(FF)(FF)(FF)(00)(00)(00)(00)(00)(00)(00)(00)(00)
[19:10:51.83] OK:(17)4(20)(20)BASS(20)(20)(20)(20)(20)(20)+2(00)(00)(00)(00)(13)(00)(00)(00)
[19:10:51.84] OK:(17)4(20)(20)BASS(20)(20)(20)(20)(20)(20)+1(00)(00)(00)(00)(13)(00)(00)(00)
[19:10:51.86] OK:(17)4(20)(20)BASS(20)(20)(20)(20)(20)(20)+1(00)(00)(00)(00)(13)(00)(00)(00)
[19:10:51.89] OK:(17)4(20)(20)BASS(20)(20)(20)(20)(20)(20)(20)C(00)(00)(00)(00)(13)(00)(00)(00)
[19:10:51.94] OK:(15)0(01)(00)(00)(01)(11)(01)(00)(FF)(FF)(FF)(00)(00)(00)(00)(00)(00)(00)(00)(00)
[19:10:51.95] OK:(15)0(01)(00)(00)(01)(11)(01)(00)(FF)(FF)(FF)(00)(00)(00)(00)(00)(00)(00)(00)(00)
[19:10:51.98] OK:(17)4(20)(20)BASS(20)(20)(20)(20)(20)(20)(20)C(00)(00)(00)(00)(13)(00)(00)(00)
[19:10:52.3] OK:(15)0(01)(00)(00)(01)(11)(01)(00)(FF)(FF)(FF)(00)(00)(00)(00)(00)(00)(00)(00)(00)
[19:10:52.5] OK:(15)0(01)(00)(00)(01)(11)(01)(00)(FF)(FF)(FF)(00)(00)(00)(00)(00)(00)(00)(00)(00)
[19:10:52.8] OK:(17)4(20)(20)BASS(20)(20)(20)(20)(20)(20)(20)C(00)(00)(00)(00)(13)(00)(00)(00)
[19:10:53.6] OK:(15)0(01)(00)(00)(01)(11)(01)(00)(FF)(FF)(FF)(00)(00)(00)(00)(00)(00)(00)(00)(00)
[19:10:53.9] OK:(17)4(20)(20)BASS(20)(20)(20)(20)(20)(20)(20)C(00)(00)(00)(02)(11)(00)(00)(00)
[19:10:53.11] OK:(17)4(20)(20)BASS(20)(20)(20)(20)(20)(20)(20)C(00)(00)(00)(02)(11)(00)(00)(00)
[19:10:53.84] OK:(15)0(01)(00)(00)(01)(11)(01)(00)(FF)(FF)(FF)(00)(00)(00)(00)(00)(00)(00)(00)(00)
[19:10:53.89] OK:(17)4(20)(20)TREBLE(20)(20)(20)(20)+3(00)(00)(00)(02)(13)(00)(00)(00)
[19:10:54.42] OK:(15)0(01)(00)(00)(01)(11)(01)(00)(FF)(FF)(FF)(00)(00)(00)(00)(00)(00)(00)(00)(00)
[19:10:54.45] OK:(17)4(20)(20)TREBLE(20)(20)(20)(20)+3(00)(00)(00)(00)(13)(00)(00)(00)
[19:10:54.48] OK:(17)4(20)(20)TREBLE(20)(20)(20)(20)+3(00)(00)(00)(00)(13)(00)(00)(00)
[19:10:55.0] OK:(15)0(01)(00)(00)(01)(11)(01)(00)(FF)(FF)(FF)(00)(00)(00)(00)(00)(00)(00)(00)(00)
[19:10:55.5] OK:(15)0(01)(00)(00)(01)(11)(01)(00)(FF)(FF)(FF)(00)(00)(00)(00)(00)(00)(00)(00)(00)
[19:10:55.8] OK:(17)4(20)(20)TREBLE(20)(20)(20)(20)+4(00)(00)(00)(00)(13)(00)(00)(00)
[19:10:55.22] OK:(15)0(01)(00)(00)(01)(11)(01)(00)(FF)(FF)(FF)(00)(00)(00)(00)(00)(00)(00)(00)(00)
[19:10:55.26] OK:(15)0(01)(00)(00)(01)(11)(01)(00)(FF)(FF)(FF)(00)(00)(00)(00)(00)(00)(00)(00)(00)
[19:10:55.30] OK:(17)4(20)(20)TREBLE(20)(20)(20)(20)+5(00)(00)(00)(00)(13)(00)(00)(00)
[19:10:55.76] OK:(15)0(01)(00)(00)(01)(11)(01)(00)(FF)(FF)(FF)(00)(00)(00)(00)(00)(00)(00)(00)(00)
[19:10:55.80] OK:(15)0(01)(00)(00)(01)(11)(01)(00)(FF)(FF)(FF)(00)(00)(00)(00)(00)(00)(00)(00)(00)
[19:10:55.80] OK:(17)4(20)(20)TREBLE(20)(20)(20)(20)+4(00)(00)(00)(00)(13)(00)(00)(00)
[19:10:56.6] OK:(15)0(01)(00)(00)(01)(11)(01)(00)(FF)(FF)(FF)(00)(00)(00)(00)(00)(00)(00)(00)(00)
[19:10:56.9] OK:(15)0(01)(00)(00)(01)(11)(01)(00)(FF)(FF)(FF)(00)(00)(00)(00)(00)(00)(00)(00)(00)
[19:10:56.12] OK:(17)4(20)(20)TREBLE(20)(20)(20)(20)+3(00)(00)(00)(00)(13)(00)(00)(00)
[19:10:56.39] OK:(15)0(01)(00)(00)(01)(11)(01)(00)(FF)(FF)(FF)(00)(00)(00)(00)(00)(00)(00)(00)(00)
[19:10:56.42] OK:(15)0(01)(00)(00)(01)(11)(01)(00)(FF)(FF)(FF)(00)(00)(00)(00)(00)(00)(00)(00)(00)
[19:10:56.44] OK:(17)4(20)(20)TREBLE(20)(20)(20)(20)+4(00)(00)(00)(00)(13)(00)(00)(00)
[19:10:56.62] OK:(15)0(01)(00)(00)(01)(11)(01)(00)(FF)(FF)(FF)(00)(00)(00)(00)(00)(00)(00)(00)(00)
[19:10:56.66] OK:(15)0(01)(00)(00)(01)(11)(01)(00)(FF)(FF)(FF)(00)(00)(00)(00)(00)(00)(00)(00)(00)
[19:10:56.69] OK:(17)4(20)(20)TREBLE(20)(20)(20)(20)+5(00)(00)(00)(00)(13)(00)(00)(00)
[19:10:56.94] OK:(15)0(01)(00)(00)(01)(11)(01)(00)(FF)(FF)(FF)(00)(00)(00)(00)(00)(00)(00)(00)(00)
[19:10:56.98] OK:(15)0(01)(00)(00)(01)(11)(01)(00)(FF)(FF)(FF)(00)(00)(00)(00)(00)(00)(00)(00)(00)
[19:10:57.1] OK:(17)4(20)(20)TREBLE(20)(20)(20)(20)+4(00)(00)(00)(00)(13)(00)(00)(00)
[19:10:57.23] OK:(15)0(01)(00)(00)(01)(11)(01)(00)(FF)(FF)(FF)(00)(00)(00)(00)(00)(00)(00)(00)(00)
[19:10:57.28] OK:(15)0(01)(00)(00)(01)(11)(01)(00)(FF)(FF)(FF)(00)(00)(00)(00)(00)(00)(00)(00)(00)
[19:10:57.30] OK:(17)4(20)(20)TREBLE(20)(20)(20)(20)+3(00)(00)(00)(00)(13)(00)(00)(00)
[19:10:58.70] OK:(15)0(01)(00)(00)(01)(11)(01)(00)(FF)(FF)(FF)(00)(00)(00)(00)(00)(00)(00)(00)(00)
[19:10:58.73] OK:(17)4(20)(20)TREBLE(20)(20)(20)(20)+3(00)(00)(00)(02)(13)(00)(00)(00)
[19:10:58.76] OK:(17)4(20)(20)TREBLE(20)(20)(20)(20)+3(00)(00)(00)(02)(13)(00)(00)(00)
[19:11:00.70] OK:(15)0(01)(00)(00)(01)(11)(01)(00)(FF)(FF)(FF)(00)(00)(00)(00)(00)(00)(00)(00)(00)
[19:11:00.75] OK:(17)4(20)(20)FADER(20)(20)(20)(20)(20)(20)C(00)(00)(00)(02)(13)(00)(00)(00)
[19:11:01.0] OK:(15)0(01)(00)(00)(01)(11)(01)(00)(FF)(FF)(FF)(00)(00)(00)(00)(00)(00)(00)(00)(00)
[19:11:01.1] OK:(17)4(20)(20)BALANCE(20)(20)(20)(20)C(00)(00)(00)(02)(13)(00)(00)(00)
[19:11:01.36] OK:(15)0(01)(00)(00)(01)(11)(01)(00)(FF)(FF)(FF)(00)(00)(00)(00)(00)(00)(00)(00)(00)
[19:11:01.39] OK:(17)4(20)(20)CENTER(20)(20)(20)(20)(20)C(00)(00)(00)(02)(13)(00)(00)(00)
[19:11:01.45] OK:(15)0(01)(00)(00)(01)(11)(01)(00)(FF)(FF)(FF)(00)(00)(00)(00)(00)(00)(00)(00)(00)
[19:11:01.48] OK:(17)4(20)(20)SUBW(20)(20)(20)(20)(20)(20)+3(00)(00)(00)(02)(13)(00)(00)(00)
[19:11:01.53] OK:(15)0(01)(00)(00)(01)(11)(01)(00)(FF)(FF)(FF)(00)(00)(00)(00)(00)(00)(00)(00)(00)
[19:11:01.56] OK:(17)4(20)(20)SVC(20)(20)(20)(20)(20)(20)OFF(00)(00)(00)(02)(13)(00)(00)(00)
[19:11:01.59] OK:(15)0(01)(00)(00)(01)(11)(01)(00)(FF)(FF)(FF)(00)(00)(00)(00)(00)(00)(00)(00)(00)
[19:11:01.64] OK:(17)4(20)(00)RDS(20)(20)(20)SETTING(00)(00)(02)(13)(00)(00)(00)
[19:11:01.66] OK:(15)0(01)(00)(00)(01)(11)(01)(00)(FF)(FF)(FF)(00)(00)(00)(00)(00)(00)(00)(00)(00)
[19:11:01.69] OK:(17)4(20)(00)CLOCK(20):(20)24H(20)(20)(00)(00)(02)(12)(00)(00)(00)
[19:11:01.70] OK:(15)0(01)(00)(00)(01)(11)(01)(00)(FF)(FF)(FF)(00)(00)(00)(00)(00)(00)(00)(00)(00)
[19:11:01.70] OK:(17)4(20)(00)CLOCK(20):(20)24H(20)(20)(00)(00)(02)(12)(00)(00)(00)
[19:11:01.72] OK:(15)0(01)(00)(00)(01)(11)(01)(00)(FF)(FF)(FF)(00)(00)(00)(00)(00)(00)(00)(00)(00)
[19:11:01.73] OK:(17)4(20)(00)CLOCK(20):(20)24H(20)(20)(00)(00)(02)(12)(00)(00)(00)
[19:11:01.75] OK:(15)0(01)(00)(00)(01)(11)(01)(00)(FF)(FF)(FF)(00)(00)(00)(00)(00)(00)(00)(00)(00)
[19:11:01.76] OK:(17)4(20)(00)CLOCK(20):(20)24H(20)(20)(00)(00)(02)(12)(00)(00)(00)
[19:11:01.78] OK:(15)0(01)(00)(00)(01)(11)(01)(00)(FF)(FF)(FF)(00)(00)(00)(00)(00)(00)(00)(00)(00)
[19:11:01.80] OK:(17)4(20)(00)CLOCK(20):(20)24H(20)(20)(00)(00)(02)(12)(00)(00)(00)
[19:11:01.92] OK:(15)0(01)(00)(00)(01)(11)(01)(00)(FF)(FF)(FF)(00)(00)(00)(00)(00)(00)(00)(00)(00)
[19:11:01.95] OK:(17)4(20)(00)CLOCK(20):(20)24H(20)(20)(00)(00)(02)(12)(00)(00)(00)
[19:11:01.97] OK:(15)0(01)(00)(00)(01)(11)(01)(00)(FF)(FF)(FF)(00)(00)(00)(00)(00)(00)(00)(00)(00)
[19:11:01.98] OK:(17)4(20)(00)CLOCK(20):(20)24H(20)(20)(00)(00)(02)(12)(00)(00)(00)
[19:11:02.45] OK:(15)0(01)(00)(00)(01)(11)(01)(00)(FF)(FF)(FF)(00)(00)(00)(00)(00)(00)(00)(00)(00)
[19:11:02.47] OK:(05):(01)(F7)(10)(06)
[19:11:02.50] OK:(17)4(20)(00)CLOCK(20):(20)12H(20)(20)(00)(00)(02)(12)(00)(00)(00)
[19:11:03.33] OK:(15)0(01)(00)(00)(01)(11)(01)(00)(FF)(FF)(FF)(00)(00)(00)(00)(00)(00)(00)(00)(00)
[19:11:03.38] OK:(17)4(20)(00)CLOCK(20):(20)12H(20)(20)(00)(00)(02)(12)(00)(00)(00)
[19:11:03.42] OK:(15)0(01)(00)(00)(01)(11)(01)(00)(FF)(FF)(FF)(00)(00)(00)(00)(00)(00)(00)(00)(00)
[19:11:03.45] OK:(17)4(20)(00)CLOCK(20):(20)12H(20)(20)(00)(00)(02)(12)(00)(00)(00)
[19:11:03.67] OK:(15)0(01)(00)(00)(01)(11)(01)(00)(FF)(FF)(FF)(00)(00)(00)(00)(00)(00)(00)(00)(00)
[19:11:03.72] OK:(17)4(20)(00)CLOCK(20):(20)12H(20)(20)(00)(00)(02)(12)(00)(00)(00)
[19:11:03.86] OK:(15)0(01)(00)(00)(01)(11)(01)(00)(FF)(FF)(FF)(00)(00)(00)(00)(00)(00)(00)(00)(00)
[19:11:03.91] OK:(17)4(20)(00)RDS(20)(20)(20)SETTING(00)(00)(02)(13)(00)(00)(00)
[19:11:04.44] OK:(15)0(01)(00)(00)(01)(11)(01)(00)(FF)(FF)(FF)(00)(00)(00)(00)(00)(00)(00)(00)(00)
[19:11:04.47] OK:(17)4(20)(00)CLOCK(20):(20)12H(20)(20)(00)(00)(02)(12)(00)(00)(00)
[19:11:04.66] OK:(15)0(01)(00)(00)(01)(11)(01)(00)(FF)(FF)(FF)(00)(00)(00)(00)(00)(00)(00)(00)(00)
[19:11:04.69] OK:(17)4(20)(00)CLOCK(20):(20)12H(20)(20)(00)(00)(02)(12)(00)(00)(00)
[19:11:04.78] OK:(15)0(01)(00)(00)(01)(11)(01)(00)(FF)(FF)(FF)(00)(00)(00)(00)(00)(00)(00)(00)(00)
[19:11:04.84] OK:(17)4(20)(00)CLOCK(20):(20)12H(20)(20)(00)(00)(02)(12)(00)(00)(00)
[19:11:05.22] OK:(15)0(01)(00)(00)(01)(11)(01)(00)(FF)(FF)(FF)(00)(00)(00)(00)(00)(00)(00)(00)(00)
[19:11:05.26] OK:(05):(01)(19)(10)(04)
[19:11:05.28] OK:(17)4(20)(00)CLOCK(20):(20)24H(20)(20)(00)(00)(02)(12)(00)(00)(00)
[19:11:07.44] OK:(15)0(01)(00)(00)(01)(11)(01)(00)(FF)(FF)(FF)(00)(00)(00)(00)(00)(00)(00)(00)(00)
[19:11:07.47] OK:(05):(01)(19)(11)(04)
[19:11:07.50] OK:(17)4(20)(00)CLOCK(20):(20)24H(20)(20)(00)(00)(02)(12)(00)(00)(00)
[19:11:09.39] OK:(15)0(01)(00)(00)(01)(11)(01)(00)(FF)(FF)(FF)(00)(00)(00)(00)(00)(00)(00)(00)(00)
[19:11:09.42] OK:(05):(01)(F7)(11)(06)
[19:11:09.44] OK:(17)4(20)(00)CLOCK(20):(20)12H(20)(20)(00)(00)(02)(12)(00)(00)(00)
[19:11:10.56] OK:(15)0(01)(00)(00)(01)(11)(01)(00)(FF)(FF)(FF)(00)(00)(00)(00)(00)(00)(00)(00)(00)
[19:11:10.59] OK:(05):(01)(19)(11)(04)
[19:11:10.62] OK:(17)4(20)(00)CLOCK(20):(20)24H(20)(20)(00)(00)(02)(12)(00)(00)(00)
[19:11:12.36] OK:(15)0(01)(00)(00)(01)(11)(01)(00)(FF)(FF)(FF)(00)(00)(00)(00)(00)(00)(00)(00)(00)
[19:11:12.39] OK:(17)4(20)(00)RDS(20)(20)(20)SETTING(00)(00)(02)(13)(00)(00)(00)
[19:11:13.55] OK:(15)0(01)(00)(00)(01)(11)(01)(00)(FF)(FF)(FF)(00)(00)(00)(00)(00)(00)(00)(00)(00)
[19:11:13.59] OK:(17)41(00)AF(20)(20)(20)(20)(20)(20)(20)OFF(00)(00)(00)(02)(11)(00)(00)(00)
[19:11:14.94] OK:(15)0(01)(00)(00)(01)(11)(01)(00)(FF)(FF)(FF)(00)(00)(00)(00)(00)(00)(00)(00)(00)
[19:11:14.98] OK:(15)0(01)(00)(00)(01)(11)(01)(00)(FF)(FF)(FF)(00)(00)(00)(00)(00)(00)(00)(00)(00)
[19:11:15.1] OK:(17)41(00)AF(20)(20)(20)(20)(20)(20)(20)ON(20)(00)(00)(00)(02)(11)(00)(00)(00)
[19:11:17.0] OK:(15)0(01)(00)(00)(01)(11)(01)(00)(FF)(FF)(FF)(00)(00)(00)(00)(00)(00)(00)(00)(00)
[19:11:17.3] OK:(15)0(01)(00)(00)(01)(11)(01)(00)(FF)(FF)(FF)(00)(00)(00)(00)(00)(00)(00)(00)(00)
[19:11:17.5] OK:(17)41(00)AF(20)(20)(20)(20)(20)(20)(20)OFF(00)(00)(00)(02)(11)(00)(00)(00)
[19:11:17.61] OK:(15)0(01)(00)(00)(01)(11)(01)(00)(FF)(FF)(FF)(00)(00)(00)(00)(00)(00)(00)(00)(00)
[19:11:17.64] OK:(17)42(00)REGIONAL(20)OFF(00)(00)(00)(02)(13)(00)(00)(00)
[19:11:18.95] OK:(15)0(01)(00)(00)(01)(11)(01)(00)(FF)(FF)(FF)(00)(00)(00)(00)(00)(00)(00)(00)(00)
[19:11:19.0] OK:(15)0(01)(00)(00)(01)(11)(01)(00)(FF)(FF)(FF)(00)(00)(00)(00)(00)(00)(00)(00)(00)
[19:11:19.1] OK:(17)42(00)REGIONAL(20)ON(20)(00)(00)(00)(02)(13)(00)(00)(00)
[19:11:19.75] OK:(15)0(01)(00)(00)(01)(11)(01)(00)(FF)(FF)(FF)(00)(00)(00)(00)(00)(00)(00)(00)(00)
[19:11:19.78] OK:(15)0(01)(00)(00)(01)(11)(01)(00)(FF)(FF)(FF)(00)(00)(00)(00)(00)(00)(00)(00)(00)
[19:11:19.81] OK:(17)42(00)REGIONAL(20)OFF(00)(00)(00)(02)(13)(00)(00)(00)
[19:11:20.38] OK:(15)0(01)(00)(00)(01)(11)(01)(00)(FF)(FF)(FF)(00)(00)(00)(00)(00)(00)(00)(00)(00)
[19:11:20.41] OK:(17)43(00)PS(20)(20)(20)(20)(20)(20)(20)ON(20)(00)(00)(00)(02)(13)(00)(00)(00)
[19:11:21.36] OK:(15)0(01)(00)(00)(01)(11)(01)(00)(FF)(FF)(FF)(00)(00)(00)(00)(00)(00)(00)(00)(00)
[19:11:21.39] OK:(15)0(01)(00)(00)(01)(11)(01)(00)(FF)(FF)(FF)(00)(00)(00)(00)(00)(00)(00)(00)(00)
[19:11:21.42] OK:(17)43(00)PS(20)(20)(20)(20)(20)(20)(20)OFF(00)(00)(00)(02)(13)(00)(00)(00)
[19:11:21.76] OK:(15)0(01)(00)(00)(01)(11)(01)(00)(FF)(FF)(FF)(00)(00)(00)(00)(00)(00)(00)(00)(00)
[19:11:21.80] OK:(15)0(01)(00)(00)(01)(11)(01)(00)(FF)(FF)(FF)(00)(00)(00)(00)(00)(00)(00)(00)(00)
[19:11:21.83] OK:(17)43(00)PS(20)(20)(20)(20)(20)(20)(20)ON(20)(00)(00)(00)(02)(13)(00)(00)(00)
[19:11:22.36] OK:(15)0(01)(00)(00)(01)(11)(01)(00)(FF)(FF)(FF)(00)(00)(00)(00)(00)(00)(00)(00)(00)
[19:11:22.38] OK:(17)44(00)AUTO(20)TP(20)(20)ON(20)(00)(00)(00)(02)(13)(00)(00)(00)
[19:11:23.3] OK:(15)0(01)(00)(00)(01)(11)(01)(00)(FF)(FF)(FF)(00)(00)(00)(00)(00)(00)(00)(00)(00)
[19:11:23.6] OK:(15)0(01)(00)(00)(01)(11)(01)(00)(FF)(FF)(FF)(00)(00)(00)(00)(00)(00)(00)(00)(00)
[19:11:23.9] OK:(17)44(00)AUTO(20)TP(20)(20)OFF(00)(00)(00)(02)(13)(00)(00)(00)
[19:11:23.56] OK:(15)0(01)(00)(00)(01)(11)(01)(00)(FF)(FF)(FF)(00)(00)(00)(00)(00)(00)(00)(00)(00)
[19:11:23.59] OK:(15)0(01)(00)(00)(01)(11)(01)(00)(FF)(FF)(FF)(00)(00)(00)(00)(00)(00)(00)(00)(00)
[19:11:23.62] OK:(17)44(00)AUTO(20)TP(20)(20)ON(20)(00)(00)(00)(02)(13)(00)(00)(00)
[19:11:24.53] OK:(15)0(01)(00)(00)(01)(11)(01)(00)(FF)(FF)(FF)(00)(00)(00)(00)(00)(00)(00)(00)(00)
[19:11:24.56] OK:(17)45(00)NEWS(20)(20)(20)(20)(20)OFF(00)(00)(00)(02)(12)(00)(00)(00)
[19:11:25.34] OK:(15)0(01)(00)(00)(01)(11)(01)(00)(FF)(FF)(FF)(00)(00)(00)(00)(00)(00)(00)(00)(00)
[19:11:25.36] OK:(17)45(00)NEWS(20)(20)(20)(20)(20)OFF(00)(00)(00)(02)(12)(00)(00)(00)
[19:11:25.41] OK:(15)0(01)(00)(00)(01)(11)(01)(00)(FF)(FF)(FF)(00)(00)(00)(00)(00)(00)(00)(00)(00)
[19:11:25.42] OK:(17)45(00)NEWS(20)(20)(20)(20)(20)OFF(00)(00)(00)(02)(12)(00)(00)(00)
[19:11:25.56] OK:(15)0(01)(00)(00)(01)(11)(01)(00)(FF)(FF)(FF)(00)(00)(00)(00)(00)(00)(00)(00)(00)
[19:11:25.58] OK:(17)45(00)NEWS(20)(20)(20)(20)(20)OFF(00)(00)(00)(02)(12)(00)(00)(00)
[19:11:25.66] OK:(15)0(01)(00)(00)(01)(11)(01)(00)(FF)(FF)(FF)(00)(00)(00)(00)(00)(00)(00)(00)(00)
[19:11:25.67] OK:(17)45(00)NEWS(20)(20)(20)(20)(20)OFF(00)(00)(00)(02)(12)(00)(00)(00)
[19:11:26.1] OK:(15)0(01)(00)(00)(01)(11)(01)(00)(FF)(FF)(FF)(00)(00)(00)(00)(00)(00)(00)(00)(00)
[19:11:26.5] OK:(15)0(01)(00)(00)(01)(11)(01)(00)(FF)(FF)(FF)(00)(00)(00)(00)(00)(00)(00)(00)(00)
[19:11:26.8] OK:(17)45(00)NEWS(20)(20)(20)(20)(20)ON(20)(00)(00)(00)(02)(12)(00)(00)(00)
[19:11:26.76] OK:(15)0(01)(00)(00)(01)(11)(01)(00)(FF)(FF)(FF)(00)(00)(00)(00)(00)(00)(00)(00)(00)
[19:11:26.80] OK:(15)0(01)(00)(00)(01)(11)(01)(00)(FF)(FF)(FF)(00)(00)(00)(00)(00)(00)(00)(00)(00)
[19:11:26.83] OK:(17)45(00)NEWS(20)(20)(20)(20)(20)OFF(00)(00)(00)(02)(12)(00)(00)(00)
[19:11:28.28] OK:(15)0(01)(00)(00)(01)(11)(01)(00)(FF)(FF)(FF)(00)(00)(00)(00)(00)(00)(00)(00)(00)
[19:11:28.31] OK:(17)4(20)(00)RDS(20)(20)(20)SETTING(00)(00)(02)(13)(00)(00)(00)
[19:11:28.94] OK:(15)0(01)(00)(00)(01)(11)(01)(00)(FF)(FF)(FF)(00)(00)(00)(00)(00)(00)(00)(00)(00)
[19:11:28.97] OK:(17)4(20)(20)SVC(20)(20)(20)(20)(20)(20)OFF(00)(00)(00)(02)(13)(00)(00)(00)
[19:11:29.14] OK:(15)0(01)(00)(00)(01)(11)(01)(00)(FF)(FF)(FF)(00)(00)(00)(00)(00)(00)(00)(00)(00)
[19:11:29.17] OK:(17)4(20)(20)SUBW(20)(20)(20)(20)(20)(20)+3(00)(00)(00)(02)(13)(00)(00)(00)
[19:11:29.26] OK:(15)0(01)(00)(00)(01)(11)(01)(00)(FF)(FF)(FF)(00)(00)(00)(00)(00)(00)(00)(00)(00)
[19:11:29.30] OK:(17)4(20)(20)CENTER(20)(20)(20)(20)(20)C(00)(00)(00)(02)(13)(00)(00)(00)
[19:11:29.39] OK:(15)0(01)(00)(00)(01)(11)(01)(00)(FF)(FF)(FF)(00)(00)(00)(00)(00)(00)(00)(00)(00)
[19:11:29.42] OK:(17)4(20)(20)BALANCE(20)(20)(20)(20)C(00)(00)(00)(02)(13)(00)(00)(00)
[19:11:29.53] OK:(15)0(01)(00)(00)(01)(11)(01)(00)(FF)(FF)(FF)(00)(00)(00)(00)(00)(00)(00)(00)(00)
[19:11:29.56] OK:(17)4(20)(20)FADER(20)(20)(20)(20)(20)(20)C(00)(00)(00)(02)(13)(00)(00)(00)
[19:11:29.84] OK:(15)0(01)(00)(00)(01)(11)(01)(00)(FF)(FF)(FF)(00)(00)(00)(00)(00)(00)(00)(00)(00)
[19:11:29.88] OK:(17)4(20)(20)TREBLE(20)(20)(20)(20)+3(00)(00)(00)(02)(13)(00)(00)(00)
[19:11:31.59] OK:(15)0(01)(00)(00)(01)(11)(01)(00)(FF)(FF)(FF)(00)(00)(00)(00)(00)(00)(00)(00)(00)
[19:11:31.64] OK:(0A)7(00)(00)(00)(00)(00)(00)(00)(00)(00)
[19:11:31.69] OK:(15)0(01)(00)(00)"(11)(01)(01)(FF)(91)`@(03)MAXIMAFM