
[19:02:40.34] Started
[19:02:47.98] OK:(15)0(01)(00)(00)"(11)(01)(01)(FF)(91)`@(03)MAXIMAFM
[19:02:53.1] OK:(15)0(01)(00)(00)"(11)(01)(01)(FF)(91)`@(03)MAXIMAFM
[19:02:56.26] OK:(15)0(01)(00)(00)"(11)(01)(01)(FF)(91)`@(03)MAXIMAFM
[19:02:56.28] OK:(15)0(01)(00)(00)"(11)(01)(02)(F1)(06)(90)@(02)(20)ROCK(20)FM
[19:02:56.33] OK:(09)2(00)(00)(00)(02)(00)(00)(00)(BE)
[19:02:56.58] OK:(15)0(01)(00)(00)"(11)(01)(02)(F1)(06)(90)@(02)(20)ROCK(20)FM
[19:02:56.59] OK:(15)0(01)(00)(00)"(11)(01)(03)(FF)(91)0@(02)CUARENTA
[19:02:56.83] OK:(15)0(01)(00)(00)"(11)(01)(03)(FF)(91)0@(02)CUARENTA
[19:02:56.98] OK:(15)0(01)(00)(00)"(11)(01)(03)(FF)(91)0@(03)CUARENTA
[19:02:57.1] OK:(15)0(01)(00)(00)"(11)(01)(03)(FF)(91)0@(03)CUARENTA
[19:02:57.3] OK:(09)2(00)(00)(00)(02)(02)(00)(00)(BE)
[19:02:57.12] OK:(15)0(01)(00)(00)"(11)(01)(03)(FF)(91)0@(03)CUARENTA
[19:02:57.16] OK:(15)0(01)(00)(00)"(11)(01)(04)(F1)(05)0@(02)ONDA_REG
[19:02:57.17] OK:(09)2(00)(00)(00)(02)(00)(00)(00)(BE)
[19:02:57.45] OK:(15)0(01)(00)(00)"(11)(01)(04)(F1)(05)0@(02)ONDA_REG
[19:02:57.48] OK:(15)0(01)(00)(00)"(11)(01)(04)(F1)(05)0@(02)ONDA_REG
[19:02:57.50] OK:(09)2(00)(00)(00)(02)(02)(00)(00)(BE)
[19:02:57.55] OK:(15)0(01)(00)(00)"(11)(01)(04)(F1)(05)0@(02)ONDA(20)REG
[19:02:57.56] OK:(15)0(01)(00)(00)"(11)(01)(04)(F1)(05)0@(03)ONDA(20)REG
[19:02:57.59] OK:(15)0(01)(00)(00)"(11)(01)(05)(F1)(06)(90)@(02)(20)ROCK(20)FM
[19:02:57.64] OK:(09)2(00)(00)(00)(02)(00)(00)(00)(BE)
[19:02:57.81] OK:(15)0(01)(00)(00)"(11)(01)(05)(F1)(06)(90)@(02)(20)ROCK(20)FM
[19:02:57.83] OK:(15)0(01)(00)(00)"(11)(01)(05)(F1)(06)(90)@(02)(20)ROCK(20)FM
[19:02:57.86] OK:(09)2(00)(00)(00)(02)(02)(00)(00)(BE)
[19:02:57.94] OK:(15)0(01)(00)(00)"(11)(01)(05)(F1)(06)(90)@(02)(20)ROCK(20)FM
[19:02:58.12] OK:(15)0(01)(00)(00)"(11)(01)(05)(F1)(06)(90)@(03)(20)ROCK(20)FM
[19:02:58.17] OK:(15)0(01)(00)(00)"(11)(01)(06)(FF)(87)P@(02)REVIVEFM
[19:02:58.20] OK:(09)2(00)(00)(00)(02)(00)(00)(00)(BE)
[19:02:58.50] OK:(15)0(01)(00)(00)"(11)(01)(06)(FF)(87)P@(02)REVIVEFM
[19:02:58.53] OK:(15)0(01)(00)(00)"(11)(01)(06)(FF)(87)P@(03)REVIVEFM
[19:02:58.56] OK:(15)0(01)(00)(00)"(11)(01)(06)(FF)(87)P@(03)REVIVEFM
[19:02:58.58] OK:(09)2(00)(00)(00)(02)(02)(00)(00)(BE)
[19:02:59.31] OK:(15)0(01)(00)(00)"(11)(01)(06)(FF)(87)P@(03)REVIVEFM
[19:02:59.67] OK:(15)0(01)(00)(00)"(11)(01)(06)(FF)(87)P@(03)MUSICA(20)(20)
[19:02:59.70] OK:(15)0(01)(00)(00)"(11)(01)(01)(FF)(91)`@(02)MAXIMAFM
[19:02:59.73] OK:(09)2(00)(00)(00)(02)(00)(00)(00)(BE)
[19:03:00.6] OK:(15)0(01)(00)(00)"(11)(01)(01)(FF)(91)`@(02)MAXIMAFM
[19:03:01.16] OK:(15)0(01)(00)(00)"(11)(01)(01)(FF)(91)`@(03)MAXIMAFM
[19:03:01.19] OK:(15)0(01)(00)(00)"(11)(01)(01)(FF)(91)`@(03)MAXIMAFM
[19:03:01.20] OK:(09)2(00)(00)(00)(02)(02)(00)(00)(BE)
[19:03:01.76] OK:(15)0(01)(00)(00)"(11)(01)(01)(FF)(91)`@(03)MAXIMAFM
[19:03:01.80] OK:(15)0(01)(00)(00)(00)(11)(02)(00)(FF)(91)e@(00)(00)(00)(00)(00)(00)(00)(00)(00)
[19:03:01.81] OK:(09)2(00)(00)(00)(02)(00)(00)(00)(BE)
[19:03:02.26] OK:(15)0(01)(00)(00)(00)(11)(02)(00)(FF)(91)e@(00)(00)(00)(00)(00)(00)(00)(00)(00)
[19:03:02.62] OK:(15)0(01)(00)(00)(00)(11)(01)(00)(FF)(91)e@(00)(00)(00)(00)(00)(00)(00)(00)(00)
[19:03:02.97] OK:(15)0(01)(00)(00)(00)(11)(02)(00)(FF)(91)p@(00)(00)(00)(00)(00)(00)(00)(00)(00)
[19:03:03.6] OK:(15)0(01)(00)(00)(00)(11)(02)(00)(FF)(91)u@(00)(00)(00)(00)(00)(00)(00)(00)(00)
[19:03:03.11] OK:(15)0(01)(00)(00)(00)(11)(02)(00)(FF)(91)(80)@(00)(00)(00)(00)(00)(00)(00)(00)(00)
[19:03:03.22] OK:(15)0(01)(00)(00)(00)(11)(02)(00)(FF)(91)(85)@(00)(00)(00)(00)(00)(00)(00)(00)(00)
[19:03:03.26] OK:(15)0(01)(00)(00)(00)(11)(02)(00)(FF)(91)(90)@(00)(00)(00)(00)(00)(00)(00)(00)(00)
[19:03:03.76] OK:(15)0(01)(00)(00)(00)(11)(02)(00)(FF)(91)(95)@(00)(00)(00)(00)(00)(00)(00)(00)(00)
[19:03:04.0] OK:(15)0(01)(00)(00)(00)(11)(01)(00)(FF)(91)(95)@(00)(00)(00)(00)(00)(00)(00)(00)(00)
[19:03:04.5] OK:(15)0(01)(00)(00)(00)(11)(02)(00)(FF)(92)(00)@(00)(00)(00)(00)(00)(00)(00)(00)(00)
[19:03:04.12] OK:(15)0(01)(00)(00)(00)(11)(02)(00)(FF)(92)(05)@(00)(00)(00)(00)(00)(00)(00)(00)(00)
[19:03:04.17] OK:(15)0(01)(00)(00)(00)(11)(02)(00)(FF)(92)(10)@(00)(00)(00)(00)(00)(00)(00)(00)(00)
[19:03:04.20] OK:(15)0(01)(00)(00)(00)(11)(02)(00)(FF)(92)(15)@(00)(00)(00)(00)(00)(00)(00)(00)(00)
[19:03:04.31] OK:(15)0(01)(00)(00)(00)(11)(02)(00)(FF)(92)(20)@(00)(00)(00)(00)(00)(00)(00)(00)(00)
[19:03:04.34] OK:(15)0(01)(00)(00)(00)(11)(02)(00)(FF)(92)%@(00)(00)(00)(00)(00)(00)(00)(00)(00)
[19:03:04.44] OK:(15)0(01)(00)(00)(00)(11)(02)(00)(FF)(92)0@(00)(00)(00)(00)(00)(00)(00)(00)(00)
[19:03:04.94] OK:(15)0(01)(00)(00)(00)(11)(02)(00)(FF)(92)5@(00)(00)(00)(00)(00)(00)(00)(00)(00)
[19:03:05.0] OK:(15)0(01)(00)(00)(00)(11)(01)(00)(FF)(92)5@(01)(00)(00)(00)(00)(00)(00)(00)(00)
[19:03:05.3] OK:(15)0(01)(00)(00)(00)(11)(02)(00)(FF)(92)@@(00)(00)(00)(00)(00)(00)(00)(00)(00)
[19:03:05.12] OK:(15)0(01)(00)(00)(00)(11)(02)(00)(FF)(92)E@(00)(00)(00)(00)(00)(00)(00)(00)(00)
[19:03:05.16] OK:(15)0(01)(00)(00)(00)(11)(02)(00)(FF)(92)P@(00)(00)(00)(00)(00)(00)(00)(00)(00)
[19:03:05.20] OK:(15)0(01)(00)(00)(00)(11)(02)(00)(FF)(92)U@(00)(00)(00)(00)(00)(00)(00)(00)(00)
[19:03:05.25] OK:(15)0(01)(00)(00)(00)(11)(02)(00)(FF)(92)`@(00)(00)(00)(00)(00)(00)(00)(00)(00)
[19:03:05.34] OK:(15)0(01)(00)(00)(00)(11)(02)(00)(FF)(92)e@(00)(00)(00)(00)(00)(00)(00)(00)(00)
[19:03:05.45] OK:(15)0(01)(00)(00)(00)(11)(02)(00)(FF)(92)p@(00)(00)(00)(00)(00)(00)(00)(00)(00)
[19:03:05.97] OK:(15)0(01)(00)(00)(00)(11)(02)(00)(FF)(92)u@(00)(00)(00)(00)(00)(00)(00)(00)(00)
[19:03:06.0] OK:(15)0(01)(00)(00)(00)(11)(01)(00)(FF)(92)u@(00)(00)(00)(00)(00)(00)(00)(00)(00)
[19:03:06.3] OK:(15)0(01)(00)(00)(00)(11)(02)(00)(FF)(92)(80)@(00)(00)(00)(00)(00)(00)(00)(00)(00)
[19:03:06.8] OK:(15)0(01)(00)(00)(00)(11)(02)(00)(FF)(92)(85)@(00)(00)(00)(00)(00)(00)(00)(00)(00)
[19:03:06.11] OK:(15)0(01)(00)(00)(00)(11)(02)(00)(FF)(92)(90)@(00)(00)(00)(00)(00)(00)(00)(00)(00)
[19:03:06.14] OK:(15)0(01)(00)(00)(00)(11)(02)(00)(FF)(92)(95)@(00)(00)(00)(00)(00)(00)(00)(00)(00)
[19:03:06.19] OK:(15)0(01)(00)(00)(00)(11)(02)(00)(FF)(93)(00)@(00)(00)(00)(00)(00)(00)(00)(00)(00)
[19:03:06.23] OK:(15)0(01)(00)(00)(00)(11)(02)(00)(FF)(93)(05)@(00)(00)(00)(00)(00)(00)(00)(00)(00)
[19:03:06.33] OK:(15)0(01)(00)(00)(00)(11)(02)(00)(FF)(93)(10)@(00)(00)(00)(00)(00)(00)(00)(00)(00)
[19:03:06.81] OK:(15)0(01)(00)(00)(00)(11)(02)(00)(FF)(93)(15)@(00)(00)(00)(00)(00)(00)(00)(00)(00)
[19:03:06.84] OK:(15)0(01)(00)(00)(00)(11)(03)(00)(FF)(93)(10)@(00)(00)(00)(00)(00)(00)(00)(00)(00)
[19:03:06.92] OK:(15)0(01)(00)(00)(00)(11)(03)(00)(FF)(93)(05)@(00)(00)(00)(00)(00)(00)(00)(00)(00)
[19:03:06.97] OK:(15)0(01)(00)(00)(00)(11)(03)(00)(FF)(92)(95)@(00)(00)(00)(00)(00)(00)(00)(00)(00)
[19:03:07.1] OK:(15)0(01)(00)(00)(00)(11)(03)(00)(FF)(92)(85)@(00)(00)(00)(00)(00)(00)(00)(00)(00)
[19:03:07.5] OK:(15)0(01)(00)(00)(00)(11)(03)(00)(FF)(92)(80)@(00)(00)(00)(00)(00)(00)(00)(00)(00)
[19:03:07.9] OK:(15)0(01)(00)(00)(00)(11)(03)(00)(FF)(92)u@(00)(00)(00)(00)(00)(00)(00)(00)(00)
[19:03:07.12] OK:(15)0(01)(00)(00)(00)(11)(03)(00)(FF)(92)e@(00)(00)(00)(00)(00)(00)(00)(00)(00)
[19:03:07.19] OK:(15)0(01)(00)(00)(00)(11)(03)(00)(FF)(92)`@(00)(00)(00)(00)(00)(00)(00)(00)(00)
[19:03:07.22] OK:(15)0(01)(00)(00)(00)(11)(03)(00)(FF)(92)U@(00)(00)(00)(00)(00)(00)(00)(00)(00)
[19:03:07.25] OK:(15)0(01)(00)(00)(00)(11)(03)(00)(FF)(92)P@(00)(00)(00)(00)(00)(00)(00)(00)(00)
[19:03:07.30] OK:(15)0(01)(00)(00)(00)(11)(03)(00)(FF)(92)E@(00)(00)(00)(00)(00)(00)(00)(00)(00)
[19:03:07.64] OK:(15)0(01)(00)(00)(00)(11)(03)(00)(FF)(92)@@(00)(00)(00)(00)(00)(00)(00)(00)(00)
[19:03:07.67] OK:(15)0(01)(00)(00)(00)(11)(03)(00)(FF)(92)@@(02)(00)(00)(00)(00)(00)(00)(00)(00)
[19:03:07.80] OK:(15)0(01)(00)(00)"(11)(03)(00)(FF)(92)@@(02)LOCA(20)FM(20)
[19:03:08.3] OK:(15)0(01)(00)(00)"(11)(01)(00)(FF)(92)@@(03)LOCA(20)FM(20)
[19:03:08.6] OK:(15)0(01)(00)(00)(00)(11)(03)(00)(FF)(92)0@(00)(00)(00)(00)(00)(00)(00)(00)(00)
[19:03:08.9] OK:(15)0(01)(00)(00)(00)(11)(03)(00)(FF)(92)0@(00)(00)(00)(00)(00)(00)(00)(00)(00)
[19:03:08.12] OK:(15)0(01)(00)(00)(00)(11)(03)(00)(FF)(92)%@(00)(00)(00)(00)(00)(00)(00)(00)(00)
[19:03:08.16] OK:(15)0(01)(00)(00)(00)(11)(03)(00)(FF)(92)(15)@(00)(00)(00)(00)(00)(00)(00)(00)(00)
[19:03:08.19] OK:(15)0(01)(00)(00)(00)(11)(03)(00)(FF)(92)(10)@(00)(00)(00)(00)(00)(00)(00)(00)(00)
[19:03:08.23] OK:(15)0(01)(00)(00)(00)(11)(03)(00)(FF)(92)(05)@(00)(00)(00)(00)(00)(00)(00)(00)(00)
[19:03:08.26] OK:(15)0(01)(00)(00)(00)(11)(03)(00)(FF)(92)(00)@(00)(00)(00)(00)(00)(00)(00)(00)(00)
[19:03:08.28] OK:(05):(01)(19)(03)(04)
[19:03:08.73] OK:(15)0(01)(00)(00)(00)(11)(03)(00)(FF)(92)(00)@(00)(00)(00)(00)(00)(00)(00)(00)(00)
[19:03:09.22] OK:(15)0(01)(00)(00)(00)(11)(01)(00)(FF)(92)(00)@(00)(00)(00)(00)(00)(00)(00)(00)(00)
[19:03:09.25] OK:(15)0(01)(00)(00)"(11)(01)(01)(FF)(91)`@(02)MAXIMAFM
[19:03:09.61] OK:(15)0(01)(00)(00)"(11)(01)(01)(FF)(91)`@(02)MAXIMAFM
[19:03:12.78] OK:(15)0(01)(00)(00)"(11)(01)(01)(FF)(91)`@(03)MAXIMAFM
[19:03:12.81] OK:(15)0(01)(00)(00)"(11)(01)(01)(FF)(91)`@(03)MAXIMAFM
[19:03:12.83] OK:(09)2(00)(00)(00)(02)(02)(00)(00)(BE)
[19:03:13.34] OK:(15)0(01)(00)(00)"(11)(01)(01)(FF)(91)`@(03)MAXIMAFM
[19:03:13.38] OK:(15)0(01)(01)(00)(00)(11)(01)(02)(F1)(00)@@(02)(00)(00)(00)(00)(00)(00)(00)(00)
[19:03:13.39] OK:(09)2(00)(00)(00)(02)(00)(00)(00)(BE)
[19:03:15.17] OK:(15)0(01)(01)(00)(00)(11)(01)(02)(F1)(00)@@(02)(00)(00)(00)(00)(00)(00)(00)(00)
[19:03:15.20] OK:(15)0(01)(00)(00)"(11)(01)(01)(FF)(91)`@(02)MAXIMAFM
[19:03:15.55] OK:(15)0(01)(00)(00)"(11)(01)(01)(FF)(91)`@(02)MAXIMAFM
[19:03:16.89] OK:(15)0(01)(00)(00)"(11)(01)(01)(FF)(91)`@(03)MAXIMAFM
[19:03:16.92] OK:(15)0(01)(00)(00)"(11)(01)(01)(FF)(91)`@(03)MAXIMAFM
[19:03:16.94] OK:(09)2(00)(00)(00)(02)(02)(00)(00)(BE)
[19:03:17.72] OK:(15)0(01)(00)(00)"(11)(01)(01)(FF)(91)`@(03)MAXIMAFM
[19:03:17.75] OK:(15)0(01)(07)(00)(00)(11)(01)(01)(FF)S(1F)@(00)(00)(00)(00)(00)(00)(00)(00)(00)
[19:03:17.76] OK:(09)2(00)(00)(00)(02)(00)(00)(00)(BE)
[19:03:18.78] OK:(15)0(01)(07)(00)(00)(11)(01)(01)(FF)S(1F)@(00)(00)(00)(00)(00)(00)(00)(00)(00)
[19:03:18.81] OK:(15)0(01)(08)(00)(00)(11)(01)(01)(FF)(15)?@(00)(00)(00)(00)(00)(00)(00)(00)(00)
[19:03:20.0] OK:(15)0(01)(08)(00)(00)(11)(01)(01)(FF)(15)?@(00)(00)(00)(00)(00)(00)(00)(00)(00)
[19:03:20.1] OK:(15)0(01)(07)(00)(00)(11)(01)(01)(FF)S(1F)@(00)(00)(00)(00)(00)(00)(00)(00)(00)
[19:03:21.22] OK:(15)0(01)(07)(00)(00)(11)(01)(01)(FF)S(1F)@(00)(00)(00)(00)(00)(00)(00)(00)(00)
[19:03:21.25] OK:(15)0(01)(08)(00)(00)(11)(01)(01)(FF)(15)?@(00)(00)(00)(00)(00)(00)(00)(00)(00)
[19:03:22.75] OK:(15)0(01)(08)(00)(00)(11)(01)(01)(FF)(15)?@(00)(00)(00)(00)(00)(00)(00)(00)(00)
[19:03:22.76] OK:(15)0(01)(00)(00)"(11)(01)(01)(FF)(91)`@(02)MAXIMAFM
[19:03:23.20] OK:(15)0(01)(00)(00)"(11)(01)(01)(FF)(91)`@(02)MAXIMAFM