
[19:07:48.91] Started
[19:07:49.91] OK:(10)0(03)(10)(03)(01)(10)(05)(FF)(01)(FF)s(FF)(F0)Q(00)(00)
[19:07:49.94] OK:(10)0(03)(10)(01)(01)(8D)(05)(FF)(FF)(FF)(FF)(FF)(FF)(FF)(00)(00)
[19:07:49.95] OK:(10)0(03)(10)(01)(01)(8D)(05)(FF)(FF)(FF)(FF)(FF)(FF)(FF)(00)(00)
[19:07:49.97] OK:(09)2(00)(00)(00)(02)(00)(00)(00)(BE)
[19:07:50.0] OK:(10)0(03)(10)(01)(01)(89)(05)(FF)(FF)(FF)(FF)(FF)(FF)(FF)(00)(00)
[19:07:50.1] OK:(10)0(03)(10)(01)(01)(89)(05)(FF)(FF)(FF)(FF)(FF)(FF)(FF)(00)(00)
[19:07:50.3] OK:(10)0(03)(10)(01)(01)(85)(05)(FF)(FF)(FF)(FF)(FF)(FF)(FF)(00)(00)
[19:07:50.6] OK:(10)0(03)(10)(01)(01)(85)(05)(FF)(FF)(FF)(FF)(FF)(FF)(FF)(00)(00)
[19:07:50.8] OK:(10)0(03)(10)(01)(01)(82)(05)(FF)(FF)(FF)(FF)(FF)(FF)(FF)(00)(00)
[19:07:50.9] OK:(10)0(03)(10)(01)(01)(82)(05)(FF)(FF)(FF)(FF)(FF)(FF)(FF)(00)(00)
[19:07:50.11] OK:(10)0(03)(10)(01)(01)(80)(05)(FF)(FF)(FF)(FF)(FF)(FF)(FF)(00)(00)
[19:07:50.16] OK:(10)0(03)(10)(01)(01)(80)(05)(FF)(FF)(FF)(FF)(FF)(FF)(FF)(00)(00)
[19:07:50.17] OK:(10)0(03)(10)(01)(01)(80)(05)(FF)(FF)(FF)(FF)(FF)(FF)(FF)(00)(00)
[19:07:50.19] OK:(10)0(03)(10)(01)(01)(80)(05)(FF)(FF)(FF)(FF)(FF)(FF)(FF)(00)(00)
[19:07:50.20] OK:(10)0(03)(10)(01)(01)(80)(05)(FF)(FF)(FF)(FF)(FF)(FF)(FF)(00)(00)
[19:07:50.23] OK:(10)0(03)(10)(01)(01)(80)(05)(FF)(FF)(FF)(FF)(FF)(FF)(FF)(00)(00)
[19:07:50.23] OK:(10)0(03)(10)(01)(01)(80)(05)(FF)(FF)(FF)(FF)(FF)(FF)(FF)(00)(00)
[19:07:50.25] OK:(10)0(03)(10)(01)(01)(80)(05)(FF)(FF)(FF)(FF)(FF)(FF)(FF)(00)(00)
[19:07:50.25] OK:(10)0(03)(10)(01)(01)(80)(05)(FF)(FF)(FF)(FF)(FF)(FF)(FF)(00)(00)
[19:07:50.28] OK:(10)0(03)(10)(01)(01)(80)(05)(FF)(FF)(FF)(FF)(FF)(FF)(FF)(00)(00)
[19:07:50.28] OK:(10)0(03)(10)(01)(01)(80)(05)(FF)(FF)(FF)(FF)(FF)(FF)(FF)(00)(00)
[19:07:50.48] OK:(10)0(03)(10)(01)(01)(80)(05)(FF)(FF)(FF)(FF)(FF)(FF)(FF)(00)(00)
[19:07:50.50] OK:(10)0(03)(10)(01)(01)(80)(05)(FF)(FF)(FF)(FF)(FF)(FF)(FF)(00)(00)
[19:07:50.75] OK:(10)0(03)(10)(01)(01)(80)(05)(FF)(FF)(FF)(FF)(FF)(FF)(FF)(00)(00)
[19:07:50.78] OK:(10)0(03)(10)(01)(01)(82)(05)(FF)(FF)(FF)(FF)(FF)(FF)(FF)(00)(00)
[19:07:50.81] OK:(10)0(03)(10)(01)(01)(82)(05)(FF)(FF)(FF)(FF)(FF)(FF)(FF)(00)(00)
[19:07:50.83] OK:(10)0(03)(10)(01)(01)(85)(05)(FF)(FF)(FF)(FF)(FF)(FF)(FF)(00)(00)
[19:07:50.86] OK:(10)0(03)(10)(01)(01)(85)(05)(FF)(FF)(FF)(FF)(FF)(FF)(FF)(00)(00)
[19:07:50.89] OK:(10)0(03)(10)(01)(01)(89)(05)(FF)(FF)(FF)(FF)(FF)(FF)(FF)(00)(00)
[19:07:50.92] OK:(10)0(03)(10)(01)(01)(89)(05)(FF)(FF)(FF)(FF)(FF)(FF)(FF)(00)(00)
[19:07:50.94] OK:(10)0(03)(10)(01)(01)(8C)(05)(FF)(FF)(FF)(FF)(FF)(FF)(FF)(00)(00)
[19:07:50.95] OK:(10)0(03)(10)(01)(01)(8C)(05)(FF)(FF)(FF)(FF)(FF)(FF)(FF)(00)(00)
[19:07:50.97] OK:(10)0(03)(10)(01)(01)(90)(05)(FF)(FF)(FF)(FF)(FF)(FF)(FF)(00)(00)
[19:07:51.5] OK:(10)0(03)(10)(01)(01)(90)(05)(FF)(FF)(FF)(FF)(FF)(FF)(FF)(00)(00)
[19:07:51.6] OK:(10)0(03)(10)(01)(01)(90)(05)(FF)(FF)(FF)(FF)(FF)(FF)(FF)(00)(00)
[19:07:51.6] OK:(10)0(03)(10)(01)(01)(94)(05)(FF)(FF)(FF)(FF)(FF)(FF)(FF)(00)(00)
[19:07:51.8] OK:(10)0(03)(10)(01)(01)(94)(05)(FF)(FF)(FF)(FF)(FF)(FF)(FF)(00)(00)
[19:07:51.8] OK:(10)0(03)(10)(01)(01)(98)(05)(FF)(FF)(FF)(FF)(FF)(FF)(FF)(00)(00)
[19:07:51.8] OK:(10)0(03)(10)(01)(01)(98)(05)(FF)(FF)(FF)(FF)(FF)(FF)(FF)(00)(00)
[19:07:51.11] OK:(10)0(03)(10)(01)(01)(9A)(05)(FF)(FF)(FF)(FF)(FF)(FF)(FF)(00)(00)
[19:07:51.12] OK:(10)0(03)(10)(01)(01)(9A)(05)(FF)(FF)(FF)(FF)(FF)(FF)(FF)(00)(00)
[19:07:51.12] OK:(10)0(03)(10)(01)(01)(9C)(05)(FF)(FF)(FF)(FF)(FF)(FF)(FF)(00)(00)
[19:07:51.12] OK:(10)0(03)(10)(01)(01)(9C)(05)(FF)(FF)(FF)(FF)(FF)(FF)(FF)(00)(00)
[19:07:51.16] OK:(10)0(03)(10)(01)(01)(A0)(05)(FF)(FF)(FF)(FF)(FF)(FF)(FF)(00)(00)
[19:07:51.17] OK:(10)0(03)(10)(01)(01)(A0)(05)(FF)(FF)(FF)(FF)(FF)(FF)(FF)(00)(00)
[19:07:51.19] OK:(10)0(03)(10)(01)(01)(A4)(05)(FF)(FF)(FF)(FF)(FF)(FF)(FF)(00)(00)
[19:07:51.20] OK:(10)0(03)(10)(01)(01)(A4)(05)(FF)(FF)(FF)(FF)(FF)(FF)(FF)(00)(00)
[19:07:51.22] OK:(10)0(03)(10)(01)(01)(A8)(05)(FF)(FF)(FF)(FF)(FF)(FF)(FF)(00)(00)
[19:07:51.25] OK:(10)0(03)(10)(01)(01)(A8)(05)(FF)(FF)(FF)(FF)(FF)(FF)(FF)(00)(00)
[19:07:51.26] OK:(10)0(03)(10)(01)(01)(A8)(05)(FF)(FF)(FF)(FF)(FF)(FF)(FF)(00)(00)
[19:07:51.28] OK:(10)0(03)(10)(01)(01)(A8)(05)(FF)(FF)(FF)(FF)(FF)(FF)(FF)(00)(00)
[19:07:51.30] OK:(10)0(03)(10)(01)(01)(A8)(05)(FF)(FF)(FF)(FF)(FF)(FF)(FF)(00)(00)
[19:07:51.53] OK:(10)0(03)(10)(01)(01)(A8)(05)(FF)(FF)(FF)(FF)(FF)(FF)(FF)(00)(00)
[19:07:51.55] OK:(10)0(03)(10)(01)(01)(A8)(05)(FF)(FF)(FF)(FF)(FF)(FF)(FF)(00)(00)
[19:07:51.58] OK:(10)0(03)(10)(01)(01)(A8)(05)(FF)(FF)(FF)(FF)(FF)(FF)(FF)(00)(00)
[19:07:51.59] OK:(10)0(03)(10)(01)(01)(A8)(05)(FF)(FF)(FF)(FF)(FF)(FF)(FF)(00)(00)
[19:07:51.61] OK:(10)0(03)(10)(01)(01)(A8)(05)(FF)(FF)(FF)(FF)(FF)(FF)(FF)(00)(00)
[19:07:51.64] OK:(10)0(03)(10)(01)(01)(A8)(05)(FF)(FF)(FF)(FF)(FF)(FF)(FF)(00)(00)
[19:07:51.67] OK:(10)0(03)(10)(01)(01)(A8)(05)(FF)(FF)(FF)(FF)(FF)(FF)(FF)(00)(00)
[19:07:51.67] OK:(10)0(03)(10)(01)(01)(A8)(05)(FF)(FF)(FF)(FF)(FF)(FF)(FF)(00)(00)
[19:07:51.70] OK:(10)0(03)(10)(01)(01)(A8)(05)(FF)(FF)(FF)(FF)(FF)(FF)(FF)(00)(00)
[19:07:51.72] OK:(10)0(03)(10)(01)(01)(A8)(05)(FF)(FF)(FF)(FF)(FF)(FF)(FF)(00)(00)
[19:07:51.83] OK:(10)0(03)(10)(01)(01)(A8)(05)(FF)(FF)(FF)(FF)(FF)(FF)(FF)(00)(00)
[19:07:52.1] OK:(10)0(03)(10)(01)(01)(A8)(05)(FF)(FF)(FF)(FF)(FF)(FF)(FF)(00)(00)
[19:07:52.3] OK:(10)0(03)(10)(01)(01)(A7)(05)(FF)(FF)(FF)(FF)(FF)(FF)(FF)(00)(00)
[19:07:52.11] OK:(10)0(03)(10)(01)(01)(A7)(05)(FF)(FF)(FF)(FF)(FF)(FF)(FF)(00)(00)
[19:07:52.12] OK:(10)0(03)(10)(01)(01)(A4)(05)(FF)(FF)(FF)(FF)(FF)(FF)(FF)(00)(00)
[19:07:52.16] OK:(10)0(03)(10)(01)(01)(A4)(05)(FF)(FF)(FF)(FF)(FF)(FF)(FF)(00)(00)
[19:07:52.17] OK:(10)0(03)(10)(01)(01)(A0)(05)(FF)(FF)(FF)(FF)(FF)(FF)(FF)(00)(00)
[19:07:52.19] OK:(10)0(03)(10)(01)(01)(A0)(05)(FF)(FF)(FF)(FF)(FF)(FF)(FF)(00)(00)
[19:07:52.20] OK:(10)0(03)(10)(01)(01)(9C)(05)(FF)(FF)(FF)(FF)(FF)(FF)(FF)(00)(00)
[19:07:52.22] OK:(10)0(03)(10)(01)(01)(9C)(05)(FF)(FF)(FF)(FF)(FF)(FF)(FF)(00)(00)
[19:07:52.25] OK:(10)0(03)(10)(01)(01)(99)(05)(FF)(FF)(FF)(FF)(FF)(FF)(FF)(00)(00)
[19:07:52.28] OK:(10)0(03)(10)(01)(01)(99)(05)(FF)(FF)(FF)(FF)(FF)(FF)(FF)(00)(00)
[19:07:52.30] OK:(10)0(03)(10)(01)(01)(97)(05)(FF)(FF)(FF)(FF)(FF)(FF)(FF)(00)(00)
[19:07:52.33] OK:(10)0(03)(10)(01)(01)(97)(05)(FF)(FF)(FF)(FF)(FF)(FF)(FF)(00)(00)
[19:07:52.34] OK:(10)0(03)(10)(01)(01)(95)(05)(FF)(FF)(FF)(FF)(FF)(FF)(FF)(00)(00)
[19:07:52.38] OK:(10)0(03)(10)(01)(01)(95)(05)(FF)(FF)(FF)(FF)(FF)(FF)(FF)(00)(00)
[19:07:52.39] OK:(10)0(03)(10)(01)(01)(92)(05)(FF)(FF)(FF)(FF)(FF)(FF)(FF)(00)(00)
[19:07:52.42] OK:(10)0(03)(10)(01)(01)(92)(05)(FF)(FF)(FF)(FF)(FF)(FF)(FF)(00)(00)
[19:07:52.42] OK:(10)0(03)(10)(01)(01)(90)(05)(FF)(FF)(FF)(FF)(FF)(FF)(FF)(00)(00)
[19:07:52.84] OK:(10)0(03)(10)(01)(01)(90)(05)(FF)(FF)(FF)(FF)(FF)(FF)(FF)(00)(00)
[19:07:53.78] OK:(10)0(03)(10)(01)(01)(90)(05)(FF)(FF)(FF)(FF)(FF)(FF)(FF)(00)(00)
[19:07:53.81] OK:(10)0(03)(10)(01)(01)(91)(05)(FF)(FF)(FF)(FF)(FF)(FF)(FF)(00)(00)
[19:07:53.89] OK:(10)0(03)(10)(01)(01)(91)(05)(FF)(FF)(FF)(FF)(FF)(FF)(FF)(00)(00)
[19:07:54.95] OK:(10)0(03)(10)(01)(01)(91)(05)(FF)(FF)(FF)(FF)(FF)(FF)(FF)(00)(00)