
[18:53:36.55] Started
[18:53:37.88] OK:(10)0(03)(10)(03)(01)(0B)(05)(FF)(01)(FF)r(FF)(F2)(17)(00)(00)
[18:53:38.86] OK:(10)0(03)(10)(03)(01)(0B)(05)(FF)(01)(FF)r(FF)(F2)(18)(00)(00)
[18:53:39.92] OK:(10)0(03)(10)(03)(01)(0B)(05)(FF)(01)(FF)r(FF)(F2)(19)(00)(00)
[18:53:40.81] OK:(10)0(03)(10)(03)(01)(0B)(05)(FF)(01)(FF)r(FF)(F2)(20)(00)(00)
[18:53:41.81] OK:(10)0(03)(10)(03)(01)(0B)(05)(FF)(01)(FF)r(FF)(F2)!(00)(00)
[18:53:42.88] OK:(10)0(03)(10)(03)(01)(0B)(05)(FF)(01)(FF)r(FF)(F2)"(00)(00)
[18:54:35.98] Started
[18:55:01.50] OK:(10)0(03)(10)(03)(01)(0B)(05)(FF)(01)(FF)r(FF)(F3)(17)(00)(00)
[18:55:01.51] OK:(10)0(03)(10)(03)(01)(0B)(05)(FF)(01)(FF)r(FF)(F3)(18)(00)(00)
[18:55:01.51] OK:(10)0(03)(10)(03)(01)(0B)(05)(FF)(01)(FF)r(FF)(F3)(19)(00)(00)
[18:55:01.51] OK:(10)0(03)(10)(03)(01)(0B)(05)(FF)(01)(FF)r(FF)(F3)(20)(00)(00)
[18:55:01.53] OK:(10)0(03)(10)(03)(01)(0B)(05)(FF)(01)(FF)r(FF)(F3)!(00)(00)
[18:55:01.53] OK:(10)0(03)(10)(03)(01)(0B)(05)(FF)(01)(FF)r(FF)(F3)"(00)(00)
[18:55:01.53] OK:(10)0(03)(10)(03)(01)(0B)(05)(FF)(01)(FF)r(FF)(F3)#(00)(00)
[18:55:01.53] OK:(10)0(03)(10)(03)(00)(0B)(05)(FF)(01)(FF)s(FF)(F0)(00)(00)(00)
[18:55:01.55] OK:(10)0(03)(10)(03)(00)(0B)(05)(FF)(01)(FF)s(FF)(F0)(01)(00)(00)
[18:55:01.55] OK:(10)0(03)(10)(03)(00)(0B)(05)(FF)(01)(FF)s(FF)(F0)(02)(00)(00)
[18:55:01.55] OK:(10)0(03)(10)(03)(00)(0B)(05)(FF)(01)(FF)s(FF)(F0)(03)(00)(00)
[18:55:01.56] OK:(10)0(03)(10)(03)(00)(0B)(05)(FF)(01)(FF)s(FF)(F0)(04)(00)(00)
[18:55:01.56] OK:(10)0(03)(10)(03)(01)(0B)(05)(FF)(01)(FF)s(FF)(F0)(04)(00)(00)
[18:55:01.58] OK:(10)0(03)(10)(03)(01)(0B)(05)(FF)(01)(FF)s(FF)(F0)(04)(00)(00)
[18:55:01.58] OK:(17)4Hole(20)(20)(20)(20)(20)(20)(20)(20)(20)(20)(20)(20)(00)(00)(00)(00)(00)(00)
[18:55:01.59] OK:(10)0(03)(10)(03)(01)(0B)(05)(FF)(01)(FF)s(FF)(F0)(05)(00)(00)
[18:55:01.59] OK:(10)0(03)(10)(03)(01)(0B)(05)(FF)(01)(FF)s(FF)(F0)(06)(00)(00)
[18:55:01.59] OK:(10)0(03)(10)(03)(01)(0B)(05)(FF)(01)(FF)s(FF)(F0)(07)(00)(00)
[18:55:01.59] OK:(10)0(03)(10)(03)(01)(0B)(05)(FF)(01)(FF)s(FF)(F0)(08)(00)(00)
[18:55:01.61] OK:(10)0(03)(10)(03)(01)(0B)(05)(FF)(01)(FF)s(FF)(F0)(09)(00)(00)
[18:55:01.61] OK:(10)0(03)(10)(03)(01)(0B)(05)(FF)(01)(FF)s(FF)(F0)(10)(00)(00)
[18:55:01.61] OK:(10)0(03)(10)(03)(01)(0B)(05)(FF)(01)(FF)s(FF)(F0)(11)(00)(00)
[18:55:01.62] OK:(10)0(03)(10)(03)(01)(0B)(05)(FF)(01)(FF)s(FF)(F0)(12)(00)(00)
[18:55:01.62] OK:(10)0(03)(10)(03)(01)(0B)(05)(FF)(01)(FF)s(FF)(F0)(13)(00)(00)
[18:55:01.62] OK:(10)0(03)(10)(03)(01)(0B)(05)(FF)(01)(FF)s(FF)(F0)(14)(00)(00)
[18:55:01.64] OK:(10)0(03)(10)(03)(01)(0B)(05)(FF)(01)(FF)s(FF)(F0)(15)(00)(00)
[18:55:01.64] OK:(10)0(03)(10)(03)(01)(0B)(05)(FF)(01)(FF)s(FF)(F0)(16)(00)(00)
[18:55:01.72] OK:(10)0(03)(10)(03)(01)(0B)(05)(FF)(01)(FF)s(FF)(F0)(17)(00)(00)
[18:55:02.64] OK:(10)0(03)(10)(03)(01)(0B)(05)(FF)(01)(FF)s(FF)(F0)(18)(00)(00)
[18:56:10.86] Started
[18:56:11.75] OK:(10)0(03)(10)(03)(01)(0B)(05)(FF)(01)(FF)s(FF)(F1)((00)(00)
[18:56:11.78] OK:(05):(01)(18)W(04)
[18:56:12.55] OK:(10)0(03)(10)(03)(01)(0B)(05)(FF)(01)(FF)s(FF)(F1)((00)(00)
[18:56:13.58] OK:(10)0(03)(10)(03)(01)(0B)(05)(FF)(01)(FF)s(FF)(F1))(00)(00)
[18:56:14.36] OK:(10)0(03)(10)(03)(01)(0B)(05)(FF)(01)(FF)s(FF)(F1)0(00)(00)
[18:56:14.39] OK:(08)0(00)(00)(00)(00)(00)(FF)(FF)
[18:56:14.41] OK:(09)2(00)(00)(00)(00)(00)(00)(00)(BE)
[18:56:17.12] OK:(08)0(00)(00)(00)(00)(00)(FF)(FF)
[18:56:17.16] OK:(10)0(03)(10)(00)(00)(00)(00)(FF)(FF)(FF)(FF)(FF)(FF)(FF)(00)(00)
[18:56:17.17] OK:(09)2(00)(00)(00)(02)(02)(00)(00)(BE)
[18:56:17.19] OK:(10)0(03)(10)(00)(00)(00)(00)(FF)(FF)(FF)(FF)(FF)(FF)(FF)(00)(00)
[18:56:17.25] OK:(10)0(03)(10)(00)(00)(00)(00)(FF)(FF)(FF)(FF)(FF)(FF)(FF)(00)(00)
[18:56:17.30] OK:(10)0(03)(10)(00)(00)(00)(00)(FF)(FF)(FF)(FF)(FF)(FF)(FF)(00)(00)
[18:56:17.53] OK:(10)0(03)(10)(03)(00)(00)(00)(FF)(01)(FF)s(FF)(F1)0(00)(00)
[18:56:17.75] OK:(10)0(03)(10)(03)(00)(00)(05)(FF)(01)(FF)s(FF)(F1)0(00)(00)
[18:56:17.91] OK:(10)0(03)(10)(03)(00)(01)(05)(FF)(01)(FF)s(FF)(F1)0(00)(00)
[18:56:18.6] OK:(10)0(03)(10)(03)(00)(02)(05)(FF)(01)(FF)s(FF)(F1)0(00)(00)
[18:56:18.23] OK:(10)0(03)(10)(03)(00)(03)(05)(FF)(01)(FF)s(FF)(F1)0(00)(00)
[18:56:18.25] OK:(10)0(03)(10)(03)(00)(04)(05)(FF)(01)(FF)s(FF)(F1)0(00)(00)
[18:56:18.39] OK:(10)0(03)(10)(03)(00)(04)(05)(FF)(01)(FF)s(FF)(F1)1(00)(00)
[18:56:18.55] OK:(10)0(03)(10)(03)(00)(05)(05)(FF)(01)(FF)s(FF)(F1)1(00)(00)
[18:56:18.70] OK:(10)0(03)(10)(03)(00)(06)(05)(FF)(01)(FF)s(FF)(F1)1(00)(00)
[18:56:18.88] OK:(10)0(03)(10)(03)(00)(07)(05)(FF)(01)(FF)s(FF)(F1)1(00)(00)
[18:56:19.3] OK:(10)0(03)(10)(03)(00)(08)(05)(FF)(01)(FF)s(FF)(F1)1(00)(00)
[18:56:19.19] OK:(10)0(03)(10)(03)(00)(09)(05)(FF)(01)(FF)s(FF)(F1)1(00)(00)
[18:56:19.26] OK:(10)0(03)(10)(03)(00)(0A)(05)(FF)(01)(FF)s(FF)(F1)1(00)(00)
[18:56:19.34] OK:(10)0(03)(10)(03)(00)(0A)(05)(FF)(01)(FF)s(FF)(F1)2(00)(00)
[18:56:20.26] OK:(10)0(03)(10)(03)(00)(0B)(05)(FF)(01)(FF)s(FF)(F1)2(00)(00)
[18:56:21.31] OK:(10)0(03)(10)(03)(00)(0B)(05)(FF)(01)(FF)s(FF)(F1)3(00)(00)
[18:56:22.28] OK:(10)0(03)(10)(03)(00)(0B)(05)(FF)(01)(FF)s(FF)(F1)4(00)(00)
[18:56:22.34] OK:(10)0(03)(10)(03)C(0B)(05)(FF)(01)(FF)s(FF)(F1)4(00)(00)
[18:56:23.28] OK:(10)0(03)(10)(03)C(0B)(05)(FF)(01)(FF)s(FF)(F1)5(00)(00)
[18:56:23.31] OK:(10)0(03)(10)(03)(01)(0B)(05)(FF)(01)(FF)s(FF)(F1)5(00)(00)
[18:56:23.33] OK:(10)0(03)(10)(03)(01)(0B)(05)(FF)(01)(FF)s(FF)(F1)5(00)(00)
[18:56:23.38] OK:(17)4ROOT(20)(20)(20)(20)(20)(20)(20)(20)(20)(20)(20)(20)(00)(00)(00)(00)(00)(00)
[18:56:24.23] OK:(10)0(03)(10)(03)(01)(0B)(05)(FF)(01)(FF)s(FF)(F1)6(00)(00)
[18:56:25.28] OK:(10)0(03)(10)(03)(01)(0B)(05)(FF)(01)(FF)s(FF)(F1)7(00)(00)
[18:56:26.31] OK:(10)0(03)(10)(03)(01)(0B)(05)(FF)(01)(FF)s(FF)(F1)8(00)(00)
[18:56:26.80] OK:(10)0(03)(10)(03)(01)(0B)(05)(FF)(01)(FF)s(FF)(F1)9(00)(00)
[18:56:27.33] OK:(10)0(03)(10)(03)D(0B)(05)(FF)(01)(FF)s(FF)(F1)9(00)(00)
[18:56:27.80] OK:(10)0(03)(10)(03)D(0B)(05)(FF)(01)(FF)s(FF)(F1)@(00)(00)
[18:56:27.83] OK:(10)0(03)(10)(03)(01)(0B)(05)(FF)(01)(FF)s(FF)(F1)@(00)(00)
[18:56:27.86] OK:(10)0(03)(10)(03)(01)(0B)(05)(FF)(01)(FF)s(FF)(F1)@(00)(00)
[18:56:28.5] OK:(17)4Hole(20)-(20)Violet(20)(20)(20)(00)(00)(00)(00)(00)(00)
[18:56:28.8] OK:(10)0(03)(10)(01)(01)(8C)(05)(FF)(FF)(FF)(FF)(FF)(FF)(FF)(00)(00)
[18:56:28.11] OK:(17)4Hole(20)-(20)Violet(20)(20)(20)(00)(00)(00)(00)(00)(00)
[18:56:28.12] OK:(10)0(03)(10)(01)(01)(8C)(05)(FF)(FF)(FF)(FF)(FF)(FF)(FF)(00)(00)
[18:56:28.16] OK:(09)2(00)(00)(00)(02)(00)(00)(00)(BE)
[18:56:28.20] OK:(10)0(03)(10)(01)(01)(8D)(05)(FF)(FF)(FF)(FF)(FF)(FF)(FF)(00)(00)
[18:56:28.22] OK:(10)0(03)(10)(03)(01)(8D)(05)(FF)(01)(FF)s(FF)(F1)@(00)(00)
[18:56:28.23] OK:(10)0(03)(10)(01)(01)(8E)(05)(FF)(FF)(FF)(FF)(FF)(FF)(FF)(00)(00)
[18:56:28.25] OK:(10)0(03)(10)(03)(01)(8E)(05)(FF)(01)(FF)s(FF)(F1)@(00)(00)
[18:56:28.26] OK:(10)0(03)(10)(01)(01)(8F)(05)(FF)(FF)(FF)(FF)(FF)(FF)(FF)(00)(00)
[18:56:28.31] OK:(10)0(03)(10)(03)(01)(8F)(05)(FF)(01)(FF)s(FF)(F1)@(00)(00)
[18:56:28.33] OK:(10)0(03)(10)(01)(01)(90)(05)(FF)(FF)(FF)(FF)(FF)(FF)(FF)(00)(00)
[18:56:28.34] OK:(10)0(03)(10)(03)(01)(90)(05)(FF)(01)(FF)s(FF)(F1)@(00)(00)
[18:56:28.36] OK:(10)0(03)(10)(01)(01)(91)(05)(FF)(FF)(FF)(FF)(FF)(FF)(FF)(00)(00)
[18:56:28.39] OK:(10)0(03)(10)(03)(01)(91)(05)(FF)(01)(FF)s(FF)(F1)@(00)(00)
[18:56:28.39] OK:(10)0(03)(10)(01)(01)(93)(05)(FF)(FF)(FF)(FF)(FF)(FF)(FF)(00)(00)
[18:56:28.41] OK:(10)0(03)(10)(03)(01)(93)(05)(FF)(01)(FF)s(FF)(F1)@(00)(00)
[18:56:28.41] OK:(10)0(03)(10)(01)(01)(95)(05)(FF)(FF)(FF)(FF)(FF)(FF)(FF)(00)(00)
[18:56:28.42] OK:(10)0(03)(10)(03)(01)(95)(05)(FF)(01)(FF)s(FF)(F1)@(00)(00)
[18:56:28.42] OK:(10)0(03)(10)(03)(01)(95)(05)(FF)(01)(FF)s(FF)(F1)@(00)(00)
[18:56:28.42] OK:(10)0(03)(10)(01)(01)(96)(05)(FF)(FF)(FF)(FF)(FF)(FF)(FF)(00)(00)
[18:56:28.45] OK:(10)0(03)(10)(03)(01)(96)(05)(FF)(01)(FF)s(FF)(F1)@(00)(00)
[18:56:28.45] OK:(10)0(03)(10)(01)(01)(97)(05)(FF)(FF)(FF)(FF)(FF)(FF)(FF)(00)(00)
[18:56:28.47] OK:(10)0(03)(10)(03)(01)(97)(05)(FF)(01)(FF)s(FF)(F1)@(00)(00)
[18:56:28.48] OK:(10)0(03)(10)(01)(01)(99)(05)(FF)(FF)(FF)(FF)(FF)(FF)(FF)(00)(00)
[18:56:28.51] OK:(10)0(03)(10)(03)(01)(99)(05)(FF)(01)(FF)s(FF)(F1)@(00)(00)
[18:56:28.51] OK:(10)0(03)(10)(01)(01)(9B)(05)(FF)(FF)(FF)(FF)(FF)(FF)(FF)(00)(00)
[18:56:28.55] OK:(10)0(03)(10)(03)(01)(9B)(05)(FF)(01)(FF)s(FF)(F1)@(00)(00)
[18:56:28.56] OK:(10)0(03)(10)(01)(01)(9D)(05)(FF)(FF)(FF)(FF)(FF)(FF)(FF)(00)(00)
[18:56:28.58] OK:(10)0(03)(10)(03)(01)(9D)(05)(FF)(01)(FF)s(FF)(F1)@(00)(00)
[18:56:28.59] OK:(10)0(03)(10)(01)(01)(9F)(05)(FF)(FF)(FF)(FF)(FF)(FF)(FF)(00)(00)
[18:56:28.62] OK:(10)0(03)(10)(03)(01)(9F)(05)(FF)(01)(FF)s(FF)(F1)@(00)(00)
[18:56:28.64] OK:(10)0(03)(10)(01)(01)(A2)(05)(FF)(FF)(FF)(FF)(FF)(FF)(FF)(00)(00)
[18:56:28.67] OK:(10)0(03)(10)(03)(01)(A2)(05)(FF)(01)(FF)s(FF)(F1)@(00)(00)
[18:56:28.69] OK:(10)0(03)(10)(01)(01)(A5)(05)(FF)(FF)(FF)(FF)(FF)(FF)(FF)(00)(00)
[18:56:28.70] OK:(10)0(03)(10)(03)(01)(A5)(05)(FF)(01)(FF)s(FF)(F1)@(00)(00)
[18:56:28.72] OK:(10)0(03)(10)(01)(01)(A8)(05)(FF)(FF)(FF)(FF)(FF)(FF)(FF)(00)(00)
[18:56:28.75] OK:(10)0(03)(10)(03)(01)(A8)(05)(FF)(01)(FF)s(FF)(F1)@(00)(00)
[18:56:28.76] OK:(10)0(03)(10)(01)(01)(A8)(05)(FF)(FF)(FF)(FF)(FF)(FF)(FF)(00)(00)
[18:56:28.78] OK:(10)0(03)(10)(03)(01)(A8)(05)(FF)(01)(FF)s(FF)(F1)@(00)(00)
[18:56:28.80] OK:(10)0(03)(10)(01)(01)(A8)(05)(FF)(FF)(FF)(FF)(FF)(FF)(FF)(00)(00)
[18:56:28.83] OK:(10)0(03)(10)(03)(01)(A8)(05)(FF)(01)(FF)s(FF)(F1)@(00)(00)
[18:56:28.84] OK:(10)0(03)(10)(01)(01)(A8)(05)(FF)(FF)(FF)(FF)(FF)(FF)(FF)(00)(00)
[18:56:29.16] OK:(10)0(03)(10)(03)(01)(A8)(05)(FF)(01)(FF)s(FF)(F1)@(00)(00)
[18:56:29.19] OK:(10)0(03)(10)(01)(01)(A5)(05)(FF)(FF)(FF)(FF)(FF)(FF)(FF)(00)(00)
[18:56:29.20] OK:(10)0(03)(10)(03)(01)(A5)(05)(FF)(01)(FF)s(FF)(F1)@(00)(00)
[18:56:29.22] OK:(10)0(03)(10)(01)(01)(A3)(05)(FF)(FF)(FF)(FF)(FF)(FF)(FF)(00)(00)
[18:56:29.25] OK:(10)0(03)(10)(03)(01)(A3)(05)(FF)(01)(FF)s(FF)(F1)@(00)(00)
[18:56:29.28] OK:(10)0(03)(10)(01)(01)(A1)(05)(FF)(FF)(FF)(FF)(FF)(FF)(FF)(00)(00)
[18:56:29.28] OK:(10)0(03)(10)(03)(01)(A1)(05)(FF)(01)(FF)s(FF)(F1)@(00)(00)
[18:56:29.30] OK:(10)0(03)(10)(03)(01)(A1)(05)(FF)(01)(FF)s(FF)(F1)@(00)(00)
[18:56:29.31] OK:(10)0(03)(10)(01)(01)(A0)(05)(FF)(FF)(FF)(FF)(FF)(FF)(FF)(00)(00)
[18:56:29.34] OK:(10)0(03)(10)(03)(01)(A0)(05)(FF)(01)(FF)s(FF)(F1)@(00)(00)
[18:56:29.36] OK:(10)0(03)(10)(01)(01)(9F)(05)(FF)(FF)(FF)(FF)(FF)(FF)(FF)(00)(00)
[18:56:29.38] OK:(10)0(03)(10)(03)(01)(9F)(05)(FF)(01)(FF)s(FF)(F1)@(00)(00)
[18:56:29.38] OK:(10)0(03)(10)(01)(01)(9E)(05)(FF)(FF)(FF)(FF)(FF)(FF)(FF)(00)(00)
[18:56:29.41] OK:(10)0(03)(10)(03)(01)(9E)(05)(FF)(01)(FF)s(FF)(F1)@(00)(00)
[18:56:29.42] OK:(10)0(03)(10)(01)(01)(9C)(05)(FF)(FF)(FF)(FF)(FF)(FF)(FF)(00)(00)
[18:56:29.45] OK:(10)0(03)(10)(03)(01)(9C)(05)(FF)(01)(FF)s(FF)(F1)@(00)(00)
[18:56:29.48] OK:(10)0(03)(10)(01)(01)(99)(05)(FF)(FF)(FF)(FF)(FF)(FF)(FF)(00)(00)
[18:56:29.50] OK:(10)0(03)(10)(03)(01)(99)(05)(FF)(01)(FF)s(FF)(F1)@(00)(00)
[18:56:29.53] OK:(10)0(03)(10)(01)(01)(98)(05)(FF)(FF)(FF)(FF)(FF)(FF)(FF)(00)(00)
[18:56:29.53] OK:(10)0(03)(10)(03)(01)(98)(05)(FF)(01)(FF)s(FF)(F1)@(00)(00)
[18:56:29.56] OK:(10)0(03)(10)(01)(01)(96)(05)(FF)(FF)(FF)(FF)(FF)(FF)(FF)(00)(00)
[18:56:29.59] OK:(10)0(03)(10)(03)(01)(96)(05)(FF)(01)(FF)s(FF)(F1)@(00)(00)
[18:56:29.61] OK:(10)0(03)(10)(01)(01)(94)(05)(FF)(FF)(FF)(FF)(FF)(FF)(FF)(00)(00)
[18:56:29.62] OK:(10)0(03)(10)(03)(01)(94)(05)(FF)(01)(FF)s(FF)(F1)@(00)(00)
[18:56:29.64] OK:(10)0(03)(10)(01)(01)(93)(05)(FF)(FF)(FF)(FF)(FF)(FF)(FF)(00)(00)
[18:56:29.66] OK:(10)0(03)(10)(03)(01)(93)(05)(FF)(01)(FF)s(FF)(F1)@(00)(00)
[18:56:29.67] OK:(10)0(03)(10)(01)(01)(91)(05)(FF)(FF)(FF)(FF)(FF)(FF)(FF)(00)(00)
[18:56:29.70] OK:(10)0(03)(10)(03)(01)(91)(05)(FF)(01)(FF)s(FF)(F1)@(00)(00)
[18:56:29.72] OK:(10)0(03)(10)(01)(01)(8E)(05)(FF)(FF)(FF)(FF)(FF)(FF)(FF)(00)(00)
[18:56:29.73] OK:(10)0(03)(10)(03)(01)(8E)(05)(FF)(01)(FF)s(FF)(F1)@(00)(00)
[18:56:29.76] OK:(10)0(03)(10)(01)(01)(8B)(05)(FF)(FF)(FF)(FF)(FF)(FF)(FF)(00)(00)
[18:56:29.78] OK:(10)0(03)(10)(03)(01)(8B)(05)(FF)(01)(FF)s(FF)(F1)@(00)(00)
[18:56:29.80] OK:(10)0(03)(10)(01)(01)(89)(05)(FF)(FF)(FF)(FF)(FF)(FF)(FF)(00)(00)
[18:56:29.83] OK:(10)0(03)(10)(03)(01)(89)(05)(FF)(01)(FF)s(FF)(F1)@(00)(00)
[18:56:29.84] OK:(10)0(03)(10)(01)(01)(86)(05)(FF)(FF)(FF)(FF)(FF)(FF)(FF)(00)(00)
[18:56:29.86] OK:(10)0(03)(10)(03)(01)(86)(05)(FF)(01)(FF)s(FF)(F1)@(00)(00)
[18:56:29.88] OK:(10)0(03)(10)(01)(01)(85)(05)(FF)(FF)(FF)(FF)(FF)(FF)(FF)(00)(00)
[18:56:29.89] OK:(10)0(03)(10)(03)(01)(85)(05)(FF)(01)(FF)s(FF)(F1)@(00)(00)
[18:56:29.92] OK:(10)0(03)(10)(01)(01)(84)(05)(FF)(FF)(FF)(FF)(FF)(FF)(FF)(00)(00)
[18:56:30.25] OK:(10)0(03)(10)(03)(01)(84)(05)(FF)(01)(FF)s(FF)(F1)@(00)(00)
[18:56:30.47] OK:(10)0(03)(10)(03)(01)(84)(05)(FF)(01)(FF)s(FF)(F1)@(00)(00)
[18:56:30.50] OK:(10)0(03)(10)(01)(01)(83)(05)(FF)(FF)(FF)(FF)(FF)(FF)(FF)(00)(00)
[18:56:30.76] OK:(10)0(03)(10)(03)(01)(83)(05)(FF)(01)(FF)s(FF)(F1)@(00)(00)
[18:56:30.80] OK:(10)0(03)(10)(01)(01)(81)(05)(FF)(FF)(FF)(FF)(FF)(FF)(FF)(00)(00)
[18:56:30.83] OK:(10)0(03)(10)(03)(01)(81)(05)(FF)(01)(FF)s(FF)(F1)@(00)(00)
[18:56:30.83] OK:(10)0(03)(10)(01)(01)(80)(05)(FF)(FF)(FF)(FF)(FF)(FF)(FF)(00)(00)
[18:56:30.86] OK:(10)0(03)(10)(03)(01)(80)(05)(FF)(01)(FF)s(FF)(F1)@(00)(00)
[18:56:30.89] OK:(10)0(03)(10)(01)(01)(80)(05)(FF)(FF)(FF)(FF)(FF)(FF)(FF)(00)(00)
[18:56:30.91] OK:(10)0(03)(10)(03)(01)(80)(05)(FF)(01)(FF)s(FF)(F1)@(00)(00)
[18:56:30.92] OK:(10)0(03)(10)(01)(01)(80)(05)(FF)(FF)(FF)(FF)(FF)(FF)(FF)(00)(00)
[18:56:30.94] OK:(10)0(03)(10)(03)(01)(80)(05)(FF)(01)(FF)s(FF)(F1)@(00)(00)
[18:56:30.97] OK:(10)0(03)(10)(01)(01)(80)(05)(FF)(FF)(FF)(FF)(FF)(FF)(FF)(00)(00)
[18:56:31.5] OK:(10)0(03)(10)(03)(01)(80)(05)(FF)(01)(FF)s(FF)(F1)@(00)(00)
[18:56:31.6] OK:(10)0(03)(10)(01)(01)(80)(05)(FF)(FF)(FF)(FF)(FF)(FF)(FF)(00)(00)
[18:56:31.9] OK:(10)0(03)(10)(03)(01)(80)(05)(FF)(01)(FF)s(FF)(F1)@(00)(00)
[18:56:31.9] OK:(10)0(03)(10)(01)(01)(80)(05)(FF)(FF)(FF)(FF)(FF)(FF)(FF)(00)(00)
[18:56:31.31] OK:(10)0(03)(10)(03)(01)(80)(05)(FF)(01)(FF)s(FF)(F1)@(00)(00)
[18:56:31.33] OK:(10)0(03)(10)(03)(01)(80)(05)(FF)(01)(FF)s(FF)(F1)@(00)(00)
[18:56:31.62] OK:(10)0(03)(10)(03)(01)(80)(05)(FF)(01)(FF)s(FF)(F1)@(00)(00)
[18:56:31.64] OK:(10)0(03)(10)(01)(01)(80)(05)(FF)(FF)(FF)(FF)(FF)(FF)(FF)(00)(00)
[18:56:31.67] OK:(10)0(03)(10)(03)(01)(80)(05)(FF)(01)(FF)s(FF)(F1)@(00)(00)
[18:56:31.69] OK:(10)0(03)(10)(01)(01)(80)(05)(FF)(FF)(FF)(FF)(FF)(FF)(FF)(00)(00)
[18:56:31.70] OK:(10)0(03)(10)(03)(01)(80)(05)(FF)(01)(FF)s(FF)(F1)@(00)(00)
[18:56:31.73] OK:(10)0(03)(10)(01)(01)(80)(05)(FF)(FF)(FF)(FF)(FF)(FF)(FF)(00)(00)
[18:56:32.9] OK:(10)0(03)(10)(03)(01)(80)(05)(FF)(01)(FF)s(FF)(F1)@(00)(00)
[18:56:32.14] OK:(10)0(03)(10)(01)(01)(82)(05)(FF)(FF)(FF)(FF)(FF)(FF)(FF)(00)(00)
[18:56:32.14] OK:(10)0(03)(10)(03)(01)(82)(05)(FF)(01)(FF)s(FF)(F1)@(00)(00)
[18:56:32.17] OK:(10)0(03)(10)(01)(01)(83)(05)(FF)(FF)(FF)(FF)(FF)(FF)(FF)(00)(00)
[18:56:32.17] OK:(10)0(03)(10)(03)(01)(83)(05)(FF)(01)(FF)s(FF)(F1)@(00)(00)
[18:56:32.20] OK:(10)0(03)(10)(01)(01)(84)(05)(FF)(FF)(FF)(FF)(FF)(FF)(FF)(00)(00)
[18:56:32.22] OK:(10)0(03)(10)(03)(01)(84)(05)(FF)(01)(FF)s(FF)(F1)@(00)(00)
[18:56:32.23] OK:(10)0(03)(10)(01)(01)(86)(05)(FF)(FF)(FF)(FF)(FF)(FF)(FF)(00)(00)
[18:56:32.25] OK:(10)0(03)(10)(03)(01)(86)(05)(FF)(01)(FF)s(FF)(F1)@(00)(00)
[18:56:32.26] OK:(10)0(03)(10)(01)(01)(88)(05)(FF)(FF)(FF)(FF)(FF)(FF)(FF)(00)(00)
[18:56:32.30] OK:(10)0(03)(10)(03)(01)(88)(05)(FF)(01)(FF)s(FF)(F1)@(00)(00)
[18:56:32.33] OK:(10)0(03)(10)(01)(01)(8A)(05)(FF)(FF)(FF)(FF)(FF)(FF)(FF)(00)(00)
[18:56:32.34] OK:(10)0(03)(10)(03)(01)(8A)(05)(FF)(01)(FF)s(FF)(F1)@(00)(00)
[18:56:32.38] OK:(10)0(03)(10)(03)(01)(8A)(05)(FF)(01)(FF)s(FF)(F1)@(00)(00)
[18:56:32.39] OK:(10)0(03)(10)(01)(01)(8C)(05)(FF)(FF)(FF)(FF)(FF)(FF)(FF)(00)(00)
[18:56:32.39] OK:(10)0(03)(10)(03)(01)(8C)(05)(FF)(01)(FF)s(FF)(F1)@(00)(00)
[18:56:32.42] OK:(10)0(03)(10)(01)(01)(8E)(05)(FF)(FF)(FF)(FF)(FF)(FF)(FF)(00)(00)
[18:56:32.42] OK:(10)0(03)(10)(03)(01)(8E)(05)(FF)(01)(FF)s(FF)(F1)@(00)(00)
[18:56:32.45] OK:(10)0(03)(10)(01)(01)(90)(05)(FF)(FF)(FF)(FF)(FF)(FF)(FF)(00)(00)
[18:56:32.47] OK:(10)0(03)(10)(03)(01)(90)(05)(FF)(01)(FF)s(FF)(F1)@(00)(00)
[18:56:32.48] OK:(10)0(03)(10)(01)(01)(94)(05)(FF)(FF)(FF)(FF)(FF)(FF)(FF)(00)(00)
[18:56:32.51] OK:(10)0(03)(10)(03)(01)(94)(05)(FF)(01)(FF)s(FF)(F1)@(00)(00)
[18:56:32.51] OK:(10)0(03)(10)(01)(01)(95)(05)(FF)(FF)(FF)(FF)(FF)(FF)(FF)(00)(00)
[18:56:32.55] OK:(10)0(03)(10)(03)(01)(95)(05)(FF)(01)(FF)s(FF)(F1)@(00)(00)
[18:56:32.56] OK:(10)0(03)(10)(01)(01)(96)(05)(FF)(FF)(FF)(FF)(FF)(FF)(FF)(00)(00)
[18:56:32.58] OK:(10)0(03)(10)(03)(01)(96)(05)(FF)(01)(FF)s(FF)(F1)@(00)(00)
[18:56:32.59] OK:(10)0(03)(10)(01)(01)(98)(05)(FF)(FF)(FF)(FF)(FF)(FF)(FF)(00)(00)
[18:56:32.62] OK:(10)0(03)(10)(03)(01)(98)(05)(FF)(01)(FF)s(FF)(F1)@(00)(00)
[18:56:32.66] OK:(10)0(03)(10)(01)(01)(9A)(05)(FF)(FF)(FF)(FF)(FF)(FF)(FF)(00)(00)
[18:56:32.67] OK:(10)0(03)(10)(03)(01)(9A)(05)(FF)(01)(FF)s(FF)(F1)@(00)(00)
[18:56:32.69] OK:(10)0(03)(10)(01)(01)(9E)(05)(FF)(FF)(FF)(FF)(FF)(FF)(FF)(00)(00)
[18:56:32.70] OK:(10)0(03)(10)(03)(01)(9E)(05)(FF)(01)(FF)s(FF)(F1)@(00)(00)
[18:56:32.72] OK:(10)0(03)(10)(01)(01)(A3)(05)(FF)(FF)(FF)(FF)(FF)(FF)(FF)(00)(00)
[18:56:32.75] OK:(10)0(03)(10)(03)(01)(A3)(05)(FF)(01)(FF)s(FF)(F1)@(00)(00)
[18:56:32.76] OK:(10)0(03)(10)(01)(01)(A8)(05)(FF)(FF)(FF)(FF)(FF)(FF)(FF)(00)(00)
[18:56:32.78] OK:(10)0(03)(10)(03)(01)(A8)(05)(FF)(01)(FF)s(FF)(F1)@(00)(00)
[18:56:32.80] OK:(10)0(03)(10)(01)(01)(A8)(05)(FF)(FF)(FF)(FF)(FF)(FF)(FF)(00)(00)
[18:56:32.83] OK:(10)0(03)(10)(03)(01)(A8)(05)(FF)(01)(FF)s(FF)(F1)@(00)(00)
[18:56:32.86] OK:(10)0(03)(10)(01)(01)(A8)(05)(FF)(FF)(FF)(FF)(FF)(FF)(FF)(00)(00)
[18:56:33.41] OK:(10)0(03)(10)(03)(01)(A8)(05)(FF)(01)(FF)s(FF)(F1)@(00)(00)
[18:56:33.42] OK:(10)0(03)(10)(03)(01)(A8)(05)(FF)(01)(FF)s(FF)(F1)@(00)(00)
[18:56:33.44] OK:(10)0(03)(10)(01)(01)(A6)(05)(FF)(FF)(FF)(FF)(FF)(FF)(FF)(00)(00)
[18:56:33.45] OK:(10)0(03)(10)(03)(01)(A6)(05)(FF)(01)(FF)s(FF)(F1)@(00)(00)
[18:56:33.47] OK:(10)0(03)(10)(01)(01)(A3)(05)(FF)(FF)(FF)(FF)(FF)(FF)(FF)(00)(00)
[18:56:33.50] OK:(10)0(03)(10)(03)(01)(A3)(05)(FF)(01)(FF)s(FF)(F1)@(00)(00)
[18:56:33.51] OK:(10)0(03)(10)(01)(01)(9E)(05)(FF)(FF)(FF)(FF)(FF)(FF)(FF)(00)(00)
[18:56:33.53] OK:(10)0(03)(10)(03)(01)(9E)(05)(FF)(01)(FF)s(FF)(F1)@(00)(00)
[18:56:33.55] OK:(10)0(03)(10)(01)(01)(9C)(05)(FF)(FF)(FF)(FF)(FF)(FF)(FF)(00)(00)
[18:56:33.58] OK:(10)0(03)(10)(03)(01)(9C)(05)(FF)(01)(FF)s(FF)(F1)@(00)(00)
[18:56:33.62] OK:(10)0(03)(10)(01)(01)(99)(05)(FF)(FF)(FF)(FF)(FF)(FF)(FF)(00)(00)
[18:56:33.64] OK:(10)0(03)(10)(03)(01)(99)(05)(FF)(01)(FF)s(FF)(F1)@(00)(00)
[18:56:33.70] OK:(10)0(03)(10)(01)(01)(95)(05)(FF)(FF)(FF)(FF)(FF)(FF)(FF)(00)(00)
[18:56:33.73] OK:(10)0(03)(10)(03)(01)(95)(05)(FF)(01)(FF)s(FF)(F1)@(00)(00)
[18:56:33.75] OK:(10)0(03)(10)(01)(01)(91)(05)(FF)(FF)(FF)(FF)(FF)(FF)(FF)(00)(00)
[18:56:33.76] OK:(10)0(03)(10)(03)(01)(91)(05)(FF)(01)(FF)s(FF)(F1)@(00)(00)
[18:56:33.80] OK:(10)0(03)(10)(01)(01)(8E)(05)(FF)(FF)(FF)(FF)(FF)(FF)(FF)(00)(00)
[18:56:33.81] OK:(10)0(03)(10)(03)(01)(8E)(05)(FF)(01)(FF)s(FF)(F1)@(00)(00)
[18:56:33.81] OK:(10)0(03)(10)(01)(01)(8C)(05)(FF)(FF)(FF)(FF)(FF)(FF)(FF)(00)(00)
[18:56:34.23] OK:(10)0(03)(10)(03)(01)(8C)(05)(FF)(01)(FF)s(FF)(F1)@(00)(00)
[18:56:34.25] OK:(10)0(03)(10)(01)(01)(8A)(05)(FF)(FF)(FF)(FF)(FF)(FF)(FF)(00)(00)
[18:56:34.28] OK:(10)0(03)(10)(03)(01)(8A)(05)(FF)(01)(FF)s(FF)(F1)@(00)(00)
[18:56:34.30] OK:(10)0(03)(10)(01)(01)(87)(05)(FF)(FF)(FF)(FF)(FF)(FF)(FF)(00)(00)
[18:56:34.33] OK:(10)0(03)(10)(03)(01)(87)(05)(FF)(01)(FF)s(FF)(F1)@(00)(00)
[18:56:34.34] OK:(10)0(03)(10)(01)(01)(85)(05)(FF)(FF)(FF)(FF)(FF)(FF)(FF)(00)(00)
[18:56:34.36] OK:(10)0(03)(10)(03)(01)(85)(05)(FF)(01)(FF)s(FF)(F1)@(00)(00)
[18:56:34.38] OK:(10)0(03)(10)(01)(01)(84)(05)(FF)(FF)(FF)(FF)(FF)(FF)(FF)(00)(00)
[18:56:34.41] OK:(10)0(03)(10)(03)(01)(84)(05)(FF)(01)(FF)s(FF)(F1)@(00)(00)
[18:56:34.41] OK:(10)0(03)(10)(01)(01)(83)(05)(FF)(FF)(FF)(FF)(FF)(FF)(FF)(00)(00)
[18:56:34.48] OK:(10)0(03)(10)(03)(01)(83)(05)(FF)(01)(FF)s(FF)(F1)@(00)(00)
[18:56:34.51] OK:(10)0(03)(10)(01)(01)(82)(05)(FF)(FF)(FF)(FF)(FF)(FF)(FF)(00)(00)
[18:56:34.66] OK:(10)0(03)(10)(03)(01)(82)(05)(FF)(01)(FF)s(FF)(F1)@(00)(00)
[18:56:34.69] OK:(10)0(03)(10)(01)(01)(84)(05)(FF)(FF)(FF)(FF)(FF)(FF)(FF)(00)(00)
[18:56:34.72] OK:(10)0(03)(10)(03)(01)(84)(05)(FF)(01)(FF)s(FF)(F1)@(00)(00)
[18:56:34.72] OK:(10)0(03)(10)(01)(01)(86)(05)(FF)(FF)(FF)(FF)(FF)(FF)(FF)(00)(00)
[18:56:34.75] OK:(10)0(03)(10)(03)(01)(86)(05)(FF)(01)(FF)s(FF)(F1)@(00)(00)
[18:56:34.76] OK:(10)0(03)(10)(01)(01)(87)(05)(FF)(FF)(FF)(FF)(FF)(FF)(FF)(00)(00)
[18:56:34.80] OK:(10)0(03)(10)(03)(01)(87)(05)(FF)(01)(FF)s(FF)(F1)@(00)(00)
[18:56:34.81] OK:(10)0(03)(10)(01)(01)(89)(05)(FF)(FF)(FF)(FF)(FF)(FF)(FF)(00)(00)
[18:56:34.83] OK:(10)0(03)(10)(03)(01)(89)(05)(FF)(01)(FF)s(FF)(F1)@(00)(00)
[18:56:34.86] OK:(10)0(03)(10)(01)(01)(8A)(05)(FF)(FF)(FF)(FF)(FF)(FF)(FF)(00)(00)
[18:56:34.88] OK:(10)0(03)(10)(03)(01)(8A)(05)(FF)(01)(FF)s(FF)(F1)@(00)(00)
[18:56:34.89] OK:(10)0(03)(10)(01)(01)(8B)(05)(FF)(FF)(FF)(FF)(FF)(FF)(FF)(00)(00)
[18:56:35.1] OK:(10)0(03)(10)(03)(01)(8B)(05)(FF)(01)(FF)s(FF)(F1)@(00)(00)
[18:56:35.3] OK:(10)0(03)(10)(01)(01)(8C)(05)(FF)(FF)(FF)(FF)(FF)(FF)(FF)(00)(00)
[18:56:35.11] OK:(10)0(03)(10)(03)(01)(8C)(05)(FF)(01)(FF)s(FF)(F1)@(00)(00)
[18:56:35.12] OK:(10)0(03)(10)(01)(01)(8D)(05)(FF)(FF)(FF)(FF)(FF)(FF)(FF)(00)(00)
[18:56:35.30] OK:(10)0(03)(10)(03)(01)(8D)(05)(FF)(01)(FF)s(FF)(F1)@(00)(00)
[18:56:35.51] OK:(10)0(03)(10)(03)(01)(8D)(05)(FF)(01)(FF)s(FF)(F1)@(00)(00)
[18:56:35.53] OK:(10)0(03)(10)(01)(01)(90)(05)(FF)(FF)(FF)(FF)(FF)(FF)(FF)(00)(00)
[18:56:35.55] OK:(10)0(03)(10)(03)(01)(90)(05)(FF)(01)(FF)s(FF)(F1)@(00)(00)
[18:56:35.56] OK:(10)0(03)(10)(01)(01)(93)(05)(FF)(FF)(FF)(FF)(FF)(FF)(FF)(00)(00)
[18:56:35.59] OK:(10)0(03)(10)(03)(01)(93)(05)(FF)(01)(FF)s(FF)(F1)@(00)(00)
[18:56:35.61] OK:(10)0(03)(10)(01)(01)(96)(05)(FF)(FF)(FF)(FF)(FF)(FF)(FF)(00)(00)
[18:56:35.84] OK:(10)0(03)(10)(03)(01)(96)(05)(FF)(01)(FF)s(FF)(F1)@(00)(00)
[18:56:35.88] OK:(10)0(03)(10)(01)(01)(94)(05)(FF)(FF)(FF)(FF)(FF)(FF)(FF)(00)(00)
[18:56:35.91] OK:(10)0(03)(10)(03)(01)(94)(05)(FF)(01)(FF)s(FF)(F1)@(00)(00)
[18:56:35.92] OK:(10)0(03)(10)(01)(01)(93)(05)(FF)(FF)(FF)(FF)(FF)(FF)(FF)(00)(00)
[18:56:36.38] OK:(10)0(03)(10)(03)(01)(93)(05)(FF)(01)(FF)s(FF)(F1)@(00)(00)
[18:56:37.23] OK:(10)0(03)(10)(03)(01)(93)(05)(FF)(01)(FF)s(FF)(F1)@(00)(00)
[18:56:37.26] OK:(10)0(03)(10)(01)(01)(92)(05)(FF)(FF)(FF)(FF)(FF)(FF)(FF)(00)(00)
[18:56:37.33] OK:(10)0(03)(10)(03)(01)(92)(05)(FF)(01)(FF)s(FF)(F1)@(00)(00)
[18:56:37.39] OK:(10)0(03)(10)(01)(01)(91)(05)(FF)(FF)(FF)(FF)(FF)(FF)(FF)(00)(00)
[18:56:37.41] OK:(10)0(03)(10)(03)(01)(91)(05)(FF)(01)(FF)s(FF)(F1)@(00)(00)
[18:56:38.26] OK:(10)0(03)(10)(03)(01)(91)(05)(FF)(01)(FF)s(FF)(F1)@(00)(00)
[18:56:39.31] OK:(10)0(03)(10)(03)(01)(91)(05)(FF)(01)(FF)s(FF)(F1)@(00)(00)
[18:56:39.36] OK:(10)0(03)(10)(03)(01)(91)(05)(FF)(01)(FF)s(FF)(F1)@(00)(00)
[18:56:39.38] OK:(10)0(03)(10)(03)(01)(11)(05)(FF)(01)(FF)s(FF)(F1)R(00)(00)
[18:56:39.41] OK:(09)2(00)(00)(00)(02)(02)(00)(00)(BE)
[18:56:40.30] OK:(17)4Hole(20)(20)(20)(20)(20)(20)(20)(20)(20)(20)(20)(20)(00)(00)(00)(00)(00)(00)
[18:56:41.34] OK:(10)0(03)(10)(03)(01)(11)(05)(FF)(01)(FF)s(FF)(F1)S(00)(00)
[18:56:42.25] OK:(10)0(03)(10)(03)(01)(11)(05)(FF)(01)(FF)s(FF)(F1)T(00)(00)
[18:56:42.31] OK:(10)0(03)(10)(03)(01)(11)(05)(FF)(01)(FF)s(FF)(F1)U(00)(00)
[18:56:42.80] OK:(10)0(03)(10)(03)E(11)(05)(FF)(01)(FF)s(FF)(F1)U(00)(00)
[18:56:43.26] OK:(10)0(03)(10)(03)F(11)(05)(FF)(01)(FF)s(FF)(F1)U(00)(00)
[18:56:43.81] OK:(10)0(03)(10)(03)F(11)(05)(FF)(01)(FF)s(FF)(F1)V(00)(00)
[18:56:43.84] OK:(10)0(03)(10)(03)(01)(11)(05)(FF)(01)(FF)s(FF)(F1)V(00)(00)
[18:56:43.88] OK:(10)0(03)(10)(03)(01)(11)(05)(FF)(01)(FF)s(FF)(F1)V(00)(00)
[18:56:44.28] OK:(17)4Violet(20)(20)(20)(20)(20)(20)(20)(20)(20)(20)(00)(00)(00)(00)(00)(00)
[18:56:45.33] OK:(10)0(03)(10)(03)(01)(11)(05)(FF)(01)(FF)s(FF)(F1)W(00)(00)
[18:56:46.38] OK:(10)0(03)(10)(03)(01)(11)(05)(FF)(01)(FF)s(FF)(F1)X(00)(00)
[18:56:47.23] OK:(10)0(03)(10)(03)(01)(11)(05)(FF)(01)(FF)s(FF)(F1)Y(00)(00)
[18:56:48.26] OK:(10)0(03)(10)(03)(01)(11)(05)(FF)(01)(FF)s(FF)(F2)(00)(00)(00)
[18:56:48.70] OK:(10)0(03)(10)(03)(01)(11)(05)(FF)(01)(FF)s(FF)(F2)(01)(00)(00)
[18:56:49.31] OK:(10)0(03)(10)(03)(00)(11)(05)(FF)(01)(FF)s(FF)(F2)(01)(00)(00)
[18:56:50.30] OK:(10)0(03)(10)(03)(00)(11)(05)(FF)(01)(FF)s(FF)(F2)(02)(00)(00)
[18:56:51.22] OK:(10)0(03)(10)(03)(00)(11)(05)(FF)(01)(FF)s(FF)(F2)(03)(00)(00)
[18:56:52.25] OK:(10)0(03)(10)(03)(00)(11)(05)(FF)(01)(FF)s(FF)(F2)(04)(00)(00)
[18:56:53.25] OK:(10)0(03)(10)(03)(00)(11)(05)(FF)(01)(FF)s(FF)(F2)(05)(00)(00)
[18:56:54.28] OK:(10)0(03)(10)(03)(00)(11)(05)(FF)(01)(FF)s(FF)(F2)(06)(00)(00)
[18:56:54.72] OK:(10)0(03)(10)(03)(00)(11)(05)(FF)(01)(FF)s(FF)(F2)(07)(00)(00)
[18:56:55.30] OK:(10)0(03)(10)(03)C(11)(05)(FF)(01)(FF)s(FF)(F2)(07)(00)(00)
[18:56:55.72] OK:(10)0(03)(10)(03)C(11)(05)(FF)(01)(FF)s(FF)(F2)(08)(00)(00)
[18:56:55.75] OK:(10)0(03)(10)(03)(01)(11)(05)(FF)(01)(FF)s(FF)(F2)(08)(00)(00)
[18:56:55.78] OK:(10)0(03)(10)(03)(01)(11)(05)(FF)(01)(FF)s(FF)(F2)(08)(00)(00)
[18:56:56.36] OK:(17)4ROOT(20)(20)(20)(20)(20)(20)(20)(20)(20)(20)(20)(20)(00)(00)(00)(00)(00)(00)
[18:56:57.20] OK:(10)0(03)(10)(03)(01)(11)(05)(FF)(01)(FF)s(FF)(F2)(09)(00)(00)
[18:56:58.23] OK:(10)0(03)(10)(03)(01)(11)(05)(FF)(01)(FF)s(FF)(F2)(10)(00)(00)
[18:56:59.26] OK:(10)0(03)(10)(03)(01)(11)(05)(FF)(01)(FF)s(FF)(F2)(11)(00)(00)
[18:57:00.28] OK:(10)0(03)(10)(03)(01)(11)(05)(FF)(01)(FF)s(FF)(F2)(12)(00)(00)
[18:57:01.31] OK:(10)0(03)(10)(03)(01)(11)(05)(FF)(01)(FF)s(FF)(F2)(13)(00)(00)
[18:57:02.8] OK:(10)0(03)(10)(03)(01)(11)(05)(FF)(01)(FF)s(FF)(F2)(14)(00)(00)
[18:57:02.22] OK:(10)0(03)(10)(03)D(11)(05)(FF)(01)(FF)s(FF)(F2)(14)(00)(00)
[18:57:03.8] OK:(10)0(03)(10)(03)D(11)(05)(FF)(01)(FF)s(FF)(F2)(15)(00)(00)
[18:57:03.11] OK:(10)0(03)(10)(03)(01)(11)(05)(FF)(01)(FF)s(FF)(F2)(15)(00)(00)
[18:57:03.12] OK:(10)0(03)(10)(03)(01)(11)(05)(FF)(01)(FF)s(FF)(F2)(15)(00)(00)
[18:57:03.20] OK:(17)4Hole(20)-(20)Violet(20)(20)(20)(00)(00)(00)(00)(00)(00)
[18:57:04.25] OK:(10)0(03)(10)(03)(01)(11)(05)(FF)(01)(FF)s(FF)(F2)(16)(00)(00)
[18:57:05.30] OK:(10)0(03)(10)(03)(01)(11)(05)(FF)(01)(FF)s(FF)(F2)(17)(00)(00)
[18:57:06.33] OK:(10)0(03)(10)(03)(01)(11)(05)(FF)(01)(FF)s(FF)(F2)(18)(00)(00)
[18:57:06.88] OK:(10)0(03)(10)(03)(01)(11)(05)(FF)(01)(FF)s(FF)(F2)(19)(00)(00)
[18:57:07.20] OK:(10)0(03)(10)(03)G(11)(05)(FF)(01)(FF)s(FF)(F2)(19)(00)(00)
[18:57:07.88] OK:(10)0(03)(10)(03)G(11)(05)(FF)(01)(FF)s(FF)(F2)(20)(00)(00)
[18:57:07.89] OK:(10)0(03)(10)(03)(01)(11)(05)(FF)(01)(FF)s(FF)(F2)(20)(00)(00)
[18:57:07.94] OK:(10)0(03)(10)(03)(01)(11)(05)(FF)(01)(FF)s(FF)(F2)(20)(00)(00)
[18:57:08.22] OK:(17)4Hole(20)(20)(20)(20)(20)(20)(20)(20)(20)(20)(20)(20)(00)(00)(00)(00)(00)(00)
[18:57:09.26] OK:(10)0(03)(10)(03)(01)(11)(05)(FF)(01)(FF)s(FF)(F2)!(00)(00)
[18:57:10.25] OK:(10)0(03)(10)(03)(01)(11)(05)(FF)(01)(FF)s(FF)(F2)"(00)(00)
[18:57:11.17] OK:(10)0(03)(10)(03)(01)(11)(05)(FF)(01)(FF)s(FF)(F2)#(00)(00)
[18:57:11.69] OK:(10)0(03)(10)(03)(01)(11)(05)(FF)(01)(FF)s(FF)(F2)$(00)(00)
[18:57:11.73] OK:(05):(01)(18)X(04)
[18:57:12.22] OK:(10)0(03)(10)(03)(01)(11)(05)(FF)(01)(FF)s(FF)(F2)$(00)(00)
[18:57:13.23] OK:(10)0(03)(10)(03)(01)(11)(05)(FF)(01)(FF)s(FF)(F2)%(00)(00)
[18:57:13.34] OK:(10)0(03)(10)(03)(01)(11)(05)(FF)(01)(FF)s(FF)(F2)&(00)(00)
[18:57:14.26] OK:(10)0(03)(10)(03)E(11)(05)(FF)(01)(FF)s(FF)(F2)&(00)(00)
[18:57:14.34] OK:(10)0(03)(10)(03)E(11)(05)(FF)(01)(FF)s(FF)(F2)'(00)(00)
[18:57:14.39] OK:(10)0(03)(10)(03)(01)(11)(05)(FF)(01)(FF)s(FF)(F2)'(00)(00)
[18:57:14.42] OK:(10)0(03)(10)(03)(01)(11)(05)(FF)(01)(FF)s(FF)(F2)'(00)(00)
[18:57:15.30] OK:(17)4NO(20)INFO(00)(00)(00)(00)(00)(00)(00)(00)(00)(00)(00)(00)(00)(00)(00)
[18:57:16.31] OK:(10)0(03)(10)(03)(01)(11)(05)(FF)(01)(FF)s(FF)(F2)((00)(00)
[18:57:17.19] OK:(10)0(03)(10)(03)(01)(11)(05)(FF)(01)(FF)s(FF)(F2))(00)(00)
[18:57:17.80] OK:(10)0(03)(10)(03)(01)(11)(05)(FF)(01)(FF)s(FF)(F2)0(00)(00)
[18:57:18.25] OK:(10)0(03)(10)(03)F(11)(05)(FF)(01)(FF)s(FF)(F2)0(00)(00)
[18:57:18.81] OK:(10)0(03)(10)(03)F(11)(05)(FF)(01)(FF)s(FF)(F2)1(00)(00)
[18:57:18.84] OK:(10)0(03)(10)(03)(01)(11)(05)(FF)(01)(FF)s(FF)(F2)1(00)(00)
[18:57:18.88] OK:(10)0(03)(10)(03)(01)(11)(05)(FF)(01)(FF)s(FF)(F2)1(00)(00)
[18:57:19.28] OK:(17)4Violet(20)(20)(20)(20)(20)(20)(20)(20)(20)(20)(00)(00)(00)(00)(00)(00)
[18:57:20.30] OK:(10)0(03)(10)(03)(01)(11)(05)(FF)(01)(FF)s(FF)(F2)2(00)(00)
[18:57:21.17] OK:(10)0(03)(10)(03)(01)(11)(05)(FF)(01)(FF)s(FF)(F2)3(00)(00)
[18:57:22.22] OK:(10)0(03)(10)(03)(01)(11)(05)(FF)(01)(FF)s(FF)(F2)4(00)(00)
[18:57:22.64] OK:(10)0(03)(10)(03)(01)(11)(05)(FF)(01)(FF)s(FF)(F2)5(00)(00)
[18:57:22.67] OK:(15)0(01)(00)(00)"(11)(00)(00)(FF)(91)`@(00)MAXIMAFM
[18:57:22.70] OK:(09)2(00)(00)(00)(02)(00)(00)(00)(BE)
[18:57:22.84] OK:(15)0(01)(00)(00)"(11)(01)(01)(FF)(91)`@(02)MAXIMAFM
[18:57:22.86] OK:(15)0(01)(00)(00)"(11)(01)(01)(FF)(91)`@(02)MAXIMAFM
[18:57:22.88] OK:(09)2(00)(00)(00)(02)(02)(00)(00)(BE)
[18:57:23.14] OK:(15)0(01)(00)(00)"(11)(01)(01)(FF)(91)`@(02)MAXIMAFM
[18:57:25.89] OK:(15)0(01)(00)(00)"(11)(01)(01)(FF)(91)`@(03)MAXIMAFM
[18:57:25.91] OK:(15)0(01)(00)(00)"(11)(01)(02)(F1)(06)(90)@(02)(20)ROCK(20)FM
[18:57:25.95] OK:(09)2(00)(00)(00)(02)(00)(00)(00)(BE)
[18:57:26.26] OK:(15)0(01)(00)(00)"(11)(01)(02)(F1)(06)(90)@(02)(20)ROCK(20)FM
[18:57:27.72] OK:(15)0(01)(00)(00)"(11)(01)(02)(F1)(06)(90)@(03)(20)ROCK(20)FM
[18:57:28.50] OK:(15)0(01)(00)(00)"(11)(01)(02)(F1)(06)(90)@(03)(20)ROCK(20)FM
[18:57:28.53] OK:(15)0(01)(00)(00)"(11)(01)(03)(FF)(91)0@(02)CUARENTA
[18:57:28.88] OK:(15)0(01)(00)(00)"(11)(01)(03)(FF)(91)0@(02)CUARENTA
[18:57:29.12] OK:(15)0(01)(00)(00)"(11)(01)(03)(FF)(91)0@(03)CUARENTA
[18:57:29.16] OK:(15)0(01)(00)(00)"(11)(01)(03)(FF)(91)0@(03)CUARENTA
[18:57:29.19] OK:(09)2(00)(00)(00)(02)(02)(00)(00)(BE)
[18:57:29.95] OK:(15)0(01)(00)(00)"(11)(01)(03)(FF)(91)0@(03)CUARENTA
[18:57:29.98] OK:(15)0(01)(00)(00)"(11)(01)(04)(F1)(05)0@(02)ONDA_REG
[18:57:30.1] OK:(09)2(00)(00)(00)(02)(00)(00)(00)(BE)
[18:57:30.20] OK:(15)0(01)(00)(00)"(11)(01)(04)(F1)(05)0@(02)ONDA_REG
[18:57:30.26] OK:(15)0(01)(00)(00)"(11)(01)(04)(F1)(05)0@(02)ONDA(20)REG
[18:57:30.28] OK:(15)0(01)(00)(00)"(11)(01)(04)(F1)(05)0@(02)ONDA(20)REG
[18:57:30.30] OK:(09)2(00)(00)(00)(02)(02)(00)(00)(BE)
[18:57:30.36] OK:(15)0(01)(00)(00)"(11)(01)(04)(F1)(05)0@(02)ONDA(20)REG
[18:57:31.34] OK:(15)0(01)(00)(00)"(11)(01)(04)(F1)(05)0@(03)ONDA(20)REG
[18:57:31.36] OK:(15)0(01)(00)(00)"(11)(01)(05)(F1)(06)(90)@(02)(20)ROCK(20)FM
[18:57:31.41] OK:(09)2(00)(00)(00)(02)(00)(00)(00)(BE)
[18:57:31.67] OK:(15)0(01)(00)(00)"(11)(01)(05)(F1)(06)(90)@(02)(20)ROCK(20)FM
[18:57:31.70] OK:(15)0(01)(00)(00)"(11)(01)(05)(F1)(06)(90)@(02)(20)ROCK(20)FM
[18:57:31.72] OK:(09)2(00)(00)(00)(02)(02)(00)(00)(BE)
[18:57:31.73] OK:(15)0(01)(00)(00)"(11)(01)(05)(F1)(06)(90)@(02)(20)ROCK(20)FM
[18:57:36.73] OK:(15)0(01)(00)(00)"(11)(01)(05)(F1)(06)(90)@(03)(20)ROCK(20)FM
[18:57:38.0] OK:(15)0(01)(00)(00)"(11)(01)(05)(F1)(06)(90)@(03)(20)ROCK(20)FM
[18:57:38.3] OK:(15)0(01)(00)(00)"(11)(01)(06)(FF)(87)P@(02)REVIVEFM
[18:57:38.8] OK:(09)2(00)(00)(00)(02)(00)(00)(00)(BE)
[18:57:38.33] OK:(15)0(01)(00)(00)"(11)(01)(06)(FF)(87)P@(02)REVIVEFM
[18:57:38.34] OK:(15)0(01)(00)(00)"(11)(01)(06)(FF)(87)P@(02)REVIVEFM
[18:57:38.39] OK:(09)2(00)(00)(00)(02)(02)(00)(00)(BE)
[18:57:38.42] OK:(15)0(01)(00)(00)"(11)(01)(06)(FF)(87)P@(02)REVIVEFM
[18:57:39.34] OK:(15)0(01)(00)(00)"(11)(01)(06)(FF)(87)P@(03)REVIVEFM
[18:57:41.98] OK:(15)0(01)(00)(00)"(11)(01)(06)(FF)(87)P@(03)DE(20)(20)(20)(20)(20)(20)
[18:57:46.0] OK:(15)0(01)(00)(00)"(11)(01)(06)(FF)(87)P@(03)SIEMPRE(20)
[18:57:50.30] OK:(15)0(01)(00)(00)"(11)(01)(06)(FF)(87)P@(03)REVIVEFM
[18:57:54.56] OK:(15)0(01)(00)(00)"(11)(01)(06)(FF)(87)P@(03)MURCIA(20)(20)
[18:57:59.58] OK:(15)0(01)(00)(00)"(11)(01)(06)(FF)(87)P@(03)REVIVEFM
[18:58:02.97] OK:(15)0(01)(00)(00)"(11)(01)(06)(FF)(87)P@(03)REVIVEFM
[18:58:06.11] OK:(15)0(01)(00)(00)"(11)(01)(06)(FF)(87)P@(03)TU(20)(20)(20)(20)(20)(20)
[18:58:11.8] OK:(15)0(01)(00)(00)"(11)(01)(06)(FF)(87)P@(03)MUSICA(20)(20)
[18:58:11.56] OK:(15)0(01)(00)(00)"(11)(01)(06)(FF)(87)P@(03)DE(20)(20)(20)(20)(20)(20)
[18:58:11.59] OK:(05):(01)(18)Y(04)
[18:58:13.97] OK:(15)0(01)(00)(00)"(11)(01)(06)(FF)(87)P@(03)DE(20)(20)(20)(20)(20)(20)
[18:58:18.69] OK:(15)0(01)(00)(00)"(11)(01)(06)(FF)(87)P@(03)SIEMPRE(20)
[18:58:18.73] OK:(15)0(01)(00)(00)"(11)(01)(06)(FF)(87)P@(03)REVIVEFM
[18:58:18.76] OK:(09)2(00)(00)(00)(02)(00)(00)(00)(BE)
[18:58:19.8] OK:(15)0(01)(00)(00)"(11)(01)(01)(FF)(91)`@(02)MAXIMAFM
[18:58:20.16] OK:(15)0(01)(00)(00)"(11)(01)(01)(FF)(91)`@(03)MAXIMAFM
[18:58:20.20] OK:(15)0(01)(00)(00)"(11)(01)(01)(FF)(91)`@(03)MAXIMAFM
[18:58:20.23] OK:(09)2(00)(00)(00)(02)(02)(00)(00)(BE)
[18:58:25.20] OK:(15)0(01)(00)(00)"(11)(01)(01)(FF)(91)`@(03)MAXIMAFM
[18:58:30.22] OK:(15)0(01)(00)(00)"(11)(01)(01)(FF)(91)`@(03)MAXIMAFM
[18:58:35.23] OK:(15)0(01)(00)(00)"(11)(01)(01)(FF)(91)`@(03)MAXIMAFM
[18:58:38.33] OK:(15)0(01)(00)(00)"(11)(01)(01)(FF)(91)`@(03)MAXIMAFM
[18:58:38.36] OK:(15)0(01)(00)(00)"(11)(01)(01)(FF)(91)`@(03)MAXIMAFM
[18:58:43.34] OK:(09)2(00)(00)(00)(00)(02)(00)(00)(BE)
[18:58:48.36] OK:(09)2(00)(00)(00)(00)(02)(00)(00)(BE)
[18:58:52.58] OK:(09)2(00)(00)(00)(00)(02)(00)(00)(BE)
[18:58:52.61] OK:(15)0(01)(00)(00)"(11)(01)(01)(FF)(91)`@(03)MAXIMAFM
[18:58:57.58] OK:(09)2(00)(00)(00)(02)(02)(00)(00)(BE)
[18:58:57.80] OK:(09)2(00)(00)(00)(02)(02)(00)(00)(BE)
[18:58:57.84] OK:(15)0(01)(00)(00)"(11)(01)(01)(FF)(91)`@(03)MAXIMAFM
[18:59:02.81] OK:(09)2(00)(00)(00)(00)(02)(00)(00)(BE)
[18:59:07.81] OK:(09)2(00)(00)(00)(00)(02)(00)(00)(BE)
[18:59:11.45] OK:(09)2(00)(00)(00)(00)(02)(00)(00)(BE)
[18:59:11.50] OK:(05):(01)(19)(00)(04)
[18:59:13.44] OK:(15)0(01)(00)(00)"(11)(01)(01)(FF)(91)`@(03)MAXIMAFM
[18:59:13.48] OK:(15)0(01)(00)(00)"(11)(01)(01)(FF)(91)`@(03)MAXIMAFM
[18:59:18.45] OK:(09)2(00)(00)(00)(02)(02)(00)(00)(BE)
[18:59:23.44] OK:(09)2(00)(00)(00)(02)(02)(00)(00)(BE)
[18:59:28.45] OK:(09)2(00)(00)(00)(02)(02)(00)(00)(BE)
[18:59:33.44] OK:(09)2(00)(00)(00)(02)(02)(00)(00)(BE)
[18:59:38.45] OK:(09)2(00)(00)(00)(02)(02)(00)(00)(BE)
[18:59:43.45] OK:(09)2(00)(00)(00)(02)(02)(00)(00)(BE)
[18:59:46.8] OK:(09)2(00)(00)(00)(02)(02)(00)(00)(BE)
[18:59:46.12] OK:(15)0(01)(02)(01)(00)(11)(10)(00)(FF)(87)P@(00)(00)(00)(00)(00)(00)(00)(00)(00)
[18:59:46.16] OK:(09)2(00)(00)(00)(02)(00)(00)(00)(BE)
[18:59:46.47] OK:(15)0(01)(02)(01)(00)(11)(10)(00)(FF)(87)P@(00)(00)(00)(00)(00)(00)(00)(00)(00)
[18:59:46.70] OK:(15)0(01)(02)(01)(00)(11)(10)(00)(FF)(87)(80)@(00)(00)(00)(00)(00)(00)(00)(00)(00)
[18:59:46.89] OK:(15)0(01)(02)(01)(00)(11)(10)(00)(FF)(88)(10)@(00)(00)(00)(00)(00)(00)(00)(00)(00)
[18:59:47.9] OK:(15)0(01)(02)(01)(00)(11)(10)(00)(FF)(88)@@(00)(00)(00)(00)(00)(00)(00)(00)(00)
[18:59:47.28] OK:(15)0(01)(02)(01)(00)(11)(10)(00)(FF)(88)p@(00)(00)(00)(00)(00)(00)(00)(00)(00)
[18:59:47.48] OK:(15)0(01)(02)(01)(00)(11)(10)(00)(FF)(89)(00)@(00)(00)(00)(00)(00)(00)(00)(00)(00)
[18:59:47.67] OK:(15)0(01)(02)(01)(00)(11)(10)(00)(FF)(89)0@(00)(00)(00)(00)(00)(00)(00)(00)(00)
[18:59:47.88] OK:(15)0(01)(02)(01)(00)(11)(10)(00)(FF)(89)`@(00)(00)(00)(00)(00)(00)(00)(00)(00)
[18:59:48.11] OK:(15)0(01)(02)(01)(00)(11)(10)(00)(FF)(89)(90)@(00)(00)(00)(00)(00)(00)(00)(00)(00)
[18:59:48.30] OK:(15)0(01)(02)(01)(00)(11)(10)(00)(FF)(90)(20)@(00)(00)(00)(00)(00)(00)(00)(00)(00)
[18:59:48.51] OK:(15)0(01)(02)(01)(00)(11)(10)(00)(FF)(90)P@(00)(00)(00)(00)(00)(00)(00)(00)(00)
[18:59:48.70] OK:(15)0(01)(02)(01)(00)(11)(10)(00)(FF)(90)(80)@(00)(00)(00)(00)(00)(00)(00)(00)(00)
[18:59:49.0] OK:(15)0(01)(02)(01)(00)(11)(10)(00)(FF)(91)(10)@(00)(00)(00)(00)(00)(00)(00)(00)(00)
[18:59:49.22] OK:(15)0(01)(02)(01)(00)(11)(10)(00)(FF)(91)@@(00)(00)(00)(00)(00)(00)(00)(00)(00)
[18:59:49.41] OK:(15)0(01)(02)(01)(00)(11)(10)(00)(FF)(91)p@(02)(00)(00)(00)(00)(00)(00)(00)(00)
[18:59:49.61] OK:(15)0(01)(02)(01)(00)(11)(10)(00)(FF)(92)(00)@(02)(00)(00)(00)(00)(00)(00)(00)(00)
[18:59:49.88] OK:(15)0(01)(02)(01)(00)(11)(10)(00)(FF)(92)0@(02)(00)(00)(00)(00)(00)(00)(00)(00)
[18:59:50.6] OK:(15)0(01)(02)(01)(00)(11)(10)(00)(FF)(92)`@(02)(00)(00)(00)(00)(00)(00)(00)(00)
[18:59:50.22] OK:(15)0(01)(02)(01)(00)(11)(10)(00)(FF)(92)(90)@(02)(00)(00)(00)(00)(00)(00)(00)(00)
[18:59:50.42] OK:(15)0(01)(02)(01)(00)(11)(10)(00)(FF)(93)(20)@(02)(00)(00)(00)(00)(00)(00)(00)(00)
[18:59:50.72] OK:(15)0(01)(02)(01)(00)(11)(10)(00)(FF)(93)P@(02)(00)(00)(00)(00)(00)(00)(00)(00)
[18:59:50.92] OK:(15)0(01)(02)(01)(00)(11)(10)(00)(FF)(93)(80)@(02)(00)(00)(00)(00)(00)(00)(00)(00)
[18:59:51.11] OK:(15)0(01)(02)(01)(00)(11)(10)(00)(FF)(94)(10)@(02)(00)(00)(00)(00)(00)(00)(00)(00)
[18:59:51.31] OK:(15)0(01)(02)(01)(00)(11)(10)(00)(FF)(94)@@(02)(00)(00)(00)(00)(00)(00)(00)(00)
[18:59:51.50] OK:(15)0(01)(02)(01)(00)(11)(10)(00)(FF)(94)p@(02)(00)(00)(00)(00)(00)(00)(00)(00)
[18:59:51.69] OK:(15)0(01)(02)(01)(00)(11)(10)(00)(FF)(95)(00)@(02)(00)(00)(00)(00)(00)(00)(00)(00)
[18:59:51.88] OK:(15)0(01)(02)(01)(00)(11)(10)(00)(FF)(95)0@(02)(00)(00)(00)(00)(00)(00)(00)(00)
[18:59:52.8] OK:(15)0(01)(02)(01)(00)(11)(10)(00)(FF)(95)`@(02)(00)(00)(00)(00)(00)(00)(00)(00)
[18:59:52.28] OK:(15)0(01)(02)(01)(00)(11)(10)(00)(FF)(95)(90)@(02)(00)(00)(00)(00)(00)(00)(00)(00)
[18:59:52.51] OK:(15)0(01)(02)(01)(00)(11)(10)(00)(FF)(96)(20)@(02)(00)(00)(00)(00)(00)(00)(00)(00)
[18:59:52.73] OK:(15)0(01)(02)(01)(00)(11)(10)(00)(FF)(96)P@(02)(00)(00)(00)(00)(00)(00)(00)(00)
[18:59:52.98] OK:(15)0(01)(02)(01)(00)(11)(10)(00)(FF)(96)(80)@(02)(00)(00)(00)(00)(00)(00)(00)(00)
[18:59:53.20] OK:(15)0(01)(02)(01)(00)(11)(10)(00)(FF)(97)(10)@(02)(00)(00)(00)(00)(00)(00)(00)(00)
[18:59:53.41] OK:(15)0(01)(02)(01)(00)(11)(10)(00)(FF)(97)@@(02)(00)(00)(00)(00)(00)(00)(00)(00)
[18:59:53.59] OK:(15)0(01)(02)(01)(00)(11)(10)(00)(FF)(97)p@(02)(00)(00)(00)(00)(00)(00)(00)(00)
[18:59:53.86] OK:(15)0(01)(02)(01)(00)(11)(10)(00)(FF)(98)(00)@(02)(00)(00)(00)(00)(00)(00)(00)(00)
[18:59:54.9] OK:(15)0(01)(02)(01)(00)(11)(10)(00)(FF)(98)0@(02)(00)(00)(00)(00)(00)(00)(00)(00)
[18:59:54.31] OK:(15)0(01)(02)(01)(00)(11)(10)(00)(FF)(98)`@(02)(00)(00)(00)(00)(00)(00)(00)(00)
[18:59:54.45] OK:(15)0(01)(02)(01)(00)(11)(10)(00)(FF)(98)(90)@(02)(00)(00)(00)(00)(00)(00)(00)(00)
[18:59:54.47] OK:(15)0(01)(00)(00)"(11)(01)(01)(FF)(91)`@(00)MAXIMAFM
[18:59:54.89] OK:(15)0(01)(00)(00)"(11)(01)(01)(FF)(91)`@(02)MAXIMAFM
[18:59:56.62] OK:(15)0(01)(00)(00)"(11)(01)(01)(FF)(91)`@(03)MAXIMAFM
[18:59:56.67] OK:(15)0(01)(00)(00)"(11)(01)(01)(FF)(91)`@(03)MAXIMAFM
[18:59:56.69] OK:(09)2(00)(00)(00)(02)(02)(00)(00)(BE)
[18:59:59.50] OK:(15)0(01)(00)(00)"(11)(01)(01)(FF)(91)`@(03)MAXIMAFM
[18:59:59.53] OK:(15)0(01)(00)(00)(00)(11)(06)(00)(FF)(91)e@(00)(00)(00)(00)(00)(00)(00)(00)(00)
[18:59:59.86] OK:(09)2(00)(00)(00)(02)(00)(00)(00)(BE)
[19:00:00.16] OK:(15)0(01)(00)(00)(00)(11)(06)(00)(FF)(91)(80)@(00)(00)(00)(00)(00)(00)(00)(00)(00)
[19:00:00.20] OK:(15)0(01)(00)(00)(00)(11)(06)(00)(FF)(91)(80)@(00)(00)(00)(00)(00)(00)(00)(00)(00)
[19:00:05.19] OK:(15)0(01)(00)(00)(00)(11)(06)(00)(FF)(91)(80)@(00)(00)(00)(00)(00)(00)(00)(00)(00)
[19:00:06.75] OK:(15)0(01)(00)(00)(00)(11)(06)(00)(FF)(91)(80)@(00)(00)(00)(00)(00)(00)(00)(00)(00)
[19:00:07.89] OK:(15)0(01)(00)(00)(00)(11)(01)(00)(FF)(91)(80)@(00)(00)(00)(00)(00)(00)(00)(00)(00)
[19:00:08.25] OK:(15)0(01)(00)(00)(00)(11)(06)(00)(FF)(91)(85)@(00)(00)(00)(00)(00)(00)(00)(00)(00)
[19:00:08.72] OK:(15)0(01)(00)(00)(00)(11)(06)(00)(FF)(92)(00)@(00)(00)(00)(00)(00)(00)(00)(00)(00)
[19:00:08.75] OK:(15)0(01)(00)(00)(00)(11)(06)(00)(FF)(92)(10)@(00)(00)(00)(00)(00)(00)(00)(00)(00)
[19:00:08.78] OK:(15)0(01)(00)(00)(00)(11)(06)(00)(FF)(92)(10)@(01)(00)(00)(00)(00)(00)(00)(00)(00)
[19:00:08.81] OK:(15)0(01)(00)(00)(00)(11)(06)(00)(FF)(92)(10)@(03)(00)(00)(00)(00)(00)(00)(00)(00)
[19:00:09.62] OK:(15)0(01)(00)(00)"(11)(06)(00)(FF)(92)(10)@(03)RNE(20)5-MU
[19:00:09.67] OK:(15)0(01)(00)(00)"(11)(06)(00)(FF)(92)(10)@(03)RNE(20)5-MU
[19:00:10.39] OK:(09)2(00)(00)(00)(02)(02)(00)(00)(BE)
[19:00:11.33] OK:(15)0(01)(00)(00)#(11)(01)(00)(FF)(92)(10)(C1)(03)(00)(00)(00)(00)(00)(00)(00)(00)
[19:00:11.38] OK:(05):(01)(19)(01)(04)
[19:00:14.81] OK:(15)0(01)(00)(00)#(11)(01)(00)(FF)(92)(10)(C1)(03)(00)(00)(00)(00)(00)(00)(00)(00)
[19:00:14.84] OK:(15)0(01)(00)(00)"(11)(01)(01)(FF)(91)`@(02)MAXIMAFM
[19:00:14.88] OK:(09)2(00)(00)(00)(02)(00)(00)(00)(BE)
[19:00:15.16] OK:(15)0(01)(00)(00)"(11)(01)(01)(FF)(91)`@(02)MAXIMAFM
[19:00:15.17] OK:(15)0(01)(00)(00)"(11)(01)(01)(FF)(91)`@(02)MAXIMAFM
[19:00:15.19] OK:(09)2(00)(00)(00)(02)(02)(00)(00)(BE)
[19:00:15.20] OK:(15)0(01)(00)(00)"(11)(01)(01)(FF)(91)`@(02)MAXIMAFM
[19:00:20.20] OK:(15)0(01)(00)(00)"(11)(01)(01)(FF)(91)`@(03)MAXIMAFM
[19:00:23.53] OK:(15)0(01)(00)(00)"(11)(01)(01)(FF)(91)`@(03)MAXIMAFM
[19:00:23.59] OK:(15)0(01)(00)(00)"(11)(01)(01)(FF)(91)`@(03)MAXIMAFM
[19:00:28.56] OK:(09)2(00)(00)(00)(02)(03)(00)(00)(BE)
[19:00:31.66] OK:(09)2(00)(00)(00)(02)(03)(00)(00)(BE)
[19:00:31.69] OK:(15)0(01)(00)(00)"(11)(01)(01)(FF)(91)`@(03)MAXIMAFM
[19:00:36.66] OK:(09)2(00)(00)(00)(02)(02)(00)(00)(BE)
[19:00:37.91] OK:(09)2(00)(00)(00)(02)(02)(00)(00)(BE)
[19:00:37.94] OK:(05):(02)(19)(01)(04)
[19:00:41.97] OK:(15)0(01)(00)(00)"(11)(01)(01)(FF)(91)`@(03)MAXIMAFM
[19:00:42.3] OK:(05):(01)(19)(01)(04)
[19:00:43.38] OK:(15)0(01)(00)(00)"(11)(01)(01)(FF)(91)`@(03)MAXIMAFM
[19:00:43.42] OK:(05):(02)(19)(01)(04)
[19:00:47.78] OK:(15)0(01)(00)(00)"(11)(01)(01)(FF)(91)`@(03)MAXIMAFM
[19:00:47.83] OK:(05):(01)(19)(01)(04)
[19:00:50.41] OK:(15)0(01)(00)(00)"(11)(01)(01)(FF)(91)`@(03)MAXIMAFM
[19:00:50.44] OK:(05):(02)(19)(01)(04)
[19:00:53.11] OK:(15)0(01)(00)(00)"(11)(01)(01)(FF)(91)`@(03)MAXIMAFM
[19:00:53.14] OK:(05):(04)(19)(02)(04)
[19:00:53.33] OK:(15)0(01)(00)(00)"(11)(01)(01)(FF)(91)`@(03)MAXIMAFM
[19:00:53.38] OK:(05):(04)(19)(03)(04)
[19:00:53.50] OK:(15)0(01)(00)(00)"(11)(01)(01)(FF)(91)`@(03)MAXIMAFM
[19:00:53.55] OK:(05):(04)(19)(04)(04)
[19:00:53.84] OK:(15)0(01)(00)(00)"(11)(01)(01)(FF)(91)`@(03)MAXIMAFM
[19:00:53.89] OK:(05):(04)(19)(05)(04)
[19:00:54.84] OK:(15)0(01)(00)(00)"(11)(01)(01)(FF)(91)`@(03)MAXIMAFM
[19:00:54.89] OK:(05):(04)(19)(06)(04)
[19:00:55.6] OK:(15)0(01)(00)(00)"(11)(01)(01)(FF)(91)`@(03)MAXIMAFM
[19:00:55.11] OK:(15)0(01)(00)(00)"(11)(01)(01)(FF)(91)`@(03)MAXIMAFM
[19:00:55.17] OK:(05):(04)(19)(07)(04)
[19:00:55.36] OK:(15)0(01)(00)(00)"(11)(01)(01)(FF)(91)`@(03)MAXIMAFM
[19:00:55.39] OK:(05):(04)(19)(08)(04)
[19:00:55.62] OK:(15)0(01)(00)(00)"(11)(01)(01)(FF)(91)`@(03)MAXIMAFM
[19:00:55.66] OK:(05):(04)(19)(09)(04)
[19:00:55.78] OK:(15)0(01)(00)(00)"(11)(01)(01)(FF)(91)`@(03)MAXIMAFM
[19:00:55.83] OK:(05):(04)(19)(10)(04)
[19:00:55.94] OK:(15)0(01)(00)(00)"(11)(01)(01)(FF)(91)`@(03)MAXIMAFM
[19:00:55.97] OK:(05):(04)(19)(11)(04)
[19:00:56.8] OK:(15)0(01)(00)(00)"(11)(01)(01)(FF)(91)`@(03)MAXIMAFM
[19:00:56.11] OK:(05):(04)(19)(12)(04)
[19:00:56.23] OK:(15)0(01)(00)(00)"(11)(01)(01)(FF)(91)`@(03)MAXIMAFM
[19:00:56.26] OK:(05):(04)(19)(13)(04)
[19:00:56.50] OK:(15)0(01)(00)(00)"(11)(01)(01)(FF)(91)`@(03)MAXIMAFM
[19:00:56.53] OK:(05):(04)(19)(14)(04)
[19:00:56.66] OK:(15)0(01)(00)(00)"(11)(01)(01)(FF)(91)`@(03)MAXIMAFM
[19:00:56.69] OK:(05):(04)(19)(15)(04)
[19:00:56.83] OK:(15)0(01)(00)(00)"(11)(01)(01)(FF)(91)`@(03)MAXIMAFM
[19:00:56.84] OK:(05):(04)(19)(16)(04)
[19:00:56.98] OK:(15)0(01)(00)(00)"(11)(01)(01)(FF)(91)`@(03)MAXIMAFM
[19:00:57.0] OK:(05):(04)(19)(17)(04)
[19:00:57.14] OK:(15)0(01)(00)(00)"(11)(01)(01)(FF)(91)`@(03)MAXIMAFM
[19:00:57.16] OK:(05):(04)(19)(18)(04)
[19:00:57.30] OK:(15)0(01)(00)(00)"(11)(01)(01)(FF)(91)`@(03)MAXIMAFM
[19:00:57.33] OK:(05):(04)(19)(19)(04)
[19:00:57.45] OK:(15)0(01)(00)(00)"(11)(01)(01)(FF)(91)`@(03)MAXIMAFM
[19:00:57.48] OK:(05):(04)(19)(20)(04)
[19:00:57.62] OK:(15)0(01)(00)(00)"(11)(01)(01)(FF)(91)`@(03)MAXIMAFM
[19:00:57.66] OK:(05):(04)(19)!(04)
[19:00:57.78] OK:(15)0(01)(00)(00)"(11)(01)(01)(FF)(91)`@(03)MAXIMAFM
[19:00:57.81] OK:(05):(04)(19)"(04)
[19:00:57.94] OK:(15)0(01)(00)(00)"(11)(01)(01)(FF)(91)`@(03)MAXIMAFM
[19:00:57.97] OK:(05):(04)(19)#(04)
[19:00:58.9] OK:(15)0(01)(00)(00)"(11)(01)(01)(FF)(91)`@(03)MAXIMAFM
[19:00:58.12] OK:(05):(04)(19)$(04)
[19:00:58.25] OK:(15)0(01)(00)(00)"(11)(01)(01)(FF)(91)`@(03)MAXIMAFM
[19:00:58.28] OK:(05):(04)(19)%(04)
[19:00:58.42] OK:(15)0(01)(00)(00)"(11)(01)(01)(FF)(91)`@(03)MAXIMAFM
[19:00:58.45] OK:(05):(04)(19)&(04)
[19:00:58.58] OK:(15)0(01)(00)(00)"(11)(01)(01)(FF)(91)`@(03)MAXIMAFM
[19:00:58.61] OK:(05):(04)(19)'(04)
[19:00:58.73] OK:(15)0(01)(00)(00)"(11)(01)(01)(FF)(91)`@(03)MAXIMAFM
[19:00:58.76] OK:(05):(04)(19)((04)
[19:00:58.91] OK:(15)0(01)(00)(00)"(11)(01)(01)(FF)(91)`@(03)MAXIMAFM
[19:00:58.92] OK:(05):(04)(19))(04)
[19:00:59.6] OK:(15)0(01)(00)(00)"(11)(01)(01)(FF)(91)`@(03)MAXIMAFM
[19:00:59.8] OK:(05):(04)(19)0(04)
[19:00:59.22] OK:(15)0(01)(00)(00)"(11)(01)(01)(FF)(91)`@(03)MAXIMAFM
[19:00:59.25] OK:(05):(04)(19)1(04)
[19:00:59.39] OK:(15)0(01)(00)(00)"(11)(01)(01)(FF)(91)`@(03)MAXIMAFM
[19:00:59.42] OK:(05):(04)(19)2(04)
[19:00:59.55] OK:(15)0(01)(00)(00)"(11)(01)(01)(FF)(91)`@(03)MAXIMAFM
[19:00:59.58] OK:(05):(04)(19)3(04)
[19:00:59.75] OK:(15)0(01)(00)(00)"(11)(01)(01)(FF)(91)`@(03)MAXIMAFM
[19:00:59.78] OK:(05):(04)(19)4(04)
[19:00:59.91] OK:(15)0(01)(00)(00)"(11)(01)(01)(FF)(91)`@(03)MAXIMAFM
[19:00:59.94] OK:(05):(04)(19)5(04)
[19:01:00.6] OK:(15)0(01)(00)(00)"(11)(01)(01)(FF)(91)`@(03)MAXIMAFM
[19:01:00.9] OK:(05):(04)(19)6(04)
[19:01:01.61] OK:(15)0(01)(00)(00)"(11)(01)(01)(FF)(91)`@(03)MAXIMAFM
[19:01:01.66] OK:(05):(04)(19)7(04)
[19:01:01.83] OK:(15)0(01)(00)(00)"(11)(01)(01)(FF)(91)`@(03)MAXIMAFM
[19:01:01.88] OK:(05):(04)(19)8(04)
[19:01:02.5] OK:(15)0(01)(00)(00)"(11)(01)(01)(FF)(91)`@(03)MAXIMAFM
[19:01:02.8] OK:(05):(04)(19)9(04)
[19:01:02.26] OK:(15)0(01)(00)(00)"(11)(01)(01)(FF)(91)`@(03)MAXIMAFM
[19:01:02.31] OK:(05):(04)(19)@(04)
[19:01:02.53] OK:(15)0(01)(00)(00)"(11)(01)(01)(FF)(91)`@(03)MAXIMAFM
[19:01:02.58] OK:(05):(04)(19)A(04)
[19:01:02.73] OK:(15)0(01)(00)(00)"(11)(01)(01)(FF)(91)`@(03)MAXIMAFM
[19:01:02.78] OK:(05):(04)(19)B(04)
[19:01:02.91] OK:(15)0(01)(00)(00)"(11)(01)(01)(FF)(91)`@(03)MAXIMAFM
[19:01:02.92] OK:(05):(04)(19)C(04)
[19:01:03.8] OK:(15)0(01)(00)(00)"(11)(01)(01)(FF)(91)`@(03)MAXIMAFM
[19:01:03.11] OK:(05):(04)(19)D(04)
[19:01:03.25] OK:(15)0(01)(00)(00)"(11)(01)(01)(FF)(91)`@(03)MAXIMAFM
[19:01:03.26] OK:(05):(04)(19)E(04)
[19:01:03.41] OK:(15)0(01)(00)(00)"(11)(01)(01)(FF)(91)`@(03)MAXIMAFM
[19:01:03.42] OK:(05):(04)(19)F(04)
[19:01:03.56] OK:(15)0(01)(00)(00)"(11)(01)(01)(FF)(91)`@(03)MAXIMAFM
[19:01:03.59] OK:(05):(04)(19)G(04)
[19:01:03.73] OK:(15)0(01)(00)(00)"(11)(01)(01)(FF)(91)`@(03)MAXIMAFM
[19:01:03.75] OK:(05):(04)(19)H(04)
[19:01:03.91] OK:(15)0(01)(00)(00)"(11)(01)(01)(FF)(91)`@(03)MAXIMAFM
[19:01:03.94] OK:(05):(04)(19)I(04)
[19:01:04.8] OK:(15)0(01)(00)(00)"(11)(01)(01)(FF)(91)`@(03)MAXIMAFM
[19:01:04.11] OK:(05):(04)(19)P(04)
[19:01:04.47] OK:(15)0(01)(00)(00)"(11)(01)(01)(FF)(91)`@(03)MAXIMAFM
[19:01:04.50] OK:(05):(04)(19)Q(04)
[19:01:04.62] OK:(15)0(01)(00)(00)"(11)(01)(01)(FF)(91)`@(03)MAXIMAFM
[19:01:04.66] OK:(05):(04)(19)R(04)
[19:01:04.78] OK:(15)0(01)(00)(00)"(11)(01)(01)(FF)(91)`@(03)MAXIMAFM
[19:01:04.83] OK:(05):(04)(19)S(04)
[19:01:04.95] OK:(15)0(01)(00)(00)"(11)(01)(01)(FF)(91)`@(03)MAXIMAFM
[19:01:04.98] OK:(05):(04)(19)T(04)
[19:01:05.22] OK:(15)0(01)(00)(00)"(11)(01)(01)(FF)(91)`@(03)MAXIMAFM
[19:01:05.25] OK:(05):(04)(19)U(04)
[19:01:06.31] OK:(15)0(01)(00)(00)"(11)(01)(01)(FF)(91)`@(03)MAXIMAFM
[19:01:06.36] OK:(05):(04)(19)V(04)
[19:01:06.51] OK:(15)0(01)(00)(00)"(11)(01)(01)(FF)(91)`@(03)MAXIMAFM
[19:01:06.55] OK:(05):(04)(19)W(04)
[19:01:06.78] OK:(15)0(01)(00)(00)"(11)(01)(01)(FF)(91)`@(03)MAXIMAFM
[19:01:06.83] OK:(05):(04)(19)X(04)
[19:01:06.95] OK:(15)0(01)(00)(00)"(11)(01)(01)(FF)(91)`@(03)MAXIMAFM
[19:01:06.98] OK:(05):(04)(19)Y(04)
[19:01:07.11] OK:(15)0(01)(00)(00)"(11)(01)(01)(FF)(91)`@(03)MAXIMAFM
[19:01:07.14] OK:(05):(04)(19)(00)(04)
[19:01:07.26] OK:(15)0(01)(00)(00)"(11)(01)(01)(FF)(91)`@(03)MAXIMAFM
[19:01:07.30] OK:(05):(04)(19)(01)(04)
[19:01:08.53] OK:(15)0(01)(00)(00)"(11)(01)(01)(FF)(91)`@(03)MAXIMAFM
[19:01:08.56] OK:(05):(01)(19)(01)(04)
[19:01:13.55] OK:(15)0(01)(00)(00)"(11)(01)(01)(FF)(91)`@(03)MAXIMAFM
[19:01:13.73] OK:(15)0(01)(00)(00)"(11)(01)(01)(FF)(91)`@(03)MAXIMAFM
[19:01:14.69] OK:(15)0(01)(00)(00)"(11)(01)(01)(FF)(91)`@(03)MAXIMAFM
[19:01:14.92] OK:(15)0(01)(00)(00)"(11)(01)(01)(FF)(91)`@(03)MAXIMAFM
[19:01:15.12] OK:(15)0(01)(00)(00)"(11)(01)(01)(FF)(91)`@(03)MAXIMAFM
[19:01:15.66] OK:(15)0(01)(00)(00)"(11)(01)(01)(FF)(91)`@(03)MAXIMAFM
[19:01:15.80] OK:(15)0(01)(00)(00)"(11)(01)(01)(FF)(91)`@(03)MAXIMAFM
[19:01:15.94] OK:(15)0(01)(00)(00)"(11)(01)(01)(FF)(91)`@(03)MAXIMAFM
[19:01:16.8] OK:(15)0(01)(00)(00)"(11)(01)(01)(FF)(91)`@(03)MAXIMAFM
[19:01:19.81] OK:(15)0(01)(00)(00)"(11)(01)(01)(FF)(91)`@(03)MAXIMAFM
[19:01:19.86] OK:(15)0(01)(00)(00)(11)(11)(01)(01)(FF)(91)`@(03)MAXIMAFM
[19:01:19.95] OK:(09)2R""(02)(02)(00)(00)(BE)
[19:01:21.34] OK:(15)0(01)(00)(00)(11)(11)(01)(01)(FF)(91)`@(03)MAXIMAFM
[19:01:26.36] OK:(15)0(01)(00)(00)(10)(11)(01)(01)(FF)(91)`@(03)MAXIMAFM
[19:01:28.12] OK:(15)0(01)(00)(00)(10)(11)(01)(01)(FF)(91)`@(03)MAXIMAFM
[19:01:29.72] OK:(15)0(01)(00)(00)(10)(11)(01)(01)(FF)(91)`@(03)MAXIMAFM
[19:01:29.75] OK:(15)0(01)(01)(00)(10)(11)(01)(02)(F1)(00)@@(02)(00)(00)(00)(00)(00)(00)(00)(00)
[19:01:29.80] OK:(09)2R""(02)(00)(00)(00)(BE)
[19:01:30.58] OK:(15)0(01)(01)(00)(10)(11)(01)(02)(F1)(00)@@(02)(00)(00)(00)(00)(00)(00)(00)(00)
[19:01:30.61] OK:(15)0(01)(00)(00)(10)(11)(01)(01)(FF)(91)`@(02)MAXIMAFM
[19:01:30.95] OK:(15)0(01)(00)(00)(10)(11)(01)(01)(FF)(91)`@(02)MAXIMAFM
[19:01:31.34] OK:(15)0(01)(00)(00)(10)(11)(01)(01)(FF)(91)`@(03)MAXIMAFM
[19:01:31.38] OK:(15)0(01)(00)(00)(10)(11)(01)(01)(FF)(91)`@(03)MAXIMAFM
[19:01:31.39] OK:(09)2(00)(00)(00)(02)(00)(00)(00)(BE)
[19:01:31.45] OK:(15)0(01)(00)(00)"(11)(01)(01)(FF)(91)`@(03)MAXIMAFM
[19:01:31.76] OK:(15)0(01)(00)(00)"(11)(01)(01)(FF)(91)`@(03)MAXIMAFM
[19:01:31.80] OK:(15)0(01)(00)(00)"(11)(01)(01)(FF)(91)`@(03)MAXIMAFM
[19:01:31.81] OK:(09)2(00)(00)(00)(02)(02)(00)(00)(BE)
[19:01:32.56] OK:(15)0(01)(00)(00)"(11)(01)(01)(FF)(91)`@(03)MAXIMAFM
[19:01:34.1] OK:(15)0(01)(00)(00)"(11)(01)(01)(FF)(91)`@(03)MAXIMAFM
[19:01:34.5] OK:(15)0(01)(00)(00)(11)(11)(01)(01)(FF)(91)`@(03)MAXIMAFM
[19:01:34.9] OK:(09)2R""(02)(02)(00)(00)(BE)
[19:01:35.51] OK:(15)0(01)(00)(00)(11)(11)(01)(01)(FF)(91)`@(03)MAXIMAFM
[19:01:40.53] OK:(15)0(01)(00)(00)(10)(11)(01)(01)(FF)(91)`@(03)MAXIMAFM
[19:01:43.51] OK:(15)0(01)(00)(00)(10)(11)(01)(01)(FF)(91)`@(03)MAXIMAFM
[19:01:45.50] OK:(15)0(01)(00)(00)(10)(11)(01)(01)(FF)(91)`@(03)MAXIMAFM
[19:01:45.55] OK:(15)0(01)(00)(00)(10)(11)(01)(01)(FF)(91)`@(03)MAXIMAFM
[19:01:45.56] OK:(09)2(00)(00)(00)(02)(02)(00)(00)(BE)
[19:01:45.61] OK:(15)0(01)(00)(00)"(11)(01)(01)(FF)(91)`@(03)MAXIMAFM
[19:01:46.73] OK:(15)0(01)(00)(00)"(11)(01)(01)(FF)(91)`@(03)MAXIMAFM
[19:01:51.73] OK:(15)0(01)(00)(00)"(11)(01)(01)(FF)(91)`@(03)MAXIMAFM
[19:01:53.5] OK:(15)0(01)(00)(00)"(11)(01)(01)(FF)(91)`@(03)MAXIMAFM
[19:01:53.8] OK:(15)0(01)(00)(00)(00)(11)(02)(00)(FF)(91)e@(00)(00)(00)(00)(00)(00)(00)(00)(00)
[19:01:53.11] OK:(09)2(00)(00)(00)(02)(00)(00)(00)(BE)
[19:01:53.55] OK:(15)0(01)(00)(00)(00)(11)(02)(00)(FF)(91)e@(00)(00)(00)(00)(00)(00)(00)(00)(00)
[19:01:53.84] OK:(15)0(01)(00)(00)(00)(11)(01)(00)(FF)(91)e@(00)(00)(00)(00)(00)(00)(00)(00)(00)
[19:01:53.88] OK:(15)0(01)(00)(00)(00)(11)(03)(01)(FF)(91)`@(00)(00)(00)(00)(00)(00)(00)(00)(00)
[19:01:54.14] OK:(15)0(01)(00)(00)(00)(11)(03)(01)(FF)(91)`@(00)(00)(00)(00)(00)(00)(00)(00)(00)
[19:01:54.17] OK:(15)0(01)(00)(00)(00)(11)(03)(01)(FF)(91)`@(02)(00)(00)(00)(00)(00)(00)(00)(00)
[19:01:54.22] OK:(15)0(01)(00)(00)"(11)(03)(01)(FF)(91)`@(02)MAXIMAFM
[19:01:54.28] OK:(15)0(01)(00)(00)"(11)(03)(01)(FF)(91)`@(02)MAXIMAFM
[19:01:54.34] OK:(09)2(00)(00)(00)(02)(02)(00)(00)(BE)
[19:01:55.73] OK:(15)0(01)(00)(00)"(11)(01)(01)(FF)(91)`@(03)MAXIMAFM
[19:01:55.78] OK:(15)0(01)(00)(00)"(11)(01)(01)(FF)(91)`@(03)MAXIMAFM
[19:01:55.81] OK:(17)4(20)(20)BASS(20)(20)(20)(20)(20)(20)(20)C(00)(00)(00)(02)(11)(00)(00)(00)
[19:01:55.84] OK:(09)2(00)(00)(00)(02)(00)(00)(00)(BE)
[19:01:56.56] OK:(15)0(01)(00)(00)(01)(11)(01)(00)(FF)(FF)(FF)(00)(00)(00)(00)(00)(00)(00)(00)(00)
[19:01:56.61] OK:(17)4(20)(20)TREBLE(20)(20)(20)(20)+3(00)(00)(00)(02)(13)(00)(00)(00)
[19:01:56.64] OK:(15)0(01)(00)(00)(01)(11)(01)(00)(FF)(FF)(FF)(00)(00)(00)(00)(00)(00)(00)(00)(00)
[19:01:56.70] OK:(17)4(20)(20)FADER(20)(20)(20)(20)(20)(20)C(00)(00)(00)(02)(13)(00)(00)(00)
[19:01:56.72] OK:(15)0(01)(00)(00)(01)(11)(01)(00)(FF)(FF)(FF)(00)(00)(00)(00)(00)(00)(00)(00)(00)
[19:01:56.73] OK:(17)4(20)(20)BALANCE(20)(20)(20)(20)C(00)(00)(00)(02)(13)(00)(00)(00)
[19:01:56.75] OK:(15)0(01)(00)(00)(01)(11)(01)(00)(FF)(FF)(FF)(00)(00)(00)(00)(00)(00)(00)(00)(00)
[19:01:56.75] OK:(17)4(20)(20)CENTER(20)(20)(20)(20)(20)C(00)(00)(00)(02)(13)(00)(00)(00)
[19:01:56.78] OK:(15)0(01)(00)(00)(01)(11)(01)(00)(FF)(FF)(FF)(00)(00)(00)(00)(00)(00)(00)(00)(00)
[19:01:56.78] OK:(17)4(20)(20)SUBW(20)(20)(20)(20)(20)(20)+3(00)(00)(00)(02)(13)(00)(00)(00)
[19:01:56.80] OK:(15)0(01)(00)(00)(01)(11)(01)(00)(FF)(FF)(FF)(00)(00)(00)(00)(00)(00)(00)(00)(00)
[19:01:56.83] OK:(17)4(20)(20)SVC(20)(20)(20)(20)(20)(20)OFF(00)(00)(00)(02)(13)(00)(00)(00)
[19:01:56.83] OK:(15)0(01)(00)(00)(01)(11)(01)(00)(FF)(FF)(FF)(00)(00)(00)(00)(00)(00)(00)(00)(00)
[19:01:56.86] OK:(17)4(20)(00)RDS(20)(20)(20)SETTING(00)(00)(02)(13)(00)(00)(00)
[19:01:56.88] OK:(15)0(01)(00)(00)(01)(11)(01)(00)(FF)(FF)(FF)(00)(00)(00)(00)(00)(00)(00)(00)(00)
[19:01:56.89] OK:(17)4(20)(00)CLOCK(20):(20)24H(20)(20)(00)(00)(02)(12)(00)(00)(00)
[19:01:56.95] OK:(15)0(01)(00)(00)(01)(11)(01)(00)(FF)(FF)(FF)(00)(00)(00)(00)(00)(00)(00)(00)(00)
[19:01:56.98] OK:(17)4(20)(00)CLOCK(20):(20)24H(20)(20)(00)(00)(02)(12)(00)(00)(00)
[19:01:57.23] OK:(15)0(01)(00)(00)(01)(11)(01)(00)(FF)(FF)(FF)(00)(00)(00)(00)(00)(00)(00)(00)(00)
[19:01:57.25] OK:(17)4(20)(00)RDS(20)(20)(20)SETTING(00)(00)(02)(13)(00)(00)(00)
[19:01:57.28] OK:(15)0(01)(00)(00)(01)(11)(01)(00)(FF)(FF)(FF)(00)(00)(00)(00)(00)(00)(00)(00)(00)
[19:01:57.30] OK:(17)4(20)(20)SVC(20)(20)(20)(20)(20)(20)OFF(00)(00)(00)(02)(13)(00)(00)(00)
[19:01:57.33] OK:(15)0(01)(00)(00)(01)(11)(01)(00)(FF)(FF)(FF)(00)(00)(00)(00)(00)(00)(00)(00)(00)
[19:01:57.34] OK:(17)4(20)(20)SUBW(20)(20)(20)(20)(20)(20)+3(00)(00)(00)(02)(13)(00)(00)(00)
[19:01:57.38] OK:(15)0(01)(00)(00)(01)(11)(01)(00)(FF)(FF)(FF)(00)(00)(00)(00)(00)(00)(00)(00)(00)
[19:01:57.39] OK:(17)4(20)(20)CENTER(20)(20)(20)(20)(20)C(00)(00)(00)(02)(13)(00)(00)(00)
[19:01:57.44] OK:(15)0(01)(00)(00)(01)(11)(01)(00)(FF)(FF)(FF)(00)(00)(00)(00)(00)(00)(00)(00)(00)
[19:01:57.45] OK:(17)4(20)(20)BALANCE(20)(20)(20)(20)C(00)(00)(00)(02)(13)(00)(00)(00)
[19:01:57.45] OK:(15)0(01)(00)(00)(01)(11)(01)(00)(FF)(FF)(FF)(00)(00)(00)(00)(00)(00)(00)(00)(00)
[19:01:57.48] OK:(17)4(20)(20)FADER(20)(20)(20)(20)(20)(20)C(00)(00)(00)(02)(13)(00)(00)(00)
[19:01:57.50] OK:(15)0(01)(00)(00)(01)(11)(01)(00)(FF)(FF)(FF)(00)(00)(00)(00)(00)(00)(00)(00)(00)
[19:01:57.50] OK:(17)4(20)(20)TREBLE(20)(20)(20)(20)+3(00)(00)(00)(02)(13)(00)(00)(00)
[19:01:57.53] OK:(15)0(01)(00)(00)(01)(11)(01)(00)(FF)(FF)(FF)(00)(00)(00)(00)(00)(00)(00)(00)(00)
[19:01:57.53] OK:(17)4(20)(20)BASS(20)(20)(20)(20)(20)(20)(20)C(00)(00)(00)(02)(11)(00)(00)(00)
[19:01:57.56] OK:(15)0(01)(00)(00)(01)(11)(01)(00)(FF)(FF)(FF)(00)(00)(00)(00)(00)(00)(00)(00)(00)
[19:01:57.59] OK:(17)4(20)(20)BASS(20)(20)(20)(20)(20)(20)(20)C(00)(00)(00)(02)(11)(00)(00)(00)
[19:01:57.86] OK:(15)0(01)(00)(00)(01)(11)(01)(00)(FF)(FF)(FF)(00)(00)(00)(00)(00)(00)(00)(00)(00)
[19:01:57.89] OK:(0A)7(00)(00)(00)(00)(00)(00)(00)(00)(00)
[19:01:57.91] OK:(15)0(01)(00)(00)"(11)(01)(01)(FF)(91)`@(03)MAXIMAFM