
[23:58:38.43] Started
[23:58:38.80] OK:(17)4(20)(20)BASS(20)(20)(20)(20)(20)(20)+3(00)(00)(00)(02)(11)(00)(00)(00)
[23:58:38.96] OK:(15)0(01)(00)(00)"(0B)(01)(02)(FF)(91)0@(02)CUARENTA
[23:58:39.9] ERR:(15)0(01)(00)(00)"(0B)(01)(02)(FF)(91)0@(03)CUARENTA
[23:58:39.23] ERR:(15)0(01)(00)(00)"(0B)(01)(02)(FF)(91)0@(03)CUARENTA
[23:58:39.39] OK:(15)0(01)(00)(00)"(0B)(01)(03)(FF)(91)0@(03)CUARENTA
[23:58:39.54] OK:(15)0(01)(00)(00)"(0B)(01)(03)(FF)(91)0@(03)CUARENTA
[23:58:39.67] OK:(15)0(01)(00)(00)"(0B)(01)(03)(FF)(91)0@(03)CUARENTA
[23:58:39.75] OK:(08)0(00)(00)(00)(00)(00)(FF)(FF)
[23:58:39.82] ERR:(09)2(00)(00)(00)(02)(03)(00)(00)(BE)
[23:58:39.88] OK:(08)0(00)(00)(00)(00)(00)(FF)(FF)
[23:58:39.90] OK:(05):(01)(17)(01)(04)
[23:58:39.99] OK:(08)0(00)(00)(00)(00)(00)(FF)(FF)
[23:58:40.63] OK:(15)0(01)(00)(00)"(0B)(01)(03)(FF)(91)0@(03)CUARENTA
[23:58:40.74] OK:(17)4(20)(20)BASS(20)(20)(20)(20)(20)(20)+3(00)(00)(00)(02)(11)(00)(00)(00)
[23:58:40.88] OK:(15)0(01)(00)(00)"(0B)(01)(02)(FF)(91)0@(02)CUARENTA
[23:58:41.2] ERR:(15)0(01)(00)(00)"(0B)(01)(02)(FF)(91)0@(03)CUARENTA
[23:58:41.17] ERR:(15)0(01)(00)(00)"(0B)(01)(02)(FF)(91)0@(03)CUARENTA
[23:58:41.32] OK:(15)0(01)(00)(00)"(0B)(01)(03)(FF)(91)0@(03)CUARENTA
[23:58:41.45] OK:(15)0(01)(00)(00)"(0B)(01)(03)(FF)(91)0@(03)CUARENTA
[23:58:41.61] OK:(15)0(01)(00)(00)"(0B)(01)(03)(FF)(91)0@(03)CUARENTA
[23:58:41.68] OK:(08)0(00)(00)(00)(00)(00)(FF)(FF)
[23:58:41.74] ERR:(09)2(00)(00)(00)(02)(03)(00)(00)(BE)
[23:58:41.82] OK:(08)0(00)(00)(00)(00)(00)(FF)(FF)
[23:58:41.85] OK:(05):(01)(17)(01)(04)
[23:58:41.92] OK:(08)0(00)(00)(00)(00)(00)(FF)(FF)
[23:58:42.56] OK:(15)0(01)(00)(00)"(0B)(01)(03)(FF)(91)0@(03)CUARENTA
[23:58:42.66] OK:(17)4(20)(20)BASS(20)(20)(20)(20)(20)(20)+3(00)(00)(00)(02)(11)(00)(00)(00)
[23:58:42.81] OK:(15)0(01)(00)(00)"(0B)(01)(02)(FF)(91)0@(02)CUARENTA
[23:58:42.95] ERR:(15)0(01)(00)(00)"(0B)(01)(02)(FF)(91)0@(03)CUARENTA
[23:58:43.11] ERR:(15)0(01)(00)(00)"(0B)(01)(02)(FF)(91)0@(03)CUARENTA
[23:58:43.25] OK:(15)0(01)(00)(00)"(0B)(01)(03)(FF)(91)0@(03)CUARENTA
[23:58:43.39] OK:(15)0(01)(00)(00)"(0B)(01)(03)(FF)(91)0@(03)CUARENTA
[23:58:43.54] OK:(15)0(01)(00)(00)"(0B)(01)(03)(FF)(91)0@(03)CUARENTA
[23:58:43.62] OK:(08)0(00)(00)(00)(00)(00)(FF)(FF)
[23:58:43.67] ERR:(09)2(00)(00)(00)(02)(03)(00)(00)(BE)
[23:58:43.75] OK:(08)0(00)(00)(00)(00)(00)(FF)(FF)
[23:58:43.78] OK:(05):(01)(17)(01)(04)
[23:58:43.84] OK:(08)0(00)(00)(00)(00)(00)(FF)(FF)
[23:58:44.49] OK:(15)0(01)(00)(00)"(0B)(01)(03)(FF)(91)0@(03)CUARENTA
[23:58:44.59] OK:(17)4(20)(20)BASS(20)(20)(20)(20)(20)(20)+3(00)(00)(00)(02)(11)(00)(00)(00)
[23:58:44.74] OK:(15)0(01)(00)(00)"(0B)(01)(02)(FF)(91)0@(02)CUARENTA
[23:58:44.89] ERR:(15)0(01)(00)(00)"(0B)(01)(02)(FF)(91)0@(03)CUARENTA
[23:58:45.3] ERR:(15)0(01)(00)(00)"(0B)(01)(02)(FF)(91)0@(03)CUARENTA
[23:58:45.19] OK:(15)0(01)(00)(00)"(0B)(01)(03)(FF)(91)0@(03)CUARENTA
[23:58:45.32] OK:(15)0(01)(00)(00)"(0B)(01)(03)(FF)(91)0@(03)CUARENTA
[23:58:45.48] OK:(15)0(01)(00)(00)"(0B)(01)(03)(FF)(91)0@(03)CUARENTA
[23:58:45.55] OK:(08)0(00)(00)(00)(00)(00)(FF)(FF)
[23:58:45.60] ERR:(09)2(00)(00)(00)(02)(03)(00)(00)(BE)
[23:58:45.68] OK:(08)0(00)(00)(00)(00)(00)(FF)(FF)
[23:58:45.71] OK:(05):(01)(17)(01)(04)
[23:58:45.78] OK:(08)0(00)(00)(00)(00)(00)(FF)(FF)
[23:58:47.96] DESCONECTADO: Error (21): CommRead (ClearCommError) - No está lista.

[23:58:48.69] CONECTADO A \\.\com1
[23:58:48.97] OK:(15)0(01)(00)(00)"(0B)(01)(03)(FF)(91)0@(03)CUARENTA
[23:58:49.7] OK:(17)4(20)(20)BASS(20)(20)(20)(20)(20)(20)+3(00)(00)(00)(02)(11)(00)(00)(00)
[23:58:49.21] OK:(15)0(01)(00)(00)"(0B)(01)(02)(FF)(91)0@(02)CUARENTA
[23:58:49.36] ERR:(15)0(01)(00)(00)"(0B)(01)(02)(FF)(91)0@(03)CUARENTA
[23:58:49.51] ERR:(15)0(01)(00)(00)"(0B)(01)(02)(FF)(91)0@(03)CUARENTA
[23:58:49.65] OK:(15)0(01)(00)(00)"(0B)(01)(03)(FF)(91)0@(03)CUARENTA
[23:58:49.79] OK:(15)0(01)(00)(00)"(0B)(01)(03)(FF)(91)0@(03)CUARENTA
[23:58:49.94] OK:(15)0(01)(00)(00)"(0B)(01)(03)(FF)(91)0@(03)CUARENTA
[23:58:50.1] OK:(08)0(00)(00)(00)(00)(00)(FF)(FF)
[23:58:50.8] ERR:(09)2(00)(00)(00)(02)(03)(00)(00)(BE)
[23:58:50.15] OK:(08)0(00)(00)(00)(00)(00)(FF)(FF)
[23:58:50.18] OK:(05):(01)(17)(01)(04)
[23:58:50.24] OK:(08)0(00)(00)(00)(00)(00)(FF)(FF)
[23:58:50.88] OK:(15)0(01)(00)(00)"(0B)(01)(03)(FF)(91)0@(03)CUARENTA
[23:58:51.1] OK:(17)4(20)(20)BASS(20)(20)(20)(20)(20)(20)+3(00)(00)(00)(02)(11)(00)(00)(00)
[23:58:51.14] OK:(15)0(01)(00)(00)"(0B)(01)(02)(FF)(91)0@(02)CUARENTA
[23:58:51.29] ERR:(15)0(01)(00)(00)"(0B)(01)(02)(FF)(91)0@(03)CUARENTA
[23:58:51.43] ERR:(15)0(01)(00)(00)"(0B)(01)(02)(FF)(91)0@(03)CUARENTA
[23:58:51.59] OK:(15)0(01)(00)(00)"(0B)(01)(03)(FF)(91)0@(03)CUARENTA
[23:58:51.73] OK:(15)0(01)(00)(00)"(0B)(01)(03)(FF)(91)0@(03)CUARENTA
[23:58:51.88] OK:(15)0(01)(00)(00)"(0B)(01)(03)(FF)(91)0@(03)CUARENTA
[23:58:51.94] OK:(08)0(00)(00)(00)(00)(00)(FF)(FF)
[23:58:52.0] ERR:(09)2(00)(00)(00)(02)(03)(00)(00)(BE)
[23:58:52.7] OK:(08)0(00)(00)(00)(00)(00)(FF)(FF)
[23:58:52.11] OK:(05):(01)(17)(01)(04)
[23:58:52.19] OK:(08)0(00)(00)(00)(00)(00)(FF)(FF)
[23:58:52.83] OK:(15)0(01)(00)(00)"(0B)(01)(03)(FF)(91)0@(03)CUARENTA
[23:58:52.93] OK:(17)4(20)(20)BASS(20)(20)(20)(20)(20)(20)+3(00)(00)(00)(02)(11)(00)(00)(00)
[23:58:53.8] OK:(15)0(01)(00)(00)"(0B)(01)(02)(FF)(91)0@(02)CUARENTA
[23:58:53.22] ERR:(15)0(01)(00)(00)"(0B)(01)(02)(FF)(91)0@(03)CUARENTA
[23:58:53.37] ERR:(15)0(01)(00)(00)"(0B)(01)(02)(FF)(91)0@(03)CUARENTA
[23:59:00.40] Started
[23:59:00.65] OK:(17)4(20)(20)BASS(20)(20)(20)(20)(20)(20)+3(00)(00)(00)(02)(11)(00)(00)(00)
[23:59:00.80] OK:(15)0(01)(00)(00)"(0B)(01)(02)(FF)(91)0@(02)CUARENTA
[23:59:00.94] ERR:(15)0(01)(00)(00)"(0B)(01)(02)(FF)(91)0@(03)CUARENTA
[23:59:01.9] ERR:(15)0(01)(00)(00)"(0B)(01)(02)(FF)(91)0@(03)CUARENTA
[23:59:01.24] OK:(15)0(01)(00)(00)"(0B)(01)(03)(FF)(91)0@(03)CUARENTA
[23:59:01.38] OK:(15)0(01)(00)(00)"(0B)(01)(03)(FF)(91)0@(03)CUARENTA
[23:59:01.53] OK:(15)0(01)(00)(00)"(0B)(01)(03)(FF)(91)0@(03)CUARENTA
[23:59:01.60] OK:(08)0(00)(00)(00)(00)(00)(FF)(FF)
[23:59:01.66] ERR:(09)2(00)(00)(00)(02)(03)(00)(00)(BE)
[23:59:01.73] OK:(08)0(00)(00)(00)(00)(00)(FF)(FF)
[23:59:01.75] OK:(05):(01)(17)(01)(04)
[23:59:01.83] OK:(08)0(00)(00)(00)(00)(00)(FF)(FF)
[23:59:02.47] OK:(15)0(01)(00)(00)"(0B)(01)(03)(FF)(91)0@(03)CUARENTA
[23:59:02.58] OK:(17)4(20)(20)BASS(20)(20)(20)(20)(20)(20)+3(00)(00)(00)(02)(11)(00)(00)(00)
[23:59:02.73] OK:(15)0(01)(00)(00)"(0B)(01)(02)(FF)(91)0@(02)CUARENTA
[23:59:02.87] ERR:(15)0(01)(00)(00)"(0B)(01)(02)(FF)(91)0@(03)CUARENTA
[23:59:03.3] ERR:(15)0(01)(00)(00)"(0B)(01)(02)(FF)(91)0@(03)CUARENTA
[23:59:03.16] OK:(15)0(01)(00)(00)"(0B)(01)(03)(FF)(91)0@(03)CUARENTA
[23:59:03.31] OK:(15)0(01)(00)(00)"(0B)(01)(03)(FF)(91)0@(03)CUARENTA
[23:59:03.46] OK:(15)0(01)(00)(00)"(0B)(01)(03)(FF)(91)0@(03)CUARENTA
[23:59:03.54] OK:(08)0(00)(00)(00)(00)(00)(FF)(FF)
[23:59:03.59] ERR:(09)2(00)(00)(00)(02)(03)(00)(00)(BE)
[23:59:03.66] OK:(08)0(00)(00)(00)(00)(00)(FF)(FF)
[23:59:03.69] OK:(05):(01)(17)(01)(04)
[23:59:03.77] OK:(08)0(00)(00)(00)(00)(00)(FF)(FF)
[23:59:04.42] OK:(15)0(01)(00)(00)"(0B)(01)(03)(FF)(91)0@(03)CUARENTA
[23:59:04.51] OK:(17)4(20)(20)BASS(20)(20)(20)(20)(20)(20)+3(00)(00)(00)(02)(11)(00)(00)(00)
[23:59:04.67] OK:(15)0(01)(00)(00)"(0B)(01)(02)(FF)(91)0@(02)CUARENTA
[23:59:04.81] ERR:(15)0(01)(00)(00)"(0B)(01)(02)(FF)(91)0@(03)CUARENTA
[23:59:06.78] DESCONECTADO: Error (21): CommRead (ClearCommError) - No está lista.

[23:59:08.5] CONECTADO A \\.\com1
[23:59:08.57] OK:(15)0(01)(00)(00)"(0B)(01)(02)(FF)(91)0@(02)CUARENTA
[23:59:08.73] ERR:(15)0(01)(00)(00)"(0B)(01)(02)(FF)(91)0@(03)CUARENTA
[23:59:08.86] ERR:(15)0(01)(00)(00)"(0B)(01)(02)(FF)(91)0@(03)CUARENTA
[23:59:09.1] OK:(15)0(01)(00)(00)"(0B)(01)(03)(FF)(91)0@(03)CUARENTA
[23:59:09.16] OK:(15)0(01)(00)(00)"(0B)(01)(03)(FF)(91)0@(03)CUARENTA
[23:59:09.30] OK:(15)0(01)(00)(00)"(0B)(01)(03)(FF)(91)0@(03)CUARENTA
[23:59:09.38] OK:(08)0(00)(00)(00)(00)(00)(FF)(FF)
[23:59:09.44] ERR:(09)2(00)(00)(00)(02)(03)(00)(00)(BE)
[23:59:09.51] OK:(08)0(00)(00)(00)(00)(00)(FF)(FF)
[23:59:09.54] OK:(05):(01)(17)(01)(04)
[23:59:09.60] OK:(08)0(00)(00)(00)(00)(00)(FF)(FF)
[23:59:10.25] OK:(15)0(01)(00)(00)"(0B)(01)(03)(FF)(91)0@(03)CUARENTA
[23:59:10.36] OK:(17)4(20)(20)BASS(20)(20)(20)(20)(20)(20)+3(00)(00)(00)(02)(11)(00)(00)(00)
[23:59:10.50] OK:(15)0(01)(00)(00)"(0B)(01)(02)(FF)(91)0@(02)CUARENTA
[23:59:10.65] ERR:(15)0(01)(00)(00)"(0B)(01)(02)(FF)(91)0@(03)CUARENTA
[23:59:10.80] ERR:(15)0(01)(00)(00)"(0B)(01)(02)(FF)(91)0@(03)CUARENTA
[23:59:10.94] OK:(15)0(01)(00)(00)"(0B)(01)(03)(FF)(91)0@(03)CUARENTA
[23:59:11.9] OK:(15)0(01)(00)(00)"(0B)(01)(03)(FF)(91)0@(03)CUARENTA
[23:59:11.23] OK:(15)0(01)(00)(00)"(0B)(01)(03)(FF)(91)0@(03)CUARENTA
[23:59:11.31] OK:(08)0(00)(00)(00)(00)(00)(FF)(FF)
[23:59:11.36] ERR:(09)2(00)(00)(00)(02)(03)(00)(00)(BE)
[23:59:11.45] OK:(08)0(00)(00)(00)(00)(00)(FF)(FF)
[23:59:11.48] OK:(05):(01)(17)(01)(04)
[23:59:11.54] OK:(08)0(00)(00)(00)(00)(00)(FF)(FF)
[23:59:12.18] OK:(15)0(01)(00)(00)"(0B)(01)(03)(FF)(91)0@(03)CUARENTA
[23:59:12.29] OK:(17)4(20)(20)BASS(20)(20)(20)(20)(20)(20)+3(00)(00)(00)(02)(11)(00)(00)(00)
[23:59:12.44] OK:(15)0(01)(00)(00)"(0B)(01)(02)(FF)(91)0@(02)CUARENTA
[23:59:12.58] ERR:(15)0(01)(00)(00)"(0B)(01)(02)(FF)(91)0@(03)CUARENTA
[23:59:12.72] ERR:(15)0(01)(00)(00)"(0B)(01)(02)(FF)(91)0@(03)CUARENTA
[23:59:12.87] OK:(15)0(01)(00)(00)"(0B)(01)(03)(FF)(91)0@(03)CUARENTA
[23:59:13.1] OK:(15)0(01)(00)(00)"(0B)(01)(03)(FF)(91)0@(03)CUARENTA
[23:59:13.17] OK:(15)0(01)(00)(00)"(0B)(01)(03)(FF)(91)0@(03)CUARENTA
[23:59:13.24] OK:(08)0(00)(00)(00)(00)(00)(FF)(FF)
[23:59:13.30] ERR:(09)2(00)(00)(00)(02)(03)(00)(00)(BE)
[23:59:13.36] OK:(08)0(00)(00)(00)(00)(00)(FF)(FF)
[23:59:13.40] OK:(05):(01)(17)(01)(04)
[23:59:13.48] OK:(08)0(00)(00)(00)(00)(00)(FF)(FF)
[23:59:14.12] OK:(15)0(01)(00)(00)"(0B)(01)(03)(FF)(91)0@(03)CUARENTA
[23:59:14.23] OK:(17)4(20)(20)BASS(20)(20)(20)(20)(20)(20)+3(00)(00)(00)(02)(11)(00)(00)(00)
[23:59:14.36] OK:(15)0(01)(00)(00)"(0B)(01)(02)(FF)(91)0@(02)CUARENTA
[23:59:14.51] ERR:(15)0(01)(00)(00)"(0B)(01)(02)(FF)(91)0@(03)CUARENTA
[23:59:14.66] ERR:(15)0(01)(00)(00)"(0B)(01)(02)(FF)(91)0@(03)CUARENTA
[23:59:14.80] OK:(15)0(01)(00)(00)"(0B)(01)(03)(FF)(91)0@(03)CUARENTA
[23:59:14.95] OK:(15)0(01)(00)(00)"(0B)(01)(03)(FF)(91)0@(03)CUARENTA
[23:59:15.10] OK:(15)0(01)(00)(00)"(0B)(01)(03)(FF)(91)0@(03)CUARENTA
[23:59:15.17] OK:(08)0(00)(00)(00)(00)(00)(FF)(FF)
[23:59:15.23] ERR:(09)2(00)(00)(00)(02)(03)(00)(00)(BE)
[23:59:15.29] OK:(08)0(00)(00)(00)(00)(00)(FF)(FF)
[23:59:15.33] OK:(05):(01)(17)(01)(04)
[23:59:15.39] OK:(08)0(00)(00)(00)(00)(00)(FF)(FF)
[23:59:16.4] OK:(15)0(01)(00)(00)"(0B)(01)(03)(FF)(91)0@(03)CUARENTA
[23:59:16.15] OK:(17)4(20)(20)BASS(20)(20)(20)(20)(20)(20)+3(00)(00)(00)(02)(11)(00)(00)(00)
[23:59:16.29] OK:(15)0(01)(00)(00)"(0B)(01)(02)(FF)(91)0@(02)CUARENTA
[23:59:16.45] ERR:(15)0(01)(00)(00)"(0B)(01)(02)(FF)(91)0@(03)CUARENTA
[23:59:18.43] DESCONECTADO: Error (21): CommRead (ClearCommError) - No está lista.

[23:59:38.38] CONECTADO A \\.\com1
[23:59:38.90] OK:(15)0(01)(00)(00)"(0B)(01)(02)(FF)(91)0@(02)CUARENTA
[23:59:39.5] ERR:(15)0(01)(00)(00)"(0B)(01)(02)(FF)(91)0@(03)CUARENTA
[23:59:39.20] ERR:(15)0(01)(00)(00)"(0B)(01)(02)(FF)(91)0@(03)CUARENTA
[23:59:39.35] OK:(15)0(01)(00)(00)"(0B)(01)(03)(FF)(91)0@(03)CUARENTA
[23:59:39.49] OK:(15)0(01)(00)(00)"(0B)(01)(03)(FF)(91)0@(03)CUARENTA
[23:59:39.63] OK:(15)0(01)(00)(00)"(0B)(01)(03)(FF)(91)0@(03)CUARENTA
[23:59:39.72] OK:(08)0(00)(00)(00)(00)(00)(FF)(FF)
[23:59:39.77] ERR:(09)2(00)(00)(00)(02)(03)(00)(00)(BE)
[23:59:39.85] OK:(08)0(00)(00)(00)(00)(00)(FF)(FF)
[23:59:39.88] OK:(05):(01)(17)(01)(04)
[23:59:39.95] OK:(08)0(00)(00)(00)(00)(00)(FF)(FF)
[23:59:40.59] OK:(15)0(01)(00)(00)"(0B)(01)(03)(FF)(91)0@(03)CUARENTA
[23:59:40.70] OK:(17)4(20)(20)BASS(20)(20)(20)(20)(20)(20)+3(00)(00)(00)(02)(11)(00)(00)(00)
[23:59:40.84] OK:(15)0(01)(00)(00)"(0B)(01)(02)(FF)(91)0@(02)CUARENTA
[23:59:40.98] ERR:(15)0(01)(00)(00)"(0B)(01)(02)(FF)(91)0@(03)CUARENTA
[23:59:41.13] ERR:(15)0(01)(00)(00)"(0B)(01)(02)(FF)(91)0@(03)CUARENTA
[23:59:41.28] OK:(15)0(01)(00)(00)"(0B)(01)(03)(FF)(91)0@(03)CUARENTA
[23:59:41.42] OK:(15)0(01)(00)(00)"(0B)(01)(03)(FF)(91)0@(03)CUARENTA
[23:59:41.57] OK:(15)0(01)(00)(00)"(0B)(01)(03)(FF)(91)0@(03)CUARENTA
[23:59:41.65] OK:(08)0(00)(00)(00)(00)(00)(FF)(FF)
[23:59:41.70] ERR:(09)2(00)(00)(00)(02)(03)(00)(00)(BE)
[23:59:41.78] OK:(08)0(00)(00)(00)(00)(00)(FF)(FF)
[23:59:41.81] OK:(05):(01)(17)(01)(04)
[23:59:41.88] OK:(08)0(00)(00)(00)(00)(00)(FF)(FF)
[23:59:42.52] OK:(15)0(01)(00)(00)"(0B)(01)(03)(FF)(91)0@(03)CUARENTA
[23:59:42.62] OK:(17)4(20)(20)BASS(20)(20)(20)(20)(20)(20)+3(00)(00)(00)(02)(11)(00)(00)(00)
[23:59:42.76] OK:(15)0(01)(00)(00)"(0B)(01)(02)(FF)(91)0@(02)CUARENTA
[23:59:42.92] ERR:(15)0(01)(00)(00)"(0B)(01)(02)(FF)(91)0@(03)CUARENTA
[23:59:43.6] ERR:(15)0(01)(00)(00)"(0B)(01)(02)(FF)(91)0@(03)CUARENTA
[23:59:43.21] OK:(15)0(01)(00)(00)"(0B)(01)(03)(FF)(91)0@(03)CUARENTA
[23:59:43.35] OK:(15)0(01)(00)(00)"(0B)(01)(03)(FF)(91)0@(03)CUARENTA
[23:59:43.49] OK:(15)0(01)(00)(00)"(0B)(01)(03)(FF)(91)0@(03)CUARENTA
[23:59:43.58] OK:(08)0(00)(00)(00)(00)(00)(FF)(FF)
[23:59:43.63] ERR:(09)2(00)(00)(00)(02)(03)(00)(00)(BE)
[23:59:43.71] OK:(08)0(00)(00)(00)(00)(00)(FF)(FF)
[23:59:43.74] OK:(05):(01)(17)(01)(04)
[23:59:43.80] OK:(08)0(00)(00)(00)(00)(00)(FF)(FF)
[23:59:52.77] Started
[23:59:53.0] OK:(15)0(01)(00)(00)"(0B)(01)(03)(FF)(91)0@(03)CUARENTA
[23:59:53.16] OK:(15)0(01)(00)(00)"(0B)(01)(03)(FF)(91)0@(03)CUARENTA
[23:59:53.23] OK:(08)0(00)(00)(00)(00)(00)(FF)(FF)
[23:59:53.28] ERR:(09)2(00)(00)(00)(02)(03)(00)(00)(BE)
[23:59:53.36] OK:(08)0(00)(00)(00)(00)(00)(FF)(FF)
[23:59:53.39] OK:(05):(01)(17)(01)(04)
[23:59:53.45] OK:(08)0(00)(00)(00)(00)(00)(FF)(FF)
[23:59:54.10] OK:(15)0(01)(00)(00)"(0B)(01)(03)(FF)(91)0@(03)CUARENTA
[23:59:54.20] OK:(17)4(20)(20)BASS(20)(20)(20)(20)(20)(20)+3(00)(00)(00)(02)(11)(00)(00)(00)
[23:59:54.36] OK:(15)0(01)(00)(00)"(0B)(01)(02)(FF)(91)0@(02)CUARENTA
[23:59:54.50] ERR:(15)0(01)(00)(00)"(0B)(01)(02)(FF)(91)0@(03)CUARENTA
[23:59:57.19] Started
[23:59:57.27] OK:(05):(01)(17)(01)(04)
[23:59:57.32] OK:(08)0(00)(00)(00)(00)(00)(FF)(FF)
[23:59:57.97] OK:(15)0(01)(00)(00)"(0B)(01)(03)(FF)(91)0@(03)CUARENTA
[01:18:36.28] Started
[01:18:36.52] OK:(15)0(01)(00)(00)"(0B)(01)(03)(FF)(91)0@(03)CUARENTA
[01:18:36.62] OK:(15)0(01)(00)(00)"(0B)(01)(03)(FF)(91)0@(03)CUARENTA
[01:18:36.69] OK:(08)0(00)(00)(00)(00)(00)(FF)(FF)
[01:18:36.74] ERR:(09)2(00)(00)(00)(02)(03)(00)(00)(BE)
[01:18:36.81] OK:(08)0(00)(00)(00)(00)(00)(FF)(FF)
[01:18:36.85] OK:(05):(01)(17)(01)(04)
[01:18:36.92] OK:(08)0(00)(00)(00)(00)(00)(FF)(FF)
[01:18:37.56] OK:(15)0(01)(00)(00)"(0B)(01)(03)(FF)(91)0@(03)CUARENTA
[01:18:37.67] OK:(17)4(20)(20)BASS(20)(20)(20)(20)(20)(20)+3(00)(00)(00)(02)(11)(00)(00)(00)
[01:18:37.82] OK:(15)0(01)(00)(00)"(0B)(01)(02)(FF)(91)0@(02)CUARENTA
[01:18:37.96] ERR:(15)0(01)(00)(00)"(0B)(01)(02)(FF)(91)0@(03)CUARENTA
[01:18:38.11] ERR:(15)0(01)(00)(00)"(0B)(01)(02)(FF)(91)0@(03)CUARENTA
[01:18:38.24] OK:(15)0(01)(00)(00)"(0B)(01)(03)(FF)(91)0@(03)CUARENTA
[01:18:38.40] OK:(15)0(01)(00)(00)"(0B)(01)(03)(FF)(91)0@(03)CUARENTA
[01:18:38.55] OK:(15)0(01)(00)(00)"(0B)(01)(03)(FF)(91)0@(03)CUARENTA
[01:18:38.62] OK:(08)0(00)(00)(00)(00)(00)(FF)(FF)
[01:18:38.68] ERR:(09)2(00)(00)(00)(02)(03)(00)(00)(BE)
[01:18:38.75] OK:(08)0(00)(00)(00)(00)(00)(FF)(FF)
[01:18:38.78] OK:(05):(01)(17)(01)(04)
[01:18:38.86] OK:(08)0(00)(00)(00)(00)(00)(FF)(FF)
[01:18:39.49] OK:(15)0(01)(00)(00)"(0B)(01)(03)(FF)(91)0@(03)CUARENTA
[01:18:39.59] OK:(17)4(20)(20)BASS(20)(20)(20)(20)(20)(20)+3(00)(00)(00)(02)(11)(00)(00)(00)
[01:18:39.74] OK:(15)0(01)(00)(00)"(0B)(01)(02)(FF)(91)0@(02)CUARENTA
[01:18:39.89] ERR:(15)0(01)(00)(00)"(0B)(01)(02)(FF)(91)0@(03)CUARENTA
[01:18:40.4] ERR:(15)0(01)(00)(00)"(0B)(01)(02)(FF)(91)0@(03)CUARENTA
[01:18:40.18] OK:(15)0(01)(00)(00)"(0B)(01)(03)(FF)(91)0@(03)CUARENTA
[01:18:40.33] OK:(15)0(01)(00)(00)"(0B)(01)(03)(FF)(91)0@(03)CUARENTA
[01:18:40.47] OK:(15)0(01)(00)(00)"(0B)(01)(03)(FF)(91)0@(03)CUARENTA
[01:18:40.55] OK:(08)0(00)(00)(00)(00)(00)(FF)(FF)
[01:18:40.60] ERR:(09)2(00)(00)(00)(02)(03)(00)(00)(BE)
[01:18:40.68] OK:(08)0(00)(00)(00)(00)(00)(FF)(FF)
[01:18:40.70] OK:(05):(01)(17)(01)(04)
[01:18:40.77] OK:(08)0(00)(00)(00)(00)(00)(FF)(FF)
[01:18:41.42] OK:(15)0(01)(00)(00)"(0B)(01)(03)(FF)(91)0@(03)CUARENTA
[01:18:41.53] OK:(17)4(20)(20)BASS(20)(20)(20)(20)(20)(20)+3(00)(00)(00)(02)(11)(00)(00)(00)
[01:18:41.68] OK:(15)0(01)(00)(00)"(0B)(01)(02)(FF)(91)0@(02)CUARENTA
[01:18:41.82] ERR:(15)0(01)(00)(00)"(0B)(01)(02)(FF)(91)0@(03)CUARENTA
[01:18:41.96] ERR:(15)0(01)(00)(00)"(0B)(01)(02)(FF)(91)0@(03)CUARENTA
[01:18:42.12] OK:(15)0(01)(00)(00)"(0B)(01)(03)(FF)(91)0@(03)CUARENTA
[01:18:42.25] OK:(15)0(01)(00)(00)"(0B)(01)(03)(FF)(91)0@(03)CUARENTA
[01:18:42.41] OK:(15)0(01)(00)(00)"(0B)(01)(03)(FF)(91)0@(03)CUARENTA
[01:18:42.48] OK:(08)0(00)(00)(00)(00)(00)(FF)(FF)
[01:18:42.54] ERR:(09)2(00)(00)(00)(02)(03)(00)(00)(BE)
[01:18:42.61] OK:(08)0(00)(00)(00)(00)(00)(FF)(FF)
[01:18:42.64] OK:(05):(01)(17)(01)(04)
[01:18:42.71] OK:(08)0(00)(00)(00)(00)(00)(FF)(FF)
[01:18:43.36] OK:(15)0(01)(00)(00)"(0B)(01)(03)(FF)(91)0@(03)CUARENTA
[01:18:43.46] OK:(17)4(20)(20)BASS(20)(20)(20)(20)(20)(20)+3(00)(00)(00)(02)(11)(00)(00)(00)
[01:18:43.61] OK:(15)0(01)(00)(00)"(0B)(01)(02)(FF)(91)0@(02)CUARENTA
[01:18:43.76] ERR:(15)0(01)(00)(00)"(0B)(01)(02)(FF)(91)0@(03)CUARENTA
[01:18:43.91] ERR:(15)0(01)(00)(00)"(0B)(01)(02)(FF)(91)0@(03)CUARENTA
[01:18:44.4] OK:(15)0(01)(00)(00)"(0B)(01)(03)(FF)(91)0@(03)CUARENTA
[01:18:44.19] OK:(15)0(01)(00)(00)"(0B)(01)(03)(FF)(91)0@(03)CUARENTA
[01:18:44.34] OK:(15)0(01)(00)(00)"(0B)(01)(03)(FF)(91)0@(03)CUARENTA
[01:18:44.42] OK:(08)0(00)(00)(00)(00)(00)(FF)(FF)
[01:18:44.47] ERR:(09)2(00)(00)(00)(02)(03)(00)(00)(BE)
[01:18:44.55] OK:(08)0(00)(00)(00)(00)(00)(FF)(FF)
[01:18:44.58] OK:(05):(01)(17)(01)(04)
[01:18:44.64] OK:(08)0(00)(00)(00)(00)(00)(FF)(FF)
[01:18:45.29] OK:(15)0(01)(00)(00)"(0B)(01)(03)(FF)(91)0@(03)CUARENTA
[01:18:45.39] OK:(17)4(20)(20)BASS(20)(20)(20)(20)(20)(20)+3(00)(00)(00)(02)(11)(00)(00)(00)
[01:18:45.53] OK:(15)0(01)(00)(00)"(0B)(01)(02)(FF)(91)0@(02)CUARENTA
[01:18:45.69] ERR:(15)0(01)(00)(00)"(0B)(01)(02)(FF)(91)0@(03)CUARENTA
[01:18:45.83] ERR:(15)0(01)(00)(00)"(0B)(01)(02)(FF)(91)0@(03)CUARENTA
[01:18:45.97] OK:(15)0(01)(00)(00)"(0B)(01)(03)(FF)(91)0@(03)CUARENTA
[01:18:46.12] OK:(15)0(01)(00)(00)"(0B)(01)(03)(FF)(91)0@(03)CUARENTA
[01:18:46.26] OK:(15)0(01)(00)(00)"(0B)(01)(03)(FF)(91)0@(03)CUARENTA
[01:18:46.34] OK:(08)0(00)(00)(00)(00)(00)(FF)(FF)
[01:18:46.40] ERR:(09)2(00)(00)(00)(02)(03)(00)(00)(BE)
[01:18:46.47] OK:(08)0(00)(00)(00)(00)(00)(FF)(FF)
[01:18:46.49] OK:(05):(01)(17)(01)(04)
[01:18:46.57] OK:(08)0(00)(00)(00)(00)(00)(FF)(FF)
[01:18:47.22] OK:(15)0(01)(00)(00)"(0B)(01)(03)(FF)(91)0@(03)CUARENTA
[01:18:47.32] OK:(17)4(20)(20)BASS(20)(20)(20)(20)(20)(20)+3(00)(00)(00)(02)(11)(00)(00)(00)
[01:18:47.47] OK:(15)0(01)(00)(00)"(0B)(01)(02)(FF)(91)0@(02)CUARENTA
[01:18:47.61] ERR:(15)0(01)(00)(00)"(0B)(01)(02)(FF)(91)0@(03)CUARENTA
[01:18:47.76] ERR:(15)0(01)(00)(00)"(0B)(01)(02)(FF)(91)0@(03)CUARENTA
[01:18:47.91] OK:(15)0(01)(00)(00)"(0B)(01)(03)(FF)(91)0@(03)CUARENTA
[01:18:48.5] OK:(15)0(01)(00)(00)"(0B)(01)(03)(FF)(91)0@(03)CUARENTA
[01:18:48.21] OK:(15)0(01)(00)(00)"(0B)(01)(03)(FF)(91)0@(03)CUARENTA
[01:18:48.27] OK:(08)0(00)(00)(00)(00)(00)(FF)(FF)
[01:18:48.32] ERR:(09)2(00)(00)(00)(02)(03)(00)(00)(BE)
[01:18:48.40] OK:(08)0(00)(00)(00)(00)(00)(FF)(FF)
[01:18:48.43] OK:(05):(01)(17)(01)(04)
[01:18:48.50] OK:(08)0(00)(00)(00)(00)(00)(FF)(FF)
[01:18:49.15] OK:(15)0(01)(00)(00)"(0B)(01)(03)(FF)(91)0@(03)CUARENTA
[01:18:49.26] OK:(17)4(20)(20)BASS(20)(20)(20)(20)(20)(20)+3(00)(00)(00)(02)(11)(00)(00)(00)
[01:18:49.40] OK:(15)0(01)(00)(00)"(0B)(01)(02)(FF)(91)0@(02)CUARENTA
[01:18:49.55] ERR:(15)0(01)(00)(00)"(0B)(01)(02)(FF)(91)0@(03)CUARENTA
[01:18:49.69] ERR:(15)0(01)(00)(00)"(0B)(01)(02)(FF)(91)0@(03)CUARENTA
[01:18:49.84] OK:(15)0(01)(00)(00)"(0B)(01)(03)(FF)(91)0@(03)CUARENTA
[01:18:49.98] OK:(15)0(01)(00)(00)"(0B)(01)(03)(FF)(91)0@(03)CUARENTA