[18:43:33.11] Started
[18:43:48.53] Started
[18:44:00.9] Started
[18:45:11.59] Started
[18:45:21.95] OK:(05):(01)(18)F(04)
[18:45:21.98] OK:(05):(01)(18)F(04)
[18:45:22.6] OK:(09)2(00)(00)(00)(00)(00)(00)(00)6
[18:45:22.11] OK:(08)0(00)(00)(00)(00)(00)(FF)(FF)
[18:45:22.11] OK:(08)0(00)(00)(00)(00)(00)(FF)(FF)
[18:45:27.11] OK:(08)0(00)(00)(00)(00)(00)(FF)(FF)
[18:45:28.80] OK:(08)0(00)(00)(00)(00)(00)(FF)(FF)
[18:45:28.92] OK:(08)0(00)(00)(00)(00)(00)(FF)(FF)
[18:45:28.95] OK:(10)0(03)(10)(00)(00)(00)(00)(FF)(FF)(FF)(FF)(FF)(FF)(FF)(00)(00)
[18:45:28.98] OK:(09)2(00)(00)(00)(02)(00)(00)(00)6
[18:45:29.0] OK:(10)0(03)(10)(00)(00)(00)(00)(FF)(FF)(FF)(FF)(FF)(FF)(FF)(00)(00)
[18:45:29.5] OK:(10)0(03)(10)(00)(00)(00)(00)(FF)(FF)(FF)(FF)(FF)(FF)(FF)(00)(00)
[18:45:29.8] OK:(10)0(03)(10)(00)(00)(00)(00)(FF)(FF)(FF)(FF)(FF)(FF)(FF)(00)(00)
[18:45:29.38] OK:(10)0(03)(10)(00)(00)(00)(00)(FF)(FF)(FF)(FF)(FF)(FF)(FF)(00)(00)
[18:45:29.48] OK:(10)0(03)(10)(00)(00)(00)(05)(FF)(FF)(FF)(FF)(FF)(FF)(FF)(00)(00)
[18:45:29.55] OK:(10)0(03)(10)(03)(00)(00)(05)(FF)(01)(FF)i(FF)(F1)S(00)(00)
[18:45:29.70] OK:(10)0(03)(10)(03)(00)(01)(05)(FF)(01)(FF)i(FF)(F1)S(00)(00)
[18:45:29.86] OK:(10)0(03)(10)(03)(00)(02)(05)(FF)(01)(FF)i(FF)(F1)S(00)(00)
[18:45:30.1] OK:(10)0(03)(10)(03)(00)(03)(05)(FF)(01)(FF)i(FF)(F1)S(00)(00)
[18:45:30.17] OK:(10)0(03)(10)(03)(00)(04)(05)(FF)(01)(FF)i(FF)(F1)S(00)(00)
[18:45:30.33] OK:(10)0(03)(10)(03)(00)(05)(05)(FF)(01)(FF)i(FF)(F1)S(00)(00)
[18:45:30.48] OK:(10)0(03)(10)(03)(00)(06)(05)(FF)(01)(FF)i(FF)(F1)S(00)(00)
[18:45:30.51] OK:(10)0(03)(10)(03)(00)(06)(05)(FF)(01)(FF)i(FF)(F1)T(00)(00)
[18:45:30.66] OK:(10)0(03)(10)(03)(00)(07)(05)(FF)(01)(FF)i(FF)(F1)T(00)(00)
[18:45:30.81] OK:(10)0(03)(10)(03)(00)(08)(05)(FF)(01)(FF)i(FF)(F1)T(00)(00)
[18:45:30.97] OK:(10)0(03)(10)(03)(00)(09)(05)(FF)(01)(FF)i(FF)(F1)T(00)(00)
[18:45:31.14] OK:(10)0(03)(10)(03)(00)(0A)(05)(FF)(01)(FF)i(FF)(F1)T(00)(00)
[18:45:31.30] OK:(10)0(03)(10)(03)(00)(0B)(05)(FF)(01)(FF)i(FF)(F1)T(00)(00)
[18:45:31.47] OK:(10)0(03)(10)(03)(00)(0C)(05)(FF)(01)(FF)i(FF)(F1)T(00)(00)
[18:45:31.48] OK:(10)0(03)(10)(03)(00)(0D)(05)(FF)(01)(FF)i(FF)(F1)T(00)(00)
[18:45:31.62] OK:(10)0(03)(10)(03)(00)(0D)(05)(FF)(01)(FF)i(FF)(F1)U(00)(00)
[18:45:31.78] OK:(10)0(03)(10)(03)(00)(0E)(05)(FF)(01)(FF)i(FF)(F1)U(00)(00)
[18:45:31.94] OK:(10)0(03)(10)(03)(00)(0F)(05)(FF)(01)(FF)i(FF)(F1)U(00)(00)
[18:45:32.9] OK:(10)0(03)(10)(03)(00)(10)(05)(FF)(01)(FF)i(FF)(F1)U(00)(00)
[18:45:32.26] OK:(10)0(03)(10)(03)(00)(11)(05)(FF)(01)(FF)i(FF)(F1)U(00)(00)
[18:45:32.42] OK:(10)0(03)(10)(03)(00)(12)(05)(FF)(01)(FF)i(FF)(F1)U(00)(00)
[18:45:32.51] OK:(10)0(03)(10)(03)(00)(13)(05)(FF)(01)(FF)i(FF)(F1)U(00)(00)
[18:45:32.58] OK:(10)0(03)(10)(03)(00)(13)(05)(FF)(01)(FF)i(FF)(F1)V(00)(00)
[18:45:32.75] OK:(10)0(03)(10)(03)(00)(14)(05)(FF)(01)(FF)i(FF)(F1)V(00)(00)
[18:45:32.89] OK:(10)0(03)(10)(03)(00)(15)(05)(FF)(01)(FF)i(FF)(F1)V(00)(00)
[18:45:33.6] OK:(10)0(03)(10)(03)(00)(16)(05)(FF)(01)(FF)i(FF)(F1)V(00)(00)
[18:45:33.22] OK:(10)0(03)(10)(03)(00)(17)(05)(FF)(01)(FF)i(FF)(F1)V(00)(00)
[18:45:33.38] OK:(10)0(03)(10)(03)(00)(18)(05)(FF)(01)(FF)i(FF)(F1)V(00)(00)
[18:45:33.51] OK:(10)0(03)(10)(03)(00)(19)(05)(FF)(01)(FF)i(FF)(F1)V(00)(00)
[18:45:33.55] OK:(10)0(03)(10)(03)(00)(19)(05)(FF)(01)(FF)i(FF)(F1)W(00)(00)
[18:45:34.41] OK:(10)0(03)(10)(03)(00)(1A)(05)(FF)(01)(FF)i(FF)(F1)W(00)(00)
[18:45:34.48] OK:(10)0(03)(10)(03)(00)(1A)(05)(FF)(01)(FF)i(FF)(F1)X(00)(00)
[18:45:35.44] OK:(10)0(03)(10)(03)C(1A)(05)(FF)(01)(FF)i(FF)(F1)X(00)(00)
[18:45:35.50] OK:(10)0(03)(10)(03)C(1A)(05)(FF)(01)(FF)i(FF)(F1)Y(00)(00)
[18:45:35.53] OK:(10)0(03)(10)(03)(01)(1A)(05)(FF)(01)(FF)i(FF)(F1)Y(00)(00)
[18:45:35.55] OK:(10)0(03)(10)(03)(01)(1A)(05)(FF)(01)(FF)i(FF)(F1)Y(00)(00)
[18:45:36.44] OK:(17)4ROOT(20)(20)(20)(20)(20)(20)(20)(20)(20)(20)(20)(20)(00)(00)(00)(00)(00)(00)
[18:45:36.50] OK:(10)0(03)(10)(03)(01)(1A)(05)(FF)(01)(FF)i(FF)(F2)(00)(00)(00)
[18:45:36.51] OK:(10)0(03)(10)(03)(01)(1A)(05)(FF)(01)(FF)i(FF)(F2)(00)(00)(00)
[18:45:37.47] OK:(09)2(00)(00)(00)(02)(00)(00)(00)(BE)
[18:45:38.50] OK:(10)0(03)(10)(03)(01)(1A)(05)(FF)(01)(FF)i(FF)(F2)(01)(00)(00)
[18:45:39.0] OK:(10)0(03)(10)(03)(01)(1A)(05)(FF)(01)(FF)i(FF)(F2)(02)(00)(00)
[18:45:39.53] OK:(10)0(03)(10)(03)D(1A)(05)(FF)(01)(FF)i(FF)(F2)(02)(00)(00)
[18:45:40.0] OK:(10)0(03)(10)(03)D(1A)(05)(FF)(01)(FF)i(FF)(F2)(03)(00)(00)
[18:45:40.3] OK:(10)0(03)(10)(03)(01)(1A)(05)(FF)(01)(FF)i(FF)(F2)(03)(00)(00)
[18:45:40.6] OK:(10)0(03)(10)(03)(01)(1A)(05)(FF)(01)(FF)i(FF)(F2)(03)(00)(00)
[18:45:40.39] OK:(17)4Hole(20)-(20)Celebrit>(00)(00)(00)(00)(00)(00)
[18:45:41.42] OK:(10)0(03)(10)(03)(01)(1A)(05)(FF)(01)(FF)i(FF)(F2)(04)(00)(00)
[18:45:42.45] OK:(10)0(03)(10)(03)(01)(1A)(05)(FF)(01)(FF)i(FF)(F2)(05)(00)(00)
[18:45:43.44] OK:(10)0(03)(10)(03)(01)(1A)(05)(FF)(01)(FF)i(FF)(F2)(06)(00)(00)
[18:45:43.51] OK:(10)0(03)(10)(03)(01)(1A)(05)(FF)(01)(FF)i(FF)(F2)(07)(00)(00)
[18:45:44.38] OK:(10)0(03)(10)(03)F(1A)(05)(FF)(01)(FF)i(FF)(F2)(07)(00)(00)
[18:45:44.51] OK:(10)0(03)(10)(03)F(1A)(05)(FF)(01)(FF)i(FF)(F2)(08)(00)(00)
[18:45:44.55] OK:(10)0(03)(10)(03)(01)(1A)(05)(FF)(01)(FF)i(FF)(F2)(08)(00)(00)
[18:45:44.56] OK:(10)0(03)(10)(03)(01)(1A)(05)(FF)(01)(FF)i(FF)(F2)(08)(00)(00)
[18:45:45.41] OK:(17)4Celebrity(20)Skin(20)(20)(00)(00)(00)(00)(00)(00)
[18:45:46.41] OK:(10)0(03)(10)(03)(01)(1A)(05)(FF)(01)(FF)i(FF)(F2)(09)(00)(00)
[18:45:47.41] OK:(10)0(03)(10)(03)(01)(1A)(05)(FF)(01)(FF)i(FF)(F2)(10)(00)(00)
[18:45:47.44] OK:(15)0(01)(01)(00)(00)(1A)(00)(00)(F1)(00)@@(00)(00)(00)(00)(00)(00)(00)(00)(00)
[18:45:47.45] OK:(15)0(01)(01)(00)(00)(1A)(01)(02)(F1)(00)@@(02)(00)(00)(00)(00)(00)(00)(00)(00)
[18:45:50.14] OK:(15)0(01)(01)(00)(00)(1A)(01)(02)(F1)(00)@@(02)(00)(00)(00)(00)(00)(00)(00)(00)
[18:45:50.17] OK:(15)0(01)(00)(00)"(1A)(01)(01)(FF)(91)`@(02)MAXIMAFM
[18:45:50.70] OK:(15)0(01)(00)(00)"(1A)(01)(01)(FF)(91)`@(02)MAXIMAFM
[18:45:52.16] OK:(15)0(01)(00)(00)"(1A)(01)(01)(FF)(91)`@(03)MAXIMAFM
[18:45:52.19] OK:(15)0(01)(07)(00)(00)(1A)(01)(01)(FF)S(1F)@(00)(00)(00)(00)(00)(00)(00)(00)(00)
[18:45:56.51] OK:(15)0(01)(07)(00)(00)(1A)(01)(01)(FF)S(1F)@(00)(00)(00)(00)(00)(00)(00)(00)(00)
[18:45:56.55] OK:(15)0(01)(00)(00)"(1A)(01)(01)(FF)(91)`@(02)MAXIMAFM
[18:45:56.98] OK:(15)0(01)(00)(00)"(1A)(01)(01)(FF)(91)`@(02)MAXIMAFM
[18:45:57.16] OK:(15)0(01)(00)(00)"(1A)(01)(01)(FF)(91)`@(03)MAXIMAFM
[18:45:57.17] OK:(15)0(01)(00)(00)"(1A)(01)(01)(FF)(91)`@(03)MAXIMAFM
[18:45:57.22] OK:(09)2(00)(00)(00)(02)(02)(00)(00)(BE)
[18:45:57.91] OK:(15)0(01)(00)(00)"(1A)(01)(01)(FF)(91)`@(03)MAXIMAFM
[18:45:57.94] OK:(15)0(01)(00)(00)"(1A)(01)(02)(F1)(06)(90)@(02)(20)ROCK(20)FM
[18:45:57.95] OK:(09)2(00)(00)(00)(02)(00)(00)(00)(BE)
[18:45:58.19] OK:(15)0(01)(00)(00)"(1A)(01)(02)(F1)(06)(90)@(02)(20)ROCK(20)FM
[18:45:58.22] OK:(15)0(01)(00)(00)"(1A)(01)(02)(F1)(06)(90)@(02)(20)ROCK(20)FM
[18:45:58.23] OK:(09)2(00)(00)(00)(02)(02)(00)(00)(BE)
[18:45:58.28] OK:(15)0(01)(00)(00)"(1A)(01)(02)(F1)(06)(90)@(02)(20)ROCK(20)FM
[18:45:58.89] OK:(15)0(01)(00)(00)"(1A)(01)(02)(F1)(06)(90)@(03)(20)ROCK(20)FM
[18:45:58.91] OK:(15)0(01)(00)(00)"(1A)(01)(03)(FF)(91)0@(02)CUARENTA
[18:45:58.95] OK:(09)2(00)(00)(00)(02)(00)(00)(00)(BE)
[18:45:59.16] OK:(15)0(01)(00)(00)"(1A)(01)(03)(FF)(91)0@(02)CUARENTA
[18:45:59.19] OK:(15)0(01)(00)(00)"(1A)(01)(03)(FF)(91)0@(02)CUARENTA
[18:45:59.20] OK:(09)2(00)(00)(00)(02)(02)(00)(00)(BE)
[18:45:59.26] OK:(15)0(01)(00)(00)"(1A)(01)(03)(FF)(91)0@(02)CUARENTA
[18:46:01.67] OK:(15)0(01)(00)(00)"(1A)(01)(03)(FF)(91)0@(03)CUARENTA
[18:46:01.70] OK:(15)0(01)(00)(00)(01)(98)(01)(00)(FF)(FF)(FF)(00)(00)(00)(00)(00)(00)(00)(00)(00)
[18:46:01.75] OK:(15)0(01)(00)(00)(01)(98)(01)(00)(FF)(FF)(FF)(00)(00)(00)(00)(00)(00)(00)(00)(00)
[18:46:01.76] OK:(15)0(01)(00)(00)(01)(98)(01)(00)(FF)(FF)(FF)(00)(00)(00)(00)(00)(00)(00)(00)(00)
[18:46:01.78] OK:(09)2(00)(00)(00)(02)(00)(00)(00)(BE)
[18:46:01.81] OK:(15)0(01)(00)(00)(01)(96)(01)(00)(FF)(FF)(FF)(00)(00)(00)(00)(00)(00)(00)(00)(00)
[18:46:01.83] OK:(15)0(01)(00)(00)(01)(95)(01)(00)(FF)(FF)(FF)(00)(00)(00)(00)(00)(00)(00)(00)(00)
[18:46:01.86] OK:(15)0(01)(00)(00)(01)(95)(01)(00)(FF)(FF)(FF)(00)(00)(00)(00)(00)(00)(00)(00)(00)
[18:46:01.86] OK:(15)0(01)(00)(00)(01)(94)(01)(00)(FF)(FF)(FF)(00)(00)(00)(00)(00)(00)(00)(00)(00)
[18:46:01.89] OK:(15)0(01)(00)(00)(01)(94)(01)(00)(FF)(FF)(FF)(00)(00)(00)(00)(00)(00)(00)(00)(00)
[18:46:01.91] OK:(15)0(01)(00)(00)(01)(93)(01)(00)(FF)(FF)(FF)(00)(00)(00)(00)(00)(00)(00)(00)(00)
[18:46:01.92] OK:(15)0(01)(00)(00)(01)(93)(01)(00)(FF)(FF)(FF)(00)(00)(00)(00)(00)(00)(00)(00)(00)
[18:46:01.95] OK:(15)0(01)(00)(00)(01)(92)(01)(00)(FF)(FF)(FF)(00)(00)(00)(00)(00)(00)(00)(00)(00)
[18:46:01.97] OK:(15)0(01)(00)(00)(01)(92)(01)(00)(FF)(FF)(FF)(00)(00)(00)(00)(00)(00)(00)(00)(00)
[18:46:02.0] OK:(15)0(01)(00)(00)(01)(91)(01)(00)(FF)(FF)(FF)(00)(00)(00)(00)(00)(00)(00)(00)(00)
[18:46:02.3] OK:(15)0(01)(00)(00)(01)(91)(01)(00)(FF)(FF)(FF)(00)(00)(00)(00)(00)(00)(00)(00)(00)
[18:46:02.3] OK:(15)0(01)(00)(00)(01)(90)(01)(00)(FF)(FF)(FF)(00)(00)(00)(00)(00)(00)(00)(00)(00)
[18:46:02.6] OK:(15)0(01)(00)(00)(01)(90)(01)(00)(FF)(FF)(FF)(00)(00)(00)(00)(00)(00)(00)(00)(00)
[18:46:02.8] OK:(15)0(01)(00)(00)(01)(8F)(01)(00)(FF)(FF)(FF)(00)(00)(00)(00)(00)(00)(00)(00)(00)
[18:46:02.9] OK:(15)0(01)(00)(00)(01)(8F)(01)(00)(FF)(FF)(FF)(00)(00)(00)(00)(00)(00)(00)(00)(00)
[18:46:02.11] OK:(15)0(01)(00)(00)(01)(8E)(01)(00)(FF)(FF)(FF)(00)(00)(00)(00)(00)(00)(00)(00)(00)
[18:46:02.22] OK:(15)0(01)(00)(00)(01)(8E)(01)(00)(FF)(FF)(FF)(00)(00)(00)(00)(00)(00)(00)(00)(00)
[18:46:02.25] OK:(15)0(01)(00)(00)(01)(8D)(01)(00)(FF)(FF)(FF)(00)(00)(00)(00)(00)(00)(00)(00)(00)
[18:46:02.28] OK:(15)0(01)(00)(00)(01)(8D)(01)(00)(FF)(FF)(FF)(00)(00)(00)(00)(00)(00)(00)(00)(00)
[18:46:02.28] OK:(15)0(01)(00)(00)(01)(8C)(01)(00)(FF)(FF)(FF)(00)(00)(00)(00)(00)(00)(00)(00)(00)
[18:46:02.92] OK:(15)0(01)(00)(00)(01)(8C)(01)(00)(FF)(FF)(FF)(00)(00)(00)(00)(00)(00)(00)(00)(00)
[18:46:02.95] OK:(15)0(01)(00)(00)(01)(8B)(01)(00)(FF)(FF)(FF)(00)(00)(00)(00)(00)(00)(00)(00)(00)
[18:46:03.3] OK:(15)0(01)(00)(00)(01)(8B)(01)(00)(FF)(FF)(FF)(00)(00)(00)(00)(00)(00)(00)(00)(00)
[18:46:03.6] OK:(15)0(01)(00)(00)(01)(89)(01)(00)(FF)(FF)(FF)(00)(00)(00)(00)(00)(00)(00)(00)(00)
[18:46:03.9] OK:(15)0(01)(00)(00)(01)(89)(01)(00)(FF)(FF)(FF)(00)(00)(00)(00)(00)(00)(00)(00)(00)
[18:46:03.11] OK:(15)0(01)(00)(00)(01)(87)(01)(00)(FF)(FF)(FF)(00)(00)(00)(00)(00)(00)(00)(00)(00)
[18:46:03.14] OK:(15)0(01)(00)(00)(01)(87)(01)(00)(FF)(FF)(FF)(00)(00)(00)(00)(00)(00)(00)(00)(00)
[18:46:03.16] OK:(15)0(01)(00)(00)(01)(85)(01)(00)(FF)(FF)(FF)(00)(00)(00)(00)(00)(00)(00)(00)(00)
[18:46:03.19] OK:(15)0(01)(00)(00)(01)(85)(01)(00)(FF)(FF)(FF)(00)(00)(00)(00)(00)(00)(00)(00)(00)
[18:46:03.22] OK:(15)0(01)(00)(00)(01)(84)(01)(00)(FF)(FF)(FF)(00)(00)(00)(00)(00)(00)(00)(00)(00)
[18:46:03.53] OK:(15)0(01)(00)(00)(01)(84)(01)(00)(FF)(FF)(FF)(00)(00)(00)(00)(00)(00)(00)(00)(00)
[18:46:03.55] OK:(15)0(01)(00)(00)(01)(86)(01)(00)(FF)(FF)(FF)(00)(00)(00)(00)(00)(00)(00)(00)(00)
[18:46:03.58] OK:(15)0(01)(00)(00)(01)(86)(01)(00)(FF)(FF)(FF)(00)(00)(00)(00)(00)(00)(00)(00)(00)
[18:46:03.59] OK:(15)0(01)(00)(00)(01)(88)(01)(00)(FF)(FF)(FF)(00)(00)(00)(00)(00)(00)(00)(00)(00)
[18:46:03.61] OK:(15)0(01)(00)(00)(01)(88)(01)(00)(FF)(FF)(FF)(00)(00)(00)(00)(00)(00)(00)(00)(00)
[18:46:03.62] OK:(15)0(01)(00)(00)(01)(8B)(01)(00)(FF)(FF)(FF)(00)(00)(00)(00)(00)(00)(00)(00)(00)
[18:46:03.66] OK:(15)0(01)(00)(00)(01)(8B)(01)(00)(FF)(FF)(FF)(00)(00)(00)(00)(00)(00)(00)(00)(00)
[18:46:03.67] OK:(15)0(01)(00)(00)(01)(8C)(01)(00)(FF)(FF)(FF)(00)(00)(00)(00)(00)(00)(00)(00)(00)
[18:46:03.70] OK:(15)0(01)(00)(00)(01)(8C)(01)(00)(FF)(FF)(FF)(00)(00)(00)(00)(00)(00)(00)(00)(00)
[18:46:03.72] OK:(15)0(01)(00)(00)(01)(8D)(01)(00)(FF)(FF)(FF)(00)(00)(00)(00)(00)(00)(00)(00)(00)
[18:46:03.73] OK:(15)0(01)(00)(00)(01)(8D)(01)(00)(FF)(FF)(FF)(00)(00)(00)(00)(00)(00)(00)(00)(00)
[18:46:03.76] OK:(15)0(01)(00)(00)(01)(8E)(01)(00)(FF)(FF)(FF)(00)(00)(00)(00)(00)(00)(00)(00)(00)
[18:46:03.83] OK:(15)0(01)(00)(00)(01)(8E)(01)(00)(FF)(FF)(FF)(00)(00)(00)(00)(00)(00)(00)(00)(00)
[18:46:03.84] OK:(15)0(01)(00)(00)(01)(8F)(01)(00)(FF)(FF)(FF)(00)(00)(00)(00)(00)(00)(00)(00)(00)
[18:46:04.22] OK:(15)0(01)(00)(00)(01)(8F)(01)(00)(FF)(FF)(FF)(00)(00)(00)(00)(00)(00)(00)(00)(00)
[18:46:04.23] OK:(15)0(01)(00)(00)(01)(8E)(01)(00)(FF)(FF)(FF)(00)(00)(00)(00)(00)(00)(00)(00)(00)
[18:46:04.26] OK:(15)0(01)(00)(00)(01)(8E)(01)(00)(FF)(FF)(FF)(00)(00)(00)(00)(00)(00)(00)(00)(00)
[18:46:04.28] OK:(15)0(01)(00)(00)(01)(8D)(01)(00)(FF)(FF)(FF)(00)(00)(00)(00)(00)(00)(00)(00)(00)
[18:46:04.31] OK:(15)0(01)(00)(00)(01)(8D)(01)(00)(FF)(FF)(FF)(00)(00)(00)(00)(00)(00)(00)(00)(00)
[18:46:04.33] OK:(15)0(01)(00)(00)(01)(8C)(01)(00)(FF)(FF)(FF)(00)(00)(00)(00)(00)(00)(00)(00)(00)
[18:46:04.36] OK:(15)0(01)(00)(00)(01)(8C)(01)(00)(FF)(FF)(FF)(00)(00)(00)(00)(00)(00)(00)(00)(00)
[18:46:04.36] OK:(15)0(01)(00)(00)(01)(8B)(01)(00)(FF)(FF)(FF)(00)(00)(00)(00)(00)(00)(00)(00)(00)
[18:46:04.39] OK:(15)0(01)(00)(00)(01)(8B)(01)(00)(FF)(FF)(FF)(00)(00)(00)(00)(00)(00)(00)(00)(00)
[18:46:04.42] OK:(15)0(01)(00)(00)(01)(8A)(01)(00)(FF)(FF)(FF)(00)(00)(00)(00)(00)(00)(00)(00)(00)
[18:46:04.66] OK:(15)0(01)(00)(00)(01)(8A)(01)(00)(FF)(FF)(FF)(00)(00)(00)(00)(00)(00)(00)(00)(00)
[18:46:04.69] OK:(15)0(01)(00)(00)(01)(8C)(01)(00)(FF)(FF)(FF)(00)(00)(00)(00)(00)(00)(00)(00)(00)
[18:46:04.70] OK:(15)0(01)(00)(00)(01)(8C)(01)(00)(FF)(FF)(FF)(00)(00)(00)(00)(00)(00)(00)(00)(00)
[18:46:04.73] OK:(15)0(01)(00)(00)(01)(8E)(01)(00)(FF)(FF)(FF)(00)(00)(00)(00)(00)(00)(00)(00)(00)
[18:46:04.75] OK:(15)0(01)(00)(00)(01)(8E)(01)(00)(FF)(FF)(FF)(00)(00)(00)(00)(00)(00)(00)(00)(00)
[18:46:04.78] OK:(15)0(01)(00)(00)(01)(90)(01)(00)(FF)(FF)(FF)(00)(00)(00)(00)(00)(00)(00)(00)(00)
[18:46:04.80] OK:(15)0(01)(00)(00)(01)(90)(01)(00)(FF)(FF)(FF)(00)(00)(00)(00)(00)(00)(00)(00)(00)
[18:46:04.81] OK:(15)0(01)(00)(00)(01)(91)(01)(00)(FF)(FF)(FF)(00)(00)(00)(00)(00)(00)(00)(00)(00)
[18:46:04.84] OK:(15)0(01)(00)(00)(01)(91)(01)(00)(FF)(FF)(FF)(00)(00)(00)(00)(00)(00)(00)(00)(00)
[18:46:04.86] OK:(15)0(01)(00)(00)(01)(92)(01)(00)(FF)(FF)(FF)(00)(00)(00)(00)(00)(00)(00)(00)(00)
[18:46:04.89] OK:(15)0(01)(00)(00)(01)(92)(01)(00)(FF)(FF)(FF)(00)(00)(00)(00)(00)(00)(00)(00)(00)
[18:46:04.89] OK:(15)0(01)(00)(00)(01)(93)(01)(00)(FF)(FF)(FF)(00)(00)(00)(00)(00)(00)(00)(00)(00)
[18:46:04.92] OK:(15)0(01)(00)(00)(01)(93)(01)(00)(FF)(FF)(FF)(00)(00)(00)(00)(00)(00)(00)(00)(00)
[18:46:04.95] OK:(15)0(01)(00)(00)(01)(94)(01)(00)(FF)(FF)(FF)(00)(00)(00)(00)(00)(00)(00)(00)(00)
[18:46:04.97] OK:(15)0(01)(00)(00)(01)(94)(01)(00)(FF)(FF)(FF)(00)(00)(00)(00)(00)(00)(00)(00)(00)
[18:46:05.0] OK:(15)0(01)(00)(00)(01)(95)(01)(00)(FF)(FF)(FF)(00)(00)(00)(00)(00)(00)(00)(00)(00)
[18:46:05.33] OK:(15)0(01)(00)(00)(01)(95)(01)(00)(FF)(FF)(FF)(00)(00)(00)(00)(00)(00)(00)(00)(00)
[18:46:05.36] OK:(15)0(01)(00)(00)(01)(93)(01)(00)(FF)(FF)(FF)(00)(00)(00)(00)(00)(00)(00)(00)(00)
[18:46:05.38] OK:(15)0(01)(00)(00)(01)(93)(01)(00)(FF)(FF)(FF)(00)(00)(00)(00)(00)(00)(00)(00)(00)
[18:46:05.41] OK:(15)0(01)(00)(00)(01)(90)(01)(00)(FF)(FF)(FF)(00)(00)(00)(00)(00)(00)(00)(00)(00)
[18:46:05.42] OK:(15)0(01)(00)(00)(01)(90)(01)(00)(FF)(FF)(FF)(00)(00)(00)(00)(00)(00)(00)(00)(00)
[18:46:05.44] OK:(15)0(01)(00)(00)(01)(8E)(01)(00)(FF)(FF)(FF)(00)(00)(00)(00)(00)(00)(00)(00)(00)
[18:46:05.47] OK:(15)0(01)(00)(00)(01)(8E)(01)(00)(FF)(FF)(FF)(00)(00)(00)(00)(00)(00)(00)(00)(00)
[18:46:05.48] OK:(15)0(01)(00)(00)(01)(8D)(01)(00)(FF)(FF)(FF)(00)(00)(00)(00)(00)(00)(00)(00)(00)
[18:46:05.50] OK:(15)0(01)(00)(00)(01)(8D)(01)(00)(FF)(FF)(FF)(00)(00)(00)(00)(00)(00)(00)(00)(00)
[18:46:05.53] OK:(15)0(01)(00)(00)(01)(8C)(01)(00)(FF)(FF)(FF)(00)(00)(00)(00)(00)(00)(00)(00)(00)
[18:46:05.55] OK:(15)0(01)(00)(00)(01)(8C)(01)(00)(FF)(FF)(FF)(00)(00)(00)(00)(00)(00)(00)(00)(00)
[18:46:05.56] OK:(15)0(01)(00)(00)(01)(8B)(01)(00)(FF)(FF)(FF)(00)(00)(00)(00)(00)(00)(00)(00)(00)
[18:46:05.58] OK:(15)0(01)(00)(00)(01)(8B)(01)(00)(FF)(FF)(FF)(00)(00)(00)(00)(00)(00)(00)(00)(00)
[18:46:05.61] OK:(15)0(01)(00)(00)(01)(8A)(01)(00)(FF)(FF)(FF)(00)(00)(00)(00)(00)(00)(00)(00)(00)
[18:46:05.69] OK:(15)0(01)(00)(00)(01)(8A)(01)(00)(FF)(FF)(FF)(00)(00)(00)(00)(00)(00)(00)(00)(00)
[18:46:05.72] OK:(15)0(01)(00)(00)(01)(89)(01)(00)(FF)(FF)(FF)(00)(00)(00)(00)(00)(00)(00)(00)(00)
[18:46:05.94] OK:(15)0(01)(00)(00)(01)(89)(01)(00)(FF)(FF)(FF)(00)(00)(00)(00)(00)(00)(00)(00)(00)
[18:46:05.97] OK:(15)0(01)(00)(00)(01)(8A)(01)(00)(FF)(FF)(FF)(00)(00)(00)(00)(00)(00)(00)(00)(00)
[18:46:06.0] OK:(15)0(01)(00)(00)(01)(8A)(01)(00)(FF)(FF)(FF)(00)(00)(00)(00)(00)(00)(00)(00)(00)
[18:46:06.1] OK:(15)0(01)(00)(00)(01)(8B)(01)(00)(FF)(FF)(FF)(00)(00)(00)(00)(00)(00)(00)(00)(00)
[18:46:06.5] OK:(15)0(01)(00)(00)(01)(8B)(01)(00)(FF)(FF)(FF)(00)(00)(00)(00)(00)(00)(00)(00)(00)
[18:46:06.6] OK:(15)0(01)(00)(00)(01)(8C)(01)(00)(FF)(FF)(FF)(00)(00)(00)(00)(00)(00)(00)(00)(00)
[18:46:06.11] OK:(15)0(01)(00)(00)(01)(8C)(01)(00)(FF)(FF)(FF)(00)(00)(00)(00)(00)(00)(00)(00)(00)
[18:46:06.12] OK:(15)0(01)(00)(00)(01)(8D)(01)(00)(FF)(FF)(FF)(00)(00)(00)(00)(00)(00)(00)(00)(00)
[18:46:06.89] OK:(15)0(01)(00)(00)(01)(8D)(01)(00)(FF)(FF)(FF)(00)(00)(00)(00)(00)(00)(00)(00)(00)
[18:46:06.92] OK:(15)0(01)(00)(00)(01)(8E)(01)(00)(FF)(FF)(FF)(00)(00)(00)(00)(00)(00)(00)(00)(00)
[18:46:06.95] OK:(15)0(01)(00)(00)(01)(8E)(01)(00)(FF)(FF)(FF)(00)(00)(00)(00)(00)(00)(00)(00)(00)
[18:46:06.97] OK:(15)0(01)(00)(00)(01)(8F)(01)(00)(FF)(FF)(FF)(00)(00)(00)(00)(00)(00)(00)(00)(00)
[18:46:07.1] OK:(15)0(01)(00)(00)(01)(8F)(01)(00)(FF)(FF)(FF)(00)(00)(00)(00)(00)(00)(00)(00)(00)
[18:46:07.5] OK:(15)0(01)(00)(00)(01)(90)(01)(00)(FF)(FF)(FF)(00)(00)(00)(00)(00)(00)(00)(00)(00)
[18:46:07.17] OK:(15)0(01)(00)(00)(01)(90)(01)(00)(FF)(FF)(FF)(00)(00)(00)(00)(00)(00)(00)(00)(00)
[18:46:07.20] OK:(15)0(01)(00)(00)(01)(8F)(01)(00)(FF)(FF)(FF)(00)(00)(00)(00)(00)(00)(00)(00)(00)
[18:46:07.22] OK:(15)0(01)(00)(00)(01)(8F)(01)(00)(FF)(FF)(FF)(00)(00)(00)(00)(00)(00)(00)(00)(00)
[18:46:07.25] OK:(15)0(01)(00)(00)(01)(8E)(01)(00)(FF)(FF)(FF)(00)(00)(00)(00)(00)(00)(00)(00)(00)
[18:46:08.66] OK:(15)0(01)(00)(00)(01)(8E)(01)(00)(FF)(FF)(FF)(00)(00)(00)(00)(00)(00)(00)(00)(00)
[18:46:08.69] OK:(15)0(01)(00)(00)(01)(8F)(01)(00)(FF)(FF)(FF)(00)(00)(00)(00)(00)(00)(00)(00)(00)
[18:46:08.70] OK:(15)0(01)(00)(00)(01)(8F)(01)(00)(FF)(FF)(FF)(00)(00)(00)(00)(00)(00)(00)(00)(00)
[18:46:08.73] OK:(15)0(01)(00)(00)(01)(90)(01)(00)(FF)(FF)(FF)(00)(00)(00)(00)(00)(00)(00)(00)(00)
[18:46:08.95] OK:(15)0(01)(00)(00)(01)(90)(01)(00)(FF)(FF)(FF)(00)(00)(00)(00)(00)(00)(00)(00)(00)
[18:46:08.97] OK:(15)0(01)(00)(00)(01)(8F)(01)(00)(FF)(FF)(FF)(00)(00)(00)(00)(00)(00)(00)(00)(00)
[18:46:08.98] OK:(15)0(01)(00)(00)(01)(8F)(01)(00)(FF)(FF)(FF)(00)(00)(00)(00)(00)(00)(00)(00)(00)
[18:46:09.1] OK:(15)0(01)(00)(00)(01)(8E)(01)(00)(FF)(FF)(FF)(00)(00)(00)(00)(00)(00)(00)(00)(00)
[18:46:09.8] OK:(15)0(01)(00)(00)(01)(8E)(01)(00)(FF)(FF)(FF)(00)(00)(00)(00)(00)(00)(00)(00)(00)
[18:46:09.9] OK:(15)0(01)(00)(00)(01)(8D)(01)(00)(FF)(FF)(FF)(00)(00)(00)(00)(00)(00)(00)(00)(00)
[18:46:09.36] OK:(15)0(01)(00)(00)(01)(8D)(01)(00)(FF)(FF)(FF)(00)(00)(00)(00)(00)(00)(00)(00)(00)
[18:46:09.38] OK:(15)0(01)(00)(00)(01)(8F)(01)(00)(FF)(FF)(FF)(00)(00)(00)(00)(00)(00)(00)(00)(00)
[18:46:09.41] OK:(15)0(01)(00)(00)(01)(8F)(01)(00)(FF)(FF)(FF)(00)(00)(00)(00)(00)(00)(00)(00)(00)
[18:46:09.42] OK:(15)0(01)(00)(00)(01)(90)(01)(00)(FF)(FF)(FF)(00)(00)(00)(00)(00)(00)(00)(00)(00)
[18:46:09.45] OK:(15)0(01)(00)(00)(01)(90)(01)(00)(FF)(FF)(FF)(00)(00)(00)(00)(00)(00)(00)(00)(00)
[18:46:09.45] OK:(15)0(01)(00)(00)(01)(91)(01)(00)(FF)(FF)(FF)(00)(00)(00)(00)(00)(00)(00)(00)(00)
[18:46:09.72] OK:(15)0(01)(00)(00)(01)(91)(01)(00)(FF)(FF)(FF)(00)(00)(00)(00)(00)(00)(00)(00)(00)
[18:46:09.73] OK:(15)0(01)(00)(00)(01)(8F)(01)(00)(FF)(FF)(FF)(00)(00)(00)(00)(00)(00)(00)(00)(00)
[18:46:09.80] OK:(15)0(01)(00)(00)(01)(8F)(01)(00)(FF)(FF)(FF)(00)(00)(00)(00)(00)(00)(00)(00)(00)
[18:46:09.83] OK:(15)0(01)(00)(00)(01)(8E)(01)(00)(FF)(FF)(FF)(00)(00)(00)(00)(00)(00)(00)(00)(00)
[18:46:09.86] OK:(15)0(01)(00)(00)(01)(8E)(01)(00)(FF)(FF)(FF)(00)(00)(00)(00)(00)(00)(00)(00)(00)
[18:46:09.86] OK:(15)0(01)(00)(00)(01)(8D)(01)(00)(FF)(FF)(FF)(00)(00)(00)(00)(00)(00)(00)(00)(00)
[18:46:10.31] OK:(15)0(01)(00)(00)(01)(8D)(01)(00)(FF)(FF)(FF)(00)(00)(00)(00)(00)(00)(00)(00)(00)
[18:46:10.33] OK:(15)0(01)(00)(00)(01)(8B)(01)(00)(FF)(FF)(FF)(00)(00)(00)(00)(00)(00)(00)(00)(00)
[18:46:10.38] OK:(15)0(01)(00)(00)(01)(8B)(01)(00)(FF)(FF)(FF)(00)(00)(00)(00)(00)(00)(00)(00)(00)
[18:46:10.41] OK:(15)0(01)(00)(00)(01)(89)(01)(00)(FF)(FF)(FF)(00)(00)(00)(00)(00)(00)(00)(00)(00)
[18:46:10.44] OK:(15)0(01)(00)(00)(01)(89)(01)(00)(FF)(FF)(FF)(00)(00)(00)(00)(00)(00)(00)(00)(00)
[18:46:10.47] OK:(15)0(01)(00)(00)(01)(88)(01)(00)(FF)(FF)(FF)(00)(00)(00)(00)(00)(00)(00)(00)(00)
[18:46:10.64] OK:(15)0(01)(00)(00)(01)(88)(01)(00)(FF)(FF)(FF)(00)(00)(00)(00)(00)(00)(00)(00)(00)
[18:46:10.69] OK:(15)0(01)(00)(00)(01)(87)(01)(00)(FF)(FF)(FF)(00)(00)(00)(00)(00)(00)(00)(00)(00)
[18:46:10.70] OK:(15)0(01)(00)(00)(01)(87)(01)(00)(FF)(FF)(FF)(00)(00)(00)(00)(00)(00)(00)(00)(00)
[18:46:10.75] OK:(15)0(01)(00)(00)(01)(86)(01)(00)(FF)(FF)(FF)(00)(00)(00)(00)(00)(00)(00)(00)(00)
[18:46:10.76] OK:(15)0(01)(00)(00)(01)(86)(01)(00)(FF)(FF)(FF)(00)(00)(00)(00)(00)(00)(00)(00)(00)
[18:46:10.80] OK:(15)0(01)(00)(00)(01)(85)(01)(00)(FF)(FF)(FF)(00)(00)(00)(00)(00)(00)(00)(00)(00)
[18:46:10.80] OK:(15)0(01)(00)(00)(01)(85)(01)(00)(FF)(FF)(FF)(00)(00)(00)(00)(00)(00)(00)(00)(00)
[18:46:10.83] OK:(15)0(01)(00)(00)(01)(84)(01)(00)(FF)(FF)(FF)(00)(00)(00)(00)(00)(00)(00)(00)(00)
[18:46:11.19] OK:(15)0(01)(00)(00)(01)(84)(01)(00)(FF)(FF)(FF)(00)(00)(00)(00)(00)(00)(00)(00)(00)
[18:46:11.22] OK:(15)0(01)(00)(00)(01)(81)(01)(00)(FF)(FF)(FF)(00)(00)(00)(00)(00)(00)(00)(00)(00)
[18:46:11.23] OK:(15)0(01)(00)(00)(01)(81)(01)(00)(FF)(FF)(FF)(00)(00)(00)(00)(00)(00)(00)(00)(00)
[18:46:11.25] OK:(15)0(01)(00)(00)(01)(80)(01)(00)(FF)(FF)(FF)(00)(00)(00)(00)(00)(00)(00)(00)(00)
[18:46:11.28] OK:(15)0(01)(00)(00)(01)(80)(01)(00)(FF)(FF)(FF)(00)(00)(00)(00)(00)(00)(00)(00)(00)
[18:46:11.30] OK:(15)0(01)(00)(00)(01)(80)(01)(00)(FF)(FF)(FF)(00)(00)(00)(00)(00)(00)(00)(00)(00)
[18:46:11.44] OK:(15)0(01)(00)(00)(01)(80)(01)(00)(FF)(FF)(FF)(00)(00)(00)(00)(00)(00)(00)(00)(00)
[18:46:11.48] OK:(15)0(01)(00)(00)(01)(81)(01)(00)(FF)(FF)(FF)(00)(00)(00)(00)(00)(00)(00)(00)(00)
[18:46:11.51] OK:(15)0(01)(00)(00)(01)(81)(01)(00)(FF)(FF)(FF)(00)(00)(00)(00)(00)(00)(00)(00)(00)
[18:46:11.55] OK:(15)0(01)(00)(00)(01)(82)(01)(00)(FF)(FF)(FF)(00)(00)(00)(00)(00)(00)(00)(00)(00)
[18:46:11.64] OK:(15)0(01)(00)(00)(01)(82)(01)(00)(FF)(FF)(FF)(00)(00)(00)(00)(00)(00)(00)(00)(00)
[18:46:11.66] OK:(15)0(01)(00)(00)(01)(81)(01)(00)(FF)(FF)(FF)(00)(00)(00)(00)(00)(00)(00)(00)(00)
[18:46:11.69] OK:(15)0(01)(00)(00)(01)(81)(01)(00)(FF)(FF)(FF)(00)(00)(00)(00)(00)(00)(00)(00)(00)
[18:46:11.72] OK:(15)0(01)(00)(00)(01)(80)(01)(00)(FF)(FF)(FF)(00)(00)(00)(00)(00)(00)(00)(00)(00)
[18:46:11.73] OK:(15)0(01)(00)(00)(01)(80)(01)(00)(FF)(FF)(FF)(00)(00)(00)(00)(00)(00)(00)(00)(00)
[18:46:11.78] OK:(15)0(01)(00)(00)(01)(80)(01)(00)(FF)(FF)(FF)(00)(00)(00)(00)(00)(00)(00)(00)(00)
[18:46:11.80] OK:(15)0(01)(00)(00)(01)(80)(01)(00)(FF)(FF)(FF)(00)(00)(00)(00)(00)(00)(00)(00)(00)
[18:46:11.80] OK:(15)0(01)(00)(00)(01)(80)(01)(00)(FF)(FF)(FF)(00)(00)(00)(00)(00)(00)(00)(00)(00)
[18:46:11.83] OK:(15)0(01)(00)(00)(01)(80)(01)(00)(FF)(FF)(FF)(00)(00)(00)(00)(00)(00)(00)(00)(00)
[18:46:11.84] OK:(15)0(01)(00)(00)(01)(80)(01)(00)(FF)(FF)(FF)(00)(00)(00)(00)(00)(00)(00)(00)(00)
[18:46:11.86] OK:(15)0(01)(00)(00)(01)(80)(01)(00)(FF)(FF)(FF)(00)(00)(00)(00)(00)(00)(00)(00)(00)
[18:46:11.88] OK:(15)0(01)(00)(00)(01)(80)(01)(00)(FF)(FF)(FF)(00)(00)(00)(00)(00)(00)(00)(00)(00)
[18:46:11.97] OK:(15)0(01)(00)(00)(01)(80)(01)(00)(FF)(FF)(FF)(00)(00)(00)(00)(00)(00)(00)(00)(00)
[18:46:11.98] OK:(15)0(01)(00)(00)(01)(80)(01)(00)(FF)(FF)(FF)(00)(00)(00)(00)(00)(00)(00)(00)(00)
[18:46:12.36] OK:(15)0(01)(00)(00)(01)(80)(01)(00)(FF)(FF)(FF)(00)(00)(00)(00)(00)(00)(00)(00)(00)
[18:46:12.39] OK:(15)0(01)(00)(00)(01)(80)(01)(00)(FF)(FF)(FF)(00)(00)(00)(00)(00)(00)(00)(00)(00)
[18:46:12.42] OK:(15)0(01)(00)(00)(01)(80)(01)(00)(FF)(FF)(FF)(00)(00)(00)(00)(00)(00)(00)(00)(00)
[18:46:12.45] OK:(15)0(01)(00)(00)(01)(80)(01)(00)(FF)(FF)(FF)(00)(00)(00)(00)(00)(00)(00)(00)(00)
[18:46:12.48] OK:(15)0(01)(00)(00)(01)(80)(01)(00)(FF)(FF)(FF)(00)(00)(00)(00)(00)(00)(00)(00)(00)
[18:46:12.51] OK:(15)0(01)(00)(00)(01)(80)(01)(00)(FF)(FF)(FF)(00)(00)(00)(00)(00)(00)(00)(00)(00)
[18:46:12.53] OK:(15)0(01)(00)(00)(01)(80)(01)(00)(FF)(FF)(FF)(00)(00)(00)(00)(00)(00)(00)(00)(00)
[18:46:12.56] OK:(15)0(01)(00)(00)(01)(80)(01)(00)(FF)(FF)(FF)(00)(00)(00)(00)(00)(00)(00)(00)(00)
[18:46:12.81] OK:(15)0(01)(00)(00)(01)(80)(01)(00)(FF)(FF)(FF)(00)(00)(00)(00)(00)(00)(00)(00)(00)
[18:46:12.84] OK:(05):(01)(18)G(04)
[18:46:13.6] OK:(15)0(01)(00)(00)(01)(80)(01)(00)(FF)(FF)(FF)(00)(00)(00)(00)(00)(00)(00)(00)(00)
[18:46:13.9] OK:(15)0(01)(00)(00)(01)(81)(01)(00)(FF)(FF)(FF)(00)(00)(00)(00)(00)(00)(00)(00)(00)
[18:46:13.12] OK:(15)0(01)(00)(00)(01)(81)(01)(00)(FF)(FF)(FF)(00)(00)(00)(00)(00)(00)(00)(00)(00)
[18:46:13.16] OK:(15)0(01)(00)(00)(01)(82)(01)(00)(FF)(FF)(FF)(00)(00)(00)(00)(00)(00)(00)(00)(00)
[18:46:13.38] OK:(15)0(01)(00)(00)(01)(82)(01)(00)(FF)(FF)(FF)(00)(00)(00)(00)(00)(00)(00)(00)(00)
[18:46:13.41] OK:(15)0(01)(00)(00)(01)(83)(01)(00)(FF)(FF)(FF)(00)(00)(00)(00)(00)(00)(00)(00)(00)
[18:46:13.42] OK:(15)0(01)(00)(00)(01)(83)(01)(00)(FF)(FF)(FF)(00)(00)(00)(00)(00)(00)(00)(00)(00)
[18:46:13.47] OK:(15)0(01)(00)(00)(01)(84)(01)(00)(FF)(FF)(FF)(00)(00)(00)(00)(00)(00)(00)(00)(00)
[18:46:13.50] OK:(15)0(01)(00)(00)(01)(84)(01)(00)(FF)(FF)(FF)(00)(00)(00)(00)(00)(00)(00)(00)(00)
[18:46:13.50] OK:(15)0(01)(00)(00)(01)(85)(01)(00)(FF)(FF)(FF)(00)(00)(00)(00)(00)(00)(00)(00)(00)
[18:46:13.53] OK:(15)0(01)(00)(00)(01)(85)(01)(00)(FF)(FF)(FF)(00)(00)(00)(00)(00)(00)(00)(00)(00)
[18:46:13.53] OK:(15)0(01)(00)(00)(01)(86)(01)(00)(FF)(FF)(FF)(00)(00)(00)(00)(00)(00)(00)(00)(00)
[18:46:13.56] OK:(15)0(01)(00)(00)(01)(86)(01)(00)(FF)(FF)(FF)(00)(00)(00)(00)(00)(00)(00)(00)(00)
[18:46:13.56] OK:(15)0(01)(00)(00)(01)(87)(01)(00)(FF)(FF)(FF)(00)(00)(00)(00)(00)(00)(00)(00)(00)
[18:46:13.59] OK:(15)0(01)(00)(00)(01)(87)(01)(00)(FF)(FF)(FF)(00)(00)(00)(00)(00)(00)(00)(00)(00)
[18:46:13.61] OK:(15)0(01)(00)(00)(01)(89)(01)(00)(FF)(FF)(FF)(00)(00)(00)(00)(00)(00)(00)(00)(00)
[18:46:13.62] OK:(15)0(01)(00)(00)(01)(89)(01)(00)(FF)(FF)(FF)(00)(00)(00)(00)(00)(00)(00)(00)(00)
[18:46:13.66] OK:(15)0(01)(00)(00)(01)(8A)(01)(00)(FF)(FF)(FF)(00)(00)(00)(00)(00)(00)(00)(00)(00)
[18:46:13.67] OK:(15)0(01)(00)(00)(01)(8A)(01)(00)(FF)(FF)(FF)(00)(00)(00)(00)(00)(00)(00)(00)(00)
[18:46:13.70] OK:(15)0(01)(00)(00)(01)(8B)(01)(00)(FF)(FF)(FF)(00)(00)(00)(00)(00)(00)(00)(00)(00)
[18:46:13.81] OK:(15)0(01)(00)(00)(01)(8B)(01)(00)(FF)(FF)(FF)(00)(00)(00)(00)(00)(00)(00)(00)(00)
[18:46:13.83] OK:(15)0(01)(00)(00)(01)(8C)(01)(00)(FF)(FF)(FF)(00)(00)(00)(00)(00)(00)(00)(00)(00)
[18:46:14.16] OK:(15)0(01)(00)(00)(01)(8C)(01)(00)(FF)(FF)(FF)(00)(00)(00)(00)(00)(00)(00)(00)(00)
[18:46:14.17] OK:(15)0(01)(00)(00)(01)(8E)(01)(00)(FF)(FF)(FF)(00)(00)(00)(00)(00)(00)(00)(00)(00)
[18:46:14.20] OK:(15)0(01)(00)(00)(01)(8E)(01)(00)(FF)(FF)(FF)(00)(00)(00)(00)(00)(00)(00)(00)(00)
[18:46:14.22] OK:(15)0(01)(00)(00)(01)(90)(01)(00)(FF)(FF)(FF)(00)(00)(00)(00)(00)(00)(00)(00)(00)
[18:46:14.25] OK:(15)0(01)(00)(00)(01)(90)(01)(00)(FF)(FF)(FF)(00)(00)(00)(00)(00)(00)(00)(00)(00)
[18:46:14.25] OK:(15)0(01)(00)(00)(01)(93)(01)(00)(FF)(FF)(FF)(00)(00)(00)(00)(00)(00)(00)(00)(00)
[18:46:14.28] OK:(15)0(01)(00)(00)(01)(93)(01)(00)(FF)(FF)(FF)(00)(00)(00)(00)(00)(00)(00)(00)(00)
[18:46:14.31] OK:(15)0(01)(00)(00)(01)(95)(01)(00)(FF)(FF)(FF)(00)(00)(00)(00)(00)(00)(00)(00)(00)
[18:46:14.36] OK:(15)0(01)(00)(00)(01)(95)(01)(00)(FF)(FF)(FF)(00)(00)(00)(00)(00)(00)(00)(00)(00)
[18:46:14.39] OK:(15)0(01)(00)(00)(01)(96)(01)(00)(FF)(FF)(FF)(00)(00)(00)(00)(00)(00)(00)(00)(00)
[18:46:14.42] OK:(15)0(01)(00)(00)(01)(96)(01)(00)(FF)(FF)(FF)(00)(00)(00)(00)(00)(00)(00)(00)(00)
[18:46:14.44] OK:(15)0(01)(00)(00)(01)(97)(01)(00)(FF)(FF)(FF)(00)(00)(00)(00)(00)(00)(00)(00)(00)
[18:46:14.83] OK:(15)0(01)(00)(00)(01)(97)(01)(00)(FF)(FF)(FF)(00)(00)(00)(00)(00)(00)(00)(00)(00)
[18:46:14.88] OK:(15)0(01)(00)(00)(01)(9A)(01)(00)(FF)(FF)(FF)(00)(00)(00)(00)(00)(00)(00)(00)(00)
[18:46:14.91] OK:(15)0(01)(00)(00)(01)(9A)(01)(00)(FF)(FF)(FF)(00)(00)(00)(00)(00)(00)(00)(00)(00)
[18:46:14.92] OK:(15)0(01)(00)(00)(01)(9D)(01)(00)(FF)(FF)(FF)(00)(00)(00)(00)(00)(00)(00)(00)(00)
[18:46:14.98] OK:(15)0(01)(00)(00)(01)(9D)(01)(00)(FF)(FF)(FF)(00)(00)(00)(00)(00)(00)(00)(00)(00)
[18:46:15.1] OK:(15)0(01)(00)(00)(01)(A2)(01)(00)(FF)(FF)(FF)(00)(00)(00)(00)(00)(00)(00)(00)(00)
[18:46:15.3] OK:(15)0(01)(00)(00)(01)(A2)(01)(00)(FF)(FF)(FF)(00)(00)(00)(00)(00)(00)(00)(00)(00)
[18:46:15.3] OK:(15)0(01)(00)(00)(01)(A4)(01)(00)(FF)(FF)(FF)(00)(00)(00)(00)(00)(00)(00)(00)(00)
[18:46:15.5] OK:(15)0(01)(00)(00)(01)(A4)(01)(00)(FF)(FF)(FF)(00)(00)(00)(00)(00)(00)(00)(00)(00)
[18:46:15.8] OK:(15)0(01)(00)(00)(01)(A5)(01)(00)(FF)(FF)(FF)(00)(00)(00)(00)(00)(00)(00)(00)(00)
[18:46:15.8] OK:(15)0(01)(00)(00)(01)(A5)(01)(00)(FF)(FF)(FF)(00)(00)(00)(00)(00)(00)(00)(00)(00)
[18:46:15.9] OK:(15)0(01)(00)(00)(01)(A6)(01)(00)(FF)(FF)(FF)(00)(00)(00)(00)(00)(00)(00)(00)(00)
[18:46:15.11] OK:(15)0(01)(00)(00)(01)(A6)(01)(00)(FF)(FF)(FF)(00)(00)(00)(00)(00)(00)(00)(00)(00)
[18:46:15.12] OK:(15)0(01)(00)(00)(01)(A7)(01)(00)(FF)(FF)(FF)(00)(00)(00)(00)(00)(00)(00)(00)(00)
[18:46:15.14] OK:(15)0(01)(00)(00)(01)(A7)(01)(00)(FF)(FF)(FF)(00)(00)(00)(00)(00)(00)(00)(00)(00)
[18:46:15.14] OK:(15)0(01)(00)(00)(01)(A8)(01)(00)(FF)(FF)(FF)(00)(00)(00)(00)(00)(00)(00)(00)(00)
[18:46:15.17] OK:(15)0(01)(00)(00)(01)(A8)(01)(00)(FF)(FF)(FF)(00)(00)(00)(00)(00)(00)(00)(00)(00)
[18:46:15.17] OK:(15)0(01)(00)(00)(01)(A8)(01)(00)(FF)(FF)(FF)(00)(00)(00)(00)(00)(00)(00)(00)(00)
[18:46:15.20] OK:(15)0(01)(00)(00)(01)(A8)(01)(00)(FF)(FF)(FF)(00)(00)(00)(00)(00)(00)(00)(00)(00)
[18:46:15.23] OK:(15)0(01)(00)(00)(01)(A8)(01)(00)(FF)(FF)(FF)(00)(00)(00)(00)(00)(00)(00)(00)(00)
[18:46:15.55] OK:(15)0(01)(00)(00)(01)(A8)(01)(00)(FF)(FF)(FF)(00)(00)(00)(00)(00)(00)(00)(00)(00)
[18:46:15.58] OK:(15)0(01)(00)(00)(01)(A8)(01)(00)(FF)(FF)(FF)(00)(00)(00)(00)(00)(00)(00)(00)(00)
[18:46:15.61] OK:(15)0(01)(00)(00)(01)(A8)(01)(00)(FF)(FF)(FF)(00)(00)(00)(00)(00)(00)(00)(00)(00)
[18:46:15.62] OK:(15)0(01)(00)(00)(01)(A8)(01)(00)(FF)(FF)(FF)(00)(00)(00)(00)(00)(00)(00)(00)(00)
[18:46:15.66] OK:(15)0(01)(00)(00)(01)(A8)(01)(00)(FF)(FF)(FF)(00)(00)(00)(00)(00)(00)(00)(00)(00)
[18:46:15.67] OK:(15)0(01)(00)(00)(01)(A8)(01)(00)(FF)(FF)(FF)(00)(00)(00)(00)(00)(00)(00)(00)(00)
[18:46:15.72] OK:(15)0(01)(00)(00)(01)(A8)(01)(00)(FF)(FF)(FF)(00)(00)(00)(00)(00)(00)(00)(00)(00)
[18:46:15.75] OK:(15)0(01)(00)(00)(01)(A8)(01)(00)(FF)(FF)(FF)(00)(00)(00)(00)(00)(00)(00)(00)(00)
[18:46:16.3] OK:(15)0(01)(00)(00)(01)(A8)(01)(00)(FF)(FF)(FF)(00)(00)(00)(00)(00)(00)(00)(00)(00)
[18:46:16.6] OK:(15)0(01)(00)(00)(01)(A6)(01)(00)(FF)(FF)(FF)(00)(00)(00)(00)(00)(00)(00)(00)(00)
[18:46:16.11] OK:(15)0(01)(00)(00)(01)(A6)(01)(00)(FF)(FF)(FF)(00)(00)(00)(00)(00)(00)(00)(00)(00)
[18:46:16.12] OK:(15)0(01)(00)(00)(01)(A3)(01)(00)(FF)(FF)(FF)(00)(00)(00)(00)(00)(00)(00)(00)(00)
[18:46:16.16] OK:(15)0(01)(00)(00)(01)(A3)(01)(00)(FF)(FF)(FF)(00)(00)(00)(00)(00)(00)(00)(00)(00)
[18:46:16.19] OK:(15)0(01)(00)(00)(01)(9F)(01)(00)(FF)(FF)(FF)(00)(00)(00)(00)(00)(00)(00)(00)(00)
[18:46:16.20] OK:(15)0(01)(00)(00)(01)(9F)(01)(00)(FF)(FF)(FF)(00)(00)(00)(00)(00)(00)(00)(00)(00)
[18:46:16.20] OK:(15)0(01)(00)(00)(01)(9C)(01)(00)(FF)(FF)(FF)(00)(00)(00)(00)(00)(00)(00)(00)(00)
[18:46:16.23] OK:(15)0(01)(00)(00)(01)(9C)(01)(00)(FF)(FF)(FF)(00)(00)(00)(00)(00)(00)(00)(00)(00)
[18:46:16.23] OK:(15)0(01)(00)(00)(01)(9A)(01)(00)(FF)(FF)(FF)(00)(00)(00)(00)(00)(00)(00)(00)(00)
[18:46:16.25] OK:(15)0(01)(00)(00)(01)(9A)(01)(00)(FF)(FF)(FF)(00)(00)(00)(00)(00)(00)(00)(00)(00)
[18:46:16.26] OK:(15)0(01)(00)(00)(01)(97)(01)(00)(FF)(FF)(FF)(00)(00)(00)(00)(00)(00)(00)(00)(00)
[18:46:16.30] OK:(15)0(01)(00)(00)(01)(97)(01)(00)(FF)(FF)(FF)(00)(00)(00)(00)(00)(00)(00)(00)(00)
[18:46:16.30] OK:(15)0(01)(00)(00)(01)(94)(01)(00)(FF)(FF)(FF)(00)(00)(00)(00)(00)(00)(00)(00)(00)
[18:46:16.33] OK:(15)0(01)(00)(00)(01)(94)(01)(00)(FF)(FF)(FF)(00)(00)(00)(00)(00)(00)(00)(00)(00)
[18:46:16.34] OK:(15)0(01)(00)(00)(01)(92)(01)(00)(FF)(FF)(FF)(00)(00)(00)(00)(00)(00)(00)(00)(00)
[18:46:16.36] OK:(15)0(01)(00)(00)(01)(92)(01)(00)(FF)(FF)(FF)(00)(00)(00)(00)(00)(00)(00)(00)(00)
[18:46:16.39] OK:(15)0(01)(00)(00)(01)(8F)(01)(00)(FF)(FF)(FF)(00)(00)(00)(00)(00)(00)(00)(00)(00)
[18:46:16.42] OK:(15)0(01)(00)(00)(01)(8F)(01)(00)(FF)(FF)(FF)(00)(00)(00)(00)(00)(00)(00)(00)(00)
[18:46:16.44] OK:(15)0(01)(00)(00)(01)(8E)(01)(00)(FF)(FF)(FF)(00)(00)(00)(00)(00)(00)(00)(00)(00)
[18:46:16.73] OK:(15)0(01)(00)(00)(01)(8E)(01)(00)(FF)(FF)(FF)(00)(00)(00)(00)(00)(00)(00)(00)(00)
[18:46:16.76] OK:(15)0(01)(00)(00)(01)(8B)(01)(00)(FF)(FF)(FF)(00)(00)(00)(00)(00)(00)(00)(00)(00)
[18:46:16.78] OK:(15)0(01)(00)(00)(01)(8B)(01)(00)(FF)(FF)(FF)(00)(00)(00)(00)(00)(00)(00)(00)(00)
[18:46:16.80] OK:(15)0(01)(00)(00)(01)(88)(01)(00)(FF)(FF)(FF)(00)(00)(00)(00)(00)(00)(00)(00)(00)
[18:46:16.81] OK:(15)0(01)(00)(00)(01)(88)(01)(00)(FF)(FF)(FF)(00)(00)(00)(00)(00)(00)(00)(00)(00)
[18:46:16.84] OK:(15)0(01)(00)(00)(01)(85)(01)(00)(FF)(FF)(FF)(00)(00)(00)(00)(00)(00)(00)(00)(00)
[18:46:16.86] OK:(15)0(01)(00)(00)(01)(85)(01)(00)(FF)(FF)(FF)(00)(00)(00)(00)(00)(00)(00)(00)(00)
[18:46:16.88] OK:(15)0(01)(00)(00)(01)(83)(01)(00)(FF)(FF)(FF)(00)(00)(00)(00)(00)(00)(00)(00)(00)
[18:46:16.91] OK:(15)0(01)(00)(00)(01)(83)(01)(00)(FF)(FF)(FF)(00)(00)(00)(00)(00)(00)(00)(00)(00)
[18:46:16.92] OK:(15)0(01)(00)(00)(01)(81)(01)(00)(FF)(FF)(FF)(00)(00)(00)(00)(00)(00)(00)(00)(00)
[18:46:17.0] OK:(15)0(01)(00)(00)(01)(81)(01)(00)(FF)(FF)(FF)(00)(00)(00)(00)(00)(00)(00)(00)(00)
[18:46:17.3] OK:(15)0(01)(00)(00)(01)(80)(01)(00)(FF)(FF)(FF)(00)(00)(00)(00)(00)(00)(00)(00)(00)
[18:46:17.48] OK:(15)0(01)(00)(00)(01)(80)(01)(00)(FF)(FF)(FF)(00)(00)(00)(00)(00)(00)(00)(00)(00)
[18:46:17.50] OK:(15)0(01)(00)(00)(01)(82)(01)(00)(FF)(FF)(FF)(00)(00)(00)(00)(00)(00)(00)(00)(00)
[18:46:17.84] OK:(15)0(01)(00)(00)(01)(82)(01)(00)(FF)(FF)(FF)(00)(00)(00)(00)(00)(00)(00)(00)(00)
[18:46:17.88] OK:(15)0(01)(00)(00)(01)(83)(01)(00)(FF)(FF)(FF)(00)(00)(00)(00)(00)(00)(00)(00)(00)
[18:46:17.91] OK:(15)0(01)(00)(00)(01)(83)(01)(00)(FF)(FF)(FF)(00)(00)(00)(00)(00)(00)(00)(00)(00)
[18:46:17.92] OK:(15)0(01)(00)(00)(01)(84)(01)(00)(FF)(FF)(FF)(00)(00)(00)(00)(00)(00)(00)(00)(00)
[18:46:17.97] OK:(15)0(01)(00)(00)(01)(84)(01)(00)(FF)(FF)(FF)(00)(00)(00)(00)(00)(00)(00)(00)(00)
[18:46:17.98] OK:(15)0(01)(00)(00)(01)(86)(01)(00)(FF)(FF)(FF)(00)(00)(00)(00)(00)(00)(00)(00)(00)
[18:46:18.0] OK:(15)0(01)(00)(00)(01)(86)(01)(00)(FF)(FF)(FF)(00)(00)(00)(00)(00)(00)(00)(00)(00)
[18:46:18.1] OK:(15)0(01)(00)(00)(01)(87)(01)(00)(FF)(FF)(FF)(00)(00)(00)(00)(00)(00)(00)(00)(00)
[18:46:18.8] OK:(15)0(01)(00)(00)(01)(87)(01)(00)(FF)(FF)(FF)(00)(00)(00)(00)(00)(00)(00)(00)(00)
[18:46:18.9] OK:(15)0(01)(00)(00)(01)(88)(01)(00)(FF)(FF)(FF)(00)(00)(00)(00)(00)(00)(00)(00)(00)
[18:46:18.91] OK:(15)0(01)(00)(00)(01)(88)(01)(00)(FF)(FF)(FF)(00)(00)(00)(00)(00)(00)(00)(00)(00)
[18:46:18.97] OK:(15)0(01)(00)(00)(01)(89)(01)(00)(FF)(FF)(FF)(00)(00)(00)(00)(00)(00)(00)(00)(00)
[18:46:18.98] OK:(15)0(01)(00)(00)(01)(89)(01)(00)(FF)(FF)(FF)(00)(00)(00)(00)(00)(00)(00)(00)(00)
[18:46:19.1] OK:(15)0(01)(00)(00)(01)(8A)(01)(00)(FF)(FF)(FF)(00)(00)(00)(00)(00)(00)(00)(00)(00)
[18:46:19.5] OK:(15)0(01)(00)(00)(01)(8A)(01)(00)(FF)(FF)(FF)(00)(00)(00)(00)(00)(00)(00)(00)(00)
[18:46:19.6] OK:(15)0(01)(00)(00)(01)(8B)(01)(00)(FF)(FF)(FF)(00)(00)(00)(00)(00)(00)(00)(00)(00)
[18:46:20.98] OK:(15)0(01)(00)(00)(01)(8B)(01)(00)(FF)(FF)(FF)(00)(00)(00)(00)(00)(00)(00)(00)(00)
[18:46:21.1] OK:(15)0(01)(00)(00)"(0B)(01)(03)(FF)(91)0@(03)CUARENTA
[18:46:24.56] OK:(09)2(00)(00)(00)(02)(02)(00)(00)(BE)
[18:46:24.59] OK:(08)0(00)(00)(00)(00)(00)(FF)(FF)
[18:46:24.61] OK:(09)2(00)(00)(00)(00)(00)(00)(00)(BE)
[18:46:29.45] Started
[18:46:29.34] DESCONECTADO: Error (6): CommRead (ClearCommError) - Controlador no válido.

[18:46:29.51] CONECTADO A \\.\COM9
[18:46:29.58] OK:(08)0(00)(00)(00)(00)(00)(FF)(FF)
[18:47:11.1] Started
[18:47:12.72] OK:(05):(01)(18)H(04)
[18:47:17.72] OK:(08)0(00)(00)(00)(00)(00)(FF)(FF)
[18:47:54.36] Started
[18:48:02.73] OK:(08)0(00)(00)(00)(00)(00)(FF)(FF)
[18:48:07.72] OK:(08)0(00)(00)(00)(00)(00)(FF)(FF)
[18:48:12.59] OK:(08)0(00)(00)(00)(00)(00)(FF)(FF)
[18:48:12.62] OK:(05):(01)(18)I(04)
[18:48:17.17] Started
[18:48:20.84] OK:(08)0(00)(00)(00)(00)(00)(FF)(FF)
[18:48:20.88] OK:(15)0(01)(00)(00)"(00)(01)(03)(FF)(91)0@(02)CUARENTA
[18:48:20.89] OK:(09)2(00)(00)(00)(02)(00)(00)(00)(BE)
[18:48:21.48] OK:(15)0(01)(00)(00)"(00)(01)(03)(FF)(91)0@(02)CUARENTA
[18:48:21.51] OK:(15)0(01)(00)(00)"(00)(01)(03)(FF)(91)0@(03)CUARENTA
[18:48:21.64] OK:(15)0(01)(00)(00)"(01)(01)(03)(FF)(91)0@(03)CUARENTA
[18:48:21.67] OK:(15)0(01)(00)(00)"(02)(01)(03)(FF)(91)0@(03)CUARENTA
[18:48:21.70] OK:(09)2(00)(00)(00)(02)(02)(00)(00)(BE)
[18:48:21.80] OK:(15)0(01)(00)(00)"(02)(01)(03)(FF)(91)0@(03)CUARENTA
[18:48:21.95] OK:(15)0(01)(00)(00)"(03)(01)(03)(FF)(91)0@(03)CUARENTA
[18:48:22.11] OK:(15)0(01)(00)(00)"(04)(01)(03)(FF)(91)0@(03)CUARENTA
[18:48:22.28] OK:(15)0(01)(00)(00)"(05)(01)(03)(FF)(91)0@(03)CUARENTA
[18:48:22.44] OK:(15)0(01)(00)(00)"(06)(01)(03)(FF)(91)0@(03)CUARENTA
[18:48:22.59] OK:(15)0(01)(00)(00)"(07)(01)(03)(FF)(91)0@(03)CUARENTA
[18:48:22.75] OK:(15)0(01)(00)(00)"(08)(01)(03)(FF)(91)0@(03)CUARENTA
[18:48:22.92] OK:(15)0(01)(00)(00)"(09)(01)(03)(FF)(91)0@(03)CUARENTA
[18:48:23.8] OK:(15)0(01)(00)(00)"(0A)(01)(03)(FF)(91)0@(03)CUARENTA
[18:48:24.6] OK:(15)0(01)(00)(00)"(0B)(01)(03)(FF)(91)0@(03)CUARENTA
[18:48:24.9] OK:(08)0(00)(00)(00)(00)(00)(FF)(FF)
[18:48:24.9] OK:(09)2(00)(00)(00)(00)(00)(00)(00)(BE)
[18:48:27.8] Started
[18:48:30.48] OK:(08)0(00)(00)(00)(00)(00)(FF)(FF)
[18:48:30.50] OK:(08)0(00)(00)(00)(00)(00)(FF)(FF)
[18:48:33.22] Started
[18:48:47.56] OK:(05):(01)(18)I(04)
[18:48:47.59] OK:(05):(01)(18)I(04)
[18:48:47.69] OK:(09)2(00)(00)(00)(00)(00)(00)(00)6
[18:48:47.72] OK:(08)0(00)(00)(00)(00)(00)(FF)(FF)
[18:48:47.73] OK:(08)0(00)(00)(00)(00)(00)(FF)(FF)
[18:48:52.72] OK:(08)0(00)(00)(00)(00)(00)(FF)(FF)
[18:48:52.88] OK:(08)0(00)(00)(00)(00)(00)(FF)(FF)
[18:48:52.91] OK:(15)0(01)(00)(00)"(00)(01)(03)(FF)(91)0@(02)CUARENTA
[18:48:52.94] OK:(15)0(01)(00)(00)"(00)(01)(03)(FF)(91)0@(02)CUARENTA
[18:48:53.53] OK:(15)0(01)(00)(00)"(00)(01)(03)(FF)(91)0@(02)CUARENTA
[18:48:53.56] OK:(15)0(01)(00)(00)"(00)(01)(03)(FF)(91)0@(03)CUARENTA
[18:48:53.69] OK:(15)0(01)(00)(00)"(01)(01)(03)(FF)(91)0@(03)CUARENTA
[18:48:53.84] OK:(15)0(01)(00)(00)"(02)(01)(03)(FF)(91)0@(03)CUARENTA
[18:48:54.0] OK:(15)0(01)(00)(00)"(03)(01)(03)(FF)(91)0@(03)CUARENTA
[18:48:54.16] OK:(15)0(01)(00)(00)"(04)(01)(03)(FF)(91)0@(03)CUARENTA
[18:48:54.33] OK:(15)0(01)(00)(00)"(05)(01)(03)(FF)(91)0@(03)CUARENTA
[18:48:54.41] OK:(15)0(01)(00)(00)"(06)(01)(03)(FF)(91)0@(03)CUARENTA
[18:48:54.44] OK:(15)0(01)(00)(00)"(06)(01)(03)(FF)(91)0@(03)CUARENTA
[18:48:54.48] OK:(09)2(00)(00)(00)(02)(00)(00)(00)6
[18:48:54.64] OK:(15)0(01)(00)(00)"(07)(01)(03)(FF)(91)0@(03)CUARENTA
[18:48:54.80] OK:(15)0(01)(00)(00)"(08)(01)(03)(FF)(91)0@(03)CUARENTA
[18:48:54.81] OK:(15)0(01)(00)(00)"(08)(01)(03)(FF)(91)0@(03)CUARENTA
[18:48:54.84] OK:(09)2(00)(00)(00)(02)(02)(00)(00)6
[18:48:54.95] OK:(15)0(01)(00)(00)"(09)(01)(03)(FF)(91)0@(03)CUARENTA
[18:48:55.12] OK:(15)0(01)(00)(00)"(0A)(01)(03)(FF)(91)0@(03)CUARENTA
[18:48:57.59] OK:(15)0(01)(00)(00)"(0B)(01)(03)(FF)(91)0@(03)CUARENTA
[18:48:57.62] OK:(15)0(01)(00)(00)"(0B)(01)(02)(F1)(06)(90)@(02)(20)ROCK(20)FM
[18:48:57.64] OK:(09)2(00)(00)(00)(02)(00)(00)(00)6
[18:48:57.98] OK:(15)0(01)(00)(00)"(0B)(01)(02)(F1)(06)(90)@(02)(20)ROCK(20)FM
[18:48:58.8] OK:(15)0(01)(00)(00)"(0B)(01)(02)(F1)(06)(90)@(03)(20)ROCK(20)FM
[18:48:58.97] OK:(15)0(01)(00)(00)"(0B)(01)(02)(F1)(06)(90)@(03)(20)ROCK(20)FM
[18:48:59.1] OK:(15)0(01)(00)(00)"(0B)(01)(02)(F1)(06)(90)@(03)(20)ROCK(20)FM
[18:49:00.64] OK:(09)2(00)(00)(00)(02)(02)(00)(00)6
[18:49:00.66] OK:(15)0(01)(00)(00)"(0B)(01)(03)(FF)(91)0@(02)CUARENTA
[18:49:00.69] OK:(09)2(00)(00)(00)(02)(00)(00)(00)6
[18:49:01.0] OK:(15)0(01)(00)(00)"(0B)(01)(03)(FF)(91)0@(02)CUARENTA
[18:49:01.3] OK:(15)0(01)(00)(00)"(0B)(01)(03)(FF)(91)0@(02)CUARENTA
[18:49:01.5] OK:(09)2(00)(00)(00)(02)(02)(00)(00)6
[18:49:01.76] OK:(15)0(01)(00)(00)"(0B)(01)(03)(FF)(91)0@(03)CUARENTA
[18:49:01.80] OK:(15)0(01)(00)(00)"(0B)(01)(03)(FF)(91)0@(03)CUARENTA
[18:49:03.16] OK:(09)2(00)(00)(00)(02)(02)(00)(00)(BE)
[18:49:03.17] OK:(15)0(01)(00)(00)"(0B)(01)(01)(FF)(91)`@(02)MAXIMAFM
[18:49:03.25] OK:(09)2(00)(00)(00)(02)(00)(00)(00)(BE)
[18:49:03.51] OK:(15)0(01)(00)(00)"(0B)(01)(01)(FF)(91)`@(02)MAXIMAFM
[18:49:04.69] OK:(15)0(01)(00)(00)"(0B)(01)(01)(FF)(91)`@(03)MAXIMAFM
[18:49:04.70] OK:(15)0(01)(00)(00)"(0B)(01)(01)(FF)(91)`@(03)MAXIMAFM
[18:49:04.73] OK:(09)2(00)(00)(00)(02)(02)(00)(00)(BE)
[18:49:05.62] OK:(15)0(01)(00)(00)"(0B)(01)(01)(FF)(91)`@(03)MAXIMAFM
[18:49:05.64] OK:(15)0(01)(00)(00)"(0B)(01)(03)(FF)(91)0@(02)CUARENTA
[18:49:05.69] OK:(09)2(00)(00)(00)(02)(00)(00)(00)(BE)
[18:49:06.0] OK:(15)0(01)(00)(00)"(0B)(01)(03)(FF)(91)0@(02)CUARENTA
[18:49:06.44] OK:(15)0(01)(00)(00)"(0B)(01)(03)(FF)(91)0@(03)CUARENTA
[18:49:06.47] OK:(15)0(01)(00)(00)"(0B)(01)(02)(F1)(06)(90)@(02)(20)ROCK(20)FM
[18:49:06.75] OK:(15)0(01)(00)(00)"(0B)(01)(02)(F1)(06)(90)@(02)(20)ROCK(20)FM
[18:49:06.78] OK:(15)0(01)(00)(00)"(0B)(01)(02)(F1)(06)(90)@(02)(20)ROCK(20)FM
[18:49:06.80] OK:(09)2(00)(00)(00)(02)(02)(00)(00)(BE)
[18:49:06.83] OK:(15)0(01)(00)(00)"(0B)(01)(02)(F1)(06)(90)@(02)(20)ROCK(20)FM
[18:49:11.83] OK:(15)0(01)(00)(00)"(0B)(01)(02)(F1)(06)(90)@(03)(20)ROCK(20)FM
[18:49:12.48] OK:(15)0(01)(00)(00)"(0B)(01)(02)(F1)(06)(90)@(03)(20)ROCK(20)FM
[18:49:12.51] OK:(05):(01)(18)P(04)
[18:49:17.50] OK:(15)0(01)(00)(00)"(0B)(01)(02)(F1)(06)(90)@(03)(20)ROCK(20)FM
[18:49:17.94] OK:(15)0(01)(00)(00)"(0B)(01)(02)(F1)(06)(90)@(03)(20)ROCK(20)FM
[18:49:17.97] OK:(15)0(01)(00)(00)"(0B)(01)(02)(F1)(06)(90)@(03)(20)ROCK(20)FM
[18:49:17.98] OK:(17)4(20)(20)BASS(20)(20)(20)(20)(20)(20)(20)C(00)(00)(00)(02)(11)(00)(00)(00)
[18:49:18.3] OK:(09)2(00)(00)(00)(02)(00)(00)(00)(BE)
[18:49:19.12] OK:(15)0(01)(00)(00)(01)(0B)(01)(00)(FF)(FF)(FF)(00)(00)(00)(00)(00)(00)(00)(00)(00)
[18:49:19.16] OK:(17)4(20)(20)TREBLE(20)(20)(20)(20)+3(00)(00)(00)(02)(13)(00)(00)(00)
[18:49:19.23] OK:(15)0(01)(00)(00)(01)(0B)(01)(00)(FF)(FF)(FF)(00)(00)(00)(00)(00)(00)(00)(00)(00)
[18:49:19.26] OK:(17)4(20)(20)FADER(20)(20)(20)(20)(20)(20)C(00)(00)(00)(02)(13)(00)(00)(00)
[18:49:19.73] OK:(15)0(01)(00)(00)(01)(0B)(01)(00)(FF)(FF)(FF)(00)(00)(00)(00)(00)(00)(00)(00)(00)
[18:49:19.75] OK:(17)4(20)(20)BALANCE(20)(20)(20)(20)C(00)(00)(00)(02)(13)(00)(00)(00)
[18:49:20.1] OK:(15)0(01)(00)(00)(01)(0B)(01)(00)(FF)(FF)(FF)(00)(00)(00)(00)(00)(00)(00)(00)(00)
[18:49:20.6] OK:(17)4(20)(20)CENTER(20)(20)(20)(20)(20)C(00)(00)(00)(02)(13)(00)(00)(00)
[18:49:20.33] OK:(15)0(01)(00)(00)(01)(0B)(01)(00)(FF)(FF)(FF)(00)(00)(00)(00)(00)(00)(00)(00)(00)
[18:49:20.36] OK:(17)4(20)(20)SUBW(20)(20)(20)(20)(20)(20)+3(00)(00)(00)(02)(13)(00)(00)(00)
[18:49:21.1] OK:(15)0(01)(00)(00)(01)(0B)(01)(00)(FF)(FF)(FF)(00)(00)(00)(00)(00)(00)(00)(00)(00)
[18:49:21.5] OK:(17)4(20)(20)SVC(20)(20)(20)(20)(20)(20)OFF(00)(00)(00)(02)(13)(00)(00)(00)
[18:49:21.70] OK:(15)0(01)(00)(00)(01)(0B)(01)(00)(FF)(FF)(FF)(00)(00)(00)(00)(00)(00)(00)(00)(00)
[18:49:21.73] OK:(17)4(20)(00)RDS(20)(20)(20)SETTING(00)(00)(02)(13)(00)(00)(00)
[18:49:25.33] OK:(15)0(01)(00)(00)(01)(0B)(01)(00)(FF)(FF)(FF)(00)(00)(00)(00)(00)(00)(00)(00)(00)
[18:49:25.36] OK:(17)4(20)(00)CLOCK(20):(20)24H(20)(20)(00)(00)(02)(12)(00)(00)(00)
[18:49:26.69] OK:(15)0(01)(00)(00)(01)(0B)(01)(00)(FF)(FF)(FF)(00)(00)(00)(00)(00)(00)(00)(00)(00)
[18:49:26.72] OK:(17)4(20)(00)CLOCK(20):(20)24H(20)(20)(00)(00)(02)(12)(00)(00)(00)
[18:49:27.41] OK:(15)0(01)(00)(00)(01)(0B)(01)(00)(FF)(FF)(FF)(00)(00)(00)(00)(00)(00)(00)(00)(00)
[18:49:27.44] OK:(17)4(20)(00)RDS(20)(20)(20)SETTING(00)(00)(02)(13)(00)(00)(00)
[18:49:27.53] OK:(15)0(01)(00)(00)(01)(0B)(01)(00)(FF)(FF)(FF)(00)(00)(00)(00)(00)(00)(00)(00)(00)
[18:49:27.58] OK:(17)4(20)(20)SVC(20)(20)(20)(20)(20)(20)OFF(00)(00)(00)(02)(13)(00)(00)(00)
[18:49:27.64] OK:(15)0(01)(00)(00)(01)(0B)(01)(00)(FF)(FF)(FF)(00)(00)(00)(00)(00)(00)(00)(00)(00)
[18:49:27.67] OK:(17)4(20)(20)SUBW(20)(20)(20)(20)(20)(20)+3(00)(00)(00)(02)(13)(00)(00)(00)
[18:49:27.88] OK:(15)0(01)(00)(00)(01)(0B)(01)(00)(FF)(FF)(FF)(00)(00)(00)(00)(00)(00)(00)(00)(00)
[18:49:27.89] OK:(17)4(20)(20)CENTER(20)(20)(20)(20)(20)C(00)(00)(00)(02)(13)(00)(00)(00)
[18:49:28.1] OK:(15)0(01)(00)(00)(01)(0B)(01)(00)(FF)(FF)(FF)(00)(00)(00)(00)(00)(00)(00)(00)(00)
[18:49:28.5] OK:(17)4(20)(20)BALANCE(20)(20)(20)(20)C(00)(00)(00)(02)(13)(00)(00)(00)
[18:49:28.58] OK:(15)0(01)(00)(00)(01)(0B)(01)(00)(FF)(FF)(FF)(00)(00)(00)(00)(00)(00)(00)(00)(00)
[18:49:28.61] OK:(17)4(20)(20)BALANCE(20)(20)(20)(20)C(00)(00)(00)(00)(13)(00)(00)(00)
[18:49:28.62] OK:(17)4(20)(20)BALANCE(20)(20)(20)(20)C(00)(00)(00)(00)(13)(00)(00)(00)
[18:49:29.61] OK:(15)0(01)(00)(00)(01)(0B)(01)(00)(FF)(FF)(FF)(00)(00)(00)(00)(00)(00)(00)(00)(00)
[18:49:29.64] OK:(15)0(01)(00)(00)(01)(0B)(01)(00)(FF)(FF)(FF)(00)(00)(00)(00)(00)(00)(00)(00)(00)
[18:49:29.66] OK:(17)4(20)(20)BALANCE(20)(20)(20)R1(00)(00)(00)(00)(13)(00)(00)(00)
[18:49:29.95] OK:(15)0(01)(00)(00)(01)(0B)(01)(00)(FF)(FF)(FF)(00)(00)(00)(00)(00)(00)(00)(00)(00)
[18:49:29.98] OK:(15)0(01)(00)(00)(01)(0B)(01)(00)(FF)(FF)(FF)(00)(00)(00)(00)(00)(00)(00)(00)(00)
[18:49:30.0] OK:(17)4(20)(20)BALANCE(20)(20)(20)R2(00)(00)(00)(00)(13)(00)(00)(00)
[18:49:30.12] OK:(15)0(01)(00)(00)(01)(0B)(01)(00)(FF)(FF)(FF)(00)(00)(00)(00)(00)(00)(00)(00)(00)
[18:49:30.14] OK:(15)0(01)(00)(00)(01)(0B)(01)(00)(FF)(FF)(FF)(00)(00)(00)(00)(00)(00)(00)(00)(00)
[18:49:30.17] OK:(17)4(20)(20)BALANCE(20)(20)(20)R3(00)(00)(00)(00)(13)(00)(00)(00)
[18:49:30.72] OK:(15)0(01)(00)(00)(01)(0B)(01)(00)(FF)(FF)(FF)(00)(00)(00)(00)(00)(00)(00)(00)(00)
[18:49:30.75] OK:(15)0(01)(00)(00)(01)(0B)(01)(00)(FF)(FF)(FF)(00)(00)(00)(00)(00)(00)(00)(00)(00)
[18:49:30.76] OK:(17)4(20)(20)BALANCE(20)(20)(20)R2(00)(00)(00)(00)(13)(00)(00)(00)
[18:49:30.84] OK:(15)0(01)(00)(00)(01)(0B)(01)(00)(FF)(FF)(FF)(00)(00)(00)(00)(00)(00)(00)(00)(00)
[18:49:30.86] OK:(15)0(01)(00)(00)(01)(0B)(01)(00)(FF)(FF)(FF)(00)(00)(00)(00)(00)(00)(00)(00)(00)
[18:49:30.89] OK:(17)4(20)(20)BALANCE(20)(20)(20)R1(00)(00)(00)(00)(13)(00)(00)(00)
[18:49:30.94] OK:(15)0(01)(00)(00)(01)(0B)(01)(00)(FF)(FF)(FF)(00)(00)(00)(00)(00)(00)(00)(00)(00)
[18:49:30.97] OK:(15)0(01)(00)(00)(01)(0B)(01)(00)(FF)(FF)(FF)(00)(00)(00)(00)(00)(00)(00)(00)(00)
[18:49:30.98] OK:(17)4(20)(20)BALANCE(20)(20)(20)(20)C(00)(00)(00)(00)(13)(00)(00)(00)
[18:49:31.1] OK:(15)0(01)(00)(00)(01)(0B)(01)(00)(FF)(FF)(FF)(00)(00)(00)(00)(00)(00)(00)(00)(00)
[18:49:31.3] OK:(15)0(01)(00)(00)(01)(0B)(01)(00)(FF)(FF)(FF)(00)(00)(00)(00)(00)(00)(00)(00)(00)
[18:49:31.5] OK:(17)4(20)(20)BALANCE(20)(20)(20)(20)C(00)(00)(00)(00)(13)(00)(00)(00)
[18:49:31.6] OK:(15)0(01)(00)(00)(01)(0B)(01)(00)(FF)(FF)(FF)(00)(00)(00)(00)(00)(00)(00)(00)(00)
[18:49:31.8] OK:(17)4(20)(20)BALANCE(20)(20)(20)(20)C(00)(00)(00)(00)(13)(00)(00)(00)
[18:49:31.11] OK:(15)0(01)(00)(00)(01)(0B)(01)(00)(FF)(FF)(FF)(00)(00)(00)(00)(00)(00)(00)(00)(00)
[18:49:31.12] OK:(17)4(20)(20)BALANCE(20)(20)(20)(20)C(00)(00)(00)(00)(13)(00)(00)(00)
[18:49:31.16] OK:(15)0(01)(00)(00)(01)(0B)(01)(00)(FF)(FF)(FF)(00)(00)(00)(00)(00)(00)(00)(00)(00)
[18:49:31.16] OK:(17)4(20)(20)BALANCE(20)(20)(20)(20)C(00)(00)(00)(00)(13)(00)(00)(00)
[18:49:31.22] OK:(15)0(01)(00)(00)(01)(0B)(01)(00)(FF)(FF)(FF)(00)(00)(00)(00)(00)(00)(00)(00)(00)
[18:49:31.23] OK:(15)0(01)(00)(00)(01)(0B)(01)(00)(FF)(FF)(FF)(00)(00)(00)(00)(00)(00)(00)(00)(00)
[18:49:31.26] OK:(17)4(20)(20)BALANCE(20)(20)(20)(20)C(00)(00)(00)(00)(13)(00)(00)(00)
[18:49:31.28] OK:(15)0(01)(00)(00)(01)(0B)(01)(00)(FF)(FF)(FF)(00)(00)(00)(00)(00)(00)(00)(00)(00)
[18:49:31.30] OK:(17)4(20)(20)BALANCE(20)(20)(20)(20)C(00)(00)(00)(00)(13)(00)(00)(00)
[18:49:31.36] OK:(15)0(01)(00)(00)(01)(0B)(01)(00)(FF)(FF)(FF)(00)(00)(00)(00)(00)(00)(00)(00)(00)
[18:49:31.38] OK:(15)0(01)(00)(00)(01)(0B)(01)(00)(FF)(FF)(FF)(00)(00)(00)(00)(00)(00)(00)(00)(00)
[18:49:31.39] OK:(17)4(20)(20)BALANCE(20)(20)(20)(20)C(00)(00)(00)(00)(13)(00)(00)(00)
[18:49:31.81] OK:(15)0(01)(00)(00)(01)(0B)(01)(00)(FF)(FF)(FF)(00)(00)(00)(00)(00)(00)(00)(00)(00)
[18:49:31.84] OK:(15)0(01)(00)(00)(01)(0B)(01)(00)(FF)(FF)(FF)(00)(00)(00)(00)(00)(00)(00)(00)(00)
[18:49:31.86] OK:(17)4(20)(20)BALANCE(20)(20)(20)L1(00)(00)(00)(00)(13)(00)(00)(00)
[18:49:31.89] OK:(15)0(01)(00)(00)(01)(0B)(01)(00)(FF)(FF)(FF)(00)(00)(00)(00)(00)(00)(00)(00)(00)
[18:49:31.89] OK:(17)4(20)(20)BALANCE(20)(20)(20)L2(00)(00)(00)(00)(13)(00)(00)(00)
[18:49:31.95] OK:(15)0(01)(00)(00)(01)(0B)(01)(00)(FF)(FF)(FF)(00)(00)(00)(00)(00)(00)(00)(00)(00)
[18:49:32.0] OK:(15)0(01)(00)(00)(01)(0B)(01)(00)(FF)(FF)(FF)(00)(00)(00)(00)(00)(00)(00)(00)(00)
[18:49:32.1] OK:(17)4(20)(20)BALANCE(20)(20)(20)L3(00)(00)(00)(00)(13)(00)(00)(00)
[18:49:32.5] OK:(15)0(01)(00)(00)(01)(0B)(01)(00)(FF)(FF)(FF)(00)(00)(00)(00)(00)(00)(00)(00)(00)
[18:49:32.6] OK:(17)4(20)(20)BALANCE(20)(20)(20)L4(00)(00)(00)(00)(13)(00)(00)(00)
[18:49:32.11] OK:(15)0(01)(00)(00)(01)(0B)(01)(00)(FF)(FF)(FF)(00)(00)(00)(00)(00)(00)(00)(00)(00)
[18:49:32.14] OK:(15)0(01)(00)(00)(01)(0B)(01)(00)(FF)(FF)(FF)(00)(00)(00)(00)(00)(00)(00)(00)(00)
[18:49:32.17] OK:(17)4(20)(20)BALANCE(20)(20)(20)L5(00)(00)(00)(00)(13)(00)(00)(00)
[18:49:32.55] OK:(15)0(01)(00)(00)(01)(0B)(01)(00)(FF)(FF)(FF)(00)(00)(00)(00)(00)(00)(00)(00)(00)
[18:49:32.58] OK:(15)0(01)(00)(00)(01)(0B)(01)(00)(FF)(FF)(FF)(00)(00)(00)(00)(00)(00)(00)(00)(00)
[18:49:32.59] OK:(17)4(20)(20)BALANCE(20)(20)(20)L4(00)(00)(00)(00)(13)(00)(00)(00)
[18:49:32.64] OK:(15)0(01)(00)(00)(01)(0B)(01)(00)(FF)(FF)(FF)(00)(00)(00)(00)(00)(00)(00)(00)(00)
[18:49:32.66] OK:(17)4(20)(20)BALANCE(20)(20)(20)L3(00)(00)(00)(00)(13)(00)(00)(00)
[18:49:32.67] OK:(15)0(01)(00)(00)(01)(0B)(01)(00)(FF)(FF)(FF)(00)(00)(00)(00)(00)(00)(00)(00)(00)
[18:49:32.72] OK:(17)4(20)(20)BALANCE(20)(20)(20)L2(00)(00)(00)(00)(13)(00)(00)(00)
[18:49:32.75] OK:(15)0(01)(00)(00)(01)(0B)(01)(00)(FF)(FF)(FF)(00)(00)(00)(00)(00)(00)(00)(00)(00)
[18:49:32.76] OK:(17)4(20)(20)BALANCE(20)(20)(20)L1(00)(00)(00)(00)(13)(00)(00)(00)
[18:49:32.78] OK:(15)0(01)(00)(00)(01)(0B)(01)(00)(FF)(FF)(FF)(00)(00)(00)(00)(00)(00)(00)(00)(00)
[18:49:32.83] OK:(15)0(01)(00)(00)(01)(0B)(01)(00)(FF)(FF)(FF)(00)(00)(00)(00)(00)(00)(00)(00)(00)
[18:49:32.84] OK:(17)4(20)(20)BALANCE(20)(20)(20)(20)C(00)(00)(00)(00)(13)(00)(00)(00)
[18:49:32.88] OK:(15)0(01)(00)(00)(01)(0B)(01)(00)(FF)(FF)(FF)(00)(00)(00)(00)(00)(00)(00)(00)(00)
[18:49:32.89] OK:(17)4(20)(20)BALANCE(20)(20)(20)(20)C(00)(00)(00)(00)(13)(00)(00)(00)
[18:49:34.1] OK:(15)0(01)(00)(00)(01)(0B)(01)(00)(FF)(FF)(FF)(00)(00)(00)(00)(00)(00)(00)(00)(00)
[18:49:34.5] OK:(17)4(20)(20)BALANCE(20)(20)(20)(20)C(00)(00)(00)(02)(13)(00)(00)(00)
[18:49:34.6] OK:(17)4(20)(20)BALANCE(20)(20)(20)(20)C(00)(00)(00)(02)(13)(00)(00)(00)
[18:49:35.45] OK:(15)0(01)(00)(00)(01)(0B)(01)(00)(FF)(FF)(FF)(00)(00)(00)(00)(00)(00)(00)(00)(00)
[18:49:35.48] OK:(0A)7(00)(00)(00)(00)(00)(00)(00)(00)(00)
[18:49:35.50] OK:(15)0(01)(00)(00)"(0B)(01)(02)(F1)(06)(90)@(03)(20)ROCK(20)FM
[18:49:39.12] OK:(09)2(00)(00)(00)(02)(02)(00)(00)(BE)
[18:49:39.16] OK:(15)0(01)(00)(00)"(0B)(01)(04)(F1)(05)0@(02)ONDA_REG
[18:49:39.17] OK:(09)2(00)(00)(00)(02)(00)(00)(00)(BE)
[18:49:39.47] OK:(15)0(01)(00)(00)"(0B)(01)(04)(F1)(05)0@(02)ONDA_REG
[18:49:39.53] OK:(15)0(01)(00)(00)"(0B)(01)(04)(F1)(05)0@(02)ONDA(20)REG
[18:49:39.62] OK:(15)0(01)(00)(00)"(0B)(01)(04)(F1)(05)0@(03)ONDA(20)REG
[18:49:39.70] OK:(15)0(01)(00)(00)"(0B)(01)(04)(F1)(05)0@(03)ONDA(20)REG
[18:49:39.75] OK:(15)0(01)(00)(00)"(0B)(01)(04)(F1)(05)0@(03)ONDA(20)REG
[18:49:41.9] OK:(09)2(00)(00)(00)(02)(02)(00)(00)(BE)
[18:49:41.12] OK:(15)0(01)(00)(00)"(0B)(01)(05)(F1)(06)(90)@(02)(20)ROCK(20)FM
[18:49:41.14] OK:(09)2(00)(00)(00)(02)(00)(00)(00)(BE)
[18:49:41.38] OK:(15)0(01)(00)(00)"(0B)(01)(05)(F1)(06)(90)@(02)(20)ROCK(20)FM
[18:49:41.41] OK:(15)0(01)(00)(00)"(0B)(01)(05)(F1)(06)(90)@(02)(20)ROCK(20)FM
[18:49:41.42] OK:(09)2(00)(00)(00)(02)(02)(00)(00)(BE)
[18:49:41.47] OK:(15)0(01)(00)(00)"(0B)(01)(05)(F1)(06)(90)@(02)(20)ROCK(20)FM
[18:49:43.20] OK:(15)0(01)(00)(00)"(0B)(01)(05)(F1)(06)(90)@(03)(20)ROCK(20)FM
[18:49:43.22] OK:(15)0(01)(00)(00)"(0B)(01)(06)(FF)(87)P@(02)REVIVEFM
[18:49:43.26] OK:(09)2(00)(00)(00)(02)(00)(00)(00)(BE)
[18:49:43.53] OK:(15)0(01)(00)(00)"(0B)(01)(06)(FF)(87)P@(02)REVIVEFM
[18:49:43.58] OK:(15)0(01)(00)(00)"(0B)(01)(06)(FF)(87)P@(02)REVIVEFM
[18:49:43.58] OK:(09)2(00)(00)(00)(02)(02)(00)(00)(BE)
[18:49:43.61] OK:(15)0(01)(00)(00)"(0B)(01)(06)(FF)(87)P@(02)REVIVEFM
[18:49:45.64] OK:(15)0(01)(00)(00)"(0B)(01)(06)(FF)(87)P@(03)REVIVEFM
[18:49:50.64] OK:(15)0(01)(00)(00)"(0B)(01)(06)(FF)(87)P@(03)MURCIA(20)(20)
[18:49:51.41] OK:(15)0(01)(00)(00)"(0B)(01)(06)(FF)(87)P@(03)MURCIA(20)(20)
[18:49:55.76] OK:(15)0(01)(00)(00)"(0B)(01)(06)(FF)(87)P@(03)REVIVEFM
[18:49:55.81] OK:(15)0(01)(00)(00)"(0B)(01)(01)(FF)(91)`@(02)MAXIMAFM
[18:49:55.84] OK:(09)2(00)(00)(00)(02)(00)(00)(00)(BE)
[18:49:56.16] OK:(15)0(01)(00)(00)"(0B)(01)(01)(FF)(91)`@(02)MAXIMAFM
[18:49:57.64] OK:(15)0(01)(00)(00)"(0B)(01)(01)(FF)(91)`@(03)MAXIMAFM
[18:49:57.67] OK:(15)0(01)(00)(00)"(0B)(01)(01)(FF)(91)`@(03)MAXIMAFM
[18:49:57.70] OK:(09)2(00)(00)(00)(02)(02)(00)(00)(BE)
[18:50:00.28] OK:(15)0(01)(00)(00)"(0B)(01)(01)(FF)(91)`@(03)MAXIMAFM
[18:50:00.31] OK:(08)0(00)(00)(00)(00)(00)(FF)(FF)
[18:50:00.31] OK:(09)2(00)(00)(00)(00)(00)(00)(00)(BE)
[18:50:01.31] OK:(08)0(00)(00)(00)(00)(00)(FF)(FF)
[18:50:01.34] OK:(15)0(01)(00)(00)"(00)(01)(01)(FF)(91)`@(02)MAXIMAFM
[18:50:01.36] OK:(09)2(00)(00)(00)(02)(00)(00)(00)(BE)
[18:50:01.83] OK:(15)0(01)(00)(00)"(00)(01)(01)(FF)(91)`@(02)MAXIMAFM
[18:50:01.88] OK:(15)0(01)(00)(00)"(00)(01)(01)(FF)(91)`@(02)MAXIMAFM
[18:50:01.89] OK:(09)2(00)(00)(00)(02)(02)(00)(00)(BE)
[18:50:01.95] OK:(15)0(01)(00)(00)"(00)(01)(01)(FF)(91)`@(02)MAXIMAFM
[18:50:02.0] OK:(15)0(01)(00)(00)"(00)(01)(01)(FF)(91)`@(03)MAXIMAFM
[18:50:02.11] OK:(15)0(01)(00)(00)"(01)(01)(01)(FF)(91)`@(03)MAXIMAFM
[18:50:02.26] OK:(15)0(01)(00)(00)"(02)(01)(01)(FF)(91)`@(03)MAXIMAFM
[18:50:02.42] OK:(15)0(01)(00)(00)"(03)(01)(01)(FF)(91)`@(03)MAXIMAFM
[18:50:02.59] OK:(15)0(01)(00)(00)"(04)(01)(01)(FF)(91)`@(03)MAXIMAFM
[18:50:02.75] OK:(15)0(01)(00)(00)"(05)(01)(01)(FF)(91)`@(03)MAXIMAFM
[18:50:02.91] OK:(15)0(01)(00)(00)"(06)(01)(01)(FF)(91)`@(03)MAXIMAFM
[18:50:03.6] OK:(15)0(01)(00)(00)"(07)(01)(01)(FF)(91)`@(03)MAXIMAFM
[18:50:03.22] OK:(15)0(01)(00)(00)"(08)(01)(01)(FF)(91)`@(03)MAXIMAFM
[18:50:03.39] OK:(15)0(01)(00)(00)"(09)(01)(01)(FF)(91)`@(03)MAXIMAFM
[18:50:03.55] OK:(15)0(01)(00)(00)"(0A)(01)(01)(FF)(91)`@(03)MAXIMAFM
[18:50:07.69] OK:(15)0(01)(00)(00)"(0B)(01)(01)(FF)(91)`@(03)MAXIMAFM
[18:50:07.72] OK:(10)0(03)(10)(00)(00)(0B)(00)(FF)(FF)(FF)(FF)(FF)(FF)(FF)(00)(00)
[18:50:07.73] OK:(10)0(03)(10)(00)(00)(0B)(00)(FF)(FF)(FF)(FF)(FF)(FF)(FF)(00)(00)
[18:50:07.78] OK:(10)0(03)(10)(00)(00)(0B)(00)(FF)(FF)(FF)(FF)(FF)(FF)(FF)(00)(00)
[18:50:07.84] OK:(10)0(03)(10)(00)(00)(0B)(00)(FF)(FF)(FF)(FF)(FF)(FF)(FF)(00)(00)
[18:50:08.1] OK:(10)0(03)(10)(00)(00)(0B)(00)(FF)(FF)(FF)(FF)(FF)(FF)(FF)(00)(00)
[18:50:08.3] OK:(10)0(03)(10)(00)(00)(0B)(05)(FF)(FF)(FF)(FF)(FF)(FF)(FF)(00)(00)
[18:50:08.89] OK:(10)0(03)(10)(03)(00)(0B)(05)(FF)(01)(FF)i(FF)(F2)(11)(00)(00)
[18:50:09.78] OK:(10)0(03)(10)(03)(00)(0B)(05)(FF)(01)(FF)i(FF)(F2)(12)(00)(00)
[18:50:10.76] OK:(10)0(03)(10)(03)(00)(0B)(05)(FF)(01)(FF)i(FF)(F2)(13)(00)(00)
[18:50:11.83] OK:(10)0(03)(10)(03)(00)(0B)(05)(FF)(01)(FF)i(FF)(F2)(14)(00)(00)
[18:50:12.39] OK:(10)0(03)(10)(03)(00)(0B)(05)(FF)(01)(FF)i(FF)(F2)(15)(00)(00)
[18:50:12.42] OK:(05):(01)(18)Q(04)
[18:50:12.84] OK:(10)0(03)(10)(03)(00)(0B)(05)(FF)(01)(FF)i(FF)(F2)(15)(00)(00)
[18:50:13.3] OK:(10)0(03)(10)(03)(00)(0B)(05)(FF)(01)(FF)i(FF)(F2)(16)(00)(00)
[18:50:13.89] OK:(10)0(03)(10)(03)C(0B)(05)(FF)(01)(FF)i(FF)(F2)(16)(00)(00)
[18:50:14.3] OK:(10)0(03)(10)(03)C(0B)(05)(FF)(01)(FF)i(FF)(F2)(17)(00)(00)
[18:50:14.8] OK:(10)0(03)(10)(03)(01)(0B)(05)(FF)(01)(FF)i(FF)(F2)(17)(00)(00)
[18:50:14.11] OK:(10)0(03)(10)(03)(01)(0B)(05)(FF)(01)(FF)i(FF)(F2)(17)(00)(00)
[18:50:14.75] OK:(17)4ROOT(20)(20)(20)(20)(20)(20)(20)(20)(20)(20)(20)(20)(00)(00)(00)(00)(00)(00)
[18:50:15.80] OK:(10)0(03)(10)(03)(01)(0B)(05)(FF)(01)(FF)i(FF)(F2)(18)(00)(00)
[18:50:16.84] OK:(10)0(03)(10)(03)(01)(0B)(05)(FF)(01)(FF)i(FF)(F2)(19)(00)(00)
[18:50:17.55] OK:(10)0(03)(10)(03)(01)(0B)(05)(FF)(01)(FF)i(FF)(F2)(20)(00)(00)
[18:50:17.84] OK:(10)0(03)(10)(03)D(0B)(05)(FF)(01)(FF)i(FF)(F2)(20)(00)(00)
[18:50:18.55] OK:(10)0(03)(10)(03)D(0B)(05)(FF)(01)(FF)i(FF)(F2)!(00)(00)
[18:50:18.58] OK:(10)0(03)(10)(03)(01)(0B)(05)(FF)(01)(FF)i(FF)(F2)!(00)(00)
[18:50:18.59] OK:(10)0(03)(10)(03)(01)(0B)(05)(FF)(01)(FF)i(FF)(F2)!(00)(00)
[18:50:18.73] OK:(17)4Hole(20)-(20)Celebrit>(00)(00)(00)(00)(00)(00)
[18:50:19.76] OK:(10)0(03)(10)(03)(01)(0B)(05)(FF)(01)(FF)i(FF)(F2)"(00)(00)
[18:50:20.75] OK:(10)0(03)(10)(03)(01)(0B)(05)(FF)(01)(FF)i(FF)(F2)#(00)(00)
[18:50:21.80] OK:(10)0(03)(10)(03)(01)(0B)(05)(FF)(01)(FF)i(FF)(F2)$(00)(00)
[18:50:22.5] OK:(10)0(03)(10)(03)(01)(0B)(05)(FF)(01)(FF)i(FF)(F2)%(00)(00)
[18:50:22.81] OK:(10)0(03)(10)(03)F(0B)(05)(FF)(01)(FF)i(FF)(F2)%(00)(00)
[18:50:23.6] OK:(10)0(03)(10)(03)F(0B)(05)(FF)(01)(FF)i(FF)(F2)&(00)(00)
[18:50:23.8] OK:(10)0(03)(10)(03)(01)(0B)(05)(FF)(01)(FF)i(FF)(F2)&(00)(00)
[18:50:23.11] OK:(10)0(03)(10)(03)(01)(0B)(05)(FF)(01)(FF)i(FF)(F2)&(00)(00)
[18:50:23.86] OK:(17)4Celebrity(20)Skin(20)(20)(00)(00)(00)(00)(00)(00)
[18:50:24.75] OK:(10)0(03)(10)(03)(01)(0B)(05)(FF)(01)(FF)i(FF)(F2)'(00)(00)
[18:50:25.30] OK:(10)0(03)(10)(03)(01)(0B)(05)(FF)(01)(FF)i(FF)(F2)((00)(00)
[18:50:25.33] OK:(10)0(03)(10)(01)(01)(8E)(05)(FF)(FF)(FF)(FF)(FF)(FF)(FF)(00)(00)
[18:50:25.36] OK:(10)0(03)(10)(01)(01)(8E)(05)(FF)(FF)(FF)(FF)(FF)(FF)(FF)(00)(00)
[18:50:25.38] OK:(10)0(03)(10)(01)(01)(8E)(05)(FF)(FF)(FF)(FF)(FF)(FF)(FF)(00)(00)
[18:50:25.39] OK:(09)2(00)(00)(00)(02)(00)(00)(00)(BE)
[18:50:25.44] OK:(10)0(03)(10)(01)(01)(91)(05)(FF)(FF)(FF)(FF)(FF)(FF)(FF)(00)(00)
[18:50:25.47] OK:(10)0(03)(10)(01)(01)(91)(05)(FF)(FF)(FF)(FF)(FF)(FF)(FF)(00)(00)
[18:50:25.48] OK:(10)0(03)(10)(01)(01)(93)(05)(FF)(FF)(FF)(FF)(FF)(FF)(FF)(00)(00)
[18:50:25.50] OK:(10)0(03)(10)(01)(01)(93)(05)(FF)(FF)(FF)(FF)(FF)(FF)(FF)(00)(00)
[18:50:25.53] OK:(10)0(03)(10)(01)(01)(94)(05)(FF)(FF)(FF)(FF)(FF)(FF)(FF)(00)(00)
[18:50:25.76] OK:(10)0(03)(10)(01)(01)(94)(05)(FF)(FF)(FF)(FF)(FF)(FF)(FF)(00)(00)
[18:50:26.44] OK:(10)0(03)(10)(01)(01)(94)(05)(FF)(FF)(FF)(FF)(FF)(FF)(FF)(00)(00)
[18:50:26.47] OK:(10)0(03)(10)(01)(01)(95)(05)(FF)(FF)(FF)(FF)(FF)(FF)(FF)(00)(00)
[18:50:26.50] OK:(10)0(03)(10)(01)(01)(95)(05)(FF)(FF)(FF)(FF)(FF)(FF)(FF)(00)(00)
[18:50:26.51] OK:(10)0(03)(10)(01)(01)(96)(05)(FF)(FF)(FF)(FF)(FF)(FF)(FF)(00)(00)
[18:50:26.56] OK:(10)0(03)(10)(01)(01)(96)(05)(FF)(FF)(FF)(FF)(FF)(FF)(FF)(00)(00)
[18:50:26.58] OK:(10)0(03)(10)(01)(01)(97)(05)(FF)(FF)(FF)(FF)(FF)(FF)(FF)(00)(00)
[18:50:26.61] OK:(10)0(03)(10)(01)(01)(97)(05)(FF)(FF)(FF)(FF)(FF)(FF)(FF)(00)(00)
[18:50:26.64] OK:(10)0(03)(10)(01)(01)(98)(05)(FF)(FF)(FF)(FF)(FF)(FF)(FF)(00)(00)
[18:50:26.66] OK:(10)0(03)(10)(01)(01)(98)(05)(FF)(FF)(FF)(FF)(FF)(FF)(FF)(00)(00)
[18:50:26.66] OK:(10)0(03)(10)(01)(01)(99)(05)(FF)(FF)(FF)(FF)(FF)(FF)(FF)(00)(00)
[18:50:26.67] OK:(10)0(03)(10)(01)(01)(99)(05)(FF)(FF)(FF)(FF)(FF)(FF)(FF)(00)(00)
[18:50:26.70] OK:(10)0(03)(10)(01)(01)(9A)(05)(FF)(FF)(FF)(FF)(FF)(FF)(FF)(00)(00)
[18:50:26.72] OK:(10)0(03)(10)(01)(01)(9A)(05)(FF)(FF)(FF)(FF)(FF)(FF)(FF)(00)(00)
[18:50:26.75] OK:(10)0(03)(10)(01)(01)(9B)(05)(FF)(FF)(FF)(FF)(FF)(FF)(FF)(00)(00)
[18:50:26.80] OK:(10)0(03)(10)(01)(01)(9B)(05)(FF)(FF)(FF)(FF)(FF)(FF)(FF)(00)(00)
[18:50:27.64] OK:(10)0(03)(10)(01)(01)(9B)(05)(FF)(FF)(FF)(FF)(FF)(FF)(FF)(00)(00)
[18:50:27.66] OK:(10)0(03)(10)(01)(01)(9A)(05)(FF)(FF)(FF)(FF)(FF)(FF)(FF)(00)(00)
[18:50:27.69] OK:(10)0(03)(10)(01)(01)(9A)(05)(FF)(FF)(FF)(FF)(FF)(FF)(FF)(00)(00)
[18:50:27.70] OK:(10)0(03)(10)(01)(01)(99)(05)(FF)(FF)(FF)(FF)(FF)(FF)(FF)(00)(00)
[18:50:27.78] OK:(10)0(03)(10)(01)(01)(99)(05)(FF)(FF)(FF)(FF)(FF)(FF)(FF)(00)(00)
[18:50:27.80] OK:(10)0(03)(10)(01)(01)(98)(05)(FF)(FF)(FF)(FF)(FF)(FF)(FF)(00)(00)
[18:50:27.81] OK:(10)0(03)(10)(01)(01)(98)(05)(FF)(FF)(FF)(FF)(FF)(FF)(FF)(00)(00)
[18:50:27.83] OK:(10)0(03)(10)(01)(01)(98)(05)(FF)(FF)(FF)(FF)(FF)(FF)(FF)(00)(00)
[18:50:27.84] OK:(10)0(03)(10)(01)(01)(97)(05)(FF)(FF)(FF)(FF)(FF)(FF)(FF)(00)(00)
[18:50:27.86] OK:(10)0(03)(10)(01)(01)(97)(05)(FF)(FF)(FF)(FF)(FF)(FF)(FF)(00)(00)
[18:50:27.89] OK:(10)0(03)(10)(01)(01)(96)(05)(FF)(FF)(FF)(FF)(FF)(FF)(FF)(00)(00)
[18:50:27.92] OK:(10)0(03)(10)(01)(01)(96)(05)(FF)(FF)(FF)(FF)(FF)(FF)(FF)(00)(00)
[18:50:27.94] OK:(10)0(03)(10)(01)(01)(95)(05)(FF)(FF)(FF)(FF)(FF)(FF)(FF)(00)(00)
[18:50:27.95] OK:(10)0(03)(10)(01)(01)(95)(05)(FF)(FF)(FF)(FF)(FF)(FF)(FF)(00)(00)
[18:50:27.95] OK:(10)0(03)(10)(01)(01)(94)(05)(FF)(FF)(FF)(FF)(FF)(FF)(FF)(00)(00)
[18:50:28.8] OK:(10)0(03)(10)(01)(01)(94)(05)(FF)(FF)(FF)(FF)(FF)(FF)(FF)(00)(00)
[18:50:28.11] OK:(10)0(03)(10)(01)(01)(93)(05)(FF)(FF)(FF)(FF)(FF)(FF)(FF)(00)(00)
[18:50:28.19] OK:(10)0(03)(10)(01)(01)(93)(05)(FF)(FF)(FF)(FF)(FF)(FF)(FF)(00)(00)
[18:50:28.22] OK:(10)0(03)(10)(01)(01)(92)(05)(FF)(FF)(FF)(FF)(FF)(FF)(FF)(00)(00)
[18:50:28.26] OK:(10)0(03)(10)(01)(01)(92)(05)(FF)(FF)(FF)(FF)(FF)(FF)(FF)(00)(00)
[18:50:28.30] OK:(10)0(03)(10)(01)(01)(91)(05)(FF)(FF)(FF)(FF)(FF)(FF)(FF)(00)(00)
[18:50:28.38] OK:(10)0(03)(10)(01)(01)(91)(05)(FF)(FF)(FF)(FF)(FF)(FF)(FF)(00)(00)
[18:50:28.39] OK:(10)0(03)(10)(01)(01)(90)(05)(FF)(FF)(FF)(FF)(FF)(FF)(FF)(00)(00)
[18:50:28.42] OK:(10)0(03)(10)(01)(01)(90)(05)(FF)(FF)(FF)(FF)(FF)(FF)(FF)(00)(00)
[18:50:28.44] OK:(10)0(03)(10)(01)(01)(8F)(05)(FF)(FF)(FF)(FF)(FF)(FF)(FF)(00)(00)
[18:50:28.53] OK:(10)0(03)(10)(01)(01)(8F)(05)(FF)(FF)(FF)(FF)(FF)(FF)(FF)(00)(00)
[18:50:28.56] OK:(10)0(03)(10)(01)(01)(8E)(05)(FF)(FF)(FF)(FF)(FF)(FF)(FF)(00)(00)
[18:50:28.84] OK:(10)0(03)(10)(01)(01)(8E)(05)(FF)(FF)(FF)(FF)(FF)(FF)(FF)(00)(00)
[18:50:29.12] OK:(10)0(03)(10)(01)(01)(8E)(05)(FF)(FF)(FF)(FF)(FF)(FF)(FF)(00)(00)
[18:50:29.17] OK:(10)0(03)(10)(01)(01)(8F)(05)(FF)(FF)(FF)(FF)(FF)(FF)(FF)(00)(00)
[18:50:29.23] OK:(10)0(03)(10)(01)(01)(8F)(05)(FF)(FF)(FF)(FF)(FF)(FF)(FF)(00)(00)
[18:50:29.28] OK:(10)0(03)(10)(01)(01)(90)(05)(FF)(FF)(FF)(FF)(FF)(FF)(FF)(00)(00)
[18:50:29.33] OK:(10)0(03)(10)(01)(01)(90)(05)(FF)(FF)(FF)(FF)(FF)(FF)(FF)(00)(00)
[18:50:29.36] OK:(10)0(03)(10)(01)(01)(91)(05)(FF)(FF)(FF)(FF)(FF)(FF)(FF)(00)(00)
[18:50:29.42] OK:(10)0(03)(10)(01)(01)(91)(05)(FF)(FF)(FF)(FF)(FF)(FF)(FF)(00)(00)
[18:50:29.47] OK:(10)0(03)(10)(01)(01)(92)(05)(FF)(FF)(FF)(FF)(FF)(FF)(FF)(00)(00)
[18:50:29.56] OK:(10)0(03)(10)(01)(01)(92)(05)(FF)(FF)(FF)(FF)(FF)(FF)(FF)(00)(00)
[18:50:29.58] OK:(10)0(03)(10)(01)(01)(93)(05)(FF)(FF)(FF)(FF)(FF)(FF)(FF)(00)(00)
[18:50:29.67] OK:(10)0(03)(10)(01)(01)(93)(05)(FF)(FF)(FF)(FF)(FF)(FF)(FF)(00)(00)
[18:50:29.70] OK:(10)0(03)(10)(01)(01)(94)(05)(FF)(FF)(FF)(FF)(FF)(FF)(FF)(00)(00)
[18:50:29.75] OK:(10)0(03)(10)(01)(01)(94)(05)(FF)(FF)(FF)(FF)(FF)(FF)(FF)(00)(00)
[18:50:29.76] OK:(10)0(03)(10)(01)(01)(94)(05)(FF)(FF)(FF)(FF)(FF)(FF)(FF)(00)(00)
[18:50:29.80] OK:(10)0(03)(10)(01)(01)(95)(05)(FF)(FF)(FF)(FF)(FF)(FF)(FF)(00)(00)
[18:50:29.81] OK:(10)0(03)(10)(01)(01)(95)(05)(FF)(FF)(FF)(FF)(FF)(FF)(FF)(00)(00)
[18:50:29.83] OK:(10)0(03)(10)(01)(01)(96)(05)(FF)(FF)(FF)(FF)(FF)(FF)(FF)(00)(00)
[18:50:29.91] OK:(10)0(03)(10)(01)(01)(96)(05)(FF)(FF)(FF)(FF)(FF)(FF)(FF)(00)(00)
[18:50:29.92] OK:(10)0(03)(10)(01)(01)(97)(05)(FF)(FF)(FF)(FF)(FF)(FF)(FF)(00)(00)
[18:50:30.50] OK:(10)0(03)(10)(01)(01)(97)(05)(FF)(FF)(FF)(FF)(FF)(FF)(FF)(00)(00)
[18:50:30.55] OK:(10)0(03)(10)(01)(01)(96)(05)(FF)(FF)(FF)(FF)(FF)(FF)(FF)(00)(00)
[18:50:30.61] OK:(10)0(03)(10)(01)(01)(96)(05)(FF)(FF)(FF)(FF)(FF)(FF)(FF)(00)(00)
[18:50:30.64] OK:(10)0(03)(10)(01)(01)(95)(05)(FF)(FF)(FF)(FF)(FF)(FF)(FF)(00)(00)
[18:50:30.70] OK:(10)0(03)(10)(01)(01)(95)(05)(FF)(FF)(FF)(FF)(FF)(FF)(FF)(00)(00)
[18:50:30.73] OK:(10)0(03)(10)(01)(01)(94)(05)(FF)(FF)(FF)(FF)(FF)(FF)(FF)(00)(00)
[18:50:30.76] OK:(10)0(03)(10)(01)(01)(94)(05)(FF)(FF)(FF)(FF)(FF)(FF)(FF)(00)(00)
[18:50:30.80] OK:(10)0(03)(10)(01)(01)(94)(05)(FF)(FF)(FF)(FF)(FF)(FF)(FF)(00)(00)
[18:50:30.83] OK:(10)0(03)(10)(01)(01)(93)(05)(FF)(FF)(FF)(FF)(FF)(FF)(FF)(00)(00)
[18:50:30.94] OK:(10)0(03)(10)(01)(01)(93)(05)(FF)(FF)(FF)(FF)(FF)(FF)(FF)(00)(00)
[18:50:30.97] OK:(10)0(03)(10)(01)(01)(92)(05)(FF)(FF)(FF)(FF)(FF)(FF)(FF)(00)(00)
[18:50:31.1] OK:(10)0(03)(10)(01)(01)(92)(05)(FF)(FF)(FF)(FF)(FF)(FF)(FF)(00)(00)
[18:50:31.5] OK:(10)0(03)(10)(01)(01)(91)(05)(FF)(FF)(FF)(FF)(FF)(FF)(FF)(00)(00)
[18:50:31.76] OK:(10)0(03)(10)(01)(01)(91)(05)(FF)(FF)(FF)(FF)(FF)(FF)(FF)(00)(00)
[18:50:32.33] OK:(10)0(03)(10)(01)(01)(91)(05)(FF)(FF)(FF)(FF)(FF)(FF)(FF)(00)(00)
[18:50:32.38] OK:(10)0(03)(10)(01)(01)(90)(05)(FF)(FF)(FF)(FF)(FF)(FF)(FF)(00)(00)
[18:50:32.39] OK:(10)0(03)(10)(01)(01)(90)(05)(FF)(FF)(FF)(FF)(FF)(FF)(FF)(00)(00)
[18:50:32.42] OK:(10)0(03)(10)(01)(01)(8F)(05)(FF)(FF)(FF)(FF)(FF)(FF)(FF)(00)(00)
[18:50:32.45] OK:(10)0(03)(10)(01)(01)(8F)(05)(FF)(FF)(FF)(FF)(FF)(FF)(FF)(00)(00)
[18:50:32.47] OK:(10)0(03)(10)(01)(01)(8E)(05)(FF)(FF)(FF)(FF)(FF)(FF)(FF)(00)(00)
[18:50:32.50] OK:(10)0(03)(10)(01)(01)(8E)(05)(FF)(FF)(FF)(FF)(FF)(FF)(FF)(00)(00)
[18:50:32.51] OK:(10)0(03)(10)(01)(01)(8D)(05)(FF)(FF)(FF)(FF)(FF)(FF)(FF)(00)(00)
[18:50:32.55] OK:(10)0(03)(10)(01)(01)(8D)(05)(FF)(FF)(FF)(FF)(FF)(FF)(FF)(00)(00)
[18:50:32.58] OK:(10)0(03)(10)(01)(01)(8C)(05)(FF)(FF)(FF)(FF)(FF)(FF)(FF)(00)(00)
[18:50:32.80] OK:(10)0(03)(10)(01)(01)(8C)(05)(FF)(FF)(FF)(FF)(FF)(FF)(FF)(00)(00)
[18:50:32.98] OK:(10)0(03)(10)(01)(01)(8C)(05)(FF)(FF)(FF)(FF)(FF)(FF)(FF)(00)(00)
[18:50:33.0] OK:(10)0(03)(10)(01)(01)(8D)(05)(FF)(FF)(FF)(FF)(FF)(FF)(FF)(00)(00)
[18:50:33.16] OK:(10)0(03)(10)(01)(01)(8D)(05)(FF)(FF)(FF)(FF)(FF)(FF)(FF)(00)(00)
[18:50:33.17] OK:(10)0(03)(10)(01)(01)(8E)(05)(FF)(FF)(FF)(FF)(FF)(FF)(FF)(00)(00)
[18:50:33.23] OK:(10)0(03)(10)(01)(01)(8E)(05)(FF)(FF)(FF)(FF)(FF)(FF)(FF)(00)(00)
[18:50:33.26] OK:(10)0(03)(10)(01)(01)(8F)(05)(FF)(FF)(FF)(FF)(FF)(FF)(FF)(00)(00)
[18:50:33.34] OK:(10)0(03)(10)(01)(01)(8F)(05)(FF)(FF)(FF)(FF)(FF)(FF)(FF)(00)(00)
[18:50:33.39] OK:(10)0(03)(10)(01)(01)(90)(05)(FF)(FF)(FF)(FF)(FF)(FF)(FF)(00)(00)
[18:50:33.42] OK:(10)0(03)(10)(01)(01)(90)(05)(FF)(FF)(FF)(FF)(FF)(FF)(FF)(00)(00)
[18:50:33.45] OK:(10)0(03)(10)(01)(01)(91)(05)(FF)(FF)(FF)(FF)(FF)(FF)(FF)(00)(00)
[18:50:33.47] OK:(10)0(03)(10)(01)(01)(91)(05)(FF)(FF)(FF)(FF)(FF)(FF)(FF)(00)(00)
[18:50:33.50] OK:(10)0(03)(10)(01)(01)(92)(05)(FF)(FF)(FF)(FF)(FF)(FF)(FF)(00)(00)
[18:50:33.56] OK:(10)0(03)(10)(01)(01)(92)(05)(FF)(FF)(FF)(FF)(FF)(FF)(FF)(00)(00)
[18:50:33.59] OK:(10)0(03)(10)(01)(01)(93)(05)(FF)(FF)(FF)(FF)(FF)(FF)(FF)(00)(00)
[18:50:33.84] OK:(10)0(03)(10)(01)(01)(93)(05)(FF)(FF)(FF)(FF)(FF)(FF)(FF)(00)(00)
[18:50:34.70] OK:(10)0(03)(10)(01)(01)(93)(05)(FF)(FF)(FF)(FF)(FF)(FF)(FF)(00)(00)
[18:50:35.58] OK:(10)0(03)(10)(01)(01)(93)(05)(FF)(FF)(FF)(FF)(FF)(FF)(FF)(00)(00)
[18:50:35.61] OK:(10)0(03)(10)(03)(01)(13)(05)(FF)(01)(FF)i(FF)(F2)8(00)(00)
[18:50:35.64] OK:(09)2(00)(00)(00)(02)(02)(00)(00)(BE)
[18:50:35.76] OK:(17)4Celebrity(20)Skin(20)(20)(00)(00)(00)(00)(00)(00)
[18:50:36.81] OK:(10)0(03)(10)(03)(01)(13)(05)(FF)(01)(FF)i(FF)(F2)9(00)(00)
[18:50:37.81] OK:(10)0(03)(10)(03)(01)(13)(05)(FF)(01)(FF)i(FF)(F2)@(00)(00)
[18:50:38.70] OK:(10)0(03)(10)(03)(01)(13)(05)(FF)(01)(FF)i(FF)(F2)A(00)(00)
[18:50:39.73] OK:(10)0(03)(10)(03)(01)(13)(05)(FF)(01)(FF)i(FF)(F2)B(00)(00)
[18:50:40.73] OK:(10)0(03)(10)(03)(01)(13)(05)(FF)(01)(FF)i(FF)(F2)C(00)(00)
[18:50:40.94] OK:(10)0(03)(10)(03)(01)(13)(05)(FF)(01)(FF)i(FF)(F2)D(00)(00)
[18:50:42.30] OK:(10)0(03)(10)(03)(00)(13)(05)(FF)(01)(FF)p(FF)(F0)(00)(00)(00)
[18:50:42.67] OK:(10)0(03)(10)(03)(00)(13)(05)(FF)(01)(FF)p(FF)(F0)(01)(00)(00)
[18:50:43.97] OK:(10)0(03)(10)(03)(00)(13)(05)(FF)(01)(FF)q(FF)(F0)(00)(00)(00)
[18:50:44.97] OK:(10)0(03)(10)(03)(00)(13)(05)(FF)(01)(FF)q(FF)(F0)(01)(00)(00)
[18:50:45.97] OK:(10)0(03)(10)(03)(00)(13)(05)(FF)(01)(FF)q(FF)(F0)(02)(00)(00)
[18:50:47.1] OK:(10)0(03)(10)(03)(00)(13)(05)(FF)(01)(FF)q(FF)(F0)(03)(00)(00)
[18:50:47.67] OK:(10)0(03)(10)(03)(00)(13)(05)(FF)(01)(FF)q(FF)(F0)(04)(00)(00)
[18:50:48.6] OK:(10)0(03)(10)(03)F(13)(05)(FF)(01)(FF)q(FF)(F0)(04)(00)(00)
[18:50:48.12] OK:(10)0(03)(10)(03)F(13)(05)(FF)(01)(FF)q(FF)(F0)(05)(00)(00)
[18:50:48.95] OK:(10)0(03)(10)(03)(00)(13)(05)(FF)(01)(FF)q(FF)(F0)(05)(00)(00)
[18:50:49.9] OK:(10)0(03)(10)(03)C(13)(05)(FF)(01)(FF)q(FF)(F0)(05)(00)(00)
[18:50:49.95] OK:(10)0(03)(10)(03)C(13)(05)(FF)(01)(FF)q(FF)(F0)(06)(00)(00)
[18:50:49.98] OK:(10)0(03)(10)(03)C(13)(05)(FF)(01)(FF)q(FF)(F0)(07)(00)(00)
[18:50:50.1] OK:(10)0(03)(10)(03)(01)(13)(05)(FF)(01)(FF)q(FF)(F0)(07)(00)(00)
[18:50:50.33] OK:(17)4ROOT(20)(20)(20)(20)(20)(20)(20)(20)(20)(20)(20)(20)(00)(00)(00)(00)(00)(00)
[18:50:51.0] OK:(10)0(03)(10)(03)D(13)(05)(FF)(01)(FF)q(FF)(F0)(07)(00)(00)
[18:50:51.34] OK:(10)0(03)(10)(03)D(13)(05)(FF)(01)(FF)q(FF)(F0)(08)(00)(00)
[18:50:51.38] OK:(10)0(03)(10)(03)(01)(13)(05)(FF)(01)(FF)q(FF)(F0)(08)(00)(00)
[18:50:51.39] OK:(10)0(03)(10)(03)(01)(13)(05)(FF)(01)(FF)q(FF)(F0)(08)(00)(00)
[18:50:52.3] OK:(17)4Hole(20)-(20)Reasons(20)>(00)(00)(00)(00)(00)(00)
[18:50:53.5] OK:(10)0(03)(10)(03)(01)(13)(05)(FF)(01)(FF)q(FF)(F0)(09)(00)(00)
[18:50:53.94] OK:(10)0(03)(10)(03)(01)(13)(05)(FF)(01)(FF)q(FF)(F0)(10)(00)(00)
[18:50:54.1] OK:(10)0(03)(10)(03)(01)(13)(05)(FF)(01)(FF)q(FF)(F0)(11)(00)(00)
[18:50:55.30] OK:(10)0(03)(10)(03)(00)(13)(05)(FF)(01)(FF)r(FF)(F0)(00)(00)(00)
[18:50:56.28] OK:(10)0(03)(10)(03)(00)(13)(05)(FF)(01)(FF)r(FF)(F0)(01)(00)(00)
[18:50:57.26] OK:(10)0(03)(10)(03)(00)(13)(05)(FF)(01)(FF)r(FF)(F0)(02)(00)(00)
[18:50:58.33] OK:(10)0(03)(10)(03)(00)(13)(05)(FF)(01)(FF)r(FF)(F0)(03)(00)(00)
[18:50:59.0] OK:(10)0(03)(10)(03)(00)(13)(05)(FF)(01)(FF)r(FF)(F0)(04)(00)(00)
[18:50:59.38] OK:(10)0(03)(10)(03)D(13)(05)(FF)(01)(FF)r(FF)(F0)(04)(00)(00)
[18:51:00.1] OK:(10)0(03)(10)(03)D(13)(05)(FF)(01)(FF)r(FF)(F0)(05)(00)(00)
[18:51:00.5] OK:(10)0(03)(10)(03)(01)(13)(05)(FF)(01)(FF)r(FF)(F0)(05)(00)(00)
[18:51:00.8] OK:(10)0(03)(10)(03)(01)(13)(05)(FF)(01)(FF)r(FF)(F0)(05)(00)(00)
[18:51:00.41] OK:(17)4Hole(20)-(20)She(20)Walk>(00)(00)(00)(00)(00)(00)
[18:51:01.26] OK:(10)0(03)(10)(03)(01)(13)(05)(FF)(01)(FF)r(FF)(F0)(06)(00)(00)
[18:51:02.31] OK:(10)0(03)(10)(03)(01)(13)(05)(FF)(01)(FF)r(FF)(F0)(07)(00)(00)
[18:51:03.36] OK:(10)0(03)(10)(03)(01)(13)(05)(FF)(01)(FF)r(FF)(F0)(08)(00)(00)
[18:51:04.36] OK:(10)0(03)(10)(03)(01)(13)(05)(FF)(01)(FF)r(FF)(F0)(09)(00)(00)
[18:51:05.26] OK:(10)0(03)(10)(03)(01)(13)(05)(FF)(01)(FF)r(FF)(F0)(10)(00)(00)
[18:51:06.30] OK:(10)0(03)(10)(03)(01)(13)(05)(FF)(01)(FF)r(FF)(F0)(11)(00)(00)
[18:51:07.30] OK:(10)0(03)(10)(03)(01)(13)(05)(FF)(01)(FF)r(FF)(F0)(12)(00)(00)
[18:51:08.33] OK:(10)0(03)(10)(03)(01)(13)(05)(FF)(01)(FF)r(FF)(F0)(13)(00)(00)
[18:51:09.34] OK:(10)0(03)(10)(03)(01)(13)(05)(FF)(01)(FF)r(FF)(F0)(14)(00)(00)
[18:51:10.38] OK:(10)0(03)(10)(03)(01)(13)(05)(FF)(01)(FF)r(FF)(F0)(15)(00)(00)
[18:51:11.25] OK:(10)0(03)(10)(03)(01)(13)(05)(FF)(01)(FF)r(FF)(F0)(16)(00)(00)
[18:51:12.28] OK:(10)0(03)(10)(03)(01)(13)(05)(FF)(01)(FF)r(FF)(F0)(17)(00)(00)
[18:51:12.33] OK:(05):(01)(18)R(04)
[18:51:12.36] OK:(10)0(03)(10)(03)(01)(13)(05)(FF)(01)(FF)r(FF)(F0)(17)(00)(00)
[18:51:13.36] OK:(10)0(03)(10)(03)(01)(13)(05)(FF)(01)(FF)r(FF)(F0)(18)(00)(00)
[18:51:13.97] OK:(10)0(03)(10)(03)(01)(13)(05)(FF)(01)(FF)r(FF)(F0)(19)(00)(00)
[18:51:14.0] OK:(15)0(01)(00)(00)"(13)(00)(00)(FF)(91)`@(00)MAXIMAFM
[18:51:14.5] OK:(09)2(00)(00)(00)(02)(00)(00)(00)(BE)
[18:51:14.34] OK:(15)0(01)(00)(00)"(13)(01)(01)(FF)(91)`@(02)MAXIMAFM
[18:51:14.89] OK:(15)0(01)(00)(00)"(13)(01)(01)(FF)(91)`@(03)MAXIMAFM
[18:51:14.94] OK:(15)0(01)(00)(00)"(13)(01)(01)(FF)(91)`@(03)MAXIMAFM
[18:51:14.95] OK:(09)2(00)(00)(00)(02)(02)(00)(00)(BE)
[18:51:16.45] OK:(15)0(01)(00)(00)"(13)(01)(01)(FF)(91)`@(03)MAXIMAFM
[18:51:16.50] OK:(15)0(01)(00)(00)(01)(91)(01)(00)(FF)(FF)(FF)(00)(00)(00)(00)(00)(00)(00)(00)(00)
[18:51:16.53] OK:(15)0(01)(00)(00)(01)(91)(01)(00)(FF)(FF)(FF)(00)(00)(00)(00)(00)(00)(00)(00)(00)
[18:51:16.56] OK:(15)0(01)(00)(00)(01)(91)(01)(00)(FF)(FF)(FF)(00)(00)(00)(00)(00)(00)(00)(00)(00)
[18:51:16.59] OK:(09)2(00)(00)(00)(02)(00)(00)(00)(BE)
[18:51:16.61] OK:(15)0(01)(00)(00)(01)(90)(01)(00)(FF)(FF)(FF)(00)(00)(00)(00)(00)(00)(00)(00)(00)
[18:51:16.62] OK:(15)0(01)(00)(00)(01)(8F)(01)(00)(FF)(FF)(FF)(00)(00)(00)(00)(00)(00)(00)(00)(00)
[18:51:16.64] OK:(15)0(01)(00)(00)(01)(8F)(01)(00)(FF)(FF)(FF)(00)(00)(00)(00)(00)(00)(00)(00)(00)
[18:51:16.66] OK:(15)0(01)(00)(00)(01)(8E)(01)(00)(FF)(FF)(FF)(00)(00)(00)(00)(00)(00)(00)(00)(00)
[18:51:16.72] OK:(15)0(01)(00)(00)(01)(8E)(01)(00)(FF)(FF)(FF)(00)(00)(00)(00)(00)(00)(00)(00)(00)
[18:51:16.73] OK:(15)0(01)(00)(00)(01)(8D)(01)(00)(FF)(FF)(FF)(00)(00)(00)(00)(00)(00)(00)(00)(00)
[18:51:16.83] OK:(15)0(01)(00)(00)(01)(8D)(01)(00)(FF)(FF)(FF)(00)(00)(00)(00)(00)(00)(00)(00)(00)
[18:51:16.86] OK:(15)0(01)(00)(00)(01)(8C)(01)(00)(FF)(FF)(FF)(00)(00)(00)(00)(00)(00)(00)(00)(00)
[18:51:17.3] OK:(15)0(01)(00)(00)(01)(8C)(01)(00)(FF)(FF)(FF)(00)(00)(00)(00)(00)(00)(00)(00)(00)
[18:51:17.5] OK:(15)0(01)(00)(00)(01)(8B)(01)(00)(FF)(FF)(FF)(00)(00)(00)(00)(00)(00)(00)(00)(00)
[18:51:17.11] OK:(15)0(01)(00)(00)(01)(8B)(01)(00)(FF)(FF)(FF)(00)(00)(00)(00)(00)(00)(00)(00)(00)
[18:51:17.14] OK:(15)0(01)(00)(00)(01)(8A)(01)(00)(FF)(FF)(FF)(00)(00)(00)(00)(00)(00)(00)(00)(00)
[18:51:19.12] OK:(15)0(01)(00)(00)(01)(8A)(01)(00)(FF)(FF)(FF)(00)(00)(00)(00)(00)(00)(00)(00)(00)
[18:51:19.17] OK:(15)0(01)(00)(00)"(0A)(01)(01)(FF)(91)`@(03)MAXIMAFM
[18:51:24.14] OK:(09)2(00)(00)(00)(02)(02)(00)(00)(BE)
[18:51:28.9] OK:(09)2(00)(00)(00)(02)(02)(00)(00)(BE)
[18:51:28.14] OK:(15)0(01)(00)(00)(01)(8B)(01)(00)(FF)(FF)(FF)(00)(00)(00)(00)(00)(00)(00)(00)(00)
[18:51:28.17] OK:(15)0(01)(00)(00)(01)(8B)(01)(00)(FF)(FF)(FF)(00)(00)(00)(00)(00)(00)(00)(00)(00)
[18:51:28.19] OK:(15)0(01)(00)(00)(01)(8B)(01)(00)(FF)(FF)(FF)(00)(00)(00)(00)(00)(00)(00)(00)(00)
[18:51:28.23] OK:(09)2(00)(00)(00)(02)(00)(00)(00)(BE)
[18:51:28.26] OK:(15)0(01)(00)(00)(01)(8C)(01)(00)(FF)(FF)(FF)(00)(00)(00)(00)(00)(00)(00)(00)(00)
[18:51:28.28] OK:(15)0(01)(00)(00)(01)(8C)(01)(00)(FF)(FF)(FF)(00)(00)(00)(00)(00)(00)(00)(00)(00)
[18:51:28.31] OK:(15)0(01)(00)(00)(01)(8D)(01)(00)(FF)(FF)(FF)(00)(00)(00)(00)(00)(00)(00)(00)(00)
[18:51:28.33] OK:(15)0(01)(00)(00)(01)(8D)(01)(00)(FF)(FF)(FF)(00)(00)(00)(00)(00)(00)(00)(00)(00)
[18:51:28.33] OK:(15)0(01)(00)(00)(01)(8E)(01)(00)(FF)(FF)(FF)(00)(00)(00)(00)(00)(00)(00)(00)(00)
[18:51:28.39] OK:(15)0(01)(00)(00)(01)(8E)(01)(00)(FF)(FF)(FF)(00)(00)(00)(00)(00)(00)(00)(00)(00)
[18:51:28.41] OK:(15)0(01)(00)(00)(01)(8F)(01)(00)(FF)(FF)(FF)(00)(00)(00)(00)(00)(00)(00)(00)(00)
[18:51:28.86] OK:(15)0(01)(00)(00)(01)(8F)(01)(00)(FF)(FF)(FF)(00)(00)(00)(00)(00)(00)(00)(00)(00)
[18:51:28.89] OK:(15)0(01)(00)(00)(01)(8E)(01)(00)(FF)(FF)(FF)(00)(00)(00)(00)(00)(00)(00)(00)(00)
[18:51:28.92] OK:(15)0(01)(00)(00)(01)(8E)(01)(00)(FF)(FF)(FF)(00)(00)(00)(00)(00)(00)(00)(00)(00)
[18:51:28.95] OK:(15)0(01)(00)(00)(01)(8D)(01)(00)(FF)(FF)(FF)(00)(00)(00)(00)(00)(00)(00)(00)(00)
[18:51:28.97] OK:(15)0(01)(00)(00)(01)(8D)(01)(00)(FF)(FF)(FF)(00)(00)(00)(00)(00)(00)(00)(00)(00)
[18:51:29.0] OK:(15)0(01)(00)(00)(01)(8C)(01)(00)(FF)(FF)(FF)(00)(00)(00)(00)(00)(00)(00)(00)(00)
[18:51:29.3] OK:(15)0(01)(00)(00)(01)(8C)(01)(00)(FF)(FF)(FF)(00)(00)(00)(00)(00)(00)(00)(00)(00)
[18:51:29.5] OK:(15)0(01)(00)(00)(01)(8B)(01)(00)(FF)(FF)(FF)(00)(00)(00)(00)(00)(00)(00)(00)(00)
[18:51:29.5] OK:(15)0(01)(00)(00)(01)(8B)(01)(00)(FF)(FF)(FF)(00)(00)(00)(00)(00)(00)(00)(00)(00)
[18:51:29.8] OK:(15)0(01)(00)(00)(01)(8A)(01)(00)(FF)(FF)(FF)(00)(00)(00)(00)(00)(00)(00)(00)(00)
[18:51:29.9] OK:(15)0(01)(00)(00)(01)(8A)(01)(00)(FF)(FF)(FF)(00)(00)(00)(00)(00)(00)(00)(00)(00)
[18:51:29.9] OK:(15)0(01)(00)(00)(01)(89)(01)(00)(FF)(FF)(FF)(00)(00)(00)(00)(00)(00)(00)(00)(00)
[18:51:29.16] OK:(15)0(01)(00)(00)(01)(89)(01)(00)(FF)(FF)(FF)(00)(00)(00)(00)(00)(00)(00)(00)(00)
[18:51:29.17] OK:(15)0(01)(00)(00)(01)(88)(01)(00)(FF)(FF)(FF)(00)(00)(00)(00)(00)(00)(00)(00)(00)
[18:51:29.51] OK:(15)0(01)(00)(00)(01)(88)(01)(00)(FF)(FF)(FF)(00)(00)(00)(00)(00)(00)(00)(00)(00)
[18:51:29.55] OK:(15)0(01)(00)(00)(01)(89)(01)(00)(FF)(FF)(FF)(00)(00)(00)(00)(00)(00)(00)(00)(00)
[18:51:29.61] OK:(15)0(01)(00)(00)(01)(89)(01)(00)(FF)(FF)(FF)(00)(00)(00)(00)(00)(00)(00)(00)(00)
[18:51:29.62] OK:(15)0(01)(00)(00)(01)(8A)(01)(00)(FF)(FF)(FF)(00)(00)(00)(00)(00)(00)(00)(00)(00)
[18:51:29.66] OK:(15)0(01)(00)(00)(01)(8A)(01)(00)(FF)(FF)(FF)(00)(00)(00)(00)(00)(00)(00)(00)(00)
[18:51:29.69] OK:(15)0(01)(00)(00)(01)(8B)(01)(00)(FF)(FF)(FF)(00)(00)(00)(00)(00)(00)(00)(00)(00)
[18:51:29.70] OK:(15)0(01)(00)(00)(01)(8B)(01)(00)(FF)(FF)(FF)(00)(00)(00)(00)(00)(00)(00)(00)(00)
[18:51:29.70] OK:(15)0(01)(00)(00)(01)(8C)(01)(00)(FF)(FF)(FF)(00)(00)(00)(00)(00)(00)(00)(00)(00)
[18:51:29.75] OK:(15)0(01)(00)(00)(01)(8C)(01)(00)(FF)(FF)(FF)(00)(00)(00)(00)(00)(00)(00)(00)(00)
[18:51:29.76] OK:(15)0(01)(00)(00)(01)(8D)(01)(00)(FF)(FF)(FF)(00)(00)(00)(00)(00)(00)(00)(00)(00)
[18:51:30.22] OK:(15)0(01)(00)(00)(01)(8D)(01)(00)(FF)(FF)(FF)(00)(00)(00)(00)(00)(00)(00)(00)(00)
[18:51:30.25] OK:(15)0(01)(00)(00)(01)(8B)(01)(00)(FF)(FF)(FF)(00)(00)(00)(00)(00)(00)(00)(00)(00)
[18:51:30.28] OK:(15)0(01)(00)(00)(01)(8B)(01)(00)(FF)(FF)(FF)(00)(00)(00)(00)(00)(00)(00)(00)(00)
[18:51:30.31] OK:(15)0(01)(00)(00)(01)(8A)(01)(00)(FF)(FF)(FF)(00)(00)(00)(00)(00)(00)(00)(00)(00)
[18:51:30.36] OK:(15)0(01)(00)(00)(01)(8A)(01)(00)(FF)(FF)(FF)(00)(00)(00)(00)(00)(00)(00)(00)(00)
[18:51:30.39] OK:(15)0(01)(00)(00)(01)(89)(01)(00)(FF)(FF)(FF)(00)(00)(00)(00)(00)(00)(00)(00)(00)
[18:51:30.55] OK:(15)0(01)(00)(00)(01)(89)(01)(00)(FF)(FF)(FF)(00)(00)(00)(00)(00)(00)(00)(00)(00)
[18:51:30.56] OK:(15)0(01)(00)(00)(01)(8B)(01)(00)(FF)(FF)(FF)(00)(00)(00)(00)(00)(00)(00)(00)(00)
[18:51:30.59] OK:(15)0(01)(00)(00)(01)(8B)(01)(00)(FF)(FF)(FF)(00)(00)(00)(00)(00)(00)(00)(00)(00)
[18:51:30.62] OK:(15)0(01)(00)(00)(01)(8D)(01)(00)(FF)(FF)(FF)(00)(00)(00)(00)(00)(00)(00)(00)(00)
[18:51:30.64] OK:(15)0(01)(00)(00)(01)(8D)(01)(00)(FF)(FF)(FF)(00)(00)(00)(00)(00)(00)(00)(00)(00)
[18:51:30.66] OK:(15)0(01)(00)(00)(01)(8E)(01)(00)(FF)(FF)(FF)(00)(00)(00)(00)(00)(00)(00)(00)(00)
[18:51:30.67] OK:(15)0(01)(00)(00)(01)(8E)(01)(00)(FF)(FF)(FF)(00)(00)(00)(00)(00)(00)(00)(00)(00)
[18:51:30.69] OK:(15)0(01)(00)(00)(01)(8F)(01)(00)(FF)(FF)(FF)(00)(00)(00)(00)(00)(00)(00)(00)(00)
[18:51:30.70] OK:(15)0(01)(00)(00)(01)(8F)(01)(00)(FF)(FF)(FF)(00)(00)(00)(00)(00)(00)(00)(00)(00)
[18:51:30.73] OK:(15)0(01)(00)(00)(01)(90)(01)(00)(FF)(FF)(FF)(00)(00)(00)(00)(00)(00)(00)(00)(00)
[18:51:30.81] OK:(15)0(01)(00)(00)(01)(90)(01)(00)(FF)(FF)(FF)(00)(00)(00)(00)(00)(00)(00)(00)(00)
[18:51:30.84] OK:(15)0(01)(00)(00)(01)(91)(01)(00)(FF)(FF)(FF)(00)(00)(00)(00)(00)(00)(00)(00)(00)
[18:51:30.86] OK:(15)0(01)(00)(00)(01)(91)(01)(00)(FF)(FF)(FF)(00)(00)(00)(00)(00)(00)(00)(00)(00)
[18:51:30.88] OK:(15)0(01)(00)(00)(01)(92)(01)(00)(FF)(FF)(FF)(00)(00)(00)(00)(00)(00)(00)(00)(00)
[18:51:31.3] OK:(15)0(01)(00)(00)(01)(92)(01)(00)(FF)(FF)(FF)(00)(00)(00)(00)(00)(00)(00)(00)(00)
[18:51:31.6] OK:(15)0(01)(00)(00)(01)(8F)(01)(00)(FF)(FF)(FF)(00)(00)(00)(00)(00)(00)(00)(00)(00)
[18:51:31.9] OK:(15)0(01)(00)(00)(01)(8F)(01)(00)(FF)(FF)(FF)(00)(00)(00)(00)(00)(00)(00)(00)(00)
[18:51:31.11] OK:(15)0(01)(00)(00)(01)(8D)(01)(00)(FF)(FF)(FF)(00)(00)(00)(00)(00)(00)(00)(00)(00)
[18:51:31.14] OK:(15)0(01)(00)(00)(01)(8D)(01)(00)(FF)(FF)(FF)(00)(00)(00)(00)(00)(00)(00)(00)(00)
[18:51:31.16] OK:(15)0(01)(00)(00)(01)(8A)(01)(00)(FF)(FF)(FF)(00)(00)(00)(00)(00)(00)(00)(00)(00)
[18:51:31.19] OK:(15)0(01)(00)(00)(01)(8A)(01)(00)(FF)(FF)(FF)(00)(00)(00)(00)(00)(00)(00)(00)(00)
[18:51:31.20] OK:(15)0(01)(00)(00)(01)(88)(01)(00)(FF)(FF)(FF)(00)(00)(00)(00)(00)(00)(00)(00)(00)
[18:51:31.25] OK:(15)0(01)(00)(00)(01)(88)(01)(00)(FF)(FF)(FF)(00)(00)(00)(00)(00)(00)(00)(00)(00)
[18:51:31.28] OK:(15)0(01)(00)(00)(01)(87)(01)(00)(FF)(FF)(FF)(00)(00)(00)(00)(00)(00)(00)(00)(00)
[18:51:31.39] OK:(15)0(01)(00)(00)(01)(87)(01)(00)(FF)(FF)(FF)(00)(00)(00)(00)(00)(00)(00)(00)(00)
[18:51:31.42] OK:(15)0(01)(00)(00)(01)(88)(01)(00)(FF)(FF)(FF)(00)(00)(00)(00)(00)(00)(00)(00)(00)
[18:51:31.44] OK:(15)0(01)(00)(00)(01)(88)(01)(00)(FF)(FF)(FF)(00)(00)(00)(00)(00)(00)(00)(00)(00)
[18:51:31.45] OK:(15)0(01)(00)(00)(01)(8A)(01)(00)(FF)(FF)(FF)(00)(00)(00)(00)(00)(00)(00)(00)(00)
[18:51:31.48] OK:(15)0(01)(00)(00)(01)(8A)(01)(00)(FF)(FF)(FF)(00)(00)(00)(00)(00)(00)(00)(00)(00)
[18:51:31.50] OK:(15)0(01)(00)(00)(01)(8B)(01)(00)(FF)(FF)(FF)(00)(00)(00)(00)(00)(00)(00)(00)(00)
[18:51:31.53] OK:(15)0(01)(00)(00)(01)(8B)(01)(00)(FF)(FF)(FF)(00)(00)(00)(00)(00)(00)(00)(00)(00)
[18:51:31.55] OK:(15)0(01)(00)(00)(01)(8C)(01)(00)(FF)(FF)(FF)(00)(00)(00)(00)(00)(00)(00)(00)(00)
[18:51:31.58] OK:(15)0(01)(00)(00)(01)(8C)(01)(00)(FF)(FF)(FF)(00)(00)(00)(00)(00)(00)(00)(00)(00)
[18:51:31.59] OK:(15)0(01)(00)(00)(01)(8D)(01)(00)(FF)(FF)(FF)(00)(00)(00)(00)(00)(00)(00)(00)(00)
[18:51:33.50] OK:(15)0(01)(00)(00)(01)(8D)(01)(00)(FF)(FF)(FF)(00)(00)(00)(00)(00)(00)(00)(00)(00)
[18:51:33.55] OK:(15)0(01)(00)(00)(01)(8C)(01)(00)(FF)(FF)(FF)(00)(00)(00)(00)(00)(00)(00)(00)(00)
[18:51:33.59] OK:(15)0(01)(00)(00)(01)(8C)(01)(00)(FF)(FF)(FF)(00)(00)(00)(00)(00)(00)(00)(00)(00)
[18:51:33.64] OK:(15)0(01)(00)(00)(01)(8B)(01)(00)(FF)(FF)(FF)(00)(00)(00)(00)(00)(00)(00)(00)(00)
[18:51:35.53] OK:(15)0(01)(00)(00)(01)(8B)(01)(00)(FF)(FF)(FF)(00)(00)(00)(00)(00)(00)(00)(00)(00)
[18:51:35.58] OK:(15)0(01)(00)(00)"(0B)(01)(01)(FF)(91)`@(03)MAXIMAFM
[18:51:38.91] OK:(09)2(00)(00)(00)(02)(02)(00)(00)(BE)
[18:51:38.95] OK:(10)0(03)(10)(00)(00)(0B)(00)(FF)(FF)(FF)(FF)(FF)(FF)(FF)(00)(00)
[18:51:39.0] OK:(10)0(03)(10)(00)(00)(0B)(00)(FF)(FF)(FF)(FF)(FF)(FF)(FF)(00)(00)
[18:51:39.1] OK:(10)0(03)(10)(00)(00)(0B)(00)(FF)(FF)(FF)(FF)(FF)(FF)(FF)(00)(00)
[18:51:39.6] OK:(10)0(03)(10)(00)(00)(0B)(00)(FF)(FF)(FF)(FF)(FF)(FF)(FF)(00)(00)
[18:51:39.30] OK:(10)0(03)(10)(03)(00)(0B)(00)(FF)(01)(FF)r(FF)(F0)(19)(00)(00)
[18:51:40.19] OK:(10)0(03)(10)(03)(00)(0B)(05)(FF)(01)(FF)r(FF)(F0)(19)(00)(00)
[18:51:41.5] OK:(10)0(03)(10)(03)(00)(0B)(05)(FF)(01)(FF)r(FF)(F0)(20)(00)(00)
[18:51:42.9] OK:(10)0(03)(10)(03)(00)(0B)(05)(FF)(01)(FF)r(FF)(F0)!(00)(00)
[18:51:43.11] OK:(10)0(03)(10)(03)(00)(0B)(05)(FF)(01)(FF)r(FF)(F0)"(00)(00)
[18:51:44.0] OK:(10)0(03)(10)(03)(00)(0B)(05)(FF)(01)(FF)r(FF)(F0)#(00)(00)
[18:51:44.11] OK:(10)0(03)(10)(03)C(0B)(05)(FF)(01)(FF)r(FF)(F0)#(00)(00)
[18:51:45.0] OK:(10)0(03)(10)(03)C(0B)(05)(FF)(01)(FF)r(FF)(F0)$(00)(00)
[18:51:45.3] OK:(10)0(03)(10)(03)(01)(0B)(05)(FF)(01)(FF)r(FF)(F0)$(00)(00)
[18:51:45.6] OK:(17)4ROOT(20)(20)(20)(20)(20)(20)(20)(20)(20)(20)(20)(20)(00)(00)(00)(00)(00)(00)
[18:51:46.6] OK:(10)0(03)(10)(03)(01)(0B)(05)(FF)(01)(FF)r(FF)(F0)%(00)(00)
[18:51:47.6] OK:(10)0(03)(10)(03)(01)(0B)(05)(FF)(01)(FF)r(FF)(F0)&(00)(00)
[18:51:48.11] OK:(10)0(03)(10)(03)(01)(0B)(05)(FF)(01)(FF)r(FF)(F0)'(00)(00)
[18:51:48.50] OK:(10)0(03)(10)(03)(01)(0B)(05)(FF)(01)(FF)r(FF)(F0)((00)(00)
[18:51:49.0] OK:(10)0(03)(10)(03)D(0B)(05)(FF)(01)(FF)r(FF)(F0)((00)(00)
[18:51:49.51] OK:(10)0(03)(10)(03)D(0B)(05)(FF)(01)(FF)r(FF)(F0))(00)(00)
[18:51:49.56] OK:(10)0(03)(10)(03)(01)(0B)(05)(FF)(01)(FF)r(FF)(F0))(00)(00)
[18:51:49.58] OK:(10)0(03)(10)(03)(01)(0B)(05)(FF)(01)(FF)r(FF)(F0))(00)(00)
[18:51:50.0] OK:(17)4Hole(20)-(20)She(20)Walk>(00)(00)(00)(00)(00)(00)
[18:51:51.6] OK:(10)0(03)(10)(03)(01)(0B)(05)(FF)(01)(FF)r(FF)(F0)0(00)(00)
[18:51:52.9] OK:(10)0(03)(10)(03)(01)(0B)(05)(FF)(01)(FF)r(FF)(F0)1(00)(00)
[18:51:53.3] OK:(10)0(03)(10)(03)(01)(0B)(05)(FF)(01)(FF)r(FF)(F0)2(00)(00)
[18:51:53.14] OK:(10)0(03)(10)(03)D(0B)(05)(FF)(01)(FF)r(FF)(F0)2(00)(00)
[18:51:54.0] OK:(10)0(03)(10)(03)D(0B)(05)(FF)(01)(FF)r(FF)(F0)3(00)(00)
[18:51:54.5] OK:(10)0(03)(10)(03)D(0B)(05)(FF)(01)(FF)r(FF)(F0)4(00)(00)
[18:51:54.8] OK:(10)0(03)(10)(03)(01)(0B)(05)(FF)(01)(FF)r(FF)(F0)4(00)(00)
[18:51:54.9] OK:(10)0(03)(10)(03)(01)(0B)(05)(FF)(01)(FF)r(FF)(F0)4(00)(00)
[18:51:55.3] OK:(17)4Hole(20)-(20)She(20)Walk>(00)(00)(00)(00)(00)(00)
[18:51:56.5] OK:(10)0(03)(10)(03)(01)(0B)(05)(FF)(01)(FF)r(FF)(F0)5(00)(00)
[18:51:57.6] OK:(10)0(03)(10)(03)(01)(0B)(05)(FF)(01)(FF)r(FF)(F0)6(00)(00)
[18:51:58.9] OK:(10)0(03)(10)(03)(01)(0B)(05)(FF)(01)(FF)r(FF)(F0)7(00)(00)
[18:51:58.53] OK:(10)0(03)(10)(03)(01)(0B)(05)(FF)(01)(FF)r(FF)(F0)8(00)(00)
[18:51:59.0] OK:(10)0(03)(10)(03)G(0B)(05)(FF)(01)(FF)r(FF)(F0)8(00)(00)
[18:51:59.53] OK:(10)0(03)(10)(03)G(0B)(05)(FF)(01)(FF)r(FF)(F0)9(00)(00)
[18:51:59.56] OK:(10)0(03)(10)(03)(01)(0B)(05)(FF)(01)(FF)r(FF)(F0)9(00)(00)
[18:51:59.59] OK:(10)0(03)(10)(03)(01)(0B)(05)(FF)(01)(FF)r(FF)(F0)9(00)(00)
[18:51:59.97] OK:(17)4Hole(20)(20)(20)(20)(20)(20)(20)(20)(20)(20)(20)(20)(00)(00)(00)(00)(00)(00)
[18:52:01.3] OK:(10)0(03)(10)(03)(01)(0B)(05)(FF)(01)(FF)r(FF)(F0)@(00)(00)
[18:52:02.8] OK:(10)0(03)(10)(03)(01)(0B)(05)(FF)(01)(FF)r(FF)(F0)A(00)(00)
[18:52:03.12] OK:(10)0(03)(10)(03)(01)(0B)(05)(FF)(01)(FF)r(FF)(F0)B(00)(00)
[18:52:03.17] OK:(10)0(03)(10)(03)E(0B)(05)(FF)(01)(FF)r(FF)(F0)B(00)(00)
[18:52:03.98] OK:(10)0(03)(10)(03)E(0B)(05)(FF)(01)(FF)r(FF)(F0)C(00)(00)
[18:52:04.12] OK:(10)0(03)(10)(03)E(0B)(05)(FF)(01)(FF)r(FF)(F0)D(00)(00)
[18:52:04.17] OK:(10)0(03)(10)(03)(01)(0B)(05)(FF)(01)(FF)r(FF)(F0)D(00)(00)
[18:52:04.22] OK:(10)0(03)(10)(03)(01)(0B)(05)(FF)(01)(FF)r(FF)(F0)D(00)(00)
[18:52:05.3] OK:(17)4NO(20)INFO(00)(00)(00)(00)(00)(00)(00)(00)(00)(00)(00)(00)(00)(00)(00)
[18:52:05.84] OK:(10)0(03)(10)(03)(01)(0B)(05)(FF)(01)(FF)r(FF)(F0)E(00)(00)
[18:52:06.6] OK:(10)0(03)(10)(03)F(0B)(05)(FF)(01)(FF)r(FF)(F0)E(00)(00)
[18:52:06.83] OK:(10)0(03)(10)(03)F(0B)(05)(FF)(01)(FF)r(FF)(F0)F(00)(00)
[18:52:06.88] OK:(10)0(03)(10)(03)(01)(0B)(05)(FF)(01)(FF)r(FF)(F0)F(00)(00)
[18:52:06.91] OK:(10)0(03)(10)(03)(01)(0B)(05)(FF)(01)(FF)r(FF)(F0)F(00)(00)
[18:52:07.6] OK:(17)4She(20)Walks(20)on(20)Me(20)(00)(00)(00)(00)(00)(00)
[18:52:07.97] OK:(10)0(03)(10)(03)(01)(0B)(05)(FF)(01)(FF)r(FF)(F0)G(00)(00)
[18:52:08.61] OK:(10)0(03)(10)(03)(01)(0B)(05)(FF)(01)(FF)r(FF)(F0)H(00)(00)
[18:52:09.1] OK:(10)0(03)(10)(03)(00)(0B)(05)(FF)(01)(FF)r(FF)(F0)H(00)(00)
[18:52:10.3] OK:(10)0(03)(10)(03)(00)(0B)(05)(FF)(01)(FF)r(FF)(F0)I(00)(00)
[18:52:11.8] OK:(10)0(03)(10)(03)(00)(0B)(05)(FF)(01)(FF)r(FF)(F0)P(00)(00)
[18:52:11.53] OK:(10)0(03)(10)(03)(00)(0B)(05)(FF)(01)(FF)r(FF)(F0)Q(00)(00)
[18:52:11.98] OK:(10)0(03)(10)(03)C(0B)(05)(FF)(01)(FF)r(FF)(F0)Q(00)(00)
[18:52:12.14] OK:(10)0(03)(10)(03)C(0B)(05)(FF)(01)(FF)r(FF)(F0)R(00)(00)
[18:52:12.19] OK:(05):(01)(18)S(04)
[18:52:12.53] OK:(10)0(03)(10)(03)C(0B)(05)(FF)(01)(FF)r(FF)(F0)R(00)(00)
[18:52:12.56] OK:(10)0(03)(10)(03)(01)(0B)(05)(FF)(01)(FF)r(FF)(F0)R(00)(00)
[18:52:12.59] OK:(10)0(03)(10)(03)(01)(0B)(05)(FF)(01)(FF)r(FF)(F0)R(00)(00)
[18:52:12.95] OK:(17)4ROOT(20)(20)(20)(20)(20)(20)(20)(20)(20)(20)(20)(20)(00)(00)(00)(00)(00)(00)
[18:52:13.44] OK:(10)0(03)(10)(03)(01)(0B)(05)(FF)(01)(FF)r(FF)(F0)S(00)(00)
[18:52:14.0] OK:(10)0(03)(10)(03)D(0B)(05)(FF)(01)(FF)r(FF)(F0)S(00)(00)
[18:52:14.45] OK:(10)0(03)(10)(03)D(0B)(05)(FF)(01)(FF)r(FF)(F0)T(00)(00)
[18:52:14.50] OK:(10)0(03)(10)(03)(01)(0B)(05)(FF)(01)(FF)r(FF)(F0)T(00)(00)
[18:52:14.51] OK:(10)0(03)(10)(03)(01)(0B)(05)(FF)(01)(FF)r(FF)(F0)T(00)(00)
[18:52:14.62] OK:(17)4Hole(20)-(20)She(20)Walk>(00)(00)(00)(00)(00)(00)
[18:52:15.3] OK:(10)0(03)(10)(03)G(0B)(05)(FF)(01)(FF)r(FF)(F0)T(00)(00)
[18:52:15.64] OK:(10)0(03)(10)(03)G(0B)(05)(FF)(01)(FF)r(FF)(F0)U(00)(00)
[18:52:15.67] OK:(10)0(03)(10)(03)(01)(0B)(05)(FF)(01)(FF)r(FF)(F0)U(00)(00)
[18:52:15.70] OK:(10)0(03)(10)(03)(01)(0B)(05)(FF)(01)(FF)r(FF)(F0)U(00)(00)
[18:52:16.9] OK:(17)4Hole(20)(20)(20)(20)(20)(20)(20)(20)(20)(20)(20)(20)(00)(00)(00)(00)(00)(00)
[18:52:16.95] OK:(10)0(03)(10)(03)(01)(0B)(05)(FF)(01)(FF)r(FF)(F0)V(00)(00)
[18:52:17.98] OK:(10)0(03)(10)(03)(01)(0B)(05)(FF)(01)(FF)r(FF)(F0)W(00)(00)
[18:52:19.1] OK:(10)0(03)(10)(03)(01)(0B)(05)(FF)(01)(FF)r(FF)(F0)X(00)(00)
[18:52:20.1] OK:(10)0(03)(10)(03)(01)(0B)(05)(FF)(01)(FF)r(FF)(F0)Y(00)(00)
[18:52:20.92] OK:(10)0(03)(10)(03)(01)(0B)(05)(FF)(01)(FF)r(FF)(F1)(00)(00)(00)
[18:52:21.95] OK:(10)0(03)(10)(03)(01)(0B)(05)(FF)(01)(FF)r(FF)(F1)(01)(00)(00)
[18:52:22.95] OK:(10)0(03)(10)(03)(01)(0B)(05)(FF)(01)(FF)r(FF)(F1)(02)(00)(00)
[18:52:23.98] OK:(10)0(03)(10)(03)(01)(0B)(05)(FF)(01)(FF)r(FF)(F1)(03)(00)(00)
[18:52:25.1] OK:(10)0(03)(10)(03)(01)(0B)(05)(FF)(01)(FF)r(FF)(F1)(04)(00)(00)
[18:52:26.8] OK:(10)0(03)(10)(03)(01)(0B)(05)(FF)(01)(FF)r(FF)(F1)(05)(00)(00)
[18:52:26.95] OK:(10)0(03)(10)(03)(01)(0B)(05)(FF)(01)(FF)r(FF)(F1)(06)(00)(00)